[0.012s] Invoking command in '/home/akshat/atom_projects/Hexapod/build/ign_ros2_control_demos': AMENT_PREFIX_PATH=/home/akshat/atom_projects/Hexapod/install/ign_ros2_control:${AMENT_PREFIX_PATH} CMAKE_PREFIX_PATH=/home/akshat/atom_projects/Hexapod/install/ign_ros2_control:/home/akshat/Desktop/atom_aud/install/selection_task:/opt/ros/humble LD_LIBRARY_PATH=/home/akshat/atom_projects/Hexapod/install/ign_ros2_control/lib:${LD_LIBRARY_PATH} /usr/bin/cmake --build /home/akshat/atom_projects/Hexapod/build/ign_ros2_control_demos -- -j12 -l12
[0.102s] [ 33%] Built target example_velocity
[0.102s] [ 33%] Built target example_effort
[0.104s] [ 58%] Built target example_diff_drive
[0.104s] [ 66%] Built target example_position
[0.104s] [ 83%] Built target example_gripper
[0.106s] [100%] Built target example_tricycle_drive
[0.125s] Invoked command in '/home/akshat/atom_projects/Hexapod/build/ign_ros2_control_demos' returned '0': AMENT_PREFIX_PATH=/home/akshat/atom_projects/Hexapod/install/ign_ros2_control:${AMENT_PREFIX_PATH} CMAKE_PREFIX_PATH=/home/akshat/atom_projects/Hexapod/install/ign_ros2_control:/home/akshat/Desktop/atom_aud/install/selection_task:/opt/ros/humble LD_LIBRARY_PATH=/home/akshat/atom_projects/Hexapod/install/ign_ros2_control/lib:${LD_LIBRARY_PATH} /usr/bin/cmake --build /home/akshat/atom_projects/Hexapod/build/ign_ros2_control_demos -- -j12 -l12
[0.176s] Invoking command in '/home/akshat/atom_projects/Hexapod/build/ign_ros2_control_demos': AMENT_PREFIX_PATH=/home/akshat/atom_projects/Hexapod/install/ign_ros2_control:${AMENT_PREFIX_PATH} CMAKE_PREFIX_PATH=/home/akshat/atom_projects/Hexapod/install/ign_ros2_control:/home/akshat/Desktop/atom_aud/install/selection_task:/opt/ros/humble LD_LIBRARY_PATH=/home/akshat/atom_projects/Hexapod/install/ign_ros2_control/lib:${LD_LIBRARY_PATH} /usr/bin/cmake --install /home/akshat/atom_projects/Hexapod/build/ign_ros2_control_demos
[0.187s] -- Install configuration: ""
[0.187s] -- Execute custom install script
[0.189s] -- Up-to-date symlink: /home/akshat/atom_projects/Hexapod/install/ign_ros2_control_demos/share/ign_ros2_control_demos//launch/cart_example_effort.launch.py
[0.189s] -- Up-to-date symlink: /home/akshat/atom_projects/Hexapod/install/ign_ros2_control_demos/share/ign_ros2_control_demos//launch/cart_example_position.launch.py
[0.189s] -- Up-to-date symlink: /home/akshat/atom_projects/Hexapod/install/ign_ros2_control_demos/share/ign_ros2_control_demos//launch/cart_example_velocity.launch.py
[0.189s] -- Up-to-date symlink: /home/akshat/atom_projects/Hexapod/install/ign_ros2_control_demos/share/ign_ros2_control_demos//launch/diff_drive_example.launch.py
[0.189s] -- Up-to-date symlink: /home/akshat/atom_projects/Hexapod/install/ign_ros2_control_demos/share/ign_ros2_control_demos//launch/gripper_mimic_joint_example.launch.py
[0.190s] -- Up-to-date symlink: /home/akshat/atom_projects/Hexapod/install/ign_ros2_control_demos/share/ign_ros2_control_demos//launch/tricycle_drive_example.launch.py
[0.190s] -- Up-to-date symlink: /home/akshat/atom_projects/Hexapod/install/ign_ros2_control_demos/share/ign_ros2_control_demos//config/cart_controller_effort.yaml
[0.190s] -- Up-to-date symlink: /home/akshat/atom_projects/Hexapod/install/ign_ros2_control_demos/share/ign_ros2_control_demos//config/cart_controller_position.yaml
[0.190s] -- Up-to-date symlink: /home/akshat/atom_projects/Hexapod/install/ign_ros2_control_demos/share/ign_ros2_control_demos//config/cart_controller_velocity.yaml
[0.190s] -- Up-to-date symlink: /home/akshat/atom_projects/Hexapod/install/ign_ros2_control_demos/share/ign_ros2_control_demos//config/diff_drive_controller_velocity.yaml
[0.190s] -- Up-to-date symlink: /home/akshat/atom_projects/Hexapod/install/ign_ros2_control_demos/share/ign_ros2_control_demos//config/gripper_controller.yaml
[0.190s] -- Up-to-date symlink: /home/akshat/atom_projects/Hexapod/install/ign_ros2_control_demos/share/ign_ros2_control_demos//config/tricycle_drive_controller.yaml
[0.190s] -- Up-to-date symlink: /home/akshat/atom_projects/Hexapod/install/ign_ros2_control_demos/share/ign_ros2_control_demos//urdf/test_cart_effort.xacro.urdf
[0.190s] -- Up-to-date symlink: /home/akshat/atom_projects/Hexapod/install/ign_ros2_control_demos/share/ign_ros2_control_demos//urdf/test_cart_position.xacro.urdf
[0.190s] -- Up-to-date symlink: /home/akshat/atom_projects/Hexapod/install/ign_ros2_control_demos/share/ign_ros2_control_demos//urdf/test_cart_velocity.xacro.urdf
[0.191s] -- Up-to-date symlink: /home/akshat/atom_projects/Hexapod/install/ign_ros2_control_demos/share/ign_ros2_control_demos//urdf/test_diff_drive.xacro.urdf
[0.191s] -- Up-to-date symlink: /home/akshat/atom_projects/Hexapod/install/ign_ros2_control_demos/share/ign_ros2_control_demos//urdf/test_gripper_mimic_joint.xacro.urdf
[0.191s] -- Up-to-date symlink: /home/akshat/atom_projects/Hexapod/install/ign_ros2_control_demos/share/ign_ros2_control_demos//urdf/test_tricycle_drive.xacro.urdf
[0.191s] -- Up-to-date symlink: /home/akshat/atom_projects/Hexapod/install/ign_ros2_control_demos/lib/ign_ros2_control_demos/example_position
[0.191s] -- Up-to-date symlink: /home/akshat/atom_projects/Hexapod/install/ign_ros2_control_demos/lib/ign_ros2_control_demos/example_velocity
[0.191s] -- Up-to-date symlink: /home/akshat/atom_projects/Hexapod/install/ign_ros2_control_demos/lib/ign_ros2_control_demos/example_effort
[0.191s] -- Up-to-date symlink: /home/akshat/atom_projects/Hexapod/install/ign_ros2_control_demos/lib/ign_ros2_control_demos/example_diff_drive
[0.191s] -- Up-to-date symlink: /home/akshat/atom_projects/Hexapod/install/ign_ros2_control_demos/lib/ign_ros2_control_demos/example_tricycle_drive
[0.191s] -- Up-to-date symlink: /home/akshat/atom_projects/Hexapod/install/ign_ros2_control_demos/lib/ign_ros2_control_demos/example_gripper
[0.191s] -- Up-to-date symlink: /home/akshat/atom_projects/Hexapod/install/ign_ros2_control_demos/share/ament_index/resource_index/package_run_dependencies/ign_ros2_control_demos
[0.192s] -- Up-to-date symlink: /home/akshat/atom_projects/Hexapod/install/ign_ros2_control_demos/share/ament_index/resource_index/parent_prefix_path/ign_ros2_control_demos
[0.192s] -- Up-to-date symlink: /home/akshat/atom_projects/Hexapod/install/ign_ros2_control_demos/share/ign_ros2_control_demos/environment/ament_prefix_path.sh
[0.192s] -- Up-to-date symlink: /home/akshat/atom_projects/Hexapod/install/ign_ros2_control_demos/share/ign_ros2_control_demos/environment/ament_prefix_path.dsv
[0.192s] -- Up-to-date symlink: /home/akshat/atom_projects/Hexapod/install/ign_ros2_control_demos/share/ign_ros2_control_demos/environment/path.sh
[0.192s] -- Up-to-date symlink: /home/akshat/atom_projects/Hexapod/install/ign_ros2_control_demos/share/ign_ros2_control_demos/environment/path.dsv
[0.192s] -- Up-to-date symlink: /home/akshat/atom_projects/Hexapod/install/ign_ros2_control_demos/share/ign_ros2_control_demos/local_setup.bash
[0.192s] -- Up-to-date symlink: /home/akshat/atom_projects/Hexapod/install/ign_ros2_control_demos/share/ign_ros2_control_demos/local_setup.sh
[0.192s] -- Up-to-date symlink: /home/akshat/atom_projects/Hexapod/install/ign_ros2_control_demos/share/ign_ros2_control_demos/local_setup.zsh
[0.193s] -- Up-to-date symlink: /home/akshat/atom_projects/Hexapod/install/ign_ros2_control_demos/share/ign_ros2_control_demos/local_setup.dsv
[0.193s] -- Symlinking: /home/akshat/atom_projects/Hexapod/install/ign_ros2_control_demos/share/ign_ros2_control_demos/package.dsv
[0.206s] -- Up-to-date symlink: /home/akshat/atom_projects/Hexapod/install/ign_ros2_control_demos/share/ament_index/resource_index/packages/ign_ros2_control_demos
[0.207s] -- Up-to-date symlink: /home/akshat/atom_projects/Hexapod/install/ign_ros2_control_demos/share/ign_ros2_control_demos/cmake/ign_ros2_control_demosConfig.cmake
[0.207s] -- Up-to-date symlink: /home/akshat/atom_projects/Hexapod/install/ign_ros2_control_demos/share/ign_ros2_control_demos/cmake/ign_ros2_control_demosConfig-version.cmake
[0.207s] -- Up-to-date symlink: /home/akshat/atom_projects/Hexapod/install/ign_ros2_control_demos/share/ign_ros2_control_demos/package.xml
[0.210s] Invoked command in '/home/akshat/atom_projects/Hexapod/build/ign_ros2_control_demos' returned '0': AMENT_PREFIX_PATH=/home/akshat/atom_projects/Hexapod/install/ign_ros2_control:${AMENT_PREFIX_PATH} CMAKE_PREFIX_PATH=/home/akshat/atom_projects/Hexapod/install/ign_ros2_control:/home/akshat/Desktop/atom_aud/install/selection_task:/opt/ros/humble LD_LIBRARY_PATH=/home/akshat/atom_projects/Hexapod/install/ign_ros2_control/lib:${LD_LIBRARY_PATH} /usr/bin/cmake --install /home/akshat/atom_projects/Hexapod/build/ign_ros2_control_demos
