[0.119s] DEBUG:colcon:Command line arguments: ['/usr/bin/colcon', 'build']
[0.119s] DEBUG:colcon:Parsed command line arguments: Namespace(log_base=None, log_level=None, verb_name='build', build_base='build', install_base='install', merge_install=False, symlink_install=False, test_result_base=None, continue_on_error=False, executor='parallel', parallel_workers=12, event_handlers=None, ignore_user_meta=False, metas=['./colcon.meta'], base_paths=['.'], packages_ignore=None, packages_ignore_regex=None, paths=None, packages_up_to=None, packages_up_to_regex=None, packages_above=None, packages_above_and_dependencies=None, packages_above_depth=None, packages_select_by_dep=None, packages_skip_by_dep=None, packages_skip_up_to=None, packages_select_build_failed=False, packages_skip_build_finished=False, packages_select_test_failures=False, packages_skip_test_passed=False, packages_select=None, packages_skip=None, packages_select_regex=None, packages_skip_regex=None, packages_start=None, packages_end=None, allow_overriding=[], cmake_args=None, cmake_target=None, cmake_target_skip_unavailable=False, cmake_clean_cache=False, cmake_clean_first=False, cmake_force_configure=False, ament_cmake_args=None, catkin_cmake_args=None, catkin_skip_building_tests=False, verb_parser=<colcon_defaults.argument_parser.defaults.DefaultArgumentsDecorator object at 0x7ba8ec4d3a00>, verb_extension=<colcon_core.verb.build.BuildVerb object at 0x7ba8ec4d34f0>, main=<bound method BuildVerb.main of <colcon_core.verb.build.BuildVerb object at 0x7ba8ec4d34f0>>)
[0.307s] Level 1:colcon.colcon_core.package_discovery:discover_packages(colcon_meta) check parameters
[0.307s] Level 1:colcon.colcon_core.package_discovery:discover_packages(recursive) check parameters
[0.307s] Level 1:colcon.colcon_core.package_discovery:discover_packages(ignore) check parameters
[0.307s] Level 1:colcon.colcon_core.package_discovery:discover_packages(path) check parameters
[0.307s] Level 1:colcon.colcon_core.package_discovery:discover_packages(colcon_meta) discover
[0.308s] Level 1:colcon.colcon_core.package_discovery:discover_packages(recursive) discover
[0.308s] INFO:colcon.colcon_core.package_discovery:Crawling recursively for packages in '/workspaces/hexapod_ws/src'
[0.308s] Level 1:colcon.colcon_core.package_identification:_identify(.) by extensions ['ignore', 'ignore_ament_install']
[0.308s] Level 1:colcon.colcon_core.package_identification:_identify(.) by extension 'ignore'
[0.308s] Level 1:colcon.colcon_core.package_identification:_identify(.) by extension 'ignore_ament_install'
[0.308s] Level 1:colcon.colcon_core.package_identification:_identify(.) by extensions ['colcon_pkg']
[0.308s] Level 1:colcon.colcon_core.package_identification:_identify(.) by extension 'colcon_pkg'
[0.308s] Level 1:colcon.colcon_core.package_identification:_identify(.) by extensions ['colcon_meta']
[0.308s] Level 1:colcon.colcon_core.package_identification:_identify(.) by extension 'colcon_meta'
[0.308s] Level 1:colcon.colcon_core.package_identification:_identify(.) by extensions ['ros']
[0.308s] Level 1:colcon.colcon_core.package_identification:_identify(.) by extension 'ros'
[0.318s] Level 1:colcon.colcon_core.package_identification:_identify(.) by extensions ['cmake', 'python']
[0.319s] Level 1:colcon.colcon_core.package_identification:_identify(.) by extension 'cmake'
[0.319s] Level 1:colcon.colcon_core.package_identification:_identify(.) by extension 'python'
[0.319s] Level 1:colcon.colcon_core.package_identification:_identify(.) by extensions ['python_setup_py']
[0.319s] Level 1:colcon.colcon_core.package_identification:_identify(.) by extension 'python_setup_py'
[0.319s] Level 1:colcon.colcon_core.package_identification:_identify(build) by extensions ['ignore', 'ignore_ament_install']
[0.319s] Level 1:colcon.colcon_core.package_identification:_identify(build) by extension 'ignore'
[0.319s] Level 1:colcon.colcon_core.package_identification:_identify(build) ignored
[0.319s] Level 1:colcon.colcon_core.package_identification:_identify(build_files) by extensions ['ignore', 'ignore_ament_install']
[0.319s] Level 1:colcon.colcon_core.package_identification:_identify(build_files) by extension 'ignore'
[0.319s] Level 1:colcon.colcon_core.package_identification:_identify(build_files) by extension 'ignore_ament_install'
[0.319s] Level 1:colcon.colcon_core.package_identification:_identify(build_files) by extensions ['colcon_pkg']
[0.319s] Level 1:colcon.colcon_core.package_identification:_identify(build_files) by extension 'colcon_pkg'
[0.319s] Level 1:colcon.colcon_core.package_identification:_identify(build_files) by extensions ['colcon_meta']
[0.319s] Level 1:colcon.colcon_core.package_identification:_identify(build_files) by extension 'colcon_meta'
[0.319s] Level 1:colcon.colcon_core.package_identification:_identify(build_files) by extensions ['ros']
[0.319s] Level 1:colcon.colcon_core.package_identification:_identify(build_files) by extension 'ros'
[0.319s] Level 1:colcon.colcon_core.package_identification:_identify(build_files) by extensions ['cmake', 'python']
[0.320s] Level 1:colcon.colcon_core.package_identification:_identify(build_files) by extension 'cmake'
[0.320s] Level 1:colcon.colcon_core.package_identification:_identify(build_files) by extension 'python'
[0.320s] Level 1:colcon.colcon_core.package_identification:_identify(build_files) by extensions ['python_setup_py']
[0.320s] Level 1:colcon.colcon_core.package_identification:_identify(build_files) by extension 'python_setup_py'
[0.320s] Level 1:colcon.colcon_core.package_identification:_identify(build_files/build) by extensions ['ignore', 'ignore_ament_install']
[0.320s] Level 1:colcon.colcon_core.package_identification:_identify(build_files/build) by extension 'ignore'
[0.320s] Level 1:colcon.colcon_core.package_identification:_identify(build_files/build) ignored
[0.320s] Level 1:colcon.colcon_core.package_identification:_identify(build_files/install) by extensions ['ignore', 'ignore_ament_install']
[0.320s] Level 1:colcon.colcon_core.package_identification:_identify(build_files/install) by extension 'ignore'
[0.320s] Level 1:colcon.colcon_core.package_identification:_identify(build_files/install) ignored
[0.320s] Level 1:colcon.colcon_core.package_identification:_identify(build_files/log) by extensions ['ignore', 'ignore_ament_install']
[0.320s] Level 1:colcon.colcon_core.package_identification:_identify(build_files/log) by extension 'ignore'
[0.320s] Level 1:colcon.colcon_core.package_identification:_identify(build_files/log) ignored
[0.320s] Level 1:colcon.colcon_core.package_identification:_identify(build_files/src) by extensions ['ignore', 'ignore_ament_install']
[0.320s] Level 1:colcon.colcon_core.package_identification:_identify(build_files/src) by extension 'ignore'
[0.320s] Level 1:colcon.colcon_core.package_identification:_identify(build_files/src) by extension 'ignore_ament_install'
[0.321s] Level 1:colcon.colcon_core.package_identification:_identify(build_files/src) by extensions ['colcon_pkg']
[0.321s] Level 1:colcon.colcon_core.package_identification:_identify(build_files/src) by extension 'colcon_pkg'
[0.321s] Level 1:colcon.colcon_core.package_identification:_identify(build_files/src) by extensions ['colcon_meta']
[0.321s] Level 1:colcon.colcon_core.package_identification:_identify(build_files/src) by extension 'colcon_meta'
[0.321s] Level 1:colcon.colcon_core.package_identification:_identify(build_files/src) by extensions ['ros']
[0.321s] Level 1:colcon.colcon_core.package_identification:_identify(build_files/src) by extension 'ros'
[0.321s] Level 1:colcon.colcon_core.package_identification:_identify(build_files/src) by extensions ['cmake', 'python']
[0.321s] Level 1:colcon.colcon_core.package_identification:_identify(build_files/src) by extension 'cmake'
[0.321s] Level 1:colcon.colcon_core.package_identification:_identify(build_files/src) by extension 'python'
[0.321s] Level 1:colcon.colcon_core.package_identification:_identify(build_files/src) by extensions ['python_setup_py']
[0.321s] Level 1:colcon.colcon_core.package_identification:_identify(build_files/src) by extension 'python_setup_py'
[0.321s] Level 1:colcon.colcon_core.package_identification:_identify(ddsconfig.xml) by extensions ['ignore', 'ignore_ament_install']
[0.321s] Level 1:colcon.colcon_core.package_identification:_identify(ddsconfig.xml) by extension 'ignore'
[0.321s] Level 1:colcon.colcon_core.package_identification:_identify(ddsconfig.xml) by extension 'ignore_ament_install'
[0.321s] Level 1:colcon.colcon_core.package_identification:_identify(ddsconfig.xml) by extensions ['colcon_pkg']
[0.321s] Level 1:colcon.colcon_core.package_identification:_identify(ddsconfig.xml) by extension 'colcon_pkg'
[0.321s] Level 1:colcon.colcon_core.package_identification:_identify(ddsconfig.xml) by extensions ['colcon_meta']
[0.321s] Level 1:colcon.colcon_core.package_identification:_identify(ddsconfig.xml) by extension 'colcon_meta'
[0.321s] Level 1:colcon.colcon_core.package_identification:_identify(ddsconfig.xml) by extensions ['ros']
[0.321s] Level 1:colcon.colcon_core.package_identification:_identify(ddsconfig.xml) by extension 'ros'
[0.321s] Level 1:colcon.colcon_core.package_identification:_identify(ddsconfig.xml) by extensions ['cmake', 'python']
[0.321s] Level 1:colcon.colcon_core.package_identification:_identify(ddsconfig.xml) by extension 'cmake'
[0.321s] Level 1:colcon.colcon_core.package_identification:_identify(ddsconfig.xml) by extension 'python'
[0.321s] Level 1:colcon.colcon_core.package_identification:_identify(ddsconfig.xml) by extensions ['python_setup_py']
[0.322s] Level 1:colcon.colcon_core.package_identification:_identify(ddsconfig.xml) by extension 'python_setup_py'
[0.322s] Level 1:colcon.colcon_core.package_identification:_identify(hexapod_control) by extensions ['ignore', 'ignore_ament_install']
[0.322s] Level 1:colcon.colcon_core.package_identification:_identify(hexapod_control) by extension 'ignore'
[0.322s] Level 1:colcon.colcon_core.package_identification:_identify(hexapod_control) by extension 'ignore_ament_install'
[0.322s] Level 1:colcon.colcon_core.package_identification:_identify(hexapod_control) by extensions ['colcon_pkg']
[0.322s] Level 1:colcon.colcon_core.package_identification:_identify(hexapod_control) by extension 'colcon_pkg'
[0.322s] Level 1:colcon.colcon_core.package_identification:_identify(hexapod_control) by extensions ['colcon_meta']
[0.322s] Level 1:colcon.colcon_core.package_identification:_identify(hexapod_control) by extension 'colcon_meta'
[0.322s] Level 1:colcon.colcon_core.package_identification:_identify(hexapod_control) by extensions ['ros']
[0.322s] Level 1:colcon.colcon_core.package_identification:_identify(hexapod_control) by extension 'ros'
[0.326s] DEBUG:colcon.colcon_core.package_identification:Package 'hexapod_control' with type 'ros.ament_cmake' and name 'hexapod_control'
[0.326s] Level 1:colcon.colcon_core.package_identification:_identify(hexapod_description) by extensions ['ignore', 'ignore_ament_install']
[0.326s] Level 1:colcon.colcon_core.package_identification:_identify(hexapod_description) by extension 'ignore'
[0.326s] Level 1:colcon.colcon_core.package_identification:_identify(hexapod_description) by extension 'ignore_ament_install'
[0.326s] Level 1:colcon.colcon_core.package_identification:_identify(hexapod_description) by extensions ['colcon_pkg']
[0.327s] Level 1:colcon.colcon_core.package_identification:_identify(hexapod_description) by extension 'colcon_pkg'
[0.327s] Level 1:colcon.colcon_core.package_identification:_identify(hexapod_description) by extensions ['colcon_meta']
[0.327s] Level 1:colcon.colcon_core.package_identification:_identify(hexapod_description) by extension 'colcon_meta'
[0.327s] Level 1:colcon.colcon_core.package_identification:_identify(hexapod_description) by extensions ['ros']
[0.327s] Level 1:colcon.colcon_core.package_identification:_identify(hexapod_description) by extension 'ros'
[0.329s] DEBUG:colcon.colcon_core.package_identification:Package 'hexapod_description' with type 'ros.ament_cmake' and name 'hexapod_description'
[0.329s] Level 1:colcon.colcon_core.package_identification:_identify(install) by extensions ['ignore', 'ignore_ament_install']
[0.329s] Level 1:colcon.colcon_core.package_identification:_identify(install) by extension 'ignore'
[0.329s] Level 1:colcon.colcon_core.package_identification:_identify(install) ignored
[0.329s] Level 1:colcon.colcon_core.package_identification:_identify(log) by extensions ['ignore', 'ignore_ament_install']
[0.329s] Level 1:colcon.colcon_core.package_identification:_identify(log) by extension 'ignore'
[0.330s] Level 1:colcon.colcon_core.package_identification:_identify(log) ignored
[0.330s] Level 1:colcon.colcon_core.package_discovery:discover_packages(recursive) using defaults
[0.330s] Level 1:colcon.colcon_core.package_discovery:discover_packages(ignore) discover
[0.330s] Level 1:colcon.colcon_core.package_discovery:discover_packages(ignore) using defaults
[0.330s] Level 1:colcon.colcon_core.package_discovery:discover_packages(path) discover
[0.330s] Level 1:colcon.colcon_core.package_discovery:discover_packages(path) using defaults
[0.352s] Level 1:colcon.colcon_core.package_discovery:discover_packages(prefix_path) check parameters
[0.352s] Level 1:colcon.colcon_core.package_discovery:discover_packages(prefix_path) discover
[0.354s] WARNING:colcon.colcon_ros.prefix_path.ament:The path '/workspaces/hexapod_ws/src/install/hexapod_description' in the environment variable AMENT_PREFIX_PATH doesn't exist
[0.354s] WARNING:colcon.colcon_ros.prefix_path.ament:The path '/workspaces/hexapod_ws/src/install/hexapod_control' in the environment variable AMENT_PREFIX_PATH doesn't exist
[0.354s] WARNING:colcon.colcon_ros.prefix_path.catkin:The path '/workspaces/hexapod_ws/src/install/hexapod_description' in the environment variable CMAKE_PREFIX_PATH doesn't exist
[0.354s] WARNING:colcon.colcon_ros.prefix_path.catkin:The path '/workspaces/hexapod_ws/src/install/hexapod_control' in the environment variable CMAKE_PREFIX_PATH doesn't exist
[0.355s] DEBUG:colcon.colcon_installed_package_information.package_discovery:Found 0 installed packages in /workspaces/hexapod_ws/src/install
[0.356s] DEBUG:colcon.colcon_installed_package_information.package_discovery:Found 2 installed packages in /workspaces/hexapod_ws/install
[0.358s] DEBUG:colcon.colcon_installed_package_information.package_discovery:Found 313 installed packages in /opt/ros/humble
[0.359s] Level 1:colcon.colcon_core.package_discovery:discover_packages(prefix_path) using defaults
[0.417s] Level 5:colcon.colcon_core.verb:set package 'hexapod_control' build argument 'cmake_args' from command line to 'None'
[0.417s] Level 5:colcon.colcon_core.verb:set package 'hexapod_control' build argument 'cmake_target' from command line to 'None'
[0.417s] Level 5:colcon.colcon_core.verb:set package 'hexapod_control' build argument 'cmake_target_skip_unavailable' from command line to 'False'
[0.417s] Level 5:colcon.colcon_core.verb:set package 'hexapod_control' build argument 'cmake_clean_cache' from command line to 'False'
[0.417s] Level 5:colcon.colcon_core.verb:set package 'hexapod_control' build argument 'cmake_clean_first' from command line to 'False'
[0.417s] Level 5:colcon.colcon_core.verb:set package 'hexapod_control' build argument 'cmake_force_configure' from command line to 'False'
[0.417s] Level 5:colcon.colcon_core.verb:set package 'hexapod_control' build argument 'ament_cmake_args' from command line to 'None'
[0.417s] Level 5:colcon.colcon_core.verb:set package 'hexapod_control' build argument 'catkin_cmake_args' from command line to 'None'
[0.417s] Level 5:colcon.colcon_core.verb:set package 'hexapod_control' build argument 'catkin_skip_building_tests' from command line to 'False'
[0.417s] DEBUG:colcon.colcon_core.verb:Building package 'hexapod_control' with the following arguments: {'ament_cmake_args': None, 'build_base': '/workspaces/hexapod_ws/src/build/hexapod_control', 'catkin_cmake_args': None, 'catkin_skip_building_tests': False, 'cmake_args': None, 'cmake_clean_cache': False, 'cmake_clean_first': False, 'cmake_force_configure': False, 'cmake_target': None, 'cmake_target_skip_unavailable': False, 'install_base': '/workspaces/hexapod_ws/src/install/hexapod_control', 'merge_install': False, 'path': '/workspaces/hexapod_ws/src/hexapod_control', 'symlink_install': False, 'test_result_base': None}
[0.417s] Level 5:colcon.colcon_core.verb:set package 'hexapod_description' build argument 'cmake_args' from command line to 'None'
[0.417s] Level 5:colcon.colcon_core.verb:set package 'hexapod_description' build argument 'cmake_target' from command line to 'None'
[0.417s] Level 5:colcon.colcon_core.verb:set package 'hexapod_description' build argument 'cmake_target_skip_unavailable' from command line to 'False'
[0.417s] Level 5:colcon.colcon_core.verb:set package 'hexapod_description' build argument 'cmake_clean_cache' from command line to 'False'
[0.417s] Level 5:colcon.colcon_core.verb:set package 'hexapod_description' build argument 'cmake_clean_first' from command line to 'False'
[0.417s] Level 5:colcon.colcon_core.verb:set package 'hexapod_description' build argument 'cmake_force_configure' from command line to 'False'
[0.417s] Level 5:colcon.colcon_core.verb:set package 'hexapod_description' build argument 'ament_cmake_args' from command line to 'None'
[0.417s] Level 5:colcon.colcon_core.verb:set package 'hexapod_description' build argument 'catkin_cmake_args' from command line to 'None'
[0.417s] Level 5:colcon.colcon_core.verb:set package 'hexapod_description' build argument 'catkin_skip_building_tests' from command line to 'False'
[0.417s] DEBUG:colcon.colcon_core.verb:Building package 'hexapod_description' with the following arguments: {'ament_cmake_args': None, 'build_base': '/workspaces/hexapod_ws/src/build/hexapod_description', 'catkin_cmake_args': None, 'catkin_skip_building_tests': False, 'cmake_args': None, 'cmake_clean_cache': False, 'cmake_clean_first': False, 'cmake_force_configure': False, 'cmake_target': None, 'cmake_target_skip_unavailable': False, 'install_base': '/workspaces/hexapod_ws/src/install/hexapod_description', 'merge_install': False, 'path': '/workspaces/hexapod_ws/src/hexapod_description', 'symlink_install': False, 'test_result_base': None}
[0.417s] INFO:colcon.colcon_core.executor:Executing jobs using 'parallel' executor
[0.418s] DEBUG:colcon.colcon_parallel_executor.executor.parallel:run_until_complete
[0.418s] INFO:colcon.colcon_ros.task.ament_cmake.build:Building ROS package in '/workspaces/hexapod_ws/src/hexapod_control' with build type 'ament_cmake'
[0.419s] INFO:colcon.colcon_cmake.task.cmake.build:Building CMake package in '/workspaces/hexapod_ws/src/hexapod_control'
[0.421s] INFO:colcon.colcon_core.plugin_system:Skipping extension 'colcon_core.shell.bat': Not used on non-Windows systems
[0.421s] INFO:colcon.colcon_core.shell:Skip shell extension 'powershell' for command environment: Not usable outside of PowerShell
[0.421s] DEBUG:colcon.colcon_core.shell:Skip shell extension 'dsv' for command environment
[0.426s] INFO:colcon.colcon_ros.task.ament_cmake.build:Building ROS package in '/workspaces/hexapod_ws/src/hexapod_description' with build type 'ament_cmake'
[0.426s] INFO:colcon.colcon_cmake.task.cmake.build:Building CMake package in '/workspaces/hexapod_ws/src/hexapod_description'
[0.426s] INFO:colcon.colcon_core.shell:Skip shell extension 'powershell' for command environment: Not usable outside of PowerShell
[0.426s] DEBUG:colcon.colcon_core.shell:Skip shell extension 'dsv' for command environment
[0.437s] DEBUG:colcon.colcon_core.event_handler.log_command:Invoking command in '/workspaces/hexapod_ws/src/build/hexapod_control': CMAKE_PREFIX_PATH=${CMAKE_PREFIX_PATH}:/opt/ros/humble /usr/bin/cmake /workspaces/hexapod_ws/src/hexapod_control -DCMAKE_INSTALL_PREFIX=/workspaces/hexapod_ws/src/install/hexapod_control
[0.441s] DEBUG:colcon.colcon_core.event_handler.log_command:Invoking command in '/workspaces/hexapod_ws/src/build/hexapod_description': CMAKE_PREFIX_PATH=${CMAKE_PREFIX_PATH}:/opt/ros/humble /usr/bin/cmake /workspaces/hexapod_ws/src/hexapod_description -DCMAKE_INSTALL_PREFIX=/workspaces/hexapod_ws/src/install/hexapod_description
[2.158s] DEBUG:colcon.colcon_core.event_handler.log_command:Invoked command in '/workspaces/hexapod_ws/src/build/hexapod_description' returned '0': CMAKE_PREFIX_PATH=${CMAKE_PREFIX_PATH}:/opt/ros/humble /usr/bin/cmake /workspaces/hexapod_ws/src/hexapod_description -DCMAKE_INSTALL_PREFIX=/workspaces/hexapod_ws/src/install/hexapod_description
[2.161s] DEBUG:colcon.colcon_core.event_handler.log_command:Invoking command in '/workspaces/hexapod_ws/src/build/hexapod_description': CMAKE_PREFIX_PATH=${CMAKE_PREFIX_PATH}:/opt/ros/humble /usr/bin/cmake --build /workspaces/hexapod_ws/src/build/hexapod_description -- -j12 -l12
[2.209s] DEBUG:colcon.colcon_core.event_handler.log_command:Invoked command in '/workspaces/hexapod_ws/src/build/hexapod_control' returned '0': CMAKE_PREFIX_PATH=${CMAKE_PREFIX_PATH}:/opt/ros/humble /usr/bin/cmake /workspaces/hexapod_ws/src/hexapod_control -DCMAKE_INSTALL_PREFIX=/workspaces/hexapod_ws/src/install/hexapod_control
[2.210s] DEBUG:colcon.colcon_core.event_handler.log_command:Invoking command in '/workspaces/hexapod_ws/src/build/hexapod_control': CMAKE_PREFIX_PATH=${CMAKE_PREFIX_PATH}:/opt/ros/humble /usr/bin/cmake --build /workspaces/hexapod_ws/src/build/hexapod_control -- -j12 -l12
[2.216s] DEBUG:colcon.colcon_core.event_handler.log_command:Invoked command in '/workspaces/hexapod_ws/src/build/hexapod_description' returned '0': CMAKE_PREFIX_PATH=${CMAKE_PREFIX_PATH}:/opt/ros/humble /usr/bin/cmake --build /workspaces/hexapod_ws/src/build/hexapod_description -- -j12 -l12
[2.257s] DEBUG:colcon.colcon_core.event_handler.log_command:Invoking command in '/workspaces/hexapod_ws/src/build/hexapod_description': CMAKE_PREFIX_PATH=${CMAKE_PREFIX_PATH}:/opt/ros/humble /usr/bin/cmake --install /workspaces/hexapod_ws/src/build/hexapod_description
[2.266s] DEBUG:colcon.colcon_core.event_handler.log_command:Invoked command in '/workspaces/hexapod_ws/src/build/hexapod_control' returned '0': CMAKE_PREFIX_PATH=${CMAKE_PREFIX_PATH}:/opt/ros/humble /usr/bin/cmake --build /workspaces/hexapod_ws/src/build/hexapod_control -- -j12 -l12
[2.292s] Level 1:colcon.colcon_core.environment:create_environment_scripts_only(hexapod_description)
[2.293s] DEBUG:colcon.colcon_core.event_handler.log_command:Invoked command in '/workspaces/hexapod_ws/src/build/hexapod_description' returned '0': CMAKE_PREFIX_PATH=${CMAKE_PREFIX_PATH}:/opt/ros/humble /usr/bin/cmake --install /workspaces/hexapod_ws/src/build/hexapod_description
[2.295s] Level 1:colcon.colcon_core.environment:checking '/workspaces/hexapod_ws/src/install/hexapod_description' for CMake module files
[2.296s] Level 1:colcon.colcon_core.environment:checking '/workspaces/hexapod_ws/src/install/hexapod_description' for CMake config files
[2.296s] Level 1:colcon.colcon_core.shell:create_environment_hook('hexapod_description', 'cmake_prefix_path')
[2.296s] INFO:colcon.colcon_core.shell:Creating environment hook '/workspaces/hexapod_ws/src/install/hexapod_description/share/hexapod_description/hook/cmake_prefix_path.ps1'
[2.297s] INFO:colcon.colcon_core.shell:Creating environment descriptor '/workspaces/hexapod_ws/src/install/hexapod_description/share/hexapod_description/hook/cmake_prefix_path.dsv'
[2.297s] INFO:colcon.colcon_core.shell:Creating environment hook '/workspaces/hexapod_ws/src/install/hexapod_description/share/hexapod_description/hook/cmake_prefix_path.sh'
[2.298s] Level 1:colcon.colcon_core.environment:checking '/workspaces/hexapod_ws/src/install/hexapod_description/bin'
[2.298s] Level 1:colcon.colcon_core.environment:checking '/workspaces/hexapod_ws/src/install/hexapod_description/lib/pkgconfig/hexapod_description.pc'
[2.298s] Level 1:colcon.colcon_core.environment:checking '/workspaces/hexapod_ws/src/install/hexapod_description/lib/python3.10/site-packages'
[2.299s] Level 1:colcon.colcon_core.environment:checking '/workspaces/hexapod_ws/src/install/hexapod_description/bin'
[2.299s] INFO:colcon.colcon_core.shell:Creating package script '/workspaces/hexapod_ws/src/install/hexapod_description/share/hexapod_description/package.ps1'
[2.300s] INFO:colcon.colcon_core.shell:Creating package descriptor '/workspaces/hexapod_ws/src/install/hexapod_description/share/hexapod_description/package.dsv'
[2.300s] INFO:colcon.colcon_core.shell:Creating package script '/workspaces/hexapod_ws/src/install/hexapod_description/share/hexapod_description/package.sh'
[2.301s] INFO:colcon.colcon_core.shell:Creating package script '/workspaces/hexapod_ws/src/install/hexapod_description/share/hexapod_description/package.bash'
[2.301s] INFO:colcon.colcon_core.shell:Creating package script '/workspaces/hexapod_ws/src/install/hexapod_description/share/hexapod_description/package.zsh'
[2.302s] Level 1:colcon.colcon_core.environment:create_file_with_runtime_dependencies(/workspaces/hexapod_ws/src/install/hexapod_description/share/colcon-core/packages/hexapod_description)
[2.305s] DEBUG:colcon.colcon_core.event_handler.log_command:Invoking command in '/workspaces/hexapod_ws/src/build/hexapod_control': CMAKE_PREFIX_PATH=${CMAKE_PREFIX_PATH}:/opt/ros/humble /usr/bin/cmake --install /workspaces/hexapod_ws/src/build/hexapod_control
[2.322s] Level 1:colcon.colcon_core.environment:create_environment_scripts_only(hexapod_control)
[2.322s] DEBUG:colcon.colcon_core.event_handler.log_command:Invoked command in '/workspaces/hexapod_ws/src/build/hexapod_control' returned '0': CMAKE_PREFIX_PATH=${CMAKE_PREFIX_PATH}:/opt/ros/humble /usr/bin/cmake --install /workspaces/hexapod_ws/src/build/hexapod_control
[2.323s] Level 1:colcon.colcon_core.environment:checking '/workspaces/hexapod_ws/src/install/hexapod_control' for CMake module files
[2.323s] Level 1:colcon.colcon_core.environment:checking '/workspaces/hexapod_ws/src/install/hexapod_control' for CMake config files
[2.324s] Level 1:colcon.colcon_core.shell:create_environment_hook('hexapod_control', 'cmake_prefix_path')
[2.324s] INFO:colcon.colcon_core.shell:Creating environment hook '/workspaces/hexapod_ws/src/install/hexapod_control/share/hexapod_control/hook/cmake_prefix_path.ps1'
[2.325s] INFO:colcon.colcon_core.shell:Creating environment descriptor '/workspaces/hexapod_ws/src/install/hexapod_control/share/hexapod_control/hook/cmake_prefix_path.dsv'
[2.325s] INFO:colcon.colcon_core.shell:Creating environment hook '/workspaces/hexapod_ws/src/install/hexapod_control/share/hexapod_control/hook/cmake_prefix_path.sh'
[2.326s] Level 1:colcon.colcon_core.environment:checking '/workspaces/hexapod_ws/src/install/hexapod_control/lib'
[2.326s] Level 1:colcon.colcon_core.environment:checking '/workspaces/hexapod_ws/src/install/hexapod_control/bin'
[2.326s] Level 1:colcon.colcon_core.environment:checking '/workspaces/hexapod_ws/src/install/hexapod_control/lib/pkgconfig/hexapod_control.pc'
[2.327s] Level 1:colcon.colcon_core.environment:checking '/workspaces/hexapod_ws/src/install/hexapod_control/lib/python3.10/site-packages'
[2.327s] Level 1:colcon.colcon_core.environment:checking '/workspaces/hexapod_ws/src/install/hexapod_control/bin'
[2.327s] INFO:colcon.colcon_core.shell:Creating package script '/workspaces/hexapod_ws/src/install/hexapod_control/share/hexapod_control/package.ps1'
[2.328s] INFO:colcon.colcon_core.shell:Creating package descriptor '/workspaces/hexapod_ws/src/install/hexapod_control/share/hexapod_control/package.dsv'
[2.329s] INFO:colcon.colcon_core.shell:Creating package script '/workspaces/hexapod_ws/src/install/hexapod_control/share/hexapod_control/package.sh'
[2.329s] INFO:colcon.colcon_core.shell:Creating package script '/workspaces/hexapod_ws/src/install/hexapod_control/share/hexapod_control/package.bash'
[2.330s] INFO:colcon.colcon_core.shell:Creating package script '/workspaces/hexapod_ws/src/install/hexapod_control/share/hexapod_control/package.zsh'
[2.330s] Level 1:colcon.colcon_core.environment:create_file_with_runtime_dependencies(/workspaces/hexapod_ws/src/install/hexapod_control/share/colcon-core/packages/hexapod_control)
[2.332s] Level 1:colcon.colcon_core.environment:create_environment_scripts_only(hexapod_description)
[2.333s] Level 1:colcon.colcon_core.environment:checking '/workspaces/hexapod_ws/src/install/hexapod_description' for CMake module files
[2.333s] Level 1:colcon.colcon_core.environment:checking '/workspaces/hexapod_ws/src/install/hexapod_description' for CMake config files
[2.334s] Level 1:colcon.colcon_core.shell:create_environment_hook('hexapod_description', 'cmake_prefix_path')
[2.334s] INFO:colcon.colcon_core.shell:Creating environment hook '/workspaces/hexapod_ws/src/install/hexapod_description/share/hexapod_description/hook/cmake_prefix_path.ps1'
[2.335s] INFO:colcon.colcon_core.shell:Creating environment descriptor '/workspaces/hexapod_ws/src/install/hexapod_description/share/hexapod_description/hook/cmake_prefix_path.dsv'
[2.335s] INFO:colcon.colcon_core.shell:Creating environment hook '/workspaces/hexapod_ws/src/install/hexapod_description/share/hexapod_description/hook/cmake_prefix_path.sh'
[2.336s] Level 1:colcon.colcon_core.environment:checking '/workspaces/hexapod_ws/src/install/hexapod_description/bin'
[2.336s] Level 1:colcon.colcon_core.environment:checking '/workspaces/hexapod_ws/src/install/hexapod_description/lib/pkgconfig/hexapod_description.pc'
[2.336s] Level 1:colcon.colcon_core.environment:checking '/workspaces/hexapod_ws/src/install/hexapod_description/lib/python3.10/site-packages'
[2.337s] Level 1:colcon.colcon_core.environment:checking '/workspaces/hexapod_ws/src/install/hexapod_description/bin'
[2.337s] INFO:colcon.colcon_core.shell:Creating package script '/workspaces/hexapod_ws/src/install/hexapod_description/share/hexapod_description/package.ps1'
[2.338s] INFO:colcon.colcon_core.shell:Creating package descriptor '/workspaces/hexapod_ws/src/install/hexapod_description/share/hexapod_description/package.dsv'
[2.339s] INFO:colcon.colcon_core.shell:Creating package script '/workspaces/hexapod_ws/src/install/hexapod_description/share/hexapod_description/package.sh'
[2.339s] INFO:colcon.colcon_core.shell:Creating package script '/workspaces/hexapod_ws/src/install/hexapod_description/share/hexapod_description/package.bash'
[2.340s] INFO:colcon.colcon_core.shell:Creating package script '/workspaces/hexapod_ws/src/install/hexapod_description/share/hexapod_description/package.zsh'
[2.340s] Level 1:colcon.colcon_core.environment:create_file_with_runtime_dependencies(/workspaces/hexapod_ws/src/install/hexapod_description/share/colcon-core/packages/hexapod_description)
[2.361s] Level 1:colcon.colcon_core.environment:create_environment_scripts_only(hexapod_control)
[2.362s] Level 1:colcon.colcon_core.environment:checking '/workspaces/hexapod_ws/src/install/hexapod_control' for CMake module files
[2.362s] Level 1:colcon.colcon_core.environment:checking '/workspaces/hexapod_ws/src/install/hexapod_control' for CMake config files
[2.362s] Level 1:colcon.colcon_core.shell:create_environment_hook('hexapod_control', 'cmake_prefix_path')
[2.363s] INFO:colcon.colcon_core.shell:Creating environment hook '/workspaces/hexapod_ws/src/install/hexapod_control/share/hexapod_control/hook/cmake_prefix_path.ps1'
[2.363s] INFO:colcon.colcon_core.shell:Creating environment descriptor '/workspaces/hexapod_ws/src/install/hexapod_control/share/hexapod_control/hook/cmake_prefix_path.dsv'
[2.363s] INFO:colcon.colcon_core.shell:Creating environment hook '/workspaces/hexapod_ws/src/install/hexapod_control/share/hexapod_control/hook/cmake_prefix_path.sh'
[2.364s] Level 1:colcon.colcon_core.environment:checking '/workspaces/hexapod_ws/src/install/hexapod_control/lib'
[2.364s] Level 1:colcon.colcon_core.environment:checking '/workspaces/hexapod_ws/src/install/hexapod_control/bin'
[2.364s] Level 1:colcon.colcon_core.environment:checking '/workspaces/hexapod_ws/src/install/hexapod_control/lib/pkgconfig/hexapod_control.pc'
[2.364s] Level 1:colcon.colcon_core.environment:checking '/workspaces/hexapod_ws/src/install/hexapod_control/lib/python3.10/site-packages'
[2.364s] Level 1:colcon.colcon_core.environment:checking '/workspaces/hexapod_ws/src/install/hexapod_control/bin'
[2.365s] INFO:colcon.colcon_core.shell:Creating package script '/workspaces/hexapod_ws/src/install/hexapod_control/share/hexapod_control/package.ps1'
[2.365s] INFO:colcon.colcon_core.shell:Creating package descriptor '/workspaces/hexapod_ws/src/install/hexapod_control/share/hexapod_control/package.dsv'
[2.366s] INFO:colcon.colcon_core.shell:Creating package script '/workspaces/hexapod_ws/src/install/hexapod_control/share/hexapod_control/package.sh'
[2.366s] INFO:colcon.colcon_core.shell:Creating package script '/workspaces/hexapod_ws/src/install/hexapod_control/share/hexapod_control/package.bash'
[2.366s] INFO:colcon.colcon_core.shell:Creating package script '/workspaces/hexapod_ws/src/install/hexapod_control/share/hexapod_control/package.zsh'
[2.367s] Level 1:colcon.colcon_core.environment:create_file_with_runtime_dependencies(/workspaces/hexapod_ws/src/install/hexapod_control/share/colcon-core/packages/hexapod_control)
[2.367s] DEBUG:colcon.colcon_parallel_executor.executor.parallel:closing loop
[2.367s] DEBUG:colcon.colcon_parallel_executor.executor.parallel:loop closed
[2.367s] DEBUG:colcon.colcon_parallel_executor.executor.parallel:run_until_complete finished with '0'
[2.367s] DEBUG:colcon.colcon_core.event_reactor:joining thread
[2.374s] INFO:colcon.colcon_core.plugin_system:Skipping extension 'colcon_notification.desktop_notification.notify_send': Could not find 'notify-send'
[2.374s] INFO:colcon.colcon_core.plugin_system:Skipping extension 'colcon_notification.desktop_notification.terminal_notifier': Not used on non-Darwin systems
[2.374s] INFO:colcon.colcon_core.plugin_system:Skipping extension 'colcon_notification.desktop_notification.win32': Not used on non-Windows systems
[2.374s] INFO:colcon.colcon_notification.desktop_notification:Sending desktop notification using 'notify2'
[2.379s] DEBUG:colcon.colcon_notification.desktop_notification.notify2:Failed to initialize notify2: org.freedesktop.DBus.Error.Spawn.ExecFailed: /usr/bin/dbus-launch terminated abnormally without any error message
[2.379s] DEBUG:colcon.colcon_core.event_reactor:joined thread
[2.380s] INFO:colcon.colcon_core.shell:Creating prefix script '/workspaces/hexapod_ws/src/install/local_setup.ps1'
[2.382s] INFO:colcon.colcon_core.shell:Creating prefix util module '/workspaces/hexapod_ws/src/install/_local_setup_util_ps1.py'
[2.383s] INFO:colcon.colcon_core.shell:Creating prefix chain script '/workspaces/hexapod_ws/src/install/setup.ps1'
[2.385s] INFO:colcon.colcon_core.shell:Creating prefix script '/workspaces/hexapod_ws/src/install/local_setup.sh'
[2.385s] INFO:colcon.colcon_core.shell:Creating prefix util module '/workspaces/hexapod_ws/src/install/_local_setup_util_sh.py'
[2.385s] INFO:colcon.colcon_core.shell:Creating prefix chain script '/workspaces/hexapod_ws/src/install/setup.sh'
[2.387s] INFO:colcon.colcon_core.shell:Creating prefix script '/workspaces/hexapod_ws/src/install/local_setup.bash'
[2.387s] INFO:colcon.colcon_core.shell:Creating prefix chain script '/workspaces/hexapod_ws/src/install/setup.bash'
[2.388s] INFO:colcon.colcon_core.shell:Creating prefix script '/workspaces/hexapod_ws/src/install/local_setup.zsh'
[2.389s] INFO:colcon.colcon_core.shell:Creating prefix chain script '/workspaces/hexapod_ws/src/install/setup.zsh'
