[0.009s] Invoking command in '/home/akshat/atom_projects/Hexapod/build/ign_ros2_control_demos': AMENT_PREFIX_PATH=/home/akshat/atom_projects/Hexapod/install/ign_ros2_control:${AMENT_PREFIX_PATH} CMAKE_PREFIX_PATH=/home/akshat/atom_projects/Hexapod/install/ign_ros2_control:/home/akshat/Desktop/atom_aud/install/selection_task:/opt/ros/humble LD_LIBRARY_PATH=/home/akshat/atom_projects/Hexapod/install/ign_ros2_control/lib:${LD_LIBRARY_PATH} /usr/bin/cmake /home/akshat/atom_projects/Hexapod/src/gz_ros2_control/ign_ros2_control_demos -DAMENT_CMAKE_SYMLINK_INSTALL=1 -DCMAKE_INSTALL_PREFIX=/home/akshat/atom_projects/Hexapod/install/ign_ros2_control_demos
[0.069s] -- The C compiler identification is GNU 11.4.0
[0.132s] -- The CXX compiler identification is GNU 11.4.0
[0.140s] -- Detecting C compiler ABI info
[0.225s] -- Detecting C compiler ABI info - done
[0.231s] -- Check for working C compiler: /usr/bin/cc - skipped
[0.232s] -- Detecting C compile features
[0.232s] -- Detecting C compile features - done
[0.235s] -- Detecting CXX compiler ABI info
[0.335s] -- Detecting CXX compiler ABI info - done
[0.342s] -- Check for working CXX compiler: /usr/bin/c++ - skipped
[0.342s] -- Detecting CXX compile features
[0.343s] -- Detecting CXX compile features - done
[0.346s] -- Found ament_cmake: 1.3.8 (/opt/ros/humble/share/ament_cmake/cmake)
[0.520s] -- Found Python3: /usr/bin/python3 (found version "3.10.12") found components: Interpreter 
[0.590s] -- Override CMake install command with custom implementation using symlinks instead of copying resources
[0.621s] -- Found control_msgs: 4.4.0 (/opt/ros/humble/share/control_msgs/cmake)
[0.664s] -- Found rosidl_generator_c: 3.1.5 (/opt/ros/humble/share/rosidl_generator_c/cmake)
[0.670s] -- Found rosidl_adapter: 3.1.5 (/opt/ros/humble/share/rosidl_adapter/cmake)
[0.680s] -- Found rosidl_generator_cpp: 3.1.5 (/opt/ros/humble/share/rosidl_generator_cpp/cmake)
[0.694s] -- Using all available rosidl_typesupport_c: rosidl_typesupport_fastrtps_c;rosidl_typesupport_introspection_c
[0.715s] -- Using all available rosidl_typesupport_cpp: rosidl_typesupport_fastrtps_cpp;rosidl_typesupport_introspection_cpp
[1.253s] -- Found rclcpp: 16.0.8 (/opt/ros/humble/share/rclcpp/cmake)
[1.315s] -- Found rmw_implementation_cmake: 6.1.1 (/opt/ros/humble/share/rmw_implementation_cmake/cmake)
[1.319s] -- Found rmw_fastrtps_cpp: 6.2.6 (/opt/ros/humble/share/rmw_fastrtps_cpp/cmake)
[1.447s] -- Found OpenSSL: /usr/lib/x86_64-linux-gnu/libcrypto.so (found version "3.0.2")  
[1.492s] -- Found FastRTPS: /opt/ros/humble/include  
[1.557s] -- Using RMW implementation 'rmw_fastrtps_cpp' as default
[1.568s] -- Looking for pthread.h
[1.652s] -- Looking for pthread.h - found
[1.652s] -- Performing Test CMAKE_HAVE_LIBC_PTHREAD
[1.746s] -- Performing Test CMAKE_HAVE_LIBC_PTHREAD - Success
[1.747s] -- Found Threads: TRUE  
[1.876s] -- Found rclcpp_action: 16.0.8 (/opt/ros/humble/share/rclcpp_action/cmake)
[1.911s] -- Found ament_cmake_gtest: 1.3.8 (/opt/ros/humble/share/ament_cmake_gtest/cmake)
[1.913s] -- Found ament_lint_auto: 0.12.10 (/opt/ros/humble/share/ament_lint_auto/cmake)
[2.014s] -- Added test 'copyright' to check source files copyright and LICENSE
[2.017s] -- Added test 'cppcheck' to perform static code analysis on C / C++ code
[2.017s] -- Configured cppcheck include dirs: 
[2.018s] -- Configured cppcheck exclude dirs and/or files: 
[2.020s] -- Added test 'cpplint' to check C / C++ code against the Google style
[2.020s] -- Configured cpplint exclude dirs and/or files: 
[2.021s] -- Added test 'flake8' to check Python code syntax and style conventions
[2.023s] -- Added test 'lint_cmake' to check CMake code style
[2.023s] -- Added test 'pep257' to check Python code against some of the docstring style conventions in PEP 257
[2.026s] -- Added test 'uncrustify' to check C / C++ code style
[2.026s] -- Configured uncrustify additional arguments: 
[2.027s] -- Added test 'xmllint' to check XML markup files
[2.029s] -- Configuring done
[2.069s] -- Generating done
[2.072s] -- Build files have been written to: /home/akshat/atom_projects/Hexapod/build/ign_ros2_control_demos
[2.096s] Invoked command in '/home/akshat/atom_projects/Hexapod/build/ign_ros2_control_demos' returned '0': AMENT_PREFIX_PATH=/home/akshat/atom_projects/Hexapod/install/ign_ros2_control:${AMENT_PREFIX_PATH} CMAKE_PREFIX_PATH=/home/akshat/atom_projects/Hexapod/install/ign_ros2_control:/home/akshat/Desktop/atom_aud/install/selection_task:/opt/ros/humble LD_LIBRARY_PATH=/home/akshat/atom_projects/Hexapod/install/ign_ros2_control/lib:${LD_LIBRARY_PATH} /usr/bin/cmake /home/akshat/atom_projects/Hexapod/src/gz_ros2_control/ign_ros2_control_demos -DAMENT_CMAKE_SYMLINK_INSTALL=1 -DCMAKE_INSTALL_PREFIX=/home/akshat/atom_projects/Hexapod/install/ign_ros2_control_demos
[2.098s] Invoking command in '/home/akshat/atom_projects/Hexapod/build/ign_ros2_control_demos': AMENT_PREFIX_PATH=/home/akshat/atom_projects/Hexapod/install/ign_ros2_control:${AMENT_PREFIX_PATH} CMAKE_PREFIX_PATH=/home/akshat/atom_projects/Hexapod/install/ign_ros2_control:/home/akshat/Desktop/atom_aud/install/selection_task:/opt/ros/humble LD_LIBRARY_PATH=/home/akshat/atom_projects/Hexapod/install/ign_ros2_control/lib:${LD_LIBRARY_PATH} /usr/bin/cmake --build /home/akshat/atom_projects/Hexapod/build/ign_ros2_control_demos -- -j12 -l12
[2.164s] [ 25%] [32mBuilding CXX object CMakeFiles/example_position.dir/examples/example_position.cpp.o[0m
[2.164s] [ 25%] [32mBuilding CXX object CMakeFiles/example_effort.dir/examples/example_effort.cpp.o[0m
[2.164s] [ 25%] [32mBuilding CXX object CMakeFiles/example_diff_drive.dir/examples/example_diff_drive.cpp.o[0m
[2.165s] [ 41%] [32mBuilding CXX object CMakeFiles/example_gripper.dir/examples/example_gripper.cpp.o[0m
[2.165s] [ 41%] [32mBuilding CXX object CMakeFiles/example_velocity.dir/examples/example_velocity.cpp.o[0m
[2.169s] [ 50%] [32mBuilding CXX object CMakeFiles/example_tricycle_drive.dir/examples/example_tricycle_drive.cpp.o[0m
[9.041s] [ 58%] [32m[1mLinking CXX executable example_effort[0m
[9.090s] [ 66%] [32m[1mLinking CXX executable example_diff_drive[0m
[9.105s] [ 75%] [32m[1mLinking CXX executable example_tricycle_drive[0m
[9.613s] [ 83%] [32m[1mLinking CXX executable example_gripper[0m
[9.720s] [ 83%] Built target example_effort
[9.789s] [ 91%] [32m[1mLinking CXX executable example_velocity[0m
[9.810s] [ 91%] Built target example_tricycle_drive
[9.829s] [ 91%] Built target example_diff_drive
[10.080s] [ 91%] Built target example_gripper
[10.182s] [ 91%] Built target example_velocity
[10.345s] [100%] [32m[1mLinking CXX executable example_position[0m
[10.608s] [100%] Built target example_position
[10.621s] Invoked command in '/home/akshat/atom_projects/Hexapod/build/ign_ros2_control_demos' returned '0': AMENT_PREFIX_PATH=/home/akshat/atom_projects/Hexapod/install/ign_ros2_control:${AMENT_PREFIX_PATH} CMAKE_PREFIX_PATH=/home/akshat/atom_projects/Hexapod/install/ign_ros2_control:/home/akshat/Desktop/atom_aud/install/selection_task:/opt/ros/humble LD_LIBRARY_PATH=/home/akshat/atom_projects/Hexapod/install/ign_ros2_control/lib:${LD_LIBRARY_PATH} /usr/bin/cmake --build /home/akshat/atom_projects/Hexapod/build/ign_ros2_control_demos -- -j12 -l12
[10.671s] Invoking command in '/home/akshat/atom_projects/Hexapod/build/ign_ros2_control_demos': AMENT_PREFIX_PATH=/home/akshat/atom_projects/Hexapod/install/ign_ros2_control:${AMENT_PREFIX_PATH} CMAKE_PREFIX_PATH=/home/akshat/atom_projects/Hexapod/install/ign_ros2_control:/home/akshat/Desktop/atom_aud/install/selection_task:/opt/ros/humble LD_LIBRARY_PATH=/home/akshat/atom_projects/Hexapod/install/ign_ros2_control/lib:${LD_LIBRARY_PATH} /usr/bin/cmake --install /home/akshat/atom_projects/Hexapod/build/ign_ros2_control_demos
[10.678s] -- Install configuration: ""
[10.679s] -- Execute custom install script
[10.680s] -- Symlinking: /home/akshat/atom_projects/Hexapod/install/ign_ros2_control_demos/share/ign_ros2_control_demos//launch/cart_example_effort.launch.py
[10.690s] -- Symlinking: /home/akshat/atom_projects/Hexapod/install/ign_ros2_control_demos/share/ign_ros2_control_demos//launch/cart_example_position.launch.py
[10.700s] -- Symlinking: /home/akshat/atom_projects/Hexapod/install/ign_ros2_control_demos/share/ign_ros2_control_demos//launch/cart_example_velocity.launch.py
[10.712s] -- Symlinking: /home/akshat/atom_projects/Hexapod/install/ign_ros2_control_demos/share/ign_ros2_control_demos//launch/diff_drive_example.launch.py
[10.722s] -- Symlinking: /home/akshat/atom_projects/Hexapod/install/ign_ros2_control_demos/share/ign_ros2_control_demos//launch/gripper_mimic_joint_example.launch.py
[10.741s] -- Symlinking: /home/akshat/atom_projects/Hexapod/install/ign_ros2_control_demos/share/ign_ros2_control_demos//launch/tricycle_drive_example.launch.py
[10.752s] -- Symlinking: /home/akshat/atom_projects/Hexapod/install/ign_ros2_control_demos/share/ign_ros2_control_demos//config/cart_controller_effort.yaml
[10.763s] -- Symlinking: /home/akshat/atom_projects/Hexapod/install/ign_ros2_control_demos/share/ign_ros2_control_demos//config/cart_controller_position.yaml
[10.774s] -- Symlinking: /home/akshat/atom_projects/Hexapod/install/ign_ros2_control_demos/share/ign_ros2_control_demos//config/cart_controller_velocity.yaml
[10.785s] -- Symlinking: /home/akshat/atom_projects/Hexapod/install/ign_ros2_control_demos/share/ign_ros2_control_demos//config/diff_drive_controller_velocity.yaml
[10.796s] -- Symlinking: /home/akshat/atom_projects/Hexapod/install/ign_ros2_control_demos/share/ign_ros2_control_demos//config/gripper_controller.yaml
[10.808s] -- Symlinking: /home/akshat/atom_projects/Hexapod/install/ign_ros2_control_demos/share/ign_ros2_control_demos//config/tricycle_drive_controller.yaml
[10.819s] -- Symlinking: /home/akshat/atom_projects/Hexapod/install/ign_ros2_control_demos/share/ign_ros2_control_demos//urdf/test_cart_effort.xacro.urdf
[10.829s] -- Symlinking: /home/akshat/atom_projects/Hexapod/install/ign_ros2_control_demos/share/ign_ros2_control_demos//urdf/test_cart_position.xacro.urdf
[10.841s] -- Symlinking: /home/akshat/atom_projects/Hexapod/install/ign_ros2_control_demos/share/ign_ros2_control_demos//urdf/test_cart_velocity.xacro.urdf
[10.851s] -- Symlinking: /home/akshat/atom_projects/Hexapod/install/ign_ros2_control_demos/share/ign_ros2_control_demos//urdf/test_diff_drive.xacro.urdf
[10.862s] -- Symlinking: /home/akshat/atom_projects/Hexapod/install/ign_ros2_control_demos/share/ign_ros2_control_demos//urdf/test_gripper_mimic_joint.xacro.urdf
[10.875s] -- Symlinking: /home/akshat/atom_projects/Hexapod/install/ign_ros2_control_demos/share/ign_ros2_control_demos//urdf/test_tricycle_drive.xacro.urdf
[10.886s] -- Symlinking: /home/akshat/atom_projects/Hexapod/install/ign_ros2_control_demos/lib/ign_ros2_control_demos/example_position
[10.897s] -- Symlinking: /home/akshat/atom_projects/Hexapod/install/ign_ros2_control_demos/lib/ign_ros2_control_demos/example_velocity
[10.910s] -- Symlinking: /home/akshat/atom_projects/Hexapod/install/ign_ros2_control_demos/lib/ign_ros2_control_demos/example_effort
[10.921s] -- Symlinking: /home/akshat/atom_projects/Hexapod/install/ign_ros2_control_demos/lib/ign_ros2_control_demos/example_diff_drive
[10.931s] -- Symlinking: /home/akshat/atom_projects/Hexapod/install/ign_ros2_control_demos/lib/ign_ros2_control_demos/example_tricycle_drive
[10.943s] -- Symlinking: /home/akshat/atom_projects/Hexapod/install/ign_ros2_control_demos/lib/ign_ros2_control_demos/example_gripper
[10.955s] -- Symlinking: /home/akshat/atom_projects/Hexapod/install/ign_ros2_control_demos/share/ament_index/resource_index/package_run_dependencies/ign_ros2_control_demos
[10.967s] -- Symlinking: /home/akshat/atom_projects/Hexapod/install/ign_ros2_control_demos/share/ament_index/resource_index/parent_prefix_path/ign_ros2_control_demos
[10.980s] -- Symlinking: /home/akshat/atom_projects/Hexapod/install/ign_ros2_control_demos/share/ign_ros2_control_demos/environment/ament_prefix_path.sh
[10.993s] -- Symlinking: /home/akshat/atom_projects/Hexapod/install/ign_ros2_control_demos/share/ign_ros2_control_demos/environment/ament_prefix_path.dsv
[11.003s] -- Symlinking: /home/akshat/atom_projects/Hexapod/install/ign_ros2_control_demos/share/ign_ros2_control_demos/environment/path.sh
[11.015s] -- Symlinking: /home/akshat/atom_projects/Hexapod/install/ign_ros2_control_demos/share/ign_ros2_control_demos/environment/path.dsv
[11.026s] -- Symlinking: /home/akshat/atom_projects/Hexapod/install/ign_ros2_control_demos/share/ign_ros2_control_demos/local_setup.bash
[11.042s] -- Symlinking: /home/akshat/atom_projects/Hexapod/install/ign_ros2_control_demos/share/ign_ros2_control_demos/local_setup.sh
[11.060s] -- Symlinking: /home/akshat/atom_projects/Hexapod/install/ign_ros2_control_demos/share/ign_ros2_control_demos/local_setup.zsh
[11.071s] -- Symlinking: /home/akshat/atom_projects/Hexapod/install/ign_ros2_control_demos/share/ign_ros2_control_demos/local_setup.dsv
[11.086s] -- Symlinking: /home/akshat/atom_projects/Hexapod/install/ign_ros2_control_demos/share/ign_ros2_control_demos/package.dsv
[11.099s] -- Symlinking: /home/akshat/atom_projects/Hexapod/install/ign_ros2_control_demos/share/ament_index/resource_index/packages/ign_ros2_control_demos
[11.113s] -- Symlinking: /home/akshat/atom_projects/Hexapod/install/ign_ros2_control_demos/share/ign_ros2_control_demos/cmake/ign_ros2_control_demosConfig.cmake
[11.127s] -- Symlinking: /home/akshat/atom_projects/Hexapod/install/ign_ros2_control_demos/share/ign_ros2_control_demos/cmake/ign_ros2_control_demosConfig-version.cmake
[11.141s] -- Symlinking: /home/akshat/atom_projects/Hexapod/install/ign_ros2_control_demos/share/ign_ros2_control_demos/package.xml
[11.155s] Invoked command in '/home/akshat/atom_projects/Hexapod/build/ign_ros2_control_demos' returned '0': AMENT_PREFIX_PATH=/home/akshat/atom_projects/Hexapod/install/ign_ros2_control:${AMENT_PREFIX_PATH} CMAKE_PREFIX_PATH=/home/akshat/atom_projects/Hexapod/install/ign_ros2_control:/home/akshat/Desktop/atom_aud/install/selection_task:/opt/ros/humble LD_LIBRARY_PATH=/home/akshat/atom_projects/Hexapod/install/ign_ros2_control/lib:${LD_LIBRARY_PATH} /usr/bin/cmake --install /home/akshat/atom_projects/Hexapod/build/ign_ros2_control_demos
