[0.014s] Invoking command in '/workspaces/hexapod_ws/src/build/hexapod_description': CMAKE_PREFIX_PATH=${CMAKE_PREFIX_PATH}:/opt/ros/humble /usr/bin/cmake /workspaces/hexapod_ws/src/hexapod_description -DCMAKE_INSTALL_PREFIX=/workspaces/hexapod_ws/src/install/hexapod_description
[0.076s] -- The C compiler identification is GNU 11.4.0
[0.140s] -- The CXX compiler identification is GNU 11.4.0
[0.149s] -- Detecting C compiler ABI info
[0.231s] -- Detecting C compiler ABI info - done
[0.238s] -- Check for working C compiler: /usr/bin/cc - skipped
[0.238s] -- Detecting C compile features
[0.239s] -- Detecting C compile features - done
[0.242s] -- Detecting CXX compiler ABI info
[0.354s] -- Detecting CXX compiler ABI info - done
[0.365s] -- Check for working CXX compiler: /usr/bin/c++ - skipped
[0.365s] -- Detecting CXX compile features
[0.365s] -- Detecting CXX compile features - done
[0.370s] -- Found ament_cmake: 1.3.10 (/opt/ros/humble/share/ament_cmake/cmake)
[0.543s] -- Found Python3: /usr/bin/python3 (found version "3.10.12") found components: Interpreter 
[0.638s] -- Found rclpy: 3.3.14 (/opt/ros/humble/share/rclpy/cmake)
[0.640s] -- Found rclcpp: 16.0.10 (/opt/ros/humble/share/rclcpp/cmake)
[0.691s] -- Found rosidl_generator_c: 3.1.5 (/opt/ros/humble/share/rosidl_generator_c/cmake)
[0.697s] -- Found rosidl_adapter: 3.1.5 (/opt/ros/humble/share/rosidl_adapter/cmake)
[0.709s] -- Found rosidl_generator_cpp: 3.1.5 (/opt/ros/humble/share/rosidl_generator_cpp/cmake)
[0.724s] -- Using all available rosidl_typesupport_c: rosidl_typesupport_fastrtps_c;rosidl_typesupport_introspection_c
[0.743s] -- Using all available rosidl_typesupport_cpp: rosidl_typesupport_fastrtps_cpp;rosidl_typesupport_introspection_cpp
[0.792s] -- Found rmw_implementation_cmake: 6.1.2 (/opt/ros/humble/share/rmw_implementation_cmake/cmake)
[0.795s] -- Found rmw_fastrtps_cpp: 6.2.7 (/opt/ros/humble/share/rmw_fastrtps_cpp/cmake)
[0.972s] -- Found OpenSSL: /usr/lib/x86_64-linux-gnu/libcrypto.so (found version "3.0.2")  
[1.019s] -- Found FastRTPS: /opt/ros/humble/include  
[1.091s] -- Using RMW implementation 'rmw_fastrtps_cpp' as default
[1.103s] -- Looking for pthread.h
[1.199s] -- Looking for pthread.h - found
[1.199s] -- Performing Test CMAKE_HAVE_LIBC_PTHREAD
[1.294s] -- Performing Test CMAKE_HAVE_LIBC_PTHREAD - Success
[1.295s] -- Found Threads: TRUE  
[1.357s] -- Found ros_gz_interfaces: 0.244.15 (/opt/ros/humble/share/ros_gz_interfaces/cmake)
[1.390s] -- Found sensor_msgs: 4.2.4 (/opt/ros/humble/share/sensor_msgs/cmake)
[1.408s] -- Found nav_msgs: 4.2.4 (/opt/ros/humble/share/nav_msgs/cmake)
[1.431s] -- Found tf2: 0.25.7 (/opt/ros/humble/share/tf2/cmake)
[1.450s] -- Found tf2_ros: 0.25.7 (/opt/ros/humble/share/tf2_ros/cmake)
[1.549s] -- Found control_msgs: 4.6.0 (/opt/ros/humble/share/control_msgs/cmake)
[1.595s] -- Found ament_lint_auto: 0.12.11 (/opt/ros/humble/share/ament_lint_auto/cmake)
[1.696s] -- Added test 'flake8' to check Python code syntax and style conventions
[1.697s] -- Added test 'lint_cmake' to check CMake code style
[1.698s] -- Added test 'pep257' to check Python code against some of the docstring style conventions in PEP 257
[1.701s] -- Added test 'xmllint' to check XML markup files
[1.703s] -- Configuring done
[1.713s] -- Generating done
[1.716s] -- Build files have been written to: /workspaces/hexapod_ws/src/build/hexapod_description
[1.731s] Invoked command in '/workspaces/hexapod_ws/src/build/hexapod_description' returned '0': CMAKE_PREFIX_PATH=${CMAKE_PREFIX_PATH}:/opt/ros/humble /usr/bin/cmake /workspaces/hexapod_ws/src/hexapod_description -DCMAKE_INSTALL_PREFIX=/workspaces/hexapod_ws/src/install/hexapod_description
[1.734s] Invoking command in '/workspaces/hexapod_ws/src/build/hexapod_description': CMAKE_PREFIX_PATH=${CMAKE_PREFIX_PATH}:/opt/ros/humble /usr/bin/cmake --build /workspaces/hexapod_ws/src/build/hexapod_description -- -j12 -l12
[1.789s] Invoked command in '/workspaces/hexapod_ws/src/build/hexapod_description' returned '0': CMAKE_PREFIX_PATH=${CMAKE_PREFIX_PATH}:/opt/ros/humble /usr/bin/cmake --build /workspaces/hexapod_ws/src/build/hexapod_description -- -j12 -l12
[1.830s] Invoking command in '/workspaces/hexapod_ws/src/build/hexapod_description': CMAKE_PREFIX_PATH=${CMAKE_PREFIX_PATH}:/opt/ros/humble /usr/bin/cmake --install /workspaces/hexapod_ws/src/build/hexapod_description
[1.838s] -- Install configuration: ""
[1.838s] -- Installing: /workspaces/hexapod_ws/src/install/hexapod_description/share/hexapod_description//config
[1.838s] -- Installing: /workspaces/hexapod_ws/src/install/hexapod_description/share/hexapod_description//config/display.rviz
[1.838s] -- Installing: /workspaces/hexapod_ws/src/install/hexapod_description/share/hexapod_description//launch
[1.838s] -- Installing: /workspaces/hexapod_ws/src/install/hexapod_description/share/hexapod_description//launch/robot.launch.py
[1.839s] -- Installing: /workspaces/hexapod_ws/src/install/hexapod_description/share/hexapod_description//launch/hexapod.launch.py
[1.839s] -- Installing: /workspaces/hexapod_ws/src/install/hexapod_description/share/hexapod_description//meshes
[1.839s] -- Installing: /workspaces/hexapod_ws/src/install/hexapod_description/share/hexapod_description//meshes/leg_2_link_3__1.stl
[1.840s] -- Installing: /workspaces/hexapod_ws/src/install/hexapod_description/share/hexapod_description//meshes/leg_5_llink_2_1.stl
[1.841s] -- Installing: /workspaces/hexapod_ws/src/install/hexapod_description/share/hexapod_description//meshes/leg_5_link_1_1.stl
[1.842s] -- Installing: /workspaces/hexapod_ws/src/install/hexapod_description/share/hexapod_description//meshes/leg_3_link_2_1.stl
[1.843s] -- Installing: /workspaces/hexapod_ws/src/install/hexapod_description/share/hexapod_description//meshes/leg_4_link_1_1.stl
[1.844s] -- Installing: /workspaces/hexapod_ws/src/install/hexapod_description/share/hexapod_description//meshes/leg_2_link_2_1.stl
[1.845s] -- Installing: /workspaces/hexapod_ws/src/install/hexapod_description/share/hexapod_description//meshes/leg_5_link_3_1.stl
[1.846s] -- Installing: /workspaces/hexapod_ws/src/install/hexapod_description/share/hexapod_description//meshes/leg_6_link_1_1.stl
[1.847s] -- Installing: /workspaces/hexapod_ws/src/install/hexapod_description/share/hexapod_description//meshes/leg_6_link_2_1.stl
[1.849s] -- Installing: /workspaces/hexapod_ws/src/install/hexapod_description/share/hexapod_description//meshes/leg_1_link_1_1.stl
[1.849s] -- Installing: /workspaces/hexapod_ws/src/install/hexapod_description/share/hexapod_description//meshes/leg_3_link_1_1.stl
[1.850s] -- Installing: /workspaces/hexapod_ws/src/install/hexapod_description/share/hexapod_description//meshes/leg_1_link_2_1.stl
[1.851s] -- Installing: /workspaces/hexapod_ws/src/install/hexapod_description/share/hexapod_description//meshes/leg_1_link_3_1.stl
[1.853s] -- Installing: /workspaces/hexapod_ws/src/install/hexapod_description/share/hexapod_description//meshes/leg_2_link_1_1.stl
[1.854s] -- Installing: /workspaces/hexapod_ws/src/install/hexapod_description/share/hexapod_description//meshes/leg_6_link_3_1.stl
[1.854s] -- Installing: /workspaces/hexapod_ws/src/install/hexapod_description/share/hexapod_description//meshes/leg_3_link_3_1.stl
[1.855s] -- Installing: /workspaces/hexapod_ws/src/install/hexapod_description/share/hexapod_description//meshes/leg_4_link_3_1.stl
[1.856s] -- Installing: /workspaces/hexapod_ws/src/install/hexapod_description/share/hexapod_description//meshes/leg_4_link_2_1.stl
[1.857s] -- Installing: /workspaces/hexapod_ws/src/install/hexapod_description/share/hexapod_description//meshes/base_link.stl
[1.859s] -- Installing: /workspaces/hexapod_ws/src/install/hexapod_description/share/hexapod_description//urdf
[1.859s] -- Installing: /workspaces/hexapod_ws/src/install/hexapod_description/share/hexapod_description//urdf/hexapod.gazebo
[1.859s] -- Installing: /workspaces/hexapod_ws/src/install/hexapod_description/share/hexapod_description//urdf/hexapod.xacro
[1.860s] -- Installing: /workspaces/hexapod_ws/src/install/hexapod_description/share/hexapod_description//urdf/materials.xacro
[1.860s] -- Installing: /workspaces/hexapod_ws/src/install/hexapod_description/share/hexapod_description//urdf/hexapod.trans
[1.860s] -- Installing: /workspaces/hexapod_ws/src/install/hexapod_description/share/ament_index/resource_index/package_run_dependencies/hexapod_description
[1.861s] -- Installing: /workspaces/hexapod_ws/src/install/hexapod_description/share/ament_index/resource_index/parent_prefix_path/hexapod_description
[1.861s] -- Installing: /workspaces/hexapod_ws/src/install/hexapod_description/share/hexapod_description/environment/ament_prefix_path.sh
[1.861s] -- Installing: /workspaces/hexapod_ws/src/install/hexapod_description/share/hexapod_description/environment/ament_prefix_path.dsv
[1.861s] -- Installing: /workspaces/hexapod_ws/src/install/hexapod_description/share/hexapod_description/environment/path.sh
[1.861s] -- Installing: /workspaces/hexapod_ws/src/install/hexapod_description/share/hexapod_description/environment/path.dsv
[1.862s] -- Installing: /workspaces/hexapod_ws/src/install/hexapod_description/share/hexapod_description/local_setup.bash
[1.862s] -- Installing: /workspaces/hexapod_ws/src/install/hexapod_description/share/hexapod_description/local_setup.sh
[1.862s] -- Installing: /workspaces/hexapod_ws/src/install/hexapod_description/share/hexapod_description/local_setup.zsh
[1.862s] -- Installing: /workspaces/hexapod_ws/src/install/hexapod_description/share/hexapod_description/local_setup.dsv
[1.862s] -- Installing: /workspaces/hexapod_ws/src/install/hexapod_description/share/hexapod_description/package.dsv
[1.863s] -- Installing: /workspaces/hexapod_ws/src/install/hexapod_description/share/ament_index/resource_index/packages/hexapod_description
[1.863s] -- Installing: /workspaces/hexapod_ws/src/install/hexapod_description/share/hexapod_description/cmake/hexapod_descriptionConfig.cmake
[1.863s] -- Installing: /workspaces/hexapod_ws/src/install/hexapod_description/share/hexapod_description/cmake/hexapod_descriptionConfig-version.cmake
[1.863s] -- Installing: /workspaces/hexapod_ws/src/install/hexapod_description/share/hexapod_description/package.xml
[1.866s] Invoked command in '/workspaces/hexapod_ws/src/build/hexapod_description' returned '0': CMAKE_PREFIX_PATH=${CMAKE_PREFIX_PATH}:/opt/ros/humble /usr/bin/cmake --install /workspaces/hexapod_ws/src/build/hexapod_description
