[0.020s] Invoking command in '/home/akshat/atom_projects/Hexapod/build/ign_ros2_control': CMAKE_PREFIX_PATH=${CMAKE_PREFIX_PATH}:/home/akshat/atom_projects/Hexapod/install/hexapod_description:/home/akshat/Desktop/atom_aud/install/selection_task:/opt/ros/humble /usr/bin/cmake --build /home/akshat/atom_projects/Hexapod/build/ign_ros2_control -- -j12 -l12
[0.084s] [35m[1mConsolidate compiler generated dependencies of target ign_ros2_control-system[0m
[0.084s] [35m[1mConsolidate compiler generated dependencies of target ign_hardware_plugins[0m
[0.125s] [ 50%] Built target ign_hardware_plugins
[0.130s] [100%] Built target ign_ros2_control-system
[0.406s] Invoked command in '/home/akshat/atom_projects/Hexapod/build/ign_ros2_control' returned '0': CMAKE_PREFIX_PATH=${CMAKE_PREFIX_PATH}:/home/akshat/atom_projects/Hexapod/install/hexapod_description:/home/akshat/Desktop/atom_aud/install/selection_task:/opt/ros/humble /usr/bin/cmake --build /home/akshat/atom_projects/Hexapod/build/ign_ros2_control -- -j12 -l12
[0.456s] Invoking command in '/home/akshat/atom_projects/Hexapod/build/ign_ros2_control': CMAKE_PREFIX_PATH=${CMAKE_PREFIX_PATH}:/home/akshat/atom_projects/Hexapod/install/hexapod_description:/home/akshat/Desktop/atom_aud/install/selection_task:/opt/ros/humble /usr/bin/cmake --install /home/akshat/atom_projects/Hexapod/build/ign_ros2_control
[0.464s] -- Install configuration: ""
[0.465s] -- Execute custom install script
[0.466s] -- Up-to-date symlink: /home/akshat/atom_projects/Hexapod/install/ign_ros2_control/lib/libign_hardware_plugins.so
[0.466s] -- Up-to-date symlink: /home/akshat/atom_projects/Hexapod/install/ign_ros2_control/include/ign_ros2_control/ign_ros2_control_plugin.hpp
[0.467s] -- Up-to-date symlink: /home/akshat/atom_projects/Hexapod/install/ign_ros2_control/include/ign_ros2_control/ign_system.hpp
[0.467s] -- Up-to-date symlink: /home/akshat/atom_projects/Hexapod/install/ign_ros2_control/include/ign_ros2_control/ign_system_interface.hpp
[0.467s] -- Up-to-date symlink: /home/akshat/atom_projects/Hexapod/install/ign_ros2_control/share/ign_ros2_control/environment/library_path.sh
[0.468s] -- Up-to-date symlink: /home/akshat/atom_projects/Hexapod/install/ign_ros2_control/share/ign_ros2_control/environment/library_path.dsv
[0.468s] -- Up-to-date symlink: /home/akshat/atom_projects/Hexapod/install/ign_ros2_control/lib/libign_ros2_control-system.so
[0.469s] -- Up-to-date symlink: /home/akshat/atom_projects/Hexapod/install/ign_ros2_control/share/ign_ros2_control//ign_hardware_plugins.xml
[0.469s] -- Up-to-date symlink: /home/akshat/atom_projects/Hexapod/install/ign_ros2_control/share/ament_index/resource_index/package_run_dependencies/ign_ros2_control
[0.469s] -- Up-to-date symlink: /home/akshat/atom_projects/Hexapod/install/ign_ros2_control/share/ament_index/resource_index/parent_prefix_path/ign_ros2_control
[0.469s] -- Up-to-date symlink: /home/akshat/atom_projects/Hexapod/install/ign_ros2_control/share/ign_ros2_control/environment/ament_prefix_path.sh
[0.470s] -- Up-to-date symlink: /home/akshat/atom_projects/Hexapod/install/ign_ros2_control/share/ign_ros2_control/environment/ament_prefix_path.dsv
[0.470s] -- Up-to-date symlink: /home/akshat/atom_projects/Hexapod/install/ign_ros2_control/share/ign_ros2_control/environment/path.sh
[0.470s] -- Up-to-date symlink: /home/akshat/atom_projects/Hexapod/install/ign_ros2_control/share/ign_ros2_control/environment/path.dsv
[0.470s] -- Up-to-date symlink: /home/akshat/atom_projects/Hexapod/install/ign_ros2_control/share/ign_ros2_control/local_setup.bash
[0.470s] -- Up-to-date symlink: /home/akshat/atom_projects/Hexapod/install/ign_ros2_control/share/ign_ros2_control/local_setup.sh
[0.471s] -- Up-to-date symlink: /home/akshat/atom_projects/Hexapod/install/ign_ros2_control/share/ign_ros2_control/local_setup.zsh
[0.471s] -- Up-to-date symlink: /home/akshat/atom_projects/Hexapod/install/ign_ros2_control/share/ign_ros2_control/local_setup.dsv
[0.471s] -- Symlinking: /home/akshat/atom_projects/Hexapod/install/ign_ros2_control/share/ign_ros2_control/package.dsv
[0.490s] -- Up-to-date symlink: /home/akshat/atom_projects/Hexapod/install/ign_ros2_control/share/ament_index/resource_index/packages/ign_ros2_control
[0.490s] -- Up-to-date symlink: /home/akshat/atom_projects/Hexapod/install/ign_ros2_control/share/ament_index/resource_index/ign_ros2_control__pluginlib__plugin/ign_ros2_control
[0.491s] -- Up-to-date symlink: /home/akshat/atom_projects/Hexapod/install/ign_ros2_control/share/ign_ros2_control/cmake/ament_cmake_export_include_directories-extras.cmake
[0.491s] -- Up-to-date symlink: /home/akshat/atom_projects/Hexapod/install/ign_ros2_control/share/ign_ros2_control/cmake/ament_cmake_export_libraries-extras.cmake
[0.491s] -- Up-to-date symlink: /home/akshat/atom_projects/Hexapod/install/ign_ros2_control/share/ign_ros2_control/cmake/ign_ros2_controlConfig.cmake
[0.491s] -- Up-to-date symlink: /home/akshat/atom_projects/Hexapod/install/ign_ros2_control/share/ign_ros2_control/cmake/ign_ros2_controlConfig-version.cmake
[0.491s] -- Up-to-date symlink: /home/akshat/atom_projects/Hexapod/install/ign_ros2_control/share/ign_ros2_control/package.xml
[0.494s] Invoked command in '/home/akshat/atom_projects/Hexapod/build/ign_ros2_control' returned '0': CMAKE_PREFIX_PATH=${CMAKE_PREFIX_PATH}:/home/akshat/atom_projects/Hexapod/install/hexapod_description:/home/akshat/Desktop/atom_aud/install/selection_task:/opt/ros/humble /usr/bin/cmake --install /home/akshat/atom_projects/Hexapod/build/ign_ros2_control
