[0.133s] DEBUG:colcon:Command line arguments: ['/usr/bin/colcon', 'build', '--symlink-install']
[0.133s] DEBUG:colcon:Parsed command line arguments: Namespace(log_base=None, log_level=None, verb_name='build', build_base='build', install_base='install', merge_install=False, symlink_install=True, test_result_base=None, continue_on_error=False, executor='parallel', parallel_workers=12, event_handlers=None, ignore_user_meta=False, metas=['./colcon.meta'], base_paths=['.'], packages_ignore=None, packages_ignore_regex=None, paths=None, packages_up_to=None, packages_up_to_regex=None, packages_above=None, packages_above_and_dependencies=None, packages_above_depth=None, packages_select_by_dep=None, packages_skip_by_dep=None, packages_skip_up_to=None, packages_select_build_failed=False, packages_skip_build_finished=False, packages_select_test_failures=False, packages_skip_test_passed=False, packages_select=None, packages_skip=None, packages_select_regex=None, packages_skip_regex=None, packages_start=None, packages_end=None, allow_overriding=[], cmake_args=None, cmake_target=None, cmake_target_skip_unavailable=False, cmake_clean_cache=False, cmake_clean_first=False, cmake_force_configure=False, ament_cmake_args=None, catkin_cmake_args=None, catkin_skip_building_tests=False, verb_parser=<colcon_defaults.argument_parser.defaults.DefaultArgumentsDecorator object at 0x7ed9dd942b90>, verb_extension=<colcon_core.verb.build.BuildVerb object at 0x7ed9dda33730>, main=<bound method BuildVerb.main of <colcon_core.verb.build.BuildVerb object at 0x7ed9dda33730>>)
[0.373s] Level 1:colcon.colcon_core.package_discovery:discover_packages(colcon_meta) check parameters
[0.373s] Level 1:colcon.colcon_core.package_discovery:discover_packages(recursive) check parameters
[0.373s] Level 1:colcon.colcon_core.package_discovery:discover_packages(ignore) check parameters
[0.373s] Level 1:colcon.colcon_core.package_discovery:discover_packages(path) check parameters
[0.373s] Level 1:colcon.colcon_core.package_discovery:discover_packages(colcon_meta) discover
[0.373s] Level 1:colcon.colcon_core.package_discovery:discover_packages(recursive) discover
[0.373s] INFO:colcon.colcon_core.package_discovery:Crawling recursively for packages in '/home/akshat/atom_projects/Hexapod'
[0.373s] Level 1:colcon.colcon_core.package_identification:_identify(.) by extensions ['ignore', 'ignore_ament_install']
[0.373s] Level 1:colcon.colcon_core.package_identification:_identify(.) by extension 'ignore'
[0.374s] Level 1:colcon.colcon_core.package_identification:_identify(.) by extension 'ignore_ament_install'
[0.374s] Level 1:colcon.colcon_core.package_identification:_identify(.) by extensions ['colcon_pkg']
[0.374s] Level 1:colcon.colcon_core.package_identification:_identify(.) by extension 'colcon_pkg'
[0.374s] Level 1:colcon.colcon_core.package_identification:_identify(.) by extensions ['colcon_meta']
[0.374s] Level 1:colcon.colcon_core.package_identification:_identify(.) by extension 'colcon_meta'
[0.374s] Level 1:colcon.colcon_core.package_identification:_identify(.) by extensions ['ros']
[0.374s] Level 1:colcon.colcon_core.package_identification:_identify(.) by extension 'ros'
[0.411s] Level 1:colcon.colcon_core.package_identification:_identify(.) by extensions ['cmake', 'python']
[0.411s] Level 1:colcon.colcon_core.package_identification:_identify(.) by extension 'cmake'
[0.411s] Level 1:colcon.colcon_core.package_identification:_identify(.) by extension 'python'
[0.411s] Level 1:colcon.colcon_core.package_identification:_identify(.) by extensions ['python_setup_py']
[0.411s] Level 1:colcon.colcon_core.package_identification:_identify(.) by extension 'python_setup_py'
[0.411s] Level 1:colcon.colcon_core.package_identification:_identify(build) by extensions ['ignore', 'ignore_ament_install']
[0.411s] Level 1:colcon.colcon_core.package_identification:_identify(build) by extension 'ignore'
[0.411s] Level 1:colcon.colcon_core.package_identification:_identify(build) ignored
[0.411s] Level 1:colcon.colcon_core.package_identification:_identify(install) by extensions ['ignore', 'ignore_ament_install']
[0.412s] Level 1:colcon.colcon_core.package_identification:_identify(install) by extension 'ignore'
[0.412s] Level 1:colcon.colcon_core.package_identification:_identify(install) ignored
[0.412s] Level 1:colcon.colcon_core.package_identification:_identify(log) by extensions ['ignore', 'ignore_ament_install']
[0.412s] Level 1:colcon.colcon_core.package_identification:_identify(log) by extension 'ignore'
[0.412s] Level 1:colcon.colcon_core.package_identification:_identify(log) ignored
[0.412s] Level 1:colcon.colcon_core.package_identification:_identify(src) by extensions ['ignore', 'ignore_ament_install']
[0.412s] Level 1:colcon.colcon_core.package_identification:_identify(src) by extension 'ignore'
[0.412s] Level 1:colcon.colcon_core.package_identification:_identify(src) by extension 'ignore_ament_install'
[0.412s] Level 1:colcon.colcon_core.package_identification:_identify(src) by extensions ['colcon_pkg']
[0.412s] Level 1:colcon.colcon_core.package_identification:_identify(src) by extension 'colcon_pkg'
[0.412s] Level 1:colcon.colcon_core.package_identification:_identify(src) by extensions ['colcon_meta']
[0.412s] Level 1:colcon.colcon_core.package_identification:_identify(src) by extension 'colcon_meta'
[0.412s] Level 1:colcon.colcon_core.package_identification:_identify(src) by extensions ['ros']
[0.412s] Level 1:colcon.colcon_core.package_identification:_identify(src) by extension 'ros'
[0.413s] Level 1:colcon.colcon_core.package_identification:_identify(src) by extensions ['cmake', 'python']
[0.413s] Level 1:colcon.colcon_core.package_identification:_identify(src) by extension 'cmake'
[0.413s] Level 1:colcon.colcon_core.package_identification:_identify(src) by extension 'python'
[0.413s] Level 1:colcon.colcon_core.package_identification:_identify(src) by extensions ['python_setup_py']
[0.413s] Level 1:colcon.colcon_core.package_identification:_identify(src) by extension 'python_setup_py'
[0.413s] Level 1:colcon.colcon_core.package_identification:_identify(src/gz_ros2_control) by extensions ['ignore', 'ignore_ament_install']
[0.413s] Level 1:colcon.colcon_core.package_identification:_identify(src/gz_ros2_control) by extension 'ignore'
[0.413s] Level 1:colcon.colcon_core.package_identification:_identify(src/gz_ros2_control) by extension 'ignore_ament_install'
[0.413s] Level 1:colcon.colcon_core.package_identification:_identify(src/gz_ros2_control) by extensions ['colcon_pkg']
[0.413s] Level 1:colcon.colcon_core.package_identification:_identify(src/gz_ros2_control) by extension 'colcon_pkg'
[0.413s] Level 1:colcon.colcon_core.package_identification:_identify(src/gz_ros2_control) by extensions ['colcon_meta']
[0.413s] Level 1:colcon.colcon_core.package_identification:_identify(src/gz_ros2_control) by extension 'colcon_meta'
[0.413s] Level 1:colcon.colcon_core.package_identification:_identify(src/gz_ros2_control) by extensions ['ros']
[0.413s] Level 1:colcon.colcon_core.package_identification:_identify(src/gz_ros2_control) by extension 'ros'
[0.413s] Level 1:colcon.colcon_core.package_identification:_identify(src/gz_ros2_control) by extensions ['cmake', 'python']
[0.413s] Level 1:colcon.colcon_core.package_identification:_identify(src/gz_ros2_control) by extension 'cmake'
[0.414s] Level 1:colcon.colcon_core.package_identification:_identify(src/gz_ros2_control) by extension 'python'
[0.414s] Level 1:colcon.colcon_core.package_identification:_identify(src/gz_ros2_control) by extensions ['python_setup_py']
[0.414s] Level 1:colcon.colcon_core.package_identification:_identify(src/gz_ros2_control) by extension 'python_setup_py'
[0.414s] Level 1:colcon.colcon_core.package_identification:_identify(src/gz_ros2_control/Dockerfile) by extensions ['ignore', 'ignore_ament_install']
[0.414s] Level 1:colcon.colcon_core.package_identification:_identify(src/gz_ros2_control/Dockerfile) by extension 'ignore'
[0.414s] Level 1:colcon.colcon_core.package_identification:_identify(src/gz_ros2_control/Dockerfile) by extension 'ignore_ament_install'
[0.414s] Level 1:colcon.colcon_core.package_identification:_identify(src/gz_ros2_control/Dockerfile) by extensions ['colcon_pkg']
[0.414s] Level 1:colcon.colcon_core.package_identification:_identify(src/gz_ros2_control/Dockerfile) by extension 'colcon_pkg'
[0.414s] Level 1:colcon.colcon_core.package_identification:_identify(src/gz_ros2_control/Dockerfile) by extensions ['colcon_meta']
[0.414s] Level 1:colcon.colcon_core.package_identification:_identify(src/gz_ros2_control/Dockerfile) by extension 'colcon_meta'
[0.414s] Level 1:colcon.colcon_core.package_identification:_identify(src/gz_ros2_control/Dockerfile) by extensions ['ros']
[0.414s] Level 1:colcon.colcon_core.package_identification:_identify(src/gz_ros2_control/Dockerfile) by extension 'ros'
[0.414s] Level 1:colcon.colcon_core.package_identification:_identify(src/gz_ros2_control/Dockerfile) by extensions ['cmake', 'python']
[0.414s] Level 1:colcon.colcon_core.package_identification:_identify(src/gz_ros2_control/Dockerfile) by extension 'cmake'
[0.414s] Level 1:colcon.colcon_core.package_identification:_identify(src/gz_ros2_control/Dockerfile) by extension 'python'
[0.414s] Level 1:colcon.colcon_core.package_identification:_identify(src/gz_ros2_control/Dockerfile) by extensions ['python_setup_py']
[0.414s] Level 1:colcon.colcon_core.package_identification:_identify(src/gz_ros2_control/Dockerfile) by extension 'python_setup_py'
[0.415s] Level 1:colcon.colcon_core.package_identification:_identify(src/gz_ros2_control/doc) by extensions ['ignore', 'ignore_ament_install']
[0.415s] Level 1:colcon.colcon_core.package_identification:_identify(src/gz_ros2_control/doc) by extension 'ignore'
[0.415s] Level 1:colcon.colcon_core.package_identification:_identify(src/gz_ros2_control/doc) by extension 'ignore_ament_install'
[0.415s] Level 1:colcon.colcon_core.package_identification:_identify(src/gz_ros2_control/doc) by extensions ['colcon_pkg']
[0.415s] Level 1:colcon.colcon_core.package_identification:_identify(src/gz_ros2_control/doc) by extension 'colcon_pkg'
[0.415s] Level 1:colcon.colcon_core.package_identification:_identify(src/gz_ros2_control/doc) by extensions ['colcon_meta']
[0.415s] Level 1:colcon.colcon_core.package_identification:_identify(src/gz_ros2_control/doc) by extension 'colcon_meta'
[0.415s] Level 1:colcon.colcon_core.package_identification:_identify(src/gz_ros2_control/doc) by extensions ['ros']
[0.415s] Level 1:colcon.colcon_core.package_identification:_identify(src/gz_ros2_control/doc) by extension 'ros'
[0.415s] Level 1:colcon.colcon_core.package_identification:_identify(src/gz_ros2_control/doc) by extensions ['cmake', 'python']
[0.415s] Level 1:colcon.colcon_core.package_identification:_identify(src/gz_ros2_control/doc) by extension 'cmake'
[0.415s] Level 1:colcon.colcon_core.package_identification:_identify(src/gz_ros2_control/doc) by extension 'python'
[0.415s] Level 1:colcon.colcon_core.package_identification:_identify(src/gz_ros2_control/doc) by extensions ['python_setup_py']
[0.415s] Level 1:colcon.colcon_core.package_identification:_identify(src/gz_ros2_control/doc) by extension 'python_setup_py'
[0.415s] Level 1:colcon.colcon_core.package_identification:_identify(src/gz_ros2_control/doc/img) by extensions ['ignore', 'ignore_ament_install']
[0.416s] Level 1:colcon.colcon_core.package_identification:_identify(src/gz_ros2_control/doc/img) by extension 'ignore'
[0.416s] Level 1:colcon.colcon_core.package_identification:_identify(src/gz_ros2_control/doc/img) by extension 'ignore_ament_install'
[0.416s] Level 1:colcon.colcon_core.package_identification:_identify(src/gz_ros2_control/doc/img) by extensions ['colcon_pkg']
[0.416s] Level 1:colcon.colcon_core.package_identification:_identify(src/gz_ros2_control/doc/img) by extension 'colcon_pkg'
[0.416s] Level 1:colcon.colcon_core.package_identification:_identify(src/gz_ros2_control/doc/img) by extensions ['colcon_meta']
[0.416s] Level 1:colcon.colcon_core.package_identification:_identify(src/gz_ros2_control/doc/img) by extension 'colcon_meta'
[0.416s] Level 1:colcon.colcon_core.package_identification:_identify(src/gz_ros2_control/doc/img) by extensions ['ros']
[0.416s] Level 1:colcon.colcon_core.package_identification:_identify(src/gz_ros2_control/doc/img) by extension 'ros'
[0.416s] Level 1:colcon.colcon_core.package_identification:_identify(src/gz_ros2_control/doc/img) by extensions ['cmake', 'python']
[0.416s] Level 1:colcon.colcon_core.package_identification:_identify(src/gz_ros2_control/doc/img) by extension 'cmake'
[0.416s] Level 1:colcon.colcon_core.package_identification:_identify(src/gz_ros2_control/doc/img) by extension 'python'
[0.416s] Level 1:colcon.colcon_core.package_identification:_identify(src/gz_ros2_control/doc/img) by extensions ['python_setup_py']
[0.416s] Level 1:colcon.colcon_core.package_identification:_identify(src/gz_ros2_control/doc/img) by extension 'python_setup_py'
[0.416s] Level 1:colcon.colcon_core.package_identification:_identify(src/gz_ros2_control/gz_ros2_control_tests) by extensions ['ignore', 'ignore_ament_install']
[0.416s] Level 1:colcon.colcon_core.package_identification:_identify(src/gz_ros2_control/gz_ros2_control_tests) by extension 'ignore'
[0.416s] Level 1:colcon.colcon_core.package_identification:_identify(src/gz_ros2_control/gz_ros2_control_tests) by extension 'ignore_ament_install'
[0.417s] Level 1:colcon.colcon_core.package_identification:_identify(src/gz_ros2_control/gz_ros2_control_tests) by extensions ['colcon_pkg']
[0.417s] Level 1:colcon.colcon_core.package_identification:_identify(src/gz_ros2_control/gz_ros2_control_tests) by extension 'colcon_pkg'
[0.417s] Level 1:colcon.colcon_core.package_identification:_identify(src/gz_ros2_control/gz_ros2_control_tests) by extensions ['colcon_meta']
[0.417s] Level 1:colcon.colcon_core.package_identification:_identify(src/gz_ros2_control/gz_ros2_control_tests) by extension 'colcon_meta'
[0.417s] Level 1:colcon.colcon_core.package_identification:_identify(src/gz_ros2_control/gz_ros2_control_tests) by extensions ['ros']
[0.417s] Level 1:colcon.colcon_core.package_identification:_identify(src/gz_ros2_control/gz_ros2_control_tests) by extension 'ros'
[0.422s] DEBUG:colcon.colcon_core.package_identification:Package 'src/gz_ros2_control/gz_ros2_control_tests' with type 'ros.ament_cmake' and name 'gz_ros2_control_tests'
[0.423s] Level 1:colcon.colcon_core.package_identification:_identify(src/gz_ros2_control/ign_ros2_control) by extensions ['ignore', 'ignore_ament_install']
[0.423s] Level 1:colcon.colcon_core.package_identification:_identify(src/gz_ros2_control/ign_ros2_control) by extension 'ignore'
[0.423s] Level 1:colcon.colcon_core.package_identification:_identify(src/gz_ros2_control/ign_ros2_control) by extension 'ignore_ament_install'
[0.423s] Level 1:colcon.colcon_core.package_identification:_identify(src/gz_ros2_control/ign_ros2_control) by extensions ['colcon_pkg']
[0.423s] Level 1:colcon.colcon_core.package_identification:_identify(src/gz_ros2_control/ign_ros2_control) by extension 'colcon_pkg'
[0.423s] Level 1:colcon.colcon_core.package_identification:_identify(src/gz_ros2_control/ign_ros2_control) by extensions ['colcon_meta']
[0.423s] Level 1:colcon.colcon_core.package_identification:_identify(src/gz_ros2_control/ign_ros2_control) by extension 'colcon_meta'
[0.423s] Level 1:colcon.colcon_core.package_identification:_identify(src/gz_ros2_control/ign_ros2_control) by extensions ['ros']
[0.423s] Level 1:colcon.colcon_core.package_identification:_identify(src/gz_ros2_control/ign_ros2_control) by extension 'ros'
[0.428s] DEBUG:colcon.colcon_core.package_identification:Package 'src/gz_ros2_control/ign_ros2_control' with type 'ros.ament_cmake' and name 'ign_ros2_control'
[0.428s] Level 1:colcon.colcon_core.package_identification:_identify(src/gz_ros2_control/ign_ros2_control_demos) by extensions ['ignore', 'ignore_ament_install']
[0.429s] Level 1:colcon.colcon_core.package_identification:_identify(src/gz_ros2_control/ign_ros2_control_demos) by extension 'ignore'
[0.429s] Level 1:colcon.colcon_core.package_identification:_identify(src/gz_ros2_control/ign_ros2_control_demos) by extension 'ignore_ament_install'
[0.429s] Level 1:colcon.colcon_core.package_identification:_identify(src/gz_ros2_control/ign_ros2_control_demos) by extensions ['colcon_pkg']
[0.429s] Level 1:colcon.colcon_core.package_identification:_identify(src/gz_ros2_control/ign_ros2_control_demos) by extension 'colcon_pkg'
[0.429s] Level 1:colcon.colcon_core.package_identification:_identify(src/gz_ros2_control/ign_ros2_control_demos) by extensions ['colcon_meta']
[0.429s] Level 1:colcon.colcon_core.package_identification:_identify(src/gz_ros2_control/ign_ros2_control_demos) by extension 'colcon_meta'
[0.429s] Level 1:colcon.colcon_core.package_identification:_identify(src/gz_ros2_control/ign_ros2_control_demos) by extensions ['ros']
[0.429s] Level 1:colcon.colcon_core.package_identification:_identify(src/gz_ros2_control/ign_ros2_control_demos) by extension 'ros'
[0.431s] DEBUG:colcon.colcon_core.package_identification:Package 'src/gz_ros2_control/ign_ros2_control_demos' with type 'ros.ament_cmake' and name 'ign_ros2_control_demos'
[0.431s] Level 1:colcon.colcon_core.package_identification:_identify(src/hexapod_description) by extensions ['ignore', 'ignore_ament_install']
[0.431s] Level 1:colcon.colcon_core.package_identification:_identify(src/hexapod_description) by extension 'ignore'
[0.431s] Level 1:colcon.colcon_core.package_identification:_identify(src/hexapod_description) by extension 'ignore_ament_install'
[0.431s] Level 1:colcon.colcon_core.package_identification:_identify(src/hexapod_description) by extensions ['colcon_pkg']
[0.431s] Level 1:colcon.colcon_core.package_identification:_identify(src/hexapod_description) by extension 'colcon_pkg'
[0.431s] Level 1:colcon.colcon_core.package_identification:_identify(src/hexapod_description) by extensions ['colcon_meta']
[0.431s] Level 1:colcon.colcon_core.package_identification:_identify(src/hexapod_description) by extension 'colcon_meta'
[0.431s] Level 1:colcon.colcon_core.package_identification:_identify(src/hexapod_description) by extensions ['ros']
[0.432s] Level 1:colcon.colcon_core.package_identification:_identify(src/hexapod_description) by extension 'ros'
[0.433s] DEBUG:colcon.colcon_core.package_identification:Package 'src/hexapod_description' with type 'ros.ament_python' and name 'hexapod_description'
[0.433s] Level 1:colcon.colcon_core.package_discovery:discover_packages(recursive) using defaults
[0.433s] Level 1:colcon.colcon_core.package_discovery:discover_packages(ignore) discover
[0.433s] Level 1:colcon.colcon_core.package_discovery:discover_packages(ignore) using defaults
[0.433s] Level 1:colcon.colcon_core.package_discovery:discover_packages(path) discover
[0.433s] Level 1:colcon.colcon_core.package_discovery:discover_packages(path) using defaults
[0.459s] Level 1:colcon.colcon_core.package_discovery:discover_packages(prefix_path) check parameters
[0.459s] Level 1:colcon.colcon_core.package_discovery:discover_packages(prefix_path) discover
[0.461s] DEBUG:colcon.colcon_installed_package_information.package_discovery:Found 1 installed packages in /home/akshat/Desktop/atom_aud/install
[0.463s] DEBUG:colcon.colcon_installed_package_information.package_discovery:Found 325 installed packages in /opt/ros/humble
[0.464s] Level 1:colcon.colcon_core.package_discovery:discover_packages(prefix_path) using defaults
[0.501s] Level 5:colcon.colcon_core.verb:set package 'hexapod_description' build argument 'cmake_args' from command line to 'None'
[0.502s] Level 5:colcon.colcon_core.verb:set package 'hexapod_description' build argument 'cmake_target' from command line to 'None'
[0.502s] Level 5:colcon.colcon_core.verb:set package 'hexapod_description' build argument 'cmake_target_skip_unavailable' from command line to 'False'
[0.502s] Level 5:colcon.colcon_core.verb:set package 'hexapod_description' build argument 'cmake_clean_cache' from command line to 'False'
[0.502s] Level 5:colcon.colcon_core.verb:set package 'hexapod_description' build argument 'cmake_clean_first' from command line to 'False'
[0.502s] Level 5:colcon.colcon_core.verb:set package 'hexapod_description' build argument 'cmake_force_configure' from command line to 'False'
[0.502s] Level 5:colcon.colcon_core.verb:set package 'hexapod_description' build argument 'ament_cmake_args' from command line to 'None'
[0.502s] Level 5:colcon.colcon_core.verb:set package 'hexapod_description' build argument 'catkin_cmake_args' from command line to 'None'
[0.502s] Level 5:colcon.colcon_core.verb:set package 'hexapod_description' build argument 'catkin_skip_building_tests' from command line to 'False'
[0.502s] DEBUG:colcon.colcon_core.verb:Building package 'hexapod_description' with the following arguments: {'ament_cmake_args': None, 'build_base': '/home/akshat/atom_projects/Hexapod/build/hexapod_description', 'catkin_cmake_args': None, 'catkin_skip_building_tests': False, 'cmake_args': None, 'cmake_clean_cache': False, 'cmake_clean_first': False, 'cmake_force_configure': False, 'cmake_target': None, 'cmake_target_skip_unavailable': False, 'install_base': '/home/akshat/atom_projects/Hexapod/install/hexapod_description', 'merge_install': False, 'path': '/home/akshat/atom_projects/Hexapod/src/hexapod_description', 'symlink_install': True, 'test_result_base': None}
[0.502s] Level 5:colcon.colcon_core.verb:set package 'ign_ros2_control' build argument 'cmake_args' from command line to 'None'
[0.502s] Level 5:colcon.colcon_core.verb:set package 'ign_ros2_control' build argument 'cmake_target' from command line to 'None'
[0.502s] Level 5:colcon.colcon_core.verb:set package 'ign_ros2_control' build argument 'cmake_target_skip_unavailable' from command line to 'False'
[0.502s] Level 5:colcon.colcon_core.verb:set package 'ign_ros2_control' build argument 'cmake_clean_cache' from command line to 'False'
[0.502s] Level 5:colcon.colcon_core.verb:set package 'ign_ros2_control' build argument 'cmake_clean_first' from command line to 'False'
[0.502s] Level 5:colcon.colcon_core.verb:set package 'ign_ros2_control' build argument 'cmake_force_configure' from command line to 'False'
[0.502s] Level 5:colcon.colcon_core.verb:set package 'ign_ros2_control' build argument 'ament_cmake_args' from command line to 'None'
[0.502s] Level 5:colcon.colcon_core.verb:set package 'ign_ros2_control' build argument 'catkin_cmake_args' from command line to 'None'
[0.502s] Level 5:colcon.colcon_core.verb:set package 'ign_ros2_control' build argument 'catkin_skip_building_tests' from command line to 'False'
[0.502s] DEBUG:colcon.colcon_core.verb:Building package 'ign_ros2_control' with the following arguments: {'ament_cmake_args': None, 'build_base': '/home/akshat/atom_projects/Hexapod/build/ign_ros2_control', 'catkin_cmake_args': None, 'catkin_skip_building_tests': False, 'cmake_args': None, 'cmake_clean_cache': False, 'cmake_clean_first': False, 'cmake_force_configure': False, 'cmake_target': None, 'cmake_target_skip_unavailable': False, 'install_base': '/home/akshat/atom_projects/Hexapod/install/ign_ros2_control', 'merge_install': False, 'path': '/home/akshat/atom_projects/Hexapod/src/gz_ros2_control/ign_ros2_control', 'symlink_install': True, 'test_result_base': None}
[0.503s] Level 5:colcon.colcon_core.verb:set package 'gz_ros2_control_tests' build argument 'cmake_args' from command line to 'None'
[0.503s] Level 5:colcon.colcon_core.verb:set package 'gz_ros2_control_tests' build argument 'cmake_target' from command line to 'None'
[0.503s] Level 5:colcon.colcon_core.verb:set package 'gz_ros2_control_tests' build argument 'cmake_target_skip_unavailable' from command line to 'False'
[0.503s] Level 5:colcon.colcon_core.verb:set package 'gz_ros2_control_tests' build argument 'cmake_clean_cache' from command line to 'False'
[0.503s] Level 5:colcon.colcon_core.verb:set package 'gz_ros2_control_tests' build argument 'cmake_clean_first' from command line to 'False'
[0.503s] Level 5:colcon.colcon_core.verb:set package 'gz_ros2_control_tests' build argument 'cmake_force_configure' from command line to 'False'
[0.503s] Level 5:colcon.colcon_core.verb:set package 'gz_ros2_control_tests' build argument 'ament_cmake_args' from command line to 'None'
[0.503s] Level 5:colcon.colcon_core.verb:set package 'gz_ros2_control_tests' build argument 'catkin_cmake_args' from command line to 'None'
[0.503s] Level 5:colcon.colcon_core.verb:set package 'gz_ros2_control_tests' build argument 'catkin_skip_building_tests' from command line to 'False'
[0.503s] DEBUG:colcon.colcon_core.verb:Building package 'gz_ros2_control_tests' with the following arguments: {'ament_cmake_args': None, 'build_base': '/home/akshat/atom_projects/Hexapod/build/gz_ros2_control_tests', 'catkin_cmake_args': None, 'catkin_skip_building_tests': False, 'cmake_args': None, 'cmake_clean_cache': False, 'cmake_clean_first': False, 'cmake_force_configure': False, 'cmake_target': None, 'cmake_target_skip_unavailable': False, 'install_base': '/home/akshat/atom_projects/Hexapod/install/gz_ros2_control_tests', 'merge_install': False, 'path': '/home/akshat/atom_projects/Hexapod/src/gz_ros2_control/gz_ros2_control_tests', 'symlink_install': True, 'test_result_base': None}
[0.503s] Level 5:colcon.colcon_core.verb:set package 'ign_ros2_control_demos' build argument 'cmake_args' from command line to 'None'
[0.503s] Level 5:colcon.colcon_core.verb:set package 'ign_ros2_control_demos' build argument 'cmake_target' from command line to 'None'
[0.503s] Level 5:colcon.colcon_core.verb:set package 'ign_ros2_control_demos' build argument 'cmake_target_skip_unavailable' from command line to 'False'
[0.503s] Level 5:colcon.colcon_core.verb:set package 'ign_ros2_control_demos' build argument 'cmake_clean_cache' from command line to 'False'
[0.503s] Level 5:colcon.colcon_core.verb:set package 'ign_ros2_control_demos' build argument 'cmake_clean_first' from command line to 'False'
[0.503s] Level 5:colcon.colcon_core.verb:set package 'ign_ros2_control_demos' build argument 'cmake_force_configure' from command line to 'False'
[0.503s] Level 5:colcon.colcon_core.verb:set package 'ign_ros2_control_demos' build argument 'ament_cmake_args' from command line to 'None'
[0.503s] Level 5:colcon.colcon_core.verb:set package 'ign_ros2_control_demos' build argument 'catkin_cmake_args' from command line to 'None'
[0.503s] Level 5:colcon.colcon_core.verb:set package 'ign_ros2_control_demos' build argument 'catkin_skip_building_tests' from command line to 'False'
[0.503s] DEBUG:colcon.colcon_core.verb:Building package 'ign_ros2_control_demos' with the following arguments: {'ament_cmake_args': None, 'build_base': '/home/akshat/atom_projects/Hexapod/build/ign_ros2_control_demos', 'catkin_cmake_args': None, 'catkin_skip_building_tests': False, 'cmake_args': None, 'cmake_clean_cache': False, 'cmake_clean_first': False, 'cmake_force_configure': False, 'cmake_target': None, 'cmake_target_skip_unavailable': False, 'install_base': '/home/akshat/atom_projects/Hexapod/install/ign_ros2_control_demos', 'merge_install': False, 'path': '/home/akshat/atom_projects/Hexapod/src/gz_ros2_control/ign_ros2_control_demos', 'symlink_install': True, 'test_result_base': None}
[0.503s] INFO:colcon.colcon_core.executor:Executing jobs using 'parallel' executor
[0.504s] DEBUG:colcon.colcon_parallel_executor.executor.parallel:run_until_complete
[0.505s] INFO:colcon.colcon_ros.task.ament_cmake.build:Building ROS package in '/home/akshat/atom_projects/Hexapod/src/gz_ros2_control/ign_ros2_control' with build type 'ament_cmake'
[0.505s] INFO:colcon.colcon_cmake.task.cmake.build:Building CMake package in '/home/akshat/atom_projects/Hexapod/src/gz_ros2_control/ign_ros2_control'
[0.509s] INFO:colcon.colcon_core.plugin_system:Skipping extension 'colcon_core.shell.bat': Not used on non-Windows systems
[0.509s] INFO:colcon.colcon_core.shell:Skip shell extension 'powershell' for command environment: Not usable outside of PowerShell
[0.509s] DEBUG:colcon.colcon_core.shell:Skip shell extension 'dsv' for command environment
[0.513s] INFO:colcon.colcon_ros.task.ament_python.build:Building ROS package in '/home/akshat/atom_projects/Hexapod/src/hexapod_description' with build type 'ament_python'
[0.513s] Level 1:colcon.colcon_core.shell:create_environment_hook('hexapod_description', 'ament_prefix_path')
[0.513s] INFO:colcon.colcon_core.shell:Creating environment hook '/home/akshat/atom_projects/Hexapod/install/hexapod_description/share/hexapod_description/hook/ament_prefix_path.ps1'
[0.514s] INFO:colcon.colcon_core.shell:Creating environment descriptor '/home/akshat/atom_projects/Hexapod/install/hexapod_description/share/hexapod_description/hook/ament_prefix_path.dsv'
[0.515s] INFO:colcon.colcon_core.shell:Creating environment hook '/home/akshat/atom_projects/Hexapod/install/hexapod_description/share/hexapod_description/hook/ament_prefix_path.sh'
[0.515s] INFO:colcon.colcon_core.shell:Skip shell extension 'powershell' for command environment: Not usable outside of PowerShell
[0.516s] DEBUG:colcon.colcon_core.shell:Skip shell extension 'dsv' for command environment
[0.525s] DEBUG:colcon.colcon_core.event_handler.log_command:Invoking command in '/home/akshat/atom_projects/Hexapod/build/ign_ros2_control': CMAKE_PREFIX_PATH=/home/akshat/Desktop/atom_aud/install/selection_task:/opt/ros/humble /usr/bin/cmake --build /home/akshat/atom_projects/Hexapod/build/ign_ros2_control -- -j12 -l12
[0.883s] INFO:colcon.colcon_core.task.python.build:Building Python package in '/home/akshat/atom_projects/Hexapod/src/hexapod_description'
[0.883s] INFO:colcon.colcon_core.shell:Skip shell extension 'powershell' for command environment: Not usable outside of PowerShell
[0.883s] DEBUG:colcon.colcon_core.shell:Skip shell extension 'dsv' for command environment
[0.889s] DEBUG:colcon.colcon_core.event_handler.log_command:Invoked command in '/home/akshat/atom_projects/Hexapod/build/ign_ros2_control' returned '0': CMAKE_PREFIX_PATH=/home/akshat/Desktop/atom_aud/install/selection_task:/opt/ros/humble /usr/bin/cmake --build /home/akshat/atom_projects/Hexapod/build/ign_ros2_control -- -j12 -l12
[0.944s] DEBUG:colcon.colcon_core.event_handler.log_command:Invoking command in '/home/akshat/atom_projects/Hexapod/build/ign_ros2_control': CMAKE_PREFIX_PATH=/home/akshat/Desktop/atom_aud/install/selection_task:/opt/ros/humble /usr/bin/cmake --install /home/akshat/atom_projects/Hexapod/build/ign_ros2_control
[0.974s] Level 1:colcon.colcon_core.environment:create_environment_scripts_only(ign_ros2_control)
[0.975s] DEBUG:colcon.colcon_core.event_handler.log_command:Invoked command in '/home/akshat/atom_projects/Hexapod/build/ign_ros2_control' returned '0': CMAKE_PREFIX_PATH=/home/akshat/Desktop/atom_aud/install/selection_task:/opt/ros/humble /usr/bin/cmake --install /home/akshat/atom_projects/Hexapod/build/ign_ros2_control
[0.979s] Level 1:colcon.colcon_core.environment:checking '/home/akshat/atom_projects/Hexapod/install/ign_ros2_control' for CMake module files
[0.979s] Level 1:colcon.colcon_core.environment:checking '/home/akshat/atom_projects/Hexapod/install/ign_ros2_control' for CMake config files
[0.979s] Level 1:colcon.colcon_core.shell:create_environment_hook('ign_ros2_control', 'cmake_prefix_path')
[0.980s] INFO:colcon.colcon_core.shell:Creating environment hook '/home/akshat/atom_projects/Hexapod/install/ign_ros2_control/share/ign_ros2_control/hook/cmake_prefix_path.ps1'
[0.980s] INFO:colcon.colcon_core.shell:Creating environment descriptor '/home/akshat/atom_projects/Hexapod/install/ign_ros2_control/share/ign_ros2_control/hook/cmake_prefix_path.dsv'
[0.980s] INFO:colcon.colcon_core.shell:Creating environment hook '/home/akshat/atom_projects/Hexapod/install/ign_ros2_control/share/ign_ros2_control/hook/cmake_prefix_path.sh'
[0.981s] Level 1:colcon.colcon_core.environment:checking '/home/akshat/atom_projects/Hexapod/install/ign_ros2_control/lib'
[0.981s] Level 1:colcon.colcon_core.shell:create_environment_hook('ign_ros2_control', 'ld_library_path_lib')
[0.981s] INFO:colcon.colcon_core.shell:Creating environment hook '/home/akshat/atom_projects/Hexapod/install/ign_ros2_control/share/ign_ros2_control/hook/ld_library_path_lib.ps1'
[0.982s] INFO:colcon.colcon_core.shell:Creating environment descriptor '/home/akshat/atom_projects/Hexapod/install/ign_ros2_control/share/ign_ros2_control/hook/ld_library_path_lib.dsv'
[0.982s] INFO:colcon.colcon_core.shell:Creating environment hook '/home/akshat/atom_projects/Hexapod/install/ign_ros2_control/share/ign_ros2_control/hook/ld_library_path_lib.sh'
[0.982s] Level 1:colcon.colcon_core.environment:checking '/home/akshat/atom_projects/Hexapod/install/ign_ros2_control/bin'
[0.982s] Level 1:colcon.colcon_core.environment:checking '/home/akshat/atom_projects/Hexapod/install/ign_ros2_control/lib/pkgconfig/ign_ros2_control.pc'
[0.982s] Level 1:colcon.colcon_core.environment:checking '/home/akshat/atom_projects/Hexapod/install/ign_ros2_control/lib/python3.10/site-packages'
[0.983s] Level 1:colcon.colcon_core.environment:checking '/home/akshat/atom_projects/Hexapod/install/ign_ros2_control/bin'
[0.983s] INFO:colcon.colcon_core.shell:Creating package script '/home/akshat/atom_projects/Hexapod/install/ign_ros2_control/share/ign_ros2_control/package.ps1'
[0.984s] INFO:colcon.colcon_core.shell:Creating package descriptor '/home/akshat/atom_projects/Hexapod/install/ign_ros2_control/share/ign_ros2_control/package.dsv'
[0.984s] INFO:colcon.colcon_core.shell:Creating package script '/home/akshat/atom_projects/Hexapod/install/ign_ros2_control/share/ign_ros2_control/package.sh'
[0.985s] INFO:colcon.colcon_core.shell:Creating package script '/home/akshat/atom_projects/Hexapod/install/ign_ros2_control/share/ign_ros2_control/package.bash'
[0.986s] INFO:colcon.colcon_core.shell:Creating package script '/home/akshat/atom_projects/Hexapod/install/ign_ros2_control/share/ign_ros2_control/package.zsh'
[0.987s] Level 1:colcon.colcon_core.environment:create_file_with_runtime_dependencies(/home/akshat/atom_projects/Hexapod/install/ign_ros2_control/share/colcon-core/packages/ign_ros2_control)
[1.023s] Level 1:colcon.colcon_core.environment:create_environment_scripts_only(ign_ros2_control)
[1.023s] Level 1:colcon.colcon_core.environment:checking '/home/akshat/atom_projects/Hexapod/install/ign_ros2_control' for CMake module files
[1.024s] Level 1:colcon.colcon_core.environment:checking '/home/akshat/atom_projects/Hexapod/install/ign_ros2_control' for CMake config files
[1.024s] Level 1:colcon.colcon_core.shell:create_environment_hook('ign_ros2_control', 'cmake_prefix_path')
[1.024s] INFO:colcon.colcon_core.shell:Creating environment hook '/home/akshat/atom_projects/Hexapod/install/ign_ros2_control/share/ign_ros2_control/hook/cmake_prefix_path.ps1'
[1.025s] INFO:colcon.colcon_core.shell:Creating environment descriptor '/home/akshat/atom_projects/Hexapod/install/ign_ros2_control/share/ign_ros2_control/hook/cmake_prefix_path.dsv'
[1.025s] INFO:colcon.colcon_core.shell:Creating environment hook '/home/akshat/atom_projects/Hexapod/install/ign_ros2_control/share/ign_ros2_control/hook/cmake_prefix_path.sh'
[1.026s] Level 1:colcon.colcon_core.environment:checking '/home/akshat/atom_projects/Hexapod/install/ign_ros2_control/lib'
[1.026s] Level 1:colcon.colcon_core.shell:create_environment_hook('ign_ros2_control', 'ld_library_path_lib')
[1.026s] INFO:colcon.colcon_core.shell:Creating environment hook '/home/akshat/atom_projects/Hexapod/install/ign_ros2_control/share/ign_ros2_control/hook/ld_library_path_lib.ps1'
[1.027s] INFO:colcon.colcon_core.shell:Creating environment descriptor '/home/akshat/atom_projects/Hexapod/install/ign_ros2_control/share/ign_ros2_control/hook/ld_library_path_lib.dsv'
[1.027s] INFO:colcon.colcon_core.shell:Creating environment hook '/home/akshat/atom_projects/Hexapod/install/ign_ros2_control/share/ign_ros2_control/hook/ld_library_path_lib.sh'
[1.027s] Level 1:colcon.colcon_core.environment:checking '/home/akshat/atom_projects/Hexapod/install/ign_ros2_control/bin'
[1.027s] Level 1:colcon.colcon_core.environment:checking '/home/akshat/atom_projects/Hexapod/install/ign_ros2_control/lib/pkgconfig/ign_ros2_control.pc'
[1.028s] Level 1:colcon.colcon_core.environment:checking '/home/akshat/atom_projects/Hexapod/install/ign_ros2_control/lib/python3.10/site-packages'
[1.028s] Level 1:colcon.colcon_core.environment:checking '/home/akshat/atom_projects/Hexapod/install/ign_ros2_control/bin'
[1.028s] INFO:colcon.colcon_core.shell:Creating package script '/home/akshat/atom_projects/Hexapod/install/ign_ros2_control/share/ign_ros2_control/package.ps1'
[1.029s] INFO:colcon.colcon_core.shell:Creating package descriptor '/home/akshat/atom_projects/Hexapod/install/ign_ros2_control/share/ign_ros2_control/package.dsv'
[1.029s] INFO:colcon.colcon_core.shell:Creating package script '/home/akshat/atom_projects/Hexapod/install/ign_ros2_control/share/ign_ros2_control/package.sh'
[1.029s] INFO:colcon.colcon_core.shell:Creating package script '/home/akshat/atom_projects/Hexapod/install/ign_ros2_control/share/ign_ros2_control/package.bash'
[1.030s] INFO:colcon.colcon_core.shell:Creating package script '/home/akshat/atom_projects/Hexapod/install/ign_ros2_control/share/ign_ros2_control/package.zsh'
[1.030s] Level 1:colcon.colcon_core.environment:create_file_with_runtime_dependencies(/home/akshat/atom_projects/Hexapod/install/ign_ros2_control/share/colcon-core/packages/ign_ros2_control)
[1.031s] INFO:colcon.colcon_ros.task.ament_cmake.build:Building ROS package in '/home/akshat/atom_projects/Hexapod/src/gz_ros2_control/gz_ros2_control_tests' with build type 'ament_cmake'
[1.031s] INFO:colcon.colcon_cmake.task.cmake.build:Building CMake package in '/home/akshat/atom_projects/Hexapod/src/gz_ros2_control/gz_ros2_control_tests'
[1.031s] INFO:colcon.colcon_core.shell:Skip shell extension 'powershell' for command environment: Not usable outside of PowerShell
[1.031s] DEBUG:colcon.colcon_core.shell:Skip shell extension 'dsv' for command environment
[1.035s] INFO:colcon.colcon_ros.task.ament_cmake.build:Building ROS package in '/home/akshat/atom_projects/Hexapod/src/gz_ros2_control/ign_ros2_control_demos' with build type 'ament_cmake'
[1.035s] INFO:colcon.colcon_cmake.task.cmake.build:Building CMake package in '/home/akshat/atom_projects/Hexapod/src/gz_ros2_control/ign_ros2_control_demos'
[1.036s] INFO:colcon.colcon_core.shell:Skip shell extension 'powershell' for command environment: Not usable outside of PowerShell
[1.036s] DEBUG:colcon.colcon_core.shell:Skip shell extension 'dsv' for command environment
[1.045s] DEBUG:colcon.colcon_core.event_handler.log_command:Invoking command in '/home/akshat/atom_projects/Hexapod/build/gz_ros2_control_tests': AMENT_PREFIX_PATH=/home/akshat/atom_projects/Hexapod/install/ign_ros2_control:${AMENT_PREFIX_PATH} CMAKE_PREFIX_PATH=/home/akshat/atom_projects/Hexapod/install/ign_ros2_control:/home/akshat/Desktop/atom_aud/install/selection_task:/opt/ros/humble LD_LIBRARY_PATH=/home/akshat/atom_projects/Hexapod/install/ign_ros2_control/lib:${LD_LIBRARY_PATH} /usr/bin/cmake --build /home/akshat/atom_projects/Hexapod/build/gz_ros2_control_tests -- -j12 -l12
[1.049s] DEBUG:colcon.colcon_core.event_handler.log_command:Invoking command in '/home/akshat/atom_projects/Hexapod/build/ign_ros2_control_demos': AMENT_PREFIX_PATH=/home/akshat/atom_projects/Hexapod/install/ign_ros2_control:${AMENT_PREFIX_PATH} CMAKE_PREFIX_PATH=/home/akshat/atom_projects/Hexapod/install/ign_ros2_control:/home/akshat/Desktop/atom_aud/install/selection_task:/opt/ros/humble LD_LIBRARY_PATH=/home/akshat/atom_projects/Hexapod/install/ign_ros2_control/lib:${LD_LIBRARY_PATH} /usr/bin/cmake --build /home/akshat/atom_projects/Hexapod/build/ign_ros2_control_demos -- -j12 -l12
[1.156s] DEBUG:colcon.colcon_core.event_handler.log_command:Invoked command in '/home/akshat/atom_projects/Hexapod/build/gz_ros2_control_tests' returned '0': AMENT_PREFIX_PATH=/home/akshat/atom_projects/Hexapod/install/ign_ros2_control:${AMENT_PREFIX_PATH} CMAKE_PREFIX_PATH=/home/akshat/atom_projects/Hexapod/install/ign_ros2_control:/home/akshat/Desktop/atom_aud/install/selection_task:/opt/ros/humble LD_LIBRARY_PATH=/home/akshat/atom_projects/Hexapod/install/ign_ros2_control/lib:${LD_LIBRARY_PATH} /usr/bin/cmake --build /home/akshat/atom_projects/Hexapod/build/gz_ros2_control_tests -- -j12 -l12
[1.161s] DEBUG:colcon.colcon_core.event_handler.log_command:Invoked command in '/home/akshat/atom_projects/Hexapod/build/ign_ros2_control_demos' returned '0': AMENT_PREFIX_PATH=/home/akshat/atom_projects/Hexapod/install/ign_ros2_control:${AMENT_PREFIX_PATH} CMAKE_PREFIX_PATH=/home/akshat/atom_projects/Hexapod/install/ign_ros2_control:/home/akshat/Desktop/atom_aud/install/selection_task:/opt/ros/humble LD_LIBRARY_PATH=/home/akshat/atom_projects/Hexapod/install/ign_ros2_control/lib:${LD_LIBRARY_PATH} /usr/bin/cmake --build /home/akshat/atom_projects/Hexapod/build/ign_ros2_control_demos -- -j12 -l12
[1.192s] DEBUG:colcon.colcon_core.event_handler.log_command:Invoking command in '/home/akshat/atom_projects/Hexapod/build/gz_ros2_control_tests': AMENT_PREFIX_PATH=/home/akshat/atom_projects/Hexapod/install/ign_ros2_control:${AMENT_PREFIX_PATH} CMAKE_PREFIX_PATH=/home/akshat/atom_projects/Hexapod/install/ign_ros2_control:/home/akshat/Desktop/atom_aud/install/selection_task:/opt/ros/humble LD_LIBRARY_PATH=/home/akshat/atom_projects/Hexapod/install/ign_ros2_control/lib:${LD_LIBRARY_PATH} /usr/bin/cmake --install /home/akshat/atom_projects/Hexapod/build/gz_ros2_control_tests
[1.212s] DEBUG:colcon.colcon_core.event_handler.log_command:Invoking command in '/home/akshat/atom_projects/Hexapod/build/ign_ros2_control_demos': AMENT_PREFIX_PATH=/home/akshat/atom_projects/Hexapod/install/ign_ros2_control:${AMENT_PREFIX_PATH} CMAKE_PREFIX_PATH=/home/akshat/atom_projects/Hexapod/install/ign_ros2_control:/home/akshat/Desktop/atom_aud/install/selection_task:/opt/ros/humble LD_LIBRARY_PATH=/home/akshat/atom_projects/Hexapod/install/ign_ros2_control/lib:${LD_LIBRARY_PATH} /usr/bin/cmake --install /home/akshat/atom_projects/Hexapod/build/ign_ros2_control_demos
[1.223s] Level 1:colcon.colcon_core.environment:create_environment_scripts_only(gz_ros2_control_tests)
[1.224s] DEBUG:colcon.colcon_core.event_handler.log_command:Invoked command in '/home/akshat/atom_projects/Hexapod/build/gz_ros2_control_tests' returned '0': AMENT_PREFIX_PATH=/home/akshat/atom_projects/Hexapod/install/ign_ros2_control:${AMENT_PREFIX_PATH} CMAKE_PREFIX_PATH=/home/akshat/atom_projects/Hexapod/install/ign_ros2_control:/home/akshat/Desktop/atom_aud/install/selection_task:/opt/ros/humble LD_LIBRARY_PATH=/home/akshat/atom_projects/Hexapod/install/ign_ros2_control/lib:${LD_LIBRARY_PATH} /usr/bin/cmake --install /home/akshat/atom_projects/Hexapod/build/gz_ros2_control_tests
[1.225s] Level 1:colcon.colcon_core.environment:checking '/home/akshat/atom_projects/Hexapod/install/gz_ros2_control_tests' for CMake module files
[1.229s] Level 1:colcon.colcon_core.environment:checking '/home/akshat/atom_projects/Hexapod/install/gz_ros2_control_tests' for CMake config files
[1.230s] Level 1:colcon.colcon_core.shell:create_environment_hook('gz_ros2_control_tests', 'cmake_prefix_path')
[1.230s] INFO:colcon.colcon_core.shell:Creating environment hook '/home/akshat/atom_projects/Hexapod/install/gz_ros2_control_tests/share/gz_ros2_control_tests/hook/cmake_prefix_path.ps1'
[1.230s] INFO:colcon.colcon_core.shell:Creating environment descriptor '/home/akshat/atom_projects/Hexapod/install/gz_ros2_control_tests/share/gz_ros2_control_tests/hook/cmake_prefix_path.dsv'
[1.231s] INFO:colcon.colcon_core.shell:Creating environment hook '/home/akshat/atom_projects/Hexapod/install/gz_ros2_control_tests/share/gz_ros2_control_tests/hook/cmake_prefix_path.sh'
[1.231s] Level 1:colcon.colcon_core.environment:checking '/home/akshat/atom_projects/Hexapod/install/gz_ros2_control_tests/lib'
[1.231s] Level 1:colcon.colcon_core.environment:checking '/home/akshat/atom_projects/Hexapod/install/gz_ros2_control_tests/bin'
[1.232s] Level 1:colcon.colcon_core.environment:checking '/home/akshat/atom_projects/Hexapod/install/gz_ros2_control_tests/lib/pkgconfig/gz_ros2_control_tests.pc'
[1.232s] Level 1:colcon.colcon_core.environment:checking '/home/akshat/atom_projects/Hexapod/install/gz_ros2_control_tests/lib/python3.10/site-packages'
[1.232s] Level 1:colcon.colcon_core.environment:checking '/home/akshat/atom_projects/Hexapod/install/gz_ros2_control_tests/bin'
[1.232s] INFO:colcon.colcon_core.shell:Creating package script '/home/akshat/atom_projects/Hexapod/install/gz_ros2_control_tests/share/gz_ros2_control_tests/package.ps1'
[1.233s] INFO:colcon.colcon_core.shell:Creating package descriptor '/home/akshat/atom_projects/Hexapod/install/gz_ros2_control_tests/share/gz_ros2_control_tests/package.dsv'
[1.234s] INFO:colcon.colcon_core.shell:Creating package script '/home/akshat/atom_projects/Hexapod/install/gz_ros2_control_tests/share/gz_ros2_control_tests/package.sh'
[1.234s] INFO:colcon.colcon_core.shell:Creating package script '/home/akshat/atom_projects/Hexapod/install/gz_ros2_control_tests/share/gz_ros2_control_tests/package.bash'
[1.235s] INFO:colcon.colcon_core.shell:Creating package script '/home/akshat/atom_projects/Hexapod/install/gz_ros2_control_tests/share/gz_ros2_control_tests/package.zsh'
[1.235s] Level 1:colcon.colcon_core.environment:create_file_with_runtime_dependencies(/home/akshat/atom_projects/Hexapod/install/gz_ros2_control_tests/share/colcon-core/packages/gz_ros2_control_tests)
[1.246s] Level 1:colcon.colcon_core.environment:create_environment_scripts_only(ign_ros2_control_demos)
[1.246s] Level 1:colcon.colcon_core.environment:checking '/home/akshat/atom_projects/Hexapod/install/ign_ros2_control_demos' for CMake module files
[1.247s] DEBUG:colcon.colcon_core.event_handler.log_command:Invoked command in '/home/akshat/atom_projects/Hexapod/build/ign_ros2_control_demos' returned '0': AMENT_PREFIX_PATH=/home/akshat/atom_projects/Hexapod/install/ign_ros2_control:${AMENT_PREFIX_PATH} CMAKE_PREFIX_PATH=/home/akshat/atom_projects/Hexapod/install/ign_ros2_control:/home/akshat/Desktop/atom_aud/install/selection_task:/opt/ros/humble LD_LIBRARY_PATH=/home/akshat/atom_projects/Hexapod/install/ign_ros2_control/lib:${LD_LIBRARY_PATH} /usr/bin/cmake --install /home/akshat/atom_projects/Hexapod/build/ign_ros2_control_demos
[1.247s] Level 1:colcon.colcon_core.environment:checking '/home/akshat/atom_projects/Hexapod/install/ign_ros2_control_demos' for CMake config files
[1.248s] Level 1:colcon.colcon_core.shell:create_environment_hook('ign_ros2_control_demos', 'cmake_prefix_path')
[1.248s] INFO:colcon.colcon_core.shell:Creating environment hook '/home/akshat/atom_projects/Hexapod/install/ign_ros2_control_demos/share/ign_ros2_control_demos/hook/cmake_prefix_path.ps1'
[1.248s] INFO:colcon.colcon_core.shell:Creating environment descriptor '/home/akshat/atom_projects/Hexapod/install/ign_ros2_control_demos/share/ign_ros2_control_demos/hook/cmake_prefix_path.dsv'
[1.249s] INFO:colcon.colcon_core.shell:Creating environment hook '/home/akshat/atom_projects/Hexapod/install/ign_ros2_control_demos/share/ign_ros2_control_demos/hook/cmake_prefix_path.sh'
[1.249s] Level 1:colcon.colcon_core.environment:checking '/home/akshat/atom_projects/Hexapod/install/ign_ros2_control_demos/lib'
[1.249s] Level 1:colcon.colcon_core.environment:checking '/home/akshat/atom_projects/Hexapod/install/ign_ros2_control_demos/bin'
[1.249s] Level 1:colcon.colcon_core.environment:checking '/home/akshat/atom_projects/Hexapod/install/ign_ros2_control_demos/lib/pkgconfig/ign_ros2_control_demos.pc'
[1.249s] Level 1:colcon.colcon_core.environment:checking '/home/akshat/atom_projects/Hexapod/install/ign_ros2_control_demos/lib/python3.10/site-packages'
[1.250s] Level 1:colcon.colcon_core.environment:checking '/home/akshat/atom_projects/Hexapod/install/ign_ros2_control_demos/bin'
[1.250s] INFO:colcon.colcon_core.shell:Creating package script '/home/akshat/atom_projects/Hexapod/install/ign_ros2_control_demos/share/ign_ros2_control_demos/package.ps1'
[1.251s] INFO:colcon.colcon_core.shell:Creating package descriptor '/home/akshat/atom_projects/Hexapod/install/ign_ros2_control_demos/share/ign_ros2_control_demos/package.dsv'
[1.251s] INFO:colcon.colcon_core.shell:Creating package script '/home/akshat/atom_projects/Hexapod/install/ign_ros2_control_demos/share/ign_ros2_control_demos/package.sh'
[1.252s] INFO:colcon.colcon_core.shell:Creating package script '/home/akshat/atom_projects/Hexapod/install/ign_ros2_control_demos/share/ign_ros2_control_demos/package.bash'
[1.252s] INFO:colcon.colcon_core.shell:Creating package script '/home/akshat/atom_projects/Hexapod/install/ign_ros2_control_demos/share/ign_ros2_control_demos/package.zsh'
[1.253s] Level 1:colcon.colcon_core.environment:create_file_with_runtime_dependencies(/home/akshat/atom_projects/Hexapod/install/ign_ros2_control_demos/share/colcon-core/packages/ign_ros2_control_demos)
[1.271s] Level 1:colcon.colcon_core.environment:create_environment_scripts_only(gz_ros2_control_tests)
[1.271s] Level 1:colcon.colcon_core.environment:checking '/home/akshat/atom_projects/Hexapod/install/gz_ros2_control_tests' for CMake module files
[1.272s] Level 1:colcon.colcon_core.environment:checking '/home/akshat/atom_projects/Hexapod/install/gz_ros2_control_tests' for CMake config files
[1.272s] Level 1:colcon.colcon_core.shell:create_environment_hook('gz_ros2_control_tests', 'cmake_prefix_path')
[1.272s] INFO:colcon.colcon_core.shell:Creating environment hook '/home/akshat/atom_projects/Hexapod/install/gz_ros2_control_tests/share/gz_ros2_control_tests/hook/cmake_prefix_path.ps1'
[1.273s] INFO:colcon.colcon_core.shell:Creating environment descriptor '/home/akshat/atom_projects/Hexapod/install/gz_ros2_control_tests/share/gz_ros2_control_tests/hook/cmake_prefix_path.dsv'
[1.273s] INFO:colcon.colcon_core.shell:Creating environment hook '/home/akshat/atom_projects/Hexapod/install/gz_ros2_control_tests/share/gz_ros2_control_tests/hook/cmake_prefix_path.sh'
[1.274s] Level 1:colcon.colcon_core.environment:checking '/home/akshat/atom_projects/Hexapod/install/gz_ros2_control_tests/lib'
[1.274s] Level 1:colcon.colcon_core.environment:checking '/home/akshat/atom_projects/Hexapod/install/gz_ros2_control_tests/bin'
[1.274s] Level 1:colcon.colcon_core.environment:checking '/home/akshat/atom_projects/Hexapod/install/gz_ros2_control_tests/lib/pkgconfig/gz_ros2_control_tests.pc'
[1.274s] Level 1:colcon.colcon_core.environment:checking '/home/akshat/atom_projects/Hexapod/install/gz_ros2_control_tests/lib/python3.10/site-packages'
[1.274s] Level 1:colcon.colcon_core.environment:checking '/home/akshat/atom_projects/Hexapod/install/gz_ros2_control_tests/bin'
[1.275s] INFO:colcon.colcon_core.shell:Creating package script '/home/akshat/atom_projects/Hexapod/install/gz_ros2_control_tests/share/gz_ros2_control_tests/package.ps1'
[1.275s] INFO:colcon.colcon_core.shell:Creating package descriptor '/home/akshat/atom_projects/Hexapod/install/gz_ros2_control_tests/share/gz_ros2_control_tests/package.dsv'
[1.275s] INFO:colcon.colcon_core.shell:Creating package script '/home/akshat/atom_projects/Hexapod/install/gz_ros2_control_tests/share/gz_ros2_control_tests/package.sh'
[1.276s] INFO:colcon.colcon_core.shell:Creating package script '/home/akshat/atom_projects/Hexapod/install/gz_ros2_control_tests/share/gz_ros2_control_tests/package.bash'
[1.276s] INFO:colcon.colcon_core.shell:Creating package script '/home/akshat/atom_projects/Hexapod/install/gz_ros2_control_tests/share/gz_ros2_control_tests/package.zsh'
[1.276s] Level 1:colcon.colcon_core.environment:create_file_with_runtime_dependencies(/home/akshat/atom_projects/Hexapod/install/gz_ros2_control_tests/share/colcon-core/packages/gz_ros2_control_tests)
[1.318s] Level 1:colcon.colcon_core.environment:create_environment_scripts_only(ign_ros2_control_demos)
[1.318s] Level 1:colcon.colcon_core.environment:checking '/home/akshat/atom_projects/Hexapod/install/ign_ros2_control_demos' for CMake module files
[1.319s] Level 1:colcon.colcon_core.environment:checking '/home/akshat/atom_projects/Hexapod/install/ign_ros2_control_demos' for CMake config files
[1.319s] Level 1:colcon.colcon_core.shell:create_environment_hook('ign_ros2_control_demos', 'cmake_prefix_path')
[1.320s] INFO:colcon.colcon_core.shell:Creating environment hook '/home/akshat/atom_projects/Hexapod/install/ign_ros2_control_demos/share/ign_ros2_control_demos/hook/cmake_prefix_path.ps1'
[1.321s] INFO:colcon.colcon_core.shell:Creating environment descriptor '/home/akshat/atom_projects/Hexapod/install/ign_ros2_control_demos/share/ign_ros2_control_demos/hook/cmake_prefix_path.dsv'
[1.321s] INFO:colcon.colcon_core.shell:Creating environment hook '/home/akshat/atom_projects/Hexapod/install/ign_ros2_control_demos/share/ign_ros2_control_demos/hook/cmake_prefix_path.sh'
[1.322s] Level 1:colcon.colcon_core.environment:checking '/home/akshat/atom_projects/Hexapod/install/ign_ros2_control_demos/lib'
[1.322s] Level 1:colcon.colcon_core.environment:checking '/home/akshat/atom_projects/Hexapod/install/ign_ros2_control_demos/bin'
[1.322s] Level 1:colcon.colcon_core.environment:checking '/home/akshat/atom_projects/Hexapod/install/ign_ros2_control_demos/lib/pkgconfig/ign_ros2_control_demos.pc'
[1.323s] Level 1:colcon.colcon_core.environment:checking '/home/akshat/atom_projects/Hexapod/install/ign_ros2_control_demos/lib/python3.10/site-packages'
[1.323s] Level 1:colcon.colcon_core.environment:checking '/home/akshat/atom_projects/Hexapod/install/ign_ros2_control_demos/bin'
[1.323s] INFO:colcon.colcon_core.shell:Creating package script '/home/akshat/atom_projects/Hexapod/install/ign_ros2_control_demos/share/ign_ros2_control_demos/package.ps1'
[1.324s] INFO:colcon.colcon_core.shell:Creating package descriptor '/home/akshat/atom_projects/Hexapod/install/ign_ros2_control_demos/share/ign_ros2_control_demos/package.dsv'
[1.325s] INFO:colcon.colcon_core.shell:Creating package script '/home/akshat/atom_projects/Hexapod/install/ign_ros2_control_demos/share/ign_ros2_control_demos/package.sh'
[1.326s] INFO:colcon.colcon_core.shell:Creating package script '/home/akshat/atom_projects/Hexapod/install/ign_ros2_control_demos/share/ign_ros2_control_demos/package.bash'
[1.326s] INFO:colcon.colcon_core.shell:Creating package script '/home/akshat/atom_projects/Hexapod/install/ign_ros2_control_demos/share/ign_ros2_control_demos/package.zsh'
[1.327s] Level 1:colcon.colcon_core.environment:create_file_with_runtime_dependencies(/home/akshat/atom_projects/Hexapod/install/ign_ros2_control_demos/share/colcon-core/packages/ign_ros2_control_demos)
[1.615s] DEBUG:colcon.colcon_core.event_handler.log_command:Invoking command in '/home/akshat/atom_projects/Hexapod/build/hexapod_description': PYTHONPATH=/home/akshat/atom_projects/Hexapod/build/hexapod_description/prefix_override:/home/akshat/atom_projects/Hexapod/install/hexapod_description/lib/python3.10/site-packages:${PYTHONPATH} /usr/bin/python3 -W ignore:setup.py install is deprecated setup.py develop --editable --build-directory /home/akshat/atom_projects/Hexapod/build/hexapod_description/build --no-deps symlink_data
[2.265s] Level 1:colcon.colcon_core.shell:create_environment_hook('hexapod_description', 'pythonpath_develop')
[2.265s] INFO:colcon.colcon_core.shell:Creating environment hook '/home/akshat/atom_projects/Hexapod/build/hexapod_description/share/hexapod_description/hook/pythonpath_develop.ps1'
[2.266s] DEBUG:colcon.colcon_core.event_handler.log_command:Invoked command in '/home/akshat/atom_projects/Hexapod/build/hexapod_description' returned '0': PYTHONPATH=/home/akshat/atom_projects/Hexapod/build/hexapod_description/prefix_override:/home/akshat/atom_projects/Hexapod/install/hexapod_description/lib/python3.10/site-packages:${PYTHONPATH} /usr/bin/python3 -W ignore:setup.py install is deprecated setup.py develop --editable --build-directory /home/akshat/atom_projects/Hexapod/build/hexapod_description/build --no-deps symlink_data
[2.266s] INFO:colcon.colcon_core.shell:Creating environment descriptor '/home/akshat/atom_projects/Hexapod/build/hexapod_description/share/hexapod_description/hook/pythonpath_develop.dsv'
[2.266s] INFO:colcon.colcon_core.shell:Creating environment hook '/home/akshat/atom_projects/Hexapod/build/hexapod_description/share/hexapod_description/hook/pythonpath_develop.sh'
[2.267s] Level 1:colcon.colcon_core.environment:checking '/home/akshat/atom_projects/Hexapod/install/hexapod_description' for CMake module files
[2.267s] Level 1:colcon.colcon_core.environment:checking '/home/akshat/atom_projects/Hexapod/install/hexapod_description' for CMake config files
[2.268s] Level 1:colcon.colcon_core.environment:checking '/home/akshat/atom_projects/Hexapod/install/hexapod_description/lib'
[2.268s] Level 1:colcon.colcon_core.environment:checking '/home/akshat/atom_projects/Hexapod/install/hexapod_description/bin'
[2.268s] Level 1:colcon.colcon_core.environment:checking '/home/akshat/atom_projects/Hexapod/install/hexapod_description/lib/pkgconfig/hexapod_description.pc'
[2.268s] Level 1:colcon.colcon_core.environment:checking '/home/akshat/atom_projects/Hexapod/install/hexapod_description/lib/python3.10/site-packages'
[2.268s] Level 1:colcon.colcon_core.shell:create_environment_hook('hexapod_description', 'pythonpath')
[2.268s] INFO:colcon.colcon_core.shell:Creating environment hook '/home/akshat/atom_projects/Hexapod/install/hexapod_description/share/hexapod_description/hook/pythonpath.ps1'
[2.269s] INFO:colcon.colcon_core.shell:Creating environment descriptor '/home/akshat/atom_projects/Hexapod/install/hexapod_description/share/hexapod_description/hook/pythonpath.dsv'
[2.269s] INFO:colcon.colcon_core.shell:Creating environment hook '/home/akshat/atom_projects/Hexapod/install/hexapod_description/share/hexapod_description/hook/pythonpath.sh'
[2.270s] Level 1:colcon.colcon_core.environment:checking '/home/akshat/atom_projects/Hexapod/install/hexapod_description/bin'
[2.270s] Level 1:colcon.colcon_core.environment:create_environment_scripts_only(hexapod_description)
[2.270s] INFO:colcon.colcon_core.shell:Creating package script '/home/akshat/atom_projects/Hexapod/install/hexapod_description/share/hexapod_description/package.ps1'
[2.271s] INFO:colcon.colcon_core.shell:Creating package descriptor '/home/akshat/atom_projects/Hexapod/install/hexapod_description/share/hexapod_description/package.dsv'
[2.271s] INFO:colcon.colcon_core.shell:Creating package script '/home/akshat/atom_projects/Hexapod/install/hexapod_description/share/hexapod_description/package.sh'
[2.271s] INFO:colcon.colcon_core.shell:Creating package script '/home/akshat/atom_projects/Hexapod/install/hexapod_description/share/hexapod_description/package.bash'
[2.272s] INFO:colcon.colcon_core.shell:Creating package script '/home/akshat/atom_projects/Hexapod/install/hexapod_description/share/hexapod_description/package.zsh'
[2.272s] Level 1:colcon.colcon_core.environment:create_file_with_runtime_dependencies(/home/akshat/atom_projects/Hexapod/install/hexapod_description/share/colcon-core/packages/hexapod_description)
[2.272s] DEBUG:colcon.colcon_parallel_executor.executor.parallel:closing loop
[2.273s] DEBUG:colcon.colcon_parallel_executor.executor.parallel:loop closed
[2.273s] DEBUG:colcon.colcon_parallel_executor.executor.parallel:run_until_complete finished with '0'
[2.273s] DEBUG:colcon.colcon_core.event_reactor:joining thread
[2.285s] INFO:colcon.colcon_core.plugin_system:Skipping extension 'colcon_notification.desktop_notification.terminal_notifier': Not used on non-Darwin systems
[2.285s] INFO:colcon.colcon_core.plugin_system:Skipping extension 'colcon_notification.desktop_notification.win32': Not used on non-Windows systems
[2.285s] INFO:colcon.colcon_notification.desktop_notification:Sending desktop notification using 'notify2'
[2.355s] DEBUG:colcon.colcon_core.event_reactor:joined thread
[2.356s] INFO:colcon.colcon_core.shell:Creating prefix script '/home/akshat/atom_projects/Hexapod/install/local_setup.ps1'
[2.357s] INFO:colcon.colcon_core.shell:Creating prefix util module '/home/akshat/atom_projects/Hexapod/install/_local_setup_util_ps1.py'
[2.359s] INFO:colcon.colcon_core.shell:Creating prefix chain script '/home/akshat/atom_projects/Hexapod/install/setup.ps1'
[2.361s] INFO:colcon.colcon_core.shell:Creating prefix script '/home/akshat/atom_projects/Hexapod/install/local_setup.sh'
[2.362s] INFO:colcon.colcon_core.shell:Creating prefix util module '/home/akshat/atom_projects/Hexapod/install/_local_setup_util_sh.py'
[2.363s] INFO:colcon.colcon_core.shell:Creating prefix chain script '/home/akshat/atom_projects/Hexapod/install/setup.sh'
[2.365s] INFO:colcon.colcon_core.shell:Creating prefix script '/home/akshat/atom_projects/Hexapod/install/local_setup.bash'
[2.366s] INFO:colcon.colcon_core.shell:Creating prefix chain script '/home/akshat/atom_projects/Hexapod/install/setup.bash'
[2.368s] INFO:colcon.colcon_core.shell:Creating prefix script '/home/akshat/atom_projects/Hexapod/install/local_setup.zsh'
[2.368s] INFO:colcon.colcon_core.shell:Creating prefix chain script '/home/akshat/atom_projects/Hexapod/install/setup.zsh'
