[0.024s] Invoking command in '/home/akshat/atom_projects/Hexapod/build/ign_ros2_control': CMAKE_PREFIX_PATH=${CMAKE_PREFIX_PATH}:/home/akshat/atom_projects/Hexapod/install/hexapod_description:/home/akshat/Desktop/atom_aud/install/selection_task:/opt/ros/humble /usr/bin/cmake --build /home/akshat/atom_projects/Hexapod/build/ign_ros2_control -- -j12 -l12
[0.116s] [100%] Built target ign_hardware_plugins
[0.116s] [100%] Built target ign_ros2_control-system
[0.393s] Invoked command in '/home/akshat/atom_projects/Hexapod/build/ign_ros2_control' returned '0': CMAKE_PREFIX_PATH=${CMAKE_PREFIX_PATH}:/home/akshat/atom_projects/Hexapod/install/hexapod_description:/home/akshat/Desktop/atom_aud/install/selection_task:/opt/ros/humble /usr/bin/cmake --build /home/akshat/atom_projects/Hexapod/build/ign_ros2_control -- -j12 -l12
[0.446s] Invoking command in '/home/akshat/atom_projects/Hexapod/build/ign_ros2_control': CMAKE_PREFIX_PATH=${CMAKE_PREFIX_PATH}:/home/akshat/atom_projects/Hexapod/install/hexapod_description:/home/akshat/Desktop/atom_aud/install/selection_task:/opt/ros/humble /usr/bin/cmake --install /home/akshat/atom_projects/Hexapod/build/ign_ros2_control
[0.457s] -- Install configuration: ""
[0.457s] -- Execute custom install script
[0.458s] -- Up-to-date symlink: /home/akshat/atom_projects/Hexapod/install/ign_ros2_control/lib/libign_hardware_plugins.so
[0.458s] -- Up-to-date symlink: /home/akshat/atom_projects/Hexapod/install/ign_ros2_control/include/ign_ros2_control/ign_ros2_control_plugin.hpp
[0.458s] -- Up-to-date symlink: /home/akshat/atom_projects/Hexapod/install/ign_ros2_control/include/ign_ros2_control/ign_system.hpp
[0.458s] -- Up-to-date symlink: /home/akshat/atom_projects/Hexapod/install/ign_ros2_control/include/ign_ros2_control/ign_system_interface.hpp
[0.458s] -- Up-to-date symlink: /home/akshat/atom_projects/Hexapod/install/ign_ros2_control/share/ign_ros2_control/environment/library_path.sh
[0.459s] -- Up-to-date symlink: /home/akshat/atom_projects/Hexapod/install/ign_ros2_control/share/ign_ros2_control/environment/library_path.dsv
[0.459s] -- Up-to-date symlink: /home/akshat/atom_projects/Hexapod/install/ign_ros2_control/lib/libign_ros2_control-system.so
[0.459s] -- Up-to-date symlink: /home/akshat/atom_projects/Hexapod/install/ign_ros2_control/share/ign_ros2_control//ign_hardware_plugins.xml
[0.459s] -- Up-to-date symlink: /home/akshat/atom_projects/Hexapod/install/ign_ros2_control/share/ament_index/resource_index/package_run_dependencies/ign_ros2_control
[0.459s] -- Up-to-date symlink: /home/akshat/atom_projects/Hexapod/install/ign_ros2_control/share/ament_index/resource_index/parent_prefix_path/ign_ros2_control
[0.459s] -- Up-to-date symlink: /home/akshat/atom_projects/Hexapod/install/ign_ros2_control/share/ign_ros2_control/environment/ament_prefix_path.sh
[0.459s] -- Up-to-date symlink: /home/akshat/atom_projects/Hexapod/install/ign_ros2_control/share/ign_ros2_control/environment/ament_prefix_path.dsv
[0.460s] -- Up-to-date symlink: /home/akshat/atom_projects/Hexapod/install/ign_ros2_control/share/ign_ros2_control/environment/path.sh
[0.460s] -- Up-to-date symlink: /home/akshat/atom_projects/Hexapod/install/ign_ros2_control/share/ign_ros2_control/environment/path.dsv
[0.460s] -- Up-to-date symlink: /home/akshat/atom_projects/Hexapod/install/ign_ros2_control/share/ign_ros2_control/local_setup.bash
[0.460s] -- Up-to-date symlink: /home/akshat/atom_projects/Hexapod/install/ign_ros2_control/share/ign_ros2_control/local_setup.sh
[0.460s] -- Up-to-date symlink: /home/akshat/atom_projects/Hexapod/install/ign_ros2_control/share/ign_ros2_control/local_setup.zsh
[0.460s] -- Up-to-date symlink: /home/akshat/atom_projects/Hexapod/install/ign_ros2_control/share/ign_ros2_control/local_setup.dsv
[0.460s] -- Symlinking: /home/akshat/atom_projects/Hexapod/install/ign_ros2_control/share/ign_ros2_control/package.dsv
[0.472s] -- Up-to-date symlink: /home/akshat/atom_projects/Hexapod/install/ign_ros2_control/share/ament_index/resource_index/packages/ign_ros2_control
[0.472s] -- Up-to-date symlink: /home/akshat/atom_projects/Hexapod/install/ign_ros2_control/share/ament_index/resource_index/ign_ros2_control__pluginlib__plugin/ign_ros2_control
[0.472s] -- Up-to-date symlink: /home/akshat/atom_projects/Hexapod/install/ign_ros2_control/share/ign_ros2_control/cmake/ament_cmake_export_include_directories-extras.cmake
[0.473s] -- Up-to-date symlink: /home/akshat/atom_projects/Hexapod/install/ign_ros2_control/share/ign_ros2_control/cmake/ament_cmake_export_libraries-extras.cmake
[0.473s] -- Up-to-date symlink: /home/akshat/atom_projects/Hexapod/install/ign_ros2_control/share/ign_ros2_control/cmake/ign_ros2_controlConfig.cmake
[0.473s] -- Up-to-date symlink: /home/akshat/atom_projects/Hexapod/install/ign_ros2_control/share/ign_ros2_control/cmake/ign_ros2_controlConfig-version.cmake
[0.473s] -- Up-to-date symlink: /home/akshat/atom_projects/Hexapod/install/ign_ros2_control/share/ign_ros2_control/package.xml
[0.478s] Invoked command in '/home/akshat/atom_projects/Hexapod/build/ign_ros2_control' returned '0': CMAKE_PREFIX_PATH=${CMAKE_PREFIX_PATH}:/home/akshat/atom_projects/Hexapod/install/hexapod_description:/home/akshat/Desktop/atom_aud/install/selection_task:/opt/ros/humble /usr/bin/cmake --install /home/akshat/atom_projects/Hexapod/build/ign_ros2_control
