[0.015s] Invoking command in '/workspaces/hexapod_ws/build/hexapod_control': CMAKE_PREFIX_PATH=/opt/ros/humble /usr/bin/cmake /workspaces/hexapod_ws/src/hexapod_control -DAMENT_CMAKE_SYMLINK_INSTALL=1 -DCMAKE_INSTALL_PREFIX=/workspaces/hexapod_ws/install/hexapod_control
[0.138s] -- The C compiler identification is GNU 11.4.0
[0.224s] -- The CXX compiler identification is GNU 11.4.0
[0.236s] -- Detecting C compiler ABI info
[0.317s] -- Detecting C compiler ABI info - done
[0.324s] -- Check for working C compiler: /usr/bin/cc - skipped
[0.324s] -- Detecting C compile features
[0.325s] -- Detecting C compile features - done
[0.328s] -- Detecting CXX compiler ABI info
[0.417s] -- Detecting CXX compiler ABI info - done
[0.424s] -- Check for working CXX compiler: /usr/bin/c++ - skipped
[0.424s] -- Detecting CXX compile features
[0.425s] -- Detecting CXX compile features - done
[0.431s] -- Found ament_cmake: 1.3.9 (/opt/ros/humble/share/ament_cmake/cmake)
[0.597s] -- Found Python3: /usr/bin/python3 (found version "3.10.12") found components: Interpreter 
[0.664s] -- Override CMake install command with custom implementation using symlinks instead of copying resources
[0.718s] -- Found rclpy: 3.3.13 (/opt/ros/humble/share/rclpy/cmake)
[0.721s] -- Found rclcpp: 16.0.9 (/opt/ros/humble/share/rclcpp/cmake)
[0.792s] -- Found rosidl_generator_c: 3.1.5 (/opt/ros/humble/share/rosidl_generator_c/cmake)
[0.800s] -- Found rosidl_adapter: 3.1.5 (/opt/ros/humble/share/rosidl_adapter/cmake)
[0.814s] -- Found rosidl_generator_cpp: 3.1.5 (/opt/ros/humble/share/rosidl_generator_cpp/cmake)
[0.837s] -- Using all available rosidl_typesupport_c: rosidl_typesupport_fastrtps_c;rosidl_typesupport_introspection_c
[0.864s] -- Using all available rosidl_typesupport_cpp: rosidl_typesupport_fastrtps_cpp;rosidl_typesupport_introspection_cpp
[0.956s] -- Found rmw_implementation_cmake: 6.1.2 (/opt/ros/humble/share/rmw_implementation_cmake/cmake)
[0.961s] -- Found rmw_fastrtps_cpp: 6.2.6 (/opt/ros/humble/share/rmw_fastrtps_cpp/cmake)
[1.115s] -- Found OpenSSL: /usr/lib/x86_64-linux-gnu/libcrypto.so (found version "3.0.2")  
[1.161s] -- Found FastRTPS: /opt/ros/humble/include  
[1.236s] -- Using RMW implementation 'rmw_fastrtps_cpp' as default
[1.250s] -- Looking for pthread.h
[1.342s] -- Looking for pthread.h - found
[1.343s] -- Performing Test CMAKE_HAVE_LIBC_PTHREAD
[1.427s] -- Performing Test CMAKE_HAVE_LIBC_PTHREAD - Success
[1.428s] -- Found Threads: TRUE  
[1.596s] -- Found ros_gz_interfaces: 0.244.12 (/opt/ros/humble/share/ros_gz_interfaces/cmake)
[1.744s] -- Found sensor_msgs: 4.2.4 (/opt/ros/humble/share/sensor_msgs/cmake)
[1.826s] -- Found nav_msgs: 4.2.4 (/opt/ros/humble/share/nav_msgs/cmake)
[1.911s] -- Found tf2: 0.25.7 (/opt/ros/humble/share/tf2/cmake)
[1.938s] -- Found tf2_ros: 0.25.7 (/opt/ros/humble/share/tf2_ros/cmake)
[2.294s] -- Found control_msgs: 4.6.0 (/opt/ros/humble/share/control_msgs/cmake)
[2.575s] -- Found ament_lint_auto: 0.12.11 (/opt/ros/humble/share/ament_lint_auto/cmake)
[2.652s] -- Added test 'flake8' to check Python code syntax and style conventions
[2.653s] -- Added test 'lint_cmake' to check CMake code style
[2.653s] -- Added test 'pep257' to check Python code against some of the docstring style conventions in PEP 257
[2.655s] -- Added test 'xmllint' to check XML markup files
[2.656s] -- Configuring done
[2.664s] -- Generating done
[2.666s] -- Build files have been written to: /workspaces/hexapod_ws/build/hexapod_control
[2.677s] Invoked command in '/workspaces/hexapod_ws/build/hexapod_control' returned '0': CMAKE_PREFIX_PATH=/opt/ros/humble /usr/bin/cmake /workspaces/hexapod_ws/src/hexapod_control -DAMENT_CMAKE_SYMLINK_INSTALL=1 -DCMAKE_INSTALL_PREFIX=/workspaces/hexapod_ws/install/hexapod_control
[2.679s] Invoking command in '/workspaces/hexapod_ws/build/hexapod_control': CMAKE_PREFIX_PATH=/opt/ros/humble /usr/bin/cmake --build /workspaces/hexapod_ws/build/hexapod_control -- -j12 -l12
[2.730s] Invoked command in '/workspaces/hexapod_ws/build/hexapod_control' returned '0': CMAKE_PREFIX_PATH=/opt/ros/humble /usr/bin/cmake --build /workspaces/hexapod_ws/build/hexapod_control -- -j12 -l12
[2.761s] Invoking command in '/workspaces/hexapod_ws/build/hexapod_control': CMAKE_PREFIX_PATH=/opt/ros/humble /usr/bin/cmake --install /workspaces/hexapod_ws/build/hexapod_control
[2.768s] -- Install configuration: ""
[2.769s] -- Execute custom install script
[2.769s] -- Symlinking: /workspaces/hexapod_ws/install/hexapod_control/share/hexapod_control//config/hexapod_controller.yaml
[2.780s] -- Symlinking: /workspaces/hexapod_ws/install/hexapod_control/share/hexapod_control//ros2_control/ros2_control.xacro
[2.790s] -- Symlinking: /workspaces/hexapod_ws/install/hexapod_control/share/hexapod_control//scripts/bot_controller.py
[2.801s] -- Symlinking: /workspaces/hexapod_ws/install/hexapod_control/share/hexapod_control//scripts/position_subcriber.py
[2.811s] -- Symlinking: /workspaces/hexapod_ws/install/hexapod_control/lib/hexapod_control/bot_controller.py
[2.821s] -- Symlinking: /workspaces/hexapod_ws/install/hexapod_control/lib/hexapod_control/position_subcriber.py
[2.832s] -- Symlinking: /workspaces/hexapod_ws/install/hexapod_control/share/ament_index/resource_index/package_run_dependencies/hexapod_control
[2.842s] -- Symlinking: /workspaces/hexapod_ws/install/hexapod_control/share/ament_index/resource_index/parent_prefix_path/hexapod_control
[2.853s] -- Symlinking: /workspaces/hexapod_ws/install/hexapod_control/share/hexapod_control/environment/ament_prefix_path.sh
[2.864s] -- Symlinking: /workspaces/hexapod_ws/install/hexapod_control/share/hexapod_control/environment/ament_prefix_path.dsv
[2.875s] -- Symlinking: /workspaces/hexapod_ws/install/hexapod_control/share/hexapod_control/environment/path.sh
[2.887s] -- Symlinking: /workspaces/hexapod_ws/install/hexapod_control/share/hexapod_control/environment/path.dsv
[2.897s] -- Symlinking: /workspaces/hexapod_ws/install/hexapod_control/share/hexapod_control/local_setup.bash
[2.907s] -- Symlinking: /workspaces/hexapod_ws/install/hexapod_control/share/hexapod_control/local_setup.sh
[2.917s] -- Symlinking: /workspaces/hexapod_ws/install/hexapod_control/share/hexapod_control/local_setup.zsh
[2.928s] -- Symlinking: /workspaces/hexapod_ws/install/hexapod_control/share/hexapod_control/local_setup.dsv
[2.939s] -- Symlinking: /workspaces/hexapod_ws/install/hexapod_control/share/hexapod_control/package.dsv
[2.949s] -- Symlinking: /workspaces/hexapod_ws/install/hexapod_control/share/ament_index/resource_index/packages/hexapod_control
[2.960s] -- Symlinking: /workspaces/hexapod_ws/install/hexapod_control/share/hexapod_control/cmake/hexapod_controlConfig.cmake
[2.972s] -- Symlinking: /workspaces/hexapod_ws/install/hexapod_control/share/hexapod_control/cmake/hexapod_controlConfig-version.cmake
[2.982s] -- Symlinking: /workspaces/hexapod_ws/install/hexapod_control/share/hexapod_control/package.xml
[2.996s] Invoked command in '/workspaces/hexapod_ws/build/hexapod_control' returned '0': CMAKE_PREFIX_PATH=/opt/ros/humble /usr/bin/cmake --install /workspaces/hexapod_ws/build/hexapod_control
