[0.112s] DEBUG:colcon:Command line arguments: ['/usr/bin/colcon', 'build', '--symlink-install']
[0.113s] DEBUG:colcon:Parsed command line arguments: Namespace(log_base=None, log_level=None, verb_name='build', build_base='build', install_base='install', merge_install=False, symlink_install=True, test_result_base=None, continue_on_error=False, executor='parallel', parallel_workers=12, event_handlers=None, ignore_user_meta=False, metas=['./colcon.meta'], base_paths=['.'], packages_ignore=None, packages_ignore_regex=None, paths=None, packages_up_to=None, packages_up_to_regex=None, packages_above=None, packages_above_and_dependencies=None, packages_above_depth=None, packages_select_by_dep=None, packages_skip_by_dep=None, packages_skip_up_to=None, packages_select_build_failed=False, packages_skip_build_finished=False, packages_select_test_failures=False, packages_skip_test_passed=False, packages_select=None, packages_skip=None, packages_select_regex=None, packages_skip_regex=None, packages_start=None, packages_end=None, allow_overriding=[], cmake_args=None, cmake_target=None, cmake_target_skip_unavailable=False, cmake_clean_cache=False, cmake_clean_first=False, cmake_force_configure=False, ament_cmake_args=None, catkin_cmake_args=None, catkin_skip_building_tests=False, verb_parser=<colcon_defaults.argument_parser.defaults.DefaultArgumentsDecorator object at 0x79877534a5f0>, verb_extension=<colcon_core.verb.build.BuildVerb object at 0x79877542f190>, main=<bound method BuildVerb.main of <colcon_core.verb.build.BuildVerb object at 0x79877542f190>>)
[0.340s] Level 1:colcon.colcon_core.package_discovery:discover_packages(colcon_meta) check parameters
[0.340s] Level 1:colcon.colcon_core.package_discovery:discover_packages(recursive) check parameters
[0.340s] Level 1:colcon.colcon_core.package_discovery:discover_packages(ignore) check parameters
[0.340s] Level 1:colcon.colcon_core.package_discovery:discover_packages(path) check parameters
[0.340s] Level 1:colcon.colcon_core.package_discovery:discover_packages(colcon_meta) discover
[0.340s] Level 1:colcon.colcon_core.package_discovery:discover_packages(recursive) discover
[0.341s] INFO:colcon.colcon_core.package_discovery:Crawling recursively for packages in '/home/akshat/atom_projects/Hexapod'
[0.341s] Level 1:colcon.colcon_core.package_identification:_identify(.) by extensions ['ignore', 'ignore_ament_install']
[0.341s] Level 1:colcon.colcon_core.package_identification:_identify(.) by extension 'ignore'
[0.341s] Level 1:colcon.colcon_core.package_identification:_identify(.) by extension 'ignore_ament_install'
[0.341s] Level 1:colcon.colcon_core.package_identification:_identify(.) by extensions ['colcon_pkg']
[0.341s] Level 1:colcon.colcon_core.package_identification:_identify(.) by extension 'colcon_pkg'
[0.341s] Level 1:colcon.colcon_core.package_identification:_identify(.) by extensions ['colcon_meta']
[0.341s] Level 1:colcon.colcon_core.package_identification:_identify(.) by extension 'colcon_meta'
[0.341s] Level 1:colcon.colcon_core.package_identification:_identify(.) by extensions ['ros']
[0.341s] Level 1:colcon.colcon_core.package_identification:_identify(.) by extension 'ros'
[0.366s] Level 1:colcon.colcon_core.package_identification:_identify(.) by extensions ['cmake', 'python']
[0.366s] Level 1:colcon.colcon_core.package_identification:_identify(.) by extension 'cmake'
[0.366s] Level 1:colcon.colcon_core.package_identification:_identify(.) by extension 'python'
[0.366s] Level 1:colcon.colcon_core.package_identification:_identify(.) by extensions ['python_setup_py']
[0.366s] Level 1:colcon.colcon_core.package_identification:_identify(.) by extension 'python_setup_py'
[0.367s] Level 1:colcon.colcon_core.package_identification:_identify(build) by extensions ['ignore', 'ignore_ament_install']
[0.367s] Level 1:colcon.colcon_core.package_identification:_identify(build) by extension 'ignore'
[0.367s] Level 1:colcon.colcon_core.package_identification:_identify(build) ignored
[0.367s] Level 1:colcon.colcon_core.package_identification:_identify(install) by extensions ['ignore', 'ignore_ament_install']
[0.367s] Level 1:colcon.colcon_core.package_identification:_identify(install) by extension 'ignore'
[0.367s] Level 1:colcon.colcon_core.package_identification:_identify(install) ignored
[0.367s] Level 1:colcon.colcon_core.package_identification:_identify(log) by extensions ['ignore', 'ignore_ament_install']
[0.367s] Level 1:colcon.colcon_core.package_identification:_identify(log) by extension 'ignore'
[0.367s] Level 1:colcon.colcon_core.package_identification:_identify(log) ignored
[0.367s] Level 1:colcon.colcon_core.package_identification:_identify(src) by extensions ['ignore', 'ignore_ament_install']
[0.367s] Level 1:colcon.colcon_core.package_identification:_identify(src) by extension 'ignore'
[0.367s] Level 1:colcon.colcon_core.package_identification:_identify(src) by extension 'ignore_ament_install'
[0.367s] Level 1:colcon.colcon_core.package_identification:_identify(src) by extensions ['colcon_pkg']
[0.367s] Level 1:colcon.colcon_core.package_identification:_identify(src) by extension 'colcon_pkg'
[0.367s] Level 1:colcon.colcon_core.package_identification:_identify(src) by extensions ['colcon_meta']
[0.367s] Level 1:colcon.colcon_core.package_identification:_identify(src) by extension 'colcon_meta'
[0.367s] Level 1:colcon.colcon_core.package_identification:_identify(src) by extensions ['ros']
[0.367s] Level 1:colcon.colcon_core.package_identification:_identify(src) by extension 'ros'
[0.368s] Level 1:colcon.colcon_core.package_identification:_identify(src) by extensions ['cmake', 'python']
[0.368s] Level 1:colcon.colcon_core.package_identification:_identify(src) by extension 'cmake'
[0.368s] Level 1:colcon.colcon_core.package_identification:_identify(src) by extension 'python'
[0.368s] Level 1:colcon.colcon_core.package_identification:_identify(src) by extensions ['python_setup_py']
[0.368s] Level 1:colcon.colcon_core.package_identification:_identify(src) by extension 'python_setup_py'
[0.368s] Level 1:colcon.colcon_core.package_identification:_identify(src/gz_ros2_control) by extensions ['ignore', 'ignore_ament_install']
[0.368s] Level 1:colcon.colcon_core.package_identification:_identify(src/gz_ros2_control) by extension 'ignore'
[0.368s] Level 1:colcon.colcon_core.package_identification:_identify(src/gz_ros2_control) by extension 'ignore_ament_install'
[0.368s] Level 1:colcon.colcon_core.package_identification:_identify(src/gz_ros2_control) by extensions ['colcon_pkg']
[0.368s] Level 1:colcon.colcon_core.package_identification:_identify(src/gz_ros2_control) by extension 'colcon_pkg'
[0.368s] Level 1:colcon.colcon_core.package_identification:_identify(src/gz_ros2_control) by extensions ['colcon_meta']
[0.368s] Level 1:colcon.colcon_core.package_identification:_identify(src/gz_ros2_control) by extension 'colcon_meta'
[0.368s] Level 1:colcon.colcon_core.package_identification:_identify(src/gz_ros2_control) by extensions ['ros']
[0.368s] Level 1:colcon.colcon_core.package_identification:_identify(src/gz_ros2_control) by extension 'ros'
[0.368s] Level 1:colcon.colcon_core.package_identification:_identify(src/gz_ros2_control) by extensions ['cmake', 'python']
[0.368s] Level 1:colcon.colcon_core.package_identification:_identify(src/gz_ros2_control) by extension 'cmake'
[0.368s] Level 1:colcon.colcon_core.package_identification:_identify(src/gz_ros2_control) by extension 'python'
[0.368s] Level 1:colcon.colcon_core.package_identification:_identify(src/gz_ros2_control) by extensions ['python_setup_py']
[0.368s] Level 1:colcon.colcon_core.package_identification:_identify(src/gz_ros2_control) by extension 'python_setup_py'
[0.368s] Level 1:colcon.colcon_core.package_identification:_identify(src/gz_ros2_control/Dockerfile) by extensions ['ignore', 'ignore_ament_install']
[0.368s] Level 1:colcon.colcon_core.package_identification:_identify(src/gz_ros2_control/Dockerfile) by extension 'ignore'
[0.368s] Level 1:colcon.colcon_core.package_identification:_identify(src/gz_ros2_control/Dockerfile) by extension 'ignore_ament_install'
[0.369s] Level 1:colcon.colcon_core.package_identification:_identify(src/gz_ros2_control/Dockerfile) by extensions ['colcon_pkg']
[0.369s] Level 1:colcon.colcon_core.package_identification:_identify(src/gz_ros2_control/Dockerfile) by extension 'colcon_pkg'
[0.369s] Level 1:colcon.colcon_core.package_identification:_identify(src/gz_ros2_control/Dockerfile) by extensions ['colcon_meta']
[0.369s] Level 1:colcon.colcon_core.package_identification:_identify(src/gz_ros2_control/Dockerfile) by extension 'colcon_meta'
[0.369s] Level 1:colcon.colcon_core.package_identification:_identify(src/gz_ros2_control/Dockerfile) by extensions ['ros']
[0.369s] Level 1:colcon.colcon_core.package_identification:_identify(src/gz_ros2_control/Dockerfile) by extension 'ros'
[0.369s] Level 1:colcon.colcon_core.package_identification:_identify(src/gz_ros2_control/Dockerfile) by extensions ['cmake', 'python']
[0.369s] Level 1:colcon.colcon_core.package_identification:_identify(src/gz_ros2_control/Dockerfile) by extension 'cmake'
[0.369s] Level 1:colcon.colcon_core.package_identification:_identify(src/gz_ros2_control/Dockerfile) by extension 'python'
[0.369s] Level 1:colcon.colcon_core.package_identification:_identify(src/gz_ros2_control/Dockerfile) by extensions ['python_setup_py']
[0.369s] Level 1:colcon.colcon_core.package_identification:_identify(src/gz_ros2_control/Dockerfile) by extension 'python_setup_py'
[0.369s] Level 1:colcon.colcon_core.package_identification:_identify(src/gz_ros2_control/doc) by extensions ['ignore', 'ignore_ament_install']
[0.369s] Level 1:colcon.colcon_core.package_identification:_identify(src/gz_ros2_control/doc) by extension 'ignore'
[0.369s] Level 1:colcon.colcon_core.package_identification:_identify(src/gz_ros2_control/doc) by extension 'ignore_ament_install'
[0.369s] Level 1:colcon.colcon_core.package_identification:_identify(src/gz_ros2_control/doc) by extensions ['colcon_pkg']
[0.369s] Level 1:colcon.colcon_core.package_identification:_identify(src/gz_ros2_control/doc) by extension 'colcon_pkg'
[0.369s] Level 1:colcon.colcon_core.package_identification:_identify(src/gz_ros2_control/doc) by extensions ['colcon_meta']
[0.369s] Level 1:colcon.colcon_core.package_identification:_identify(src/gz_ros2_control/doc) by extension 'colcon_meta'
[0.369s] Level 1:colcon.colcon_core.package_identification:_identify(src/gz_ros2_control/doc) by extensions ['ros']
[0.369s] Level 1:colcon.colcon_core.package_identification:_identify(src/gz_ros2_control/doc) by extension 'ros'
[0.369s] Level 1:colcon.colcon_core.package_identification:_identify(src/gz_ros2_control/doc) by extensions ['cmake', 'python']
[0.369s] Level 1:colcon.colcon_core.package_identification:_identify(src/gz_ros2_control/doc) by extension 'cmake'
[0.369s] Level 1:colcon.colcon_core.package_identification:_identify(src/gz_ros2_control/doc) by extension 'python'
[0.369s] Level 1:colcon.colcon_core.package_identification:_identify(src/gz_ros2_control/doc) by extensions ['python_setup_py']
[0.369s] Level 1:colcon.colcon_core.package_identification:_identify(src/gz_ros2_control/doc) by extension 'python_setup_py'
[0.370s] Level 1:colcon.colcon_core.package_identification:_identify(src/gz_ros2_control/doc/img) by extensions ['ignore', 'ignore_ament_install']
[0.370s] Level 1:colcon.colcon_core.package_identification:_identify(src/gz_ros2_control/doc/img) by extension 'ignore'
[0.370s] Level 1:colcon.colcon_core.package_identification:_identify(src/gz_ros2_control/doc/img) by extension 'ignore_ament_install'
[0.370s] Level 1:colcon.colcon_core.package_identification:_identify(src/gz_ros2_control/doc/img) by extensions ['colcon_pkg']
[0.370s] Level 1:colcon.colcon_core.package_identification:_identify(src/gz_ros2_control/doc/img) by extension 'colcon_pkg'
[0.370s] Level 1:colcon.colcon_core.package_identification:_identify(src/gz_ros2_control/doc/img) by extensions ['colcon_meta']
[0.370s] Level 1:colcon.colcon_core.package_identification:_identify(src/gz_ros2_control/doc/img) by extension 'colcon_meta'
[0.370s] Level 1:colcon.colcon_core.package_identification:_identify(src/gz_ros2_control/doc/img) by extensions ['ros']
[0.370s] Level 1:colcon.colcon_core.package_identification:_identify(src/gz_ros2_control/doc/img) by extension 'ros'
[0.370s] Level 1:colcon.colcon_core.package_identification:_identify(src/gz_ros2_control/doc/img) by extensions ['cmake', 'python']
[0.370s] Level 1:colcon.colcon_core.package_identification:_identify(src/gz_ros2_control/doc/img) by extension 'cmake'
[0.370s] Level 1:colcon.colcon_core.package_identification:_identify(src/gz_ros2_control/doc/img) by extension 'python'
[0.370s] Level 1:colcon.colcon_core.package_identification:_identify(src/gz_ros2_control/doc/img) by extensions ['python_setup_py']
[0.370s] Level 1:colcon.colcon_core.package_identification:_identify(src/gz_ros2_control/doc/img) by extension 'python_setup_py'
[0.370s] Level 1:colcon.colcon_core.package_identification:_identify(src/gz_ros2_control/gz_ros2_control_tests) by extensions ['ignore', 'ignore_ament_install']
[0.370s] Level 1:colcon.colcon_core.package_identification:_identify(src/gz_ros2_control/gz_ros2_control_tests) by extension 'ignore'
[0.370s] Level 1:colcon.colcon_core.package_identification:_identify(src/gz_ros2_control/gz_ros2_control_tests) by extension 'ignore_ament_install'
[0.370s] Level 1:colcon.colcon_core.package_identification:_identify(src/gz_ros2_control/gz_ros2_control_tests) by extensions ['colcon_pkg']
[0.370s] Level 1:colcon.colcon_core.package_identification:_identify(src/gz_ros2_control/gz_ros2_control_tests) by extension 'colcon_pkg'
[0.370s] Level 1:colcon.colcon_core.package_identification:_identify(src/gz_ros2_control/gz_ros2_control_tests) by extensions ['colcon_meta']
[0.371s] Level 1:colcon.colcon_core.package_identification:_identify(src/gz_ros2_control/gz_ros2_control_tests) by extension 'colcon_meta'
[0.371s] Level 1:colcon.colcon_core.package_identification:_identify(src/gz_ros2_control/gz_ros2_control_tests) by extensions ['ros']
[0.371s] Level 1:colcon.colcon_core.package_identification:_identify(src/gz_ros2_control/gz_ros2_control_tests) by extension 'ros'
[0.376s] DEBUG:colcon.colcon_core.package_identification:Package 'src/gz_ros2_control/gz_ros2_control_tests' with type 'ros.ament_cmake' and name 'gz_ros2_control_tests'
[0.376s] Level 1:colcon.colcon_core.package_identification:_identify(src/gz_ros2_control/ign_ros2_control) by extensions ['ignore', 'ignore_ament_install']
[0.376s] Level 1:colcon.colcon_core.package_identification:_identify(src/gz_ros2_control/ign_ros2_control) by extension 'ignore'
[0.376s] Level 1:colcon.colcon_core.package_identification:_identify(src/gz_ros2_control/ign_ros2_control) by extension 'ignore_ament_install'
[0.376s] Level 1:colcon.colcon_core.package_identification:_identify(src/gz_ros2_control/ign_ros2_control) by extensions ['colcon_pkg']
[0.376s] Level 1:colcon.colcon_core.package_identification:_identify(src/gz_ros2_control/ign_ros2_control) by extension 'colcon_pkg'
[0.376s] Level 1:colcon.colcon_core.package_identification:_identify(src/gz_ros2_control/ign_ros2_control) by extensions ['colcon_meta']
[0.376s] Level 1:colcon.colcon_core.package_identification:_identify(src/gz_ros2_control/ign_ros2_control) by extension 'colcon_meta'
[0.376s] Level 1:colcon.colcon_core.package_identification:_identify(src/gz_ros2_control/ign_ros2_control) by extensions ['ros']
[0.376s] Level 1:colcon.colcon_core.package_identification:_identify(src/gz_ros2_control/ign_ros2_control) by extension 'ros'
[0.380s] DEBUG:colcon.colcon_core.package_identification:Package 'src/gz_ros2_control/ign_ros2_control' with type 'ros.ament_cmake' and name 'ign_ros2_control'
[0.380s] Level 1:colcon.colcon_core.package_identification:_identify(src/gz_ros2_control/ign_ros2_control_demos) by extensions ['ignore', 'ignore_ament_install']
[0.380s] Level 1:colcon.colcon_core.package_identification:_identify(src/gz_ros2_control/ign_ros2_control_demos) by extension 'ignore'
[0.381s] Level 1:colcon.colcon_core.package_identification:_identify(src/gz_ros2_control/ign_ros2_control_demos) by extension 'ignore_ament_install'
[0.381s] Level 1:colcon.colcon_core.package_identification:_identify(src/gz_ros2_control/ign_ros2_control_demos) by extensions ['colcon_pkg']
[0.381s] Level 1:colcon.colcon_core.package_identification:_identify(src/gz_ros2_control/ign_ros2_control_demos) by extension 'colcon_pkg'
[0.381s] Level 1:colcon.colcon_core.package_identification:_identify(src/gz_ros2_control/ign_ros2_control_demos) by extensions ['colcon_meta']
[0.381s] Level 1:colcon.colcon_core.package_identification:_identify(src/gz_ros2_control/ign_ros2_control_demos) by extension 'colcon_meta'
[0.381s] Level 1:colcon.colcon_core.package_identification:_identify(src/gz_ros2_control/ign_ros2_control_demos) by extensions ['ros']
[0.381s] Level 1:colcon.colcon_core.package_identification:_identify(src/gz_ros2_control/ign_ros2_control_demos) by extension 'ros'
[0.382s] DEBUG:colcon.colcon_core.package_identification:Package 'src/gz_ros2_control/ign_ros2_control_demos' with type 'ros.ament_cmake' and name 'ign_ros2_control_demos'
[0.382s] Level 1:colcon.colcon_core.package_identification:_identify(src/hexapod_description) by extensions ['ignore', 'ignore_ament_install']
[0.382s] Level 1:colcon.colcon_core.package_identification:_identify(src/hexapod_description) by extension 'ignore'
[0.382s] Level 1:colcon.colcon_core.package_identification:_identify(src/hexapod_description) by extension 'ignore_ament_install'
[0.382s] Level 1:colcon.colcon_core.package_identification:_identify(src/hexapod_description) by extensions ['colcon_pkg']
[0.382s] Level 1:colcon.colcon_core.package_identification:_identify(src/hexapod_description) by extension 'colcon_pkg'
[0.382s] Level 1:colcon.colcon_core.package_identification:_identify(src/hexapod_description) by extensions ['colcon_meta']
[0.382s] Level 1:colcon.colcon_core.package_identification:_identify(src/hexapod_description) by extension 'colcon_meta'
[0.383s] Level 1:colcon.colcon_core.package_identification:_identify(src/hexapod_description) by extensions ['ros']
[0.383s] Level 1:colcon.colcon_core.package_identification:_identify(src/hexapod_description) by extension 'ros'
[0.383s] DEBUG:colcon.colcon_core.package_identification:Package 'src/hexapod_description' with type 'ros.ament_python' and name 'hexapod_description'
[0.383s] Level 1:colcon.colcon_core.package_discovery:discover_packages(recursive) using defaults
[0.384s] Level 1:colcon.colcon_core.package_discovery:discover_packages(ignore) discover
[0.384s] Level 1:colcon.colcon_core.package_discovery:discover_packages(ignore) using defaults
[0.384s] Level 1:colcon.colcon_core.package_discovery:discover_packages(path) discover
[0.384s] Level 1:colcon.colcon_core.package_discovery:discover_packages(path) using defaults
[0.405s] Level 1:colcon.colcon_core.package_discovery:discover_packages(prefix_path) check parameters
[0.405s] Level 1:colcon.colcon_core.package_discovery:discover_packages(prefix_path) discover
[0.407s] DEBUG:colcon.colcon_installed_package_information.package_discovery:Found 4 installed packages in /home/akshat/atom_projects/Hexapod/install
[0.407s] DEBUG:colcon.colcon_installed_package_information.package_discovery:Found 1 installed packages in /home/akshat/Desktop/atom_aud/install
[0.409s] DEBUG:colcon.colcon_installed_package_information.package_discovery:Found 325 installed packages in /opt/ros/humble
[0.411s] Level 1:colcon.colcon_core.package_discovery:discover_packages(prefix_path) using defaults
[0.452s] Level 5:colcon.colcon_core.verb:set package 'hexapod_description' build argument 'cmake_args' from command line to 'None'
[0.453s] Level 5:colcon.colcon_core.verb:set package 'hexapod_description' build argument 'cmake_target' from command line to 'None'
[0.453s] Level 5:colcon.colcon_core.verb:set package 'hexapod_description' build argument 'cmake_target_skip_unavailable' from command line to 'False'
[0.453s] Level 5:colcon.colcon_core.verb:set package 'hexapod_description' build argument 'cmake_clean_cache' from command line to 'False'
[0.453s] Level 5:colcon.colcon_core.verb:set package 'hexapod_description' build argument 'cmake_clean_first' from command line to 'False'
[0.453s] Level 5:colcon.colcon_core.verb:set package 'hexapod_description' build argument 'cmake_force_configure' from command line to 'False'
[0.453s] Level 5:colcon.colcon_core.verb:set package 'hexapod_description' build argument 'ament_cmake_args' from command line to 'None'
[0.453s] Level 5:colcon.colcon_core.verb:set package 'hexapod_description' build argument 'catkin_cmake_args' from command line to 'None'
[0.453s] Level 5:colcon.colcon_core.verb:set package 'hexapod_description' build argument 'catkin_skip_building_tests' from command line to 'False'
[0.453s] DEBUG:colcon.colcon_core.verb:Building package 'hexapod_description' with the following arguments: {'ament_cmake_args': None, 'build_base': '/home/akshat/atom_projects/Hexapod/build/hexapod_description', 'catkin_cmake_args': None, 'catkin_skip_building_tests': False, 'cmake_args': None, 'cmake_clean_cache': False, 'cmake_clean_first': False, 'cmake_force_configure': False, 'cmake_target': None, 'cmake_target_skip_unavailable': False, 'install_base': '/home/akshat/atom_projects/Hexapod/install/hexapod_description', 'merge_install': False, 'path': '/home/akshat/atom_projects/Hexapod/src/hexapod_description', 'symlink_install': True, 'test_result_base': None}
[0.453s] Level 5:colcon.colcon_core.verb:set package 'ign_ros2_control' build argument 'cmake_args' from command line to 'None'
[0.453s] Level 5:colcon.colcon_core.verb:set package 'ign_ros2_control' build argument 'cmake_target' from command line to 'None'
[0.453s] Level 5:colcon.colcon_core.verb:set package 'ign_ros2_control' build argument 'cmake_target_skip_unavailable' from command line to 'False'
[0.453s] Level 5:colcon.colcon_core.verb:set package 'ign_ros2_control' build argument 'cmake_clean_cache' from command line to 'False'
[0.453s] Level 5:colcon.colcon_core.verb:set package 'ign_ros2_control' build argument 'cmake_clean_first' from command line to 'False'
[0.453s] Level 5:colcon.colcon_core.verb:set package 'ign_ros2_control' build argument 'cmake_force_configure' from command line to 'False'
[0.453s] Level 5:colcon.colcon_core.verb:set package 'ign_ros2_control' build argument 'ament_cmake_args' from command line to 'None'
[0.453s] Level 5:colcon.colcon_core.verb:set package 'ign_ros2_control' build argument 'catkin_cmake_args' from command line to 'None'
[0.453s] Level 5:colcon.colcon_core.verb:set package 'ign_ros2_control' build argument 'catkin_skip_building_tests' from command line to 'False'
[0.453s] DEBUG:colcon.colcon_core.verb:Building package 'ign_ros2_control' with the following arguments: {'ament_cmake_args': None, 'build_base': '/home/akshat/atom_projects/Hexapod/build/ign_ros2_control', 'catkin_cmake_args': None, 'catkin_skip_building_tests': False, 'cmake_args': None, 'cmake_clean_cache': False, 'cmake_clean_first': False, 'cmake_force_configure': False, 'cmake_target': None, 'cmake_target_skip_unavailable': False, 'install_base': '/home/akshat/atom_projects/Hexapod/install/ign_ros2_control', 'merge_install': False, 'path': '/home/akshat/atom_projects/Hexapod/src/gz_ros2_control/ign_ros2_control', 'symlink_install': True, 'test_result_base': None}
[0.454s] Level 5:colcon.colcon_core.verb:set package 'gz_ros2_control_tests' build argument 'cmake_args' from command line to 'None'
[0.454s] Level 5:colcon.colcon_core.verb:set package 'gz_ros2_control_tests' build argument 'cmake_target' from command line to 'None'
[0.454s] Level 5:colcon.colcon_core.verb:set package 'gz_ros2_control_tests' build argument 'cmake_target_skip_unavailable' from command line to 'False'
[0.454s] Level 5:colcon.colcon_core.verb:set package 'gz_ros2_control_tests' build argument 'cmake_clean_cache' from command line to 'False'
[0.454s] Level 5:colcon.colcon_core.verb:set package 'gz_ros2_control_tests' build argument 'cmake_clean_first' from command line to 'False'
[0.454s] Level 5:colcon.colcon_core.verb:set package 'gz_ros2_control_tests' build argument 'cmake_force_configure' from command line to 'False'
[0.454s] Level 5:colcon.colcon_core.verb:set package 'gz_ros2_control_tests' build argument 'ament_cmake_args' from command line to 'None'
[0.454s] Level 5:colcon.colcon_core.verb:set package 'gz_ros2_control_tests' build argument 'catkin_cmake_args' from command line to 'None'
[0.454s] Level 5:colcon.colcon_core.verb:set package 'gz_ros2_control_tests' build argument 'catkin_skip_building_tests' from command line to 'False'
[0.454s] DEBUG:colcon.colcon_core.verb:Building package 'gz_ros2_control_tests' with the following arguments: {'ament_cmake_args': None, 'build_base': '/home/akshat/atom_projects/Hexapod/build/gz_ros2_control_tests', 'catkin_cmake_args': None, 'catkin_skip_building_tests': False, 'cmake_args': None, 'cmake_clean_cache': False, 'cmake_clean_first': False, 'cmake_force_configure': False, 'cmake_target': None, 'cmake_target_skip_unavailable': False, 'install_base': '/home/akshat/atom_projects/Hexapod/install/gz_ros2_control_tests', 'merge_install': False, 'path': '/home/akshat/atom_projects/Hexapod/src/gz_ros2_control/gz_ros2_control_tests', 'symlink_install': True, 'test_result_base': None}
[0.454s] Level 5:colcon.colcon_core.verb:set package 'ign_ros2_control_demos' build argument 'cmake_args' from command line to 'None'
[0.454s] Level 5:colcon.colcon_core.verb:set package 'ign_ros2_control_demos' build argument 'cmake_target' from command line to 'None'
[0.454s] Level 5:colcon.colcon_core.verb:set package 'ign_ros2_control_demos' build argument 'cmake_target_skip_unavailable' from command line to 'False'
[0.454s] Level 5:colcon.colcon_core.verb:set package 'ign_ros2_control_demos' build argument 'cmake_clean_cache' from command line to 'False'
[0.454s] Level 5:colcon.colcon_core.verb:set package 'ign_ros2_control_demos' build argument 'cmake_clean_first' from command line to 'False'
[0.454s] Level 5:colcon.colcon_core.verb:set package 'ign_ros2_control_demos' build argument 'cmake_force_configure' from command line to 'False'
[0.454s] Level 5:colcon.colcon_core.verb:set package 'ign_ros2_control_demos' build argument 'ament_cmake_args' from command line to 'None'
[0.454s] Level 5:colcon.colcon_core.verb:set package 'ign_ros2_control_demos' build argument 'catkin_cmake_args' from command line to 'None'
[0.454s] Level 5:colcon.colcon_core.verb:set package 'ign_ros2_control_demos' build argument 'catkin_skip_building_tests' from command line to 'False'
[0.454s] DEBUG:colcon.colcon_core.verb:Building package 'ign_ros2_control_demos' with the following arguments: {'ament_cmake_args': None, 'build_base': '/home/akshat/atom_projects/Hexapod/build/ign_ros2_control_demos', 'catkin_cmake_args': None, 'catkin_skip_building_tests': False, 'cmake_args': None, 'cmake_clean_cache': False, 'cmake_clean_first': False, 'cmake_force_configure': False, 'cmake_target': None, 'cmake_target_skip_unavailable': False, 'install_base': '/home/akshat/atom_projects/Hexapod/install/ign_ros2_control_demos', 'merge_install': False, 'path': '/home/akshat/atom_projects/Hexapod/src/gz_ros2_control/ign_ros2_control_demos', 'symlink_install': True, 'test_result_base': None}
[0.455s] INFO:colcon.colcon_core.executor:Executing jobs using 'parallel' executor
[0.456s] DEBUG:colcon.colcon_parallel_executor.executor.parallel:run_until_complete
[0.456s] INFO:colcon.colcon_ros.task.ament_cmake.build:Building ROS package in '/home/akshat/atom_projects/Hexapod/src/gz_ros2_control/ign_ros2_control' with build type 'ament_cmake'
[0.456s] INFO:colcon.colcon_cmake.task.cmake.build:Building CMake package in '/home/akshat/atom_projects/Hexapod/src/gz_ros2_control/ign_ros2_control'
[0.458s] INFO:colcon.colcon_core.plugin_system:Skipping extension 'colcon_core.shell.bat': Not used on non-Windows systems
[0.459s] INFO:colcon.colcon_core.shell:Skip shell extension 'powershell' for command environment: Not usable outside of PowerShell
[0.459s] DEBUG:colcon.colcon_core.shell:Skip shell extension 'dsv' for command environment
[0.462s] INFO:colcon.colcon_ros.task.ament_python.build:Building ROS package in '/home/akshat/atom_projects/Hexapod/src/hexapod_description' with build type 'ament_python'
[0.463s] Level 1:colcon.colcon_core.shell:create_environment_hook('hexapod_description', 'ament_prefix_path')
[0.463s] INFO:colcon.colcon_core.shell:Creating environment hook '/home/akshat/atom_projects/Hexapod/install/hexapod_description/share/hexapod_description/hook/ament_prefix_path.ps1'
[0.464s] INFO:colcon.colcon_core.shell:Creating environment descriptor '/home/akshat/atom_projects/Hexapod/install/hexapod_description/share/hexapod_description/hook/ament_prefix_path.dsv'
[0.464s] INFO:colcon.colcon_core.shell:Creating environment hook '/home/akshat/atom_projects/Hexapod/install/hexapod_description/share/hexapod_description/hook/ament_prefix_path.sh'
[0.465s] INFO:colcon.colcon_core.shell:Skip shell extension 'powershell' for command environment: Not usable outside of PowerShell
[0.465s] DEBUG:colcon.colcon_core.shell:Skip shell extension 'dsv' for command environment
[0.480s] DEBUG:colcon.colcon_core.event_handler.log_command:Invoking command in '/home/akshat/atom_projects/Hexapod/build/ign_ros2_control': CMAKE_PREFIX_PATH=${CMAKE_PREFIX_PATH}:/home/akshat/atom_projects/Hexapod/install/hexapod_description:/home/akshat/Desktop/atom_aud/install/selection_task:/opt/ros/humble /usr/bin/cmake --build /home/akshat/atom_projects/Hexapod/build/ign_ros2_control -- -j12 -l12
[0.821s] INFO:colcon.colcon_core.task.python.build:Building Python package in '/home/akshat/atom_projects/Hexapod/src/hexapod_description'
[0.822s] INFO:colcon.colcon_core.shell:Skip shell extension 'powershell' for command environment: Not usable outside of PowerShell
[0.822s] DEBUG:colcon.colcon_core.shell:Skip shell extension 'dsv' for command environment
[0.827s] DEBUG:colcon.colcon_core.event_handler.log_command:Invoked command in '/home/akshat/atom_projects/Hexapod/build/ign_ros2_control' returned '0': CMAKE_PREFIX_PATH=${CMAKE_PREFIX_PATH}:/home/akshat/atom_projects/Hexapod/install/hexapod_description:/home/akshat/Desktop/atom_aud/install/selection_task:/opt/ros/humble /usr/bin/cmake --build /home/akshat/atom_projects/Hexapod/build/ign_ros2_control -- -j12 -l12
[0.880s] DEBUG:colcon.colcon_core.event_handler.log_command:Invoking command in '/home/akshat/atom_projects/Hexapod/build/ign_ros2_control': CMAKE_PREFIX_PATH=${CMAKE_PREFIX_PATH}:/home/akshat/atom_projects/Hexapod/install/hexapod_description:/home/akshat/Desktop/atom_aud/install/selection_task:/opt/ros/humble /usr/bin/cmake --install /home/akshat/atom_projects/Hexapod/build/ign_ros2_control
[0.916s] Level 1:colcon.colcon_core.environment:create_environment_scripts_only(ign_ros2_control)
[0.917s] DEBUG:colcon.colcon_core.event_handler.log_command:Invoked command in '/home/akshat/atom_projects/Hexapod/build/ign_ros2_control' returned '0': CMAKE_PREFIX_PATH=${CMAKE_PREFIX_PATH}:/home/akshat/atom_projects/Hexapod/install/hexapod_description:/home/akshat/Desktop/atom_aud/install/selection_task:/opt/ros/humble /usr/bin/cmake --install /home/akshat/atom_projects/Hexapod/build/ign_ros2_control
[0.919s] Level 1:colcon.colcon_core.environment:checking '/home/akshat/atom_projects/Hexapod/install/ign_ros2_control' for CMake module files
[0.919s] Level 1:colcon.colcon_core.environment:checking '/home/akshat/atom_projects/Hexapod/install/ign_ros2_control' for CMake config files
[0.919s] Level 1:colcon.colcon_core.shell:create_environment_hook('ign_ros2_control', 'cmake_prefix_path')
[0.920s] INFO:colcon.colcon_core.shell:Creating environment hook '/home/akshat/atom_projects/Hexapod/install/ign_ros2_control/share/ign_ros2_control/hook/cmake_prefix_path.ps1'
[0.920s] INFO:colcon.colcon_core.shell:Creating environment descriptor '/home/akshat/atom_projects/Hexapod/install/ign_ros2_control/share/ign_ros2_control/hook/cmake_prefix_path.dsv'
[0.920s] INFO:colcon.colcon_core.shell:Creating environment hook '/home/akshat/atom_projects/Hexapod/install/ign_ros2_control/share/ign_ros2_control/hook/cmake_prefix_path.sh'
[0.922s] Level 1:colcon.colcon_core.environment:checking '/home/akshat/atom_projects/Hexapod/install/ign_ros2_control/lib'
[0.923s] Level 1:colcon.colcon_core.shell:create_environment_hook('ign_ros2_control', 'ld_library_path_lib')
[0.924s] INFO:colcon.colcon_core.shell:Creating environment hook '/home/akshat/atom_projects/Hexapod/install/ign_ros2_control/share/ign_ros2_control/hook/ld_library_path_lib.ps1'
[0.925s] INFO:colcon.colcon_core.shell:Creating environment descriptor '/home/akshat/atom_projects/Hexapod/install/ign_ros2_control/share/ign_ros2_control/hook/ld_library_path_lib.dsv'
[0.926s] INFO:colcon.colcon_core.shell:Creating environment hook '/home/akshat/atom_projects/Hexapod/install/ign_ros2_control/share/ign_ros2_control/hook/ld_library_path_lib.sh'
[0.928s] Level 1:colcon.colcon_core.environment:checking '/home/akshat/atom_projects/Hexapod/install/ign_ros2_control/bin'
[0.928s] Level 1:colcon.colcon_core.environment:checking '/home/akshat/atom_projects/Hexapod/install/ign_ros2_control/lib/pkgconfig/ign_ros2_control.pc'
[0.928s] Level 1:colcon.colcon_core.environment:checking '/home/akshat/atom_projects/Hexapod/install/ign_ros2_control/lib/python3.10/site-packages'
[0.928s] Level 1:colcon.colcon_core.environment:checking '/home/akshat/atom_projects/Hexapod/install/ign_ros2_control/bin'
[0.928s] INFO:colcon.colcon_core.shell:Creating package script '/home/akshat/atom_projects/Hexapod/install/ign_ros2_control/share/ign_ros2_control/package.ps1'
[0.929s] INFO:colcon.colcon_core.shell:Creating package descriptor '/home/akshat/atom_projects/Hexapod/install/ign_ros2_control/share/ign_ros2_control/package.dsv'
[0.930s] INFO:colcon.colcon_core.shell:Creating package script '/home/akshat/atom_projects/Hexapod/install/ign_ros2_control/share/ign_ros2_control/package.sh'
[0.931s] INFO:colcon.colcon_core.shell:Creating package script '/home/akshat/atom_projects/Hexapod/install/ign_ros2_control/share/ign_ros2_control/package.bash'
[0.931s] INFO:colcon.colcon_core.shell:Creating package script '/home/akshat/atom_projects/Hexapod/install/ign_ros2_control/share/ign_ros2_control/package.zsh'
[0.932s] Level 1:colcon.colcon_core.environment:create_file_with_runtime_dependencies(/home/akshat/atom_projects/Hexapod/install/ign_ros2_control/share/colcon-core/packages/ign_ros2_control)
[0.967s] Level 1:colcon.colcon_core.environment:create_environment_scripts_only(ign_ros2_control)
[0.967s] Level 1:colcon.colcon_core.environment:checking '/home/akshat/atom_projects/Hexapod/install/ign_ros2_control' for CMake module files
[0.968s] Level 1:colcon.colcon_core.environment:checking '/home/akshat/atom_projects/Hexapod/install/ign_ros2_control' for CMake config files
[0.968s] Level 1:colcon.colcon_core.shell:create_environment_hook('ign_ros2_control', 'cmake_prefix_path')
[0.968s] INFO:colcon.colcon_core.shell:Creating environment hook '/home/akshat/atom_projects/Hexapod/install/ign_ros2_control/share/ign_ros2_control/hook/cmake_prefix_path.ps1'
[0.969s] INFO:colcon.colcon_core.shell:Creating environment descriptor '/home/akshat/atom_projects/Hexapod/install/ign_ros2_control/share/ign_ros2_control/hook/cmake_prefix_path.dsv'
[0.969s] INFO:colcon.colcon_core.shell:Creating environment hook '/home/akshat/atom_projects/Hexapod/install/ign_ros2_control/share/ign_ros2_control/hook/cmake_prefix_path.sh'
[0.970s] Level 1:colcon.colcon_core.environment:checking '/home/akshat/atom_projects/Hexapod/install/ign_ros2_control/lib'
[0.970s] Level 1:colcon.colcon_core.shell:create_environment_hook('ign_ros2_control', 'ld_library_path_lib')
[0.970s] INFO:colcon.colcon_core.shell:Creating environment hook '/home/akshat/atom_projects/Hexapod/install/ign_ros2_control/share/ign_ros2_control/hook/ld_library_path_lib.ps1'
[0.971s] INFO:colcon.colcon_core.shell:Creating environment descriptor '/home/akshat/atom_projects/Hexapod/install/ign_ros2_control/share/ign_ros2_control/hook/ld_library_path_lib.dsv'
[0.971s] INFO:colcon.colcon_core.shell:Creating environment hook '/home/akshat/atom_projects/Hexapod/install/ign_ros2_control/share/ign_ros2_control/hook/ld_library_path_lib.sh'
[0.971s] Level 1:colcon.colcon_core.environment:checking '/home/akshat/atom_projects/Hexapod/install/ign_ros2_control/bin'
[0.971s] Level 1:colcon.colcon_core.environment:checking '/home/akshat/atom_projects/Hexapod/install/ign_ros2_control/lib/pkgconfig/ign_ros2_control.pc'
[0.972s] Level 1:colcon.colcon_core.environment:checking '/home/akshat/atom_projects/Hexapod/install/ign_ros2_control/lib/python3.10/site-packages'
[0.972s] Level 1:colcon.colcon_core.environment:checking '/home/akshat/atom_projects/Hexapod/install/ign_ros2_control/bin'
[0.972s] INFO:colcon.colcon_core.shell:Creating package script '/home/akshat/atom_projects/Hexapod/install/ign_ros2_control/share/ign_ros2_control/package.ps1'
[0.973s] INFO:colcon.colcon_core.shell:Creating package descriptor '/home/akshat/atom_projects/Hexapod/install/ign_ros2_control/share/ign_ros2_control/package.dsv'
[0.973s] INFO:colcon.colcon_core.shell:Creating package script '/home/akshat/atom_projects/Hexapod/install/ign_ros2_control/share/ign_ros2_control/package.sh'
[0.973s] INFO:colcon.colcon_core.shell:Creating package script '/home/akshat/atom_projects/Hexapod/install/ign_ros2_control/share/ign_ros2_control/package.bash'
[0.974s] INFO:colcon.colcon_core.shell:Creating package script '/home/akshat/atom_projects/Hexapod/install/ign_ros2_control/share/ign_ros2_control/package.zsh'
[0.974s] Level 1:colcon.colcon_core.environment:create_file_with_runtime_dependencies(/home/akshat/atom_projects/Hexapod/install/ign_ros2_control/share/colcon-core/packages/ign_ros2_control)
[0.975s] INFO:colcon.colcon_ros.task.ament_cmake.build:Building ROS package in '/home/akshat/atom_projects/Hexapod/src/gz_ros2_control/gz_ros2_control_tests' with build type 'ament_cmake'
[0.975s] INFO:colcon.colcon_cmake.task.cmake.build:Building CMake package in '/home/akshat/atom_projects/Hexapod/src/gz_ros2_control/gz_ros2_control_tests'
[0.975s] INFO:colcon.colcon_core.shell:Skip shell extension 'powershell' for command environment: Not usable outside of PowerShell
[0.975s] DEBUG:colcon.colcon_core.shell:Skip shell extension 'dsv' for command environment
[0.980s] INFO:colcon.colcon_ros.task.ament_cmake.build:Building ROS package in '/home/akshat/atom_projects/Hexapod/src/gz_ros2_control/ign_ros2_control_demos' with build type 'ament_cmake'
[0.980s] INFO:colcon.colcon_cmake.task.cmake.build:Building CMake package in '/home/akshat/atom_projects/Hexapod/src/gz_ros2_control/ign_ros2_control_demos'
[0.981s] INFO:colcon.colcon_core.shell:Skip shell extension 'powershell' for command environment: Not usable outside of PowerShell
[0.981s] DEBUG:colcon.colcon_core.shell:Skip shell extension 'dsv' for command environment
[0.990s] DEBUG:colcon.colcon_core.event_handler.log_command:Invoking command in '/home/akshat/atom_projects/Hexapod/build/gz_ros2_control_tests': CMAKE_PREFIX_PATH=/home/akshat/atom_projects/Hexapod/install/ign_ros2_control:/home/akshat/atom_projects/Hexapod/install/ign_ros2_control_demos:/home/akshat/atom_projects/Hexapod/install/gz_ros2_control_tests:/home/akshat/atom_projects/Hexapod/install/hexapod_description:/home/akshat/Desktop/atom_aud/install/selection_task:/opt/ros/humble /usr/bin/cmake --build /home/akshat/atom_projects/Hexapod/build/gz_ros2_control_tests -- -j12 -l12
[0.994s] DEBUG:colcon.colcon_core.event_handler.log_command:Invoking command in '/home/akshat/atom_projects/Hexapod/build/ign_ros2_control_demos': CMAKE_PREFIX_PATH=/home/akshat/atom_projects/Hexapod/install/ign_ros2_control:/home/akshat/atom_projects/Hexapod/install/ign_ros2_control_demos:/home/akshat/atom_projects/Hexapod/install/gz_ros2_control_tests:/home/akshat/atom_projects/Hexapod/install/hexapod_description:/home/akshat/Desktop/atom_aud/install/selection_task:/opt/ros/humble /usr/bin/cmake --build /home/akshat/atom_projects/Hexapod/build/ign_ros2_control_demos -- -j12 -l12
[1.096s] DEBUG:colcon.colcon_core.event_handler.log_command:Invoked command in '/home/akshat/atom_projects/Hexapod/build/gz_ros2_control_tests' returned '0': CMAKE_PREFIX_PATH=/home/akshat/atom_projects/Hexapod/install/ign_ros2_control:/home/akshat/atom_projects/Hexapod/install/ign_ros2_control_demos:/home/akshat/atom_projects/Hexapod/install/gz_ros2_control_tests:/home/akshat/atom_projects/Hexapod/install/hexapod_description:/home/akshat/Desktop/atom_aud/install/selection_task:/opt/ros/humble /usr/bin/cmake --build /home/akshat/atom_projects/Hexapod/build/gz_ros2_control_tests -- -j12 -l12
[1.108s] DEBUG:colcon.colcon_core.event_handler.log_command:Invoked command in '/home/akshat/atom_projects/Hexapod/build/ign_ros2_control_demos' returned '0': CMAKE_PREFIX_PATH=/home/akshat/atom_projects/Hexapod/install/ign_ros2_control:/home/akshat/atom_projects/Hexapod/install/ign_ros2_control_demos:/home/akshat/atom_projects/Hexapod/install/gz_ros2_control_tests:/home/akshat/atom_projects/Hexapod/install/hexapod_description:/home/akshat/Desktop/atom_aud/install/selection_task:/opt/ros/humble /usr/bin/cmake --build /home/akshat/atom_projects/Hexapod/build/ign_ros2_control_demos -- -j12 -l12
[1.133s] DEBUG:colcon.colcon_core.event_handler.log_command:Invoking command in '/home/akshat/atom_projects/Hexapod/build/gz_ros2_control_tests': CMAKE_PREFIX_PATH=/home/akshat/atom_projects/Hexapod/install/ign_ros2_control:/home/akshat/atom_projects/Hexapod/install/ign_ros2_control_demos:/home/akshat/atom_projects/Hexapod/install/gz_ros2_control_tests:/home/akshat/atom_projects/Hexapod/install/hexapod_description:/home/akshat/Desktop/atom_aud/install/selection_task:/opt/ros/humble /usr/bin/cmake --install /home/akshat/atom_projects/Hexapod/build/gz_ros2_control_tests
[1.163s] Level 1:colcon.colcon_core.environment:create_environment_scripts_only(gz_ros2_control_tests)
[1.163s] Level 1:colcon.colcon_core.environment:checking '/home/akshat/atom_projects/Hexapod/install/gz_ros2_control_tests' for CMake module files
[1.163s] DEBUG:colcon.colcon_core.event_handler.log_command:Invoked command in '/home/akshat/atom_projects/Hexapod/build/gz_ros2_control_tests' returned '0': CMAKE_PREFIX_PATH=/home/akshat/atom_projects/Hexapod/install/ign_ros2_control:/home/akshat/atom_projects/Hexapod/install/ign_ros2_control_demos:/home/akshat/atom_projects/Hexapod/install/gz_ros2_control_tests:/home/akshat/atom_projects/Hexapod/install/hexapod_description:/home/akshat/Desktop/atom_aud/install/selection_task:/opt/ros/humble /usr/bin/cmake --install /home/akshat/atom_projects/Hexapod/build/gz_ros2_control_tests
[1.164s] Level 1:colcon.colcon_core.environment:checking '/home/akshat/atom_projects/Hexapod/install/gz_ros2_control_tests' for CMake config files
[1.164s] Level 1:colcon.colcon_core.shell:create_environment_hook('gz_ros2_control_tests', 'cmake_prefix_path')
[1.164s] INFO:colcon.colcon_core.shell:Creating environment hook '/home/akshat/atom_projects/Hexapod/install/gz_ros2_control_tests/share/gz_ros2_control_tests/hook/cmake_prefix_path.ps1'
[1.165s] INFO:colcon.colcon_core.shell:Creating environment descriptor '/home/akshat/atom_projects/Hexapod/install/gz_ros2_control_tests/share/gz_ros2_control_tests/hook/cmake_prefix_path.dsv'
[1.166s] INFO:colcon.colcon_core.shell:Creating environment hook '/home/akshat/atom_projects/Hexapod/install/gz_ros2_control_tests/share/gz_ros2_control_tests/hook/cmake_prefix_path.sh'
[1.167s] Level 1:colcon.colcon_core.environment:checking '/home/akshat/atom_projects/Hexapod/install/gz_ros2_control_tests/lib'
[1.168s] Level 1:colcon.colcon_core.environment:checking '/home/akshat/atom_projects/Hexapod/install/gz_ros2_control_tests/bin'
[1.168s] Level 1:colcon.colcon_core.environment:checking '/home/akshat/atom_projects/Hexapod/install/gz_ros2_control_tests/lib/pkgconfig/gz_ros2_control_tests.pc'
[1.168s] Level 1:colcon.colcon_core.environment:checking '/home/akshat/atom_projects/Hexapod/install/gz_ros2_control_tests/lib/python3.10/site-packages'
[1.168s] Level 1:colcon.colcon_core.environment:checking '/home/akshat/atom_projects/Hexapod/install/gz_ros2_control_tests/bin'
[1.169s] INFO:colcon.colcon_core.shell:Creating package script '/home/akshat/atom_projects/Hexapod/install/gz_ros2_control_tests/share/gz_ros2_control_tests/package.ps1'
[1.170s] INFO:colcon.colcon_core.shell:Creating package descriptor '/home/akshat/atom_projects/Hexapod/install/gz_ros2_control_tests/share/gz_ros2_control_tests/package.dsv'
[1.171s] INFO:colcon.colcon_core.shell:Creating package script '/home/akshat/atom_projects/Hexapod/install/gz_ros2_control_tests/share/gz_ros2_control_tests/package.sh'
[1.172s] INFO:colcon.colcon_core.shell:Creating package script '/home/akshat/atom_projects/Hexapod/install/gz_ros2_control_tests/share/gz_ros2_control_tests/package.bash'
[1.174s] INFO:colcon.colcon_core.shell:Creating package script '/home/akshat/atom_projects/Hexapod/install/gz_ros2_control_tests/share/gz_ros2_control_tests/package.zsh'
[1.175s] Level 1:colcon.colcon_core.environment:create_file_with_runtime_dependencies(/home/akshat/atom_projects/Hexapod/install/gz_ros2_control_tests/share/colcon-core/packages/gz_ros2_control_tests)
[1.182s] DEBUG:colcon.colcon_core.event_handler.log_command:Invoking command in '/home/akshat/atom_projects/Hexapod/build/ign_ros2_control_demos': CMAKE_PREFIX_PATH=/home/akshat/atom_projects/Hexapod/install/ign_ros2_control:/home/akshat/atom_projects/Hexapod/install/ign_ros2_control_demos:/home/akshat/atom_projects/Hexapod/install/gz_ros2_control_tests:/home/akshat/atom_projects/Hexapod/install/hexapod_description:/home/akshat/Desktop/atom_aud/install/selection_task:/opt/ros/humble /usr/bin/cmake --install /home/akshat/atom_projects/Hexapod/build/ign_ros2_control_demos
[1.215s] Level 1:colcon.colcon_core.environment:create_environment_scripts_only(gz_ros2_control_tests)
[1.215s] Level 1:colcon.colcon_core.environment:checking '/home/akshat/atom_projects/Hexapod/install/gz_ros2_control_tests' for CMake module files
[1.216s] Level 1:colcon.colcon_core.environment:checking '/home/akshat/atom_projects/Hexapod/install/gz_ros2_control_tests' for CMake config files
[1.216s] Level 1:colcon.colcon_core.shell:create_environment_hook('gz_ros2_control_tests', 'cmake_prefix_path')
[1.216s] INFO:colcon.colcon_core.shell:Creating environment hook '/home/akshat/atom_projects/Hexapod/install/gz_ros2_control_tests/share/gz_ros2_control_tests/hook/cmake_prefix_path.ps1'
[1.217s] INFO:colcon.colcon_core.shell:Creating environment descriptor '/home/akshat/atom_projects/Hexapod/install/gz_ros2_control_tests/share/gz_ros2_control_tests/hook/cmake_prefix_path.dsv'
[1.217s] INFO:colcon.colcon_core.shell:Creating environment hook '/home/akshat/atom_projects/Hexapod/install/gz_ros2_control_tests/share/gz_ros2_control_tests/hook/cmake_prefix_path.sh'
[1.218s] Level 1:colcon.colcon_core.environment:checking '/home/akshat/atom_projects/Hexapod/install/gz_ros2_control_tests/lib'
[1.218s] Level 1:colcon.colcon_core.environment:checking '/home/akshat/atom_projects/Hexapod/install/gz_ros2_control_tests/bin'
[1.218s] Level 1:colcon.colcon_core.environment:checking '/home/akshat/atom_projects/Hexapod/install/gz_ros2_control_tests/lib/pkgconfig/gz_ros2_control_tests.pc'
[1.218s] Level 1:colcon.colcon_core.environment:checking '/home/akshat/atom_projects/Hexapod/install/gz_ros2_control_tests/lib/python3.10/site-packages'
[1.219s] Level 1:colcon.colcon_core.environment:checking '/home/akshat/atom_projects/Hexapod/install/gz_ros2_control_tests/bin'
[1.219s] INFO:colcon.colcon_core.shell:Creating package script '/home/akshat/atom_projects/Hexapod/install/gz_ros2_control_tests/share/gz_ros2_control_tests/package.ps1'
[1.219s] INFO:colcon.colcon_core.shell:Creating package descriptor '/home/akshat/atom_projects/Hexapod/install/gz_ros2_control_tests/share/gz_ros2_control_tests/package.dsv'
[1.220s] INFO:colcon.colcon_core.shell:Creating package script '/home/akshat/atom_projects/Hexapod/install/gz_ros2_control_tests/share/gz_ros2_control_tests/package.sh'
[1.220s] INFO:colcon.colcon_core.shell:Creating package script '/home/akshat/atom_projects/Hexapod/install/gz_ros2_control_tests/share/gz_ros2_control_tests/package.bash'
[1.220s] INFO:colcon.colcon_core.shell:Creating package script '/home/akshat/atom_projects/Hexapod/install/gz_ros2_control_tests/share/gz_ros2_control_tests/package.zsh'
[1.221s] Level 1:colcon.colcon_core.environment:create_file_with_runtime_dependencies(/home/akshat/atom_projects/Hexapod/install/gz_ros2_control_tests/share/colcon-core/packages/gz_ros2_control_tests)
[1.222s] Level 1:colcon.colcon_core.environment:create_environment_scripts_only(ign_ros2_control_demos)
[1.222s] Level 1:colcon.colcon_core.environment:checking '/home/akshat/atom_projects/Hexapod/install/ign_ros2_control_demos' for CMake module files
[1.223s] DEBUG:colcon.colcon_core.event_handler.log_command:Invoked command in '/home/akshat/atom_projects/Hexapod/build/ign_ros2_control_demos' returned '0': CMAKE_PREFIX_PATH=/home/akshat/atom_projects/Hexapod/install/ign_ros2_control:/home/akshat/atom_projects/Hexapod/install/ign_ros2_control_demos:/home/akshat/atom_projects/Hexapod/install/gz_ros2_control_tests:/home/akshat/atom_projects/Hexapod/install/hexapod_description:/home/akshat/Desktop/atom_aud/install/selection_task:/opt/ros/humble /usr/bin/cmake --install /home/akshat/atom_projects/Hexapod/build/ign_ros2_control_demos
[1.223s] Level 1:colcon.colcon_core.environment:checking '/home/akshat/atom_projects/Hexapod/install/ign_ros2_control_demos' for CMake config files
[1.224s] Level 1:colcon.colcon_core.shell:create_environment_hook('ign_ros2_control_demos', 'cmake_prefix_path')
[1.224s] INFO:colcon.colcon_core.shell:Creating environment hook '/home/akshat/atom_projects/Hexapod/install/ign_ros2_control_demos/share/ign_ros2_control_demos/hook/cmake_prefix_path.ps1'
[1.224s] INFO:colcon.colcon_core.shell:Creating environment descriptor '/home/akshat/atom_projects/Hexapod/install/ign_ros2_control_demos/share/ign_ros2_control_demos/hook/cmake_prefix_path.dsv'
[1.224s] INFO:colcon.colcon_core.shell:Creating environment hook '/home/akshat/atom_projects/Hexapod/install/ign_ros2_control_demos/share/ign_ros2_control_demos/hook/cmake_prefix_path.sh'
[1.225s] Level 1:colcon.colcon_core.environment:checking '/home/akshat/atom_projects/Hexapod/install/ign_ros2_control_demos/lib'
[1.225s] Level 1:colcon.colcon_core.environment:checking '/home/akshat/atom_projects/Hexapod/install/ign_ros2_control_demos/bin'
[1.225s] Level 1:colcon.colcon_core.environment:checking '/home/akshat/atom_projects/Hexapod/install/ign_ros2_control_demos/lib/pkgconfig/ign_ros2_control_demos.pc'
[1.225s] Level 1:colcon.colcon_core.environment:checking '/home/akshat/atom_projects/Hexapod/install/ign_ros2_control_demos/lib/python3.10/site-packages'
[1.225s] Level 1:colcon.colcon_core.environment:checking '/home/akshat/atom_projects/Hexapod/install/ign_ros2_control_demos/bin'
[1.225s] INFO:colcon.colcon_core.shell:Creating package script '/home/akshat/atom_projects/Hexapod/install/ign_ros2_control_demos/share/ign_ros2_control_demos/package.ps1'
[1.226s] INFO:colcon.colcon_core.shell:Creating package descriptor '/home/akshat/atom_projects/Hexapod/install/ign_ros2_control_demos/share/ign_ros2_control_demos/package.dsv'
[1.226s] INFO:colcon.colcon_core.shell:Creating package script '/home/akshat/atom_projects/Hexapod/install/ign_ros2_control_demos/share/ign_ros2_control_demos/package.sh'
[1.226s] INFO:colcon.colcon_core.shell:Creating package script '/home/akshat/atom_projects/Hexapod/install/ign_ros2_control_demos/share/ign_ros2_control_demos/package.bash'
[1.227s] INFO:colcon.colcon_core.shell:Creating package script '/home/akshat/atom_projects/Hexapod/install/ign_ros2_control_demos/share/ign_ros2_control_demos/package.zsh'
[1.227s] Level 1:colcon.colcon_core.environment:create_file_with_runtime_dependencies(/home/akshat/atom_projects/Hexapod/install/ign_ros2_control_demos/share/colcon-core/packages/ign_ros2_control_demos)
[1.285s] Level 1:colcon.colcon_core.environment:create_environment_scripts_only(ign_ros2_control_demos)
[1.286s] Level 1:colcon.colcon_core.environment:checking '/home/akshat/atom_projects/Hexapod/install/ign_ros2_control_demos' for CMake module files
[1.286s] Level 1:colcon.colcon_core.environment:checking '/home/akshat/atom_projects/Hexapod/install/ign_ros2_control_demos' for CMake config files
[1.287s] Level 1:colcon.colcon_core.shell:create_environment_hook('ign_ros2_control_demos', 'cmake_prefix_path')
[1.287s] INFO:colcon.colcon_core.shell:Creating environment hook '/home/akshat/atom_projects/Hexapod/install/ign_ros2_control_demos/share/ign_ros2_control_demos/hook/cmake_prefix_path.ps1'
[1.288s] INFO:colcon.colcon_core.shell:Creating environment descriptor '/home/akshat/atom_projects/Hexapod/install/ign_ros2_control_demos/share/ign_ros2_control_demos/hook/cmake_prefix_path.dsv'
[1.288s] INFO:colcon.colcon_core.shell:Creating environment hook '/home/akshat/atom_projects/Hexapod/install/ign_ros2_control_demos/share/ign_ros2_control_demos/hook/cmake_prefix_path.sh'
[1.289s] Level 1:colcon.colcon_core.environment:checking '/home/akshat/atom_projects/Hexapod/install/ign_ros2_control_demos/lib'
[1.289s] Level 1:colcon.colcon_core.environment:checking '/home/akshat/atom_projects/Hexapod/install/ign_ros2_control_demos/bin'
[1.289s] Level 1:colcon.colcon_core.environment:checking '/home/akshat/atom_projects/Hexapod/install/ign_ros2_control_demos/lib/pkgconfig/ign_ros2_control_demos.pc'
[1.289s] Level 1:colcon.colcon_core.environment:checking '/home/akshat/atom_projects/Hexapod/install/ign_ros2_control_demos/lib/python3.10/site-packages'
[1.289s] Level 1:colcon.colcon_core.environment:checking '/home/akshat/atom_projects/Hexapod/install/ign_ros2_control_demos/bin'
[1.290s] INFO:colcon.colcon_core.shell:Creating package script '/home/akshat/atom_projects/Hexapod/install/ign_ros2_control_demos/share/ign_ros2_control_demos/package.ps1'
[1.290s] INFO:colcon.colcon_core.shell:Creating package descriptor '/home/akshat/atom_projects/Hexapod/install/ign_ros2_control_demos/share/ign_ros2_control_demos/package.dsv'
[1.291s] INFO:colcon.colcon_core.shell:Creating package script '/home/akshat/atom_projects/Hexapod/install/ign_ros2_control_demos/share/ign_ros2_control_demos/package.sh'
[1.291s] INFO:colcon.colcon_core.shell:Creating package script '/home/akshat/atom_projects/Hexapod/install/ign_ros2_control_demos/share/ign_ros2_control_demos/package.bash'
[1.292s] INFO:colcon.colcon_core.shell:Creating package script '/home/akshat/atom_projects/Hexapod/install/ign_ros2_control_demos/share/ign_ros2_control_demos/package.zsh'
[1.292s] Level 1:colcon.colcon_core.environment:create_file_with_runtime_dependencies(/home/akshat/atom_projects/Hexapod/install/ign_ros2_control_demos/share/colcon-core/packages/ign_ros2_control_demos)
[1.378s] DEBUG:colcon.colcon_core.event_handler.log_command:Invoking command in '/home/akshat/atom_projects/Hexapod/build/hexapod_description': PYTHONPATH=/home/akshat/atom_projects/Hexapod/build/hexapod_description/prefix_override:/home/akshat/atom_projects/Hexapod/install/hexapod_description/lib/python3.10/site-packages:${PYTHONPATH} /usr/bin/python3 -W ignore:setup.py install is deprecated setup.py develop --editable --build-directory /home/akshat/atom_projects/Hexapod/build/hexapod_description/build --no-deps symlink_data
[1.998s] Level 1:colcon.colcon_core.shell:create_environment_hook('hexapod_description', 'pythonpath_develop')
[1.999s] INFO:colcon.colcon_core.shell:Creating environment hook '/home/akshat/atom_projects/Hexapod/build/hexapod_description/share/hexapod_description/hook/pythonpath_develop.ps1'
[2.000s] DEBUG:colcon.colcon_core.event_handler.log_command:Invoked command in '/home/akshat/atom_projects/Hexapod/build/hexapod_description' returned '0': PYTHONPATH=/home/akshat/atom_projects/Hexapod/build/hexapod_description/prefix_override:/home/akshat/atom_projects/Hexapod/install/hexapod_description/lib/python3.10/site-packages:${PYTHONPATH} /usr/bin/python3 -W ignore:setup.py install is deprecated setup.py develop --editable --build-directory /home/akshat/atom_projects/Hexapod/build/hexapod_description/build --no-deps symlink_data
[2.001s] INFO:colcon.colcon_core.shell:Creating environment descriptor '/home/akshat/atom_projects/Hexapod/build/hexapod_description/share/hexapod_description/hook/pythonpath_develop.dsv'
[2.002s] INFO:colcon.colcon_core.shell:Creating environment hook '/home/akshat/atom_projects/Hexapod/build/hexapod_description/share/hexapod_description/hook/pythonpath_develop.sh'
[2.003s] Level 1:colcon.colcon_core.environment:checking '/home/akshat/atom_projects/Hexapod/install/hexapod_description' for CMake module files
[2.004s] Level 1:colcon.colcon_core.environment:checking '/home/akshat/atom_projects/Hexapod/install/hexapod_description' for CMake config files
[2.005s] Level 1:colcon.colcon_core.environment:checking '/home/akshat/atom_projects/Hexapod/install/hexapod_description/lib'
[2.006s] Level 1:colcon.colcon_core.environment:checking '/home/akshat/atom_projects/Hexapod/install/hexapod_description/bin'
[2.006s] Level 1:colcon.colcon_core.environment:checking '/home/akshat/atom_projects/Hexapod/install/hexapod_description/lib/pkgconfig/hexapod_description.pc'
[2.007s] Level 1:colcon.colcon_core.environment:checking '/home/akshat/atom_projects/Hexapod/install/hexapod_description/lib/python3.10/site-packages'
[2.007s] Level 1:colcon.colcon_core.shell:create_environment_hook('hexapod_description', 'pythonpath')
[2.007s] INFO:colcon.colcon_core.shell:Creating environment hook '/home/akshat/atom_projects/Hexapod/install/hexapod_description/share/hexapod_description/hook/pythonpath.ps1'
[2.008s] INFO:colcon.colcon_core.shell:Creating environment descriptor '/home/akshat/atom_projects/Hexapod/install/hexapod_description/share/hexapod_description/hook/pythonpath.dsv'
[2.009s] INFO:colcon.colcon_core.shell:Creating environment hook '/home/akshat/atom_projects/Hexapod/install/hexapod_description/share/hexapod_description/hook/pythonpath.sh'
[2.010s] Level 1:colcon.colcon_core.environment:checking '/home/akshat/atom_projects/Hexapod/install/hexapod_description/bin'
[2.010s] Level 1:colcon.colcon_core.environment:create_environment_scripts_only(hexapod_description)
[2.011s] INFO:colcon.colcon_core.shell:Creating package script '/home/akshat/atom_projects/Hexapod/install/hexapod_description/share/hexapod_description/package.ps1'
[2.012s] INFO:colcon.colcon_core.shell:Creating package descriptor '/home/akshat/atom_projects/Hexapod/install/hexapod_description/share/hexapod_description/package.dsv'
[2.013s] INFO:colcon.colcon_core.shell:Creating package script '/home/akshat/atom_projects/Hexapod/install/hexapod_description/share/hexapod_description/package.sh'
[2.014s] INFO:colcon.colcon_core.shell:Creating package script '/home/akshat/atom_projects/Hexapod/install/hexapod_description/share/hexapod_description/package.bash'
[2.015s] INFO:colcon.colcon_core.shell:Creating package script '/home/akshat/atom_projects/Hexapod/install/hexapod_description/share/hexapod_description/package.zsh'
[2.016s] Level 1:colcon.colcon_core.environment:create_file_with_runtime_dependencies(/home/akshat/atom_projects/Hexapod/install/hexapod_description/share/colcon-core/packages/hexapod_description)
[2.017s] DEBUG:colcon.colcon_parallel_executor.executor.parallel:closing loop
[2.018s] DEBUG:colcon.colcon_parallel_executor.executor.parallel:loop closed
[2.019s] DEBUG:colcon.colcon_parallel_executor.executor.parallel:run_until_complete finished with '0'
[2.019s] DEBUG:colcon.colcon_core.event_reactor:joining thread
[2.029s] INFO:colcon.colcon_core.plugin_system:Skipping extension 'colcon_notification.desktop_notification.terminal_notifier': Not used on non-Darwin systems
[2.029s] INFO:colcon.colcon_core.plugin_system:Skipping extension 'colcon_notification.desktop_notification.win32': Not used on non-Windows systems
[2.030s] INFO:colcon.colcon_notification.desktop_notification:Sending desktop notification using 'notify2'
[2.056s] DEBUG:colcon.colcon_core.event_reactor:joined thread
[2.057s] INFO:colcon.colcon_core.shell:Creating prefix script '/home/akshat/atom_projects/Hexapod/install/local_setup.ps1'
[2.058s] INFO:colcon.colcon_core.shell:Creating prefix util module '/home/akshat/atom_projects/Hexapod/install/_local_setup_util_ps1.py'
[2.060s] INFO:colcon.colcon_core.shell:Creating prefix chain script '/home/akshat/atom_projects/Hexapod/install/setup.ps1'
[2.062s] INFO:colcon.colcon_core.shell:Creating prefix script '/home/akshat/atom_projects/Hexapod/install/local_setup.sh'
[2.063s] INFO:colcon.colcon_core.shell:Creating prefix util module '/home/akshat/atom_projects/Hexapod/install/_local_setup_util_sh.py'
[2.063s] INFO:colcon.colcon_core.shell:Creating prefix chain script '/home/akshat/atom_projects/Hexapod/install/setup.sh'
[2.065s] INFO:colcon.colcon_core.shell:Creating prefix script '/home/akshat/atom_projects/Hexapod/install/local_setup.bash'
[2.065s] INFO:colcon.colcon_core.shell:Creating prefix chain script '/home/akshat/atom_projects/Hexapod/install/setup.bash'
[2.067s] INFO:colcon.colcon_core.shell:Creating prefix script '/home/akshat/atom_projects/Hexapod/install/local_setup.zsh'
[2.069s] INFO:colcon.colcon_core.shell:Creating prefix chain script '/home/akshat/atom_projects/Hexapod/install/setup.zsh'
