[0.120s] DEBUG:colcon:Command line arguments: ['/usr/bin/colcon', 'build', '--symlink-install']
[0.120s] DEBUG:colcon:Parsed command line arguments: Namespace(log_base=None, log_level=None, verb_name='build', build_base='build', install_base='install', merge_install=False, symlink_install=True, test_result_base=None, continue_on_error=False, executor='parallel', parallel_workers=12, event_handlers=None, ignore_user_meta=False, metas=['./colcon.meta'], base_paths=['.'], packages_ignore=None, packages_ignore_regex=None, paths=None, packages_up_to=None, packages_up_to_regex=None, packages_above=None, packages_above_and_dependencies=None, packages_above_depth=None, packages_select_by_dep=None, packages_skip_by_dep=None, packages_skip_up_to=None, packages_select_build_failed=False, packages_skip_build_finished=False, packages_select_test_failures=False, packages_skip_test_passed=False, packages_select=None, packages_skip=None, packages_select_regex=None, packages_skip_regex=None, packages_start=None, packages_end=None, allow_overriding=[], cmake_args=None, cmake_target=None, cmake_target_skip_unavailable=False, cmake_clean_cache=False, cmake_clean_first=False, cmake_force_configure=False, ament_cmake_args=None, catkin_cmake_args=None, catkin_skip_building_tests=False, verb_parser=<colcon_defaults.argument_parser.defaults.DefaultArgumentsDecorator object at 0x76a66c7025f0>, verb_extension=<colcon_core.verb.build.BuildVerb object at 0x76a66c82f190>, main=<bound method BuildVerb.main of <colcon_core.verb.build.BuildVerb object at 0x76a66c82f190>>)
[0.372s] Level 1:colcon.colcon_core.package_discovery:discover_packages(colcon_meta) check parameters
[0.372s] Level 1:colcon.colcon_core.package_discovery:discover_packages(recursive) check parameters
[0.372s] Level 1:colcon.colcon_core.package_discovery:discover_packages(ignore) check parameters
[0.372s] Level 1:colcon.colcon_core.package_discovery:discover_packages(path) check parameters
[0.372s] Level 1:colcon.colcon_core.package_discovery:discover_packages(colcon_meta) discover
[0.372s] Level 1:colcon.colcon_core.package_discovery:discover_packages(recursive) discover
[0.372s] INFO:colcon.colcon_core.package_discovery:Crawling recursively for packages in '/home/akshat/atom_projects/Hexapod'
[0.372s] Level 1:colcon.colcon_core.package_identification:_identify(.) by extensions ['ignore', 'ignore_ament_install']
[0.373s] Level 1:colcon.colcon_core.package_identification:_identify(.) by extension 'ignore'
[0.373s] Level 1:colcon.colcon_core.package_identification:_identify(.) by extension 'ignore_ament_install'
[0.373s] Level 1:colcon.colcon_core.package_identification:_identify(.) by extensions ['colcon_pkg']
[0.373s] Level 1:colcon.colcon_core.package_identification:_identify(.) by extension 'colcon_pkg'
[0.373s] Level 1:colcon.colcon_core.package_identification:_identify(.) by extensions ['colcon_meta']
[0.373s] Level 1:colcon.colcon_core.package_identification:_identify(.) by extension 'colcon_meta'
[0.373s] Level 1:colcon.colcon_core.package_identification:_identify(.) by extensions ['ros']
[0.373s] Level 1:colcon.colcon_core.package_identification:_identify(.) by extension 'ros'
[0.399s] Level 1:colcon.colcon_core.package_identification:_identify(.) by extensions ['cmake', 'python']
[0.399s] Level 1:colcon.colcon_core.package_identification:_identify(.) by extension 'cmake'
[0.399s] Level 1:colcon.colcon_core.package_identification:_identify(.) by extension 'python'
[0.399s] Level 1:colcon.colcon_core.package_identification:_identify(.) by extensions ['python_setup_py']
[0.400s] Level 1:colcon.colcon_core.package_identification:_identify(.) by extension 'python_setup_py'
[0.400s] Level 1:colcon.colcon_core.package_identification:_identify(build) by extensions ['ignore', 'ignore_ament_install']
[0.400s] Level 1:colcon.colcon_core.package_identification:_identify(build) by extension 'ignore'
[0.400s] Level 1:colcon.colcon_core.package_identification:_identify(build) ignored
[0.400s] Level 1:colcon.colcon_core.package_identification:_identify(install) by extensions ['ignore', 'ignore_ament_install']
[0.400s] Level 1:colcon.colcon_core.package_identification:_identify(install) by extension 'ignore'
[0.400s] Level 1:colcon.colcon_core.package_identification:_identify(install) ignored
[0.400s] Level 1:colcon.colcon_core.package_identification:_identify(log) by extensions ['ignore', 'ignore_ament_install']
[0.400s] Level 1:colcon.colcon_core.package_identification:_identify(log) by extension 'ignore'
[0.400s] Level 1:colcon.colcon_core.package_identification:_identify(log) ignored
[0.400s] Level 1:colcon.colcon_core.package_identification:_identify(src) by extensions ['ignore', 'ignore_ament_install']
[0.401s] Level 1:colcon.colcon_core.package_identification:_identify(src) by extension 'ignore'
[0.401s] Level 1:colcon.colcon_core.package_identification:_identify(src) by extension 'ignore_ament_install'
[0.401s] Level 1:colcon.colcon_core.package_identification:_identify(src) by extensions ['colcon_pkg']
[0.401s] Level 1:colcon.colcon_core.package_identification:_identify(src) by extension 'colcon_pkg'
[0.401s] Level 1:colcon.colcon_core.package_identification:_identify(src) by extensions ['colcon_meta']
[0.401s] Level 1:colcon.colcon_core.package_identification:_identify(src) by extension 'colcon_meta'
[0.401s] Level 1:colcon.colcon_core.package_identification:_identify(src) by extensions ['ros']
[0.401s] Level 1:colcon.colcon_core.package_identification:_identify(src) by extension 'ros'
[0.401s] Level 1:colcon.colcon_core.package_identification:_identify(src) by extensions ['cmake', 'python']
[0.401s] Level 1:colcon.colcon_core.package_identification:_identify(src) by extension 'cmake'
[0.401s] Level 1:colcon.colcon_core.package_identification:_identify(src) by extension 'python'
[0.401s] Level 1:colcon.colcon_core.package_identification:_identify(src) by extensions ['python_setup_py']
[0.401s] Level 1:colcon.colcon_core.package_identification:_identify(src) by extension 'python_setup_py'
[0.401s] Level 1:colcon.colcon_core.package_identification:_identify(src/gz_ros2_control) by extensions ['ignore', 'ignore_ament_install']
[0.401s] Level 1:colcon.colcon_core.package_identification:_identify(src/gz_ros2_control) by extension 'ignore'
[0.401s] Level 1:colcon.colcon_core.package_identification:_identify(src/gz_ros2_control) by extension 'ignore_ament_install'
[0.401s] Level 1:colcon.colcon_core.package_identification:_identify(src/gz_ros2_control) by extensions ['colcon_pkg']
[0.401s] Level 1:colcon.colcon_core.package_identification:_identify(src/gz_ros2_control) by extension 'colcon_pkg'
[0.401s] Level 1:colcon.colcon_core.package_identification:_identify(src/gz_ros2_control) by extensions ['colcon_meta']
[0.401s] Level 1:colcon.colcon_core.package_identification:_identify(src/gz_ros2_control) by extension 'colcon_meta'
[0.402s] Level 1:colcon.colcon_core.package_identification:_identify(src/gz_ros2_control) by extensions ['ros']
[0.402s] Level 1:colcon.colcon_core.package_identification:_identify(src/gz_ros2_control) by extension 'ros'
[0.402s] Level 1:colcon.colcon_core.package_identification:_identify(src/gz_ros2_control) by extensions ['cmake', 'python']
[0.402s] Level 1:colcon.colcon_core.package_identification:_identify(src/gz_ros2_control) by extension 'cmake'
[0.402s] Level 1:colcon.colcon_core.package_identification:_identify(src/gz_ros2_control) by extension 'python'
[0.402s] Level 1:colcon.colcon_core.package_identification:_identify(src/gz_ros2_control) by extensions ['python_setup_py']
[0.402s] Level 1:colcon.colcon_core.package_identification:_identify(src/gz_ros2_control) by extension 'python_setup_py'
[0.402s] Level 1:colcon.colcon_core.package_identification:_identify(src/gz_ros2_control/Dockerfile) by extensions ['ignore', 'ignore_ament_install']
[0.402s] Level 1:colcon.colcon_core.package_identification:_identify(src/gz_ros2_control/Dockerfile) by extension 'ignore'
[0.402s] Level 1:colcon.colcon_core.package_identification:_identify(src/gz_ros2_control/Dockerfile) by extension 'ignore_ament_install'
[0.402s] Level 1:colcon.colcon_core.package_identification:_identify(src/gz_ros2_control/Dockerfile) by extensions ['colcon_pkg']
[0.402s] Level 1:colcon.colcon_core.package_identification:_identify(src/gz_ros2_control/Dockerfile) by extension 'colcon_pkg'
[0.402s] Level 1:colcon.colcon_core.package_identification:_identify(src/gz_ros2_control/Dockerfile) by extensions ['colcon_meta']
[0.402s] Level 1:colcon.colcon_core.package_identification:_identify(src/gz_ros2_control/Dockerfile) by extension 'colcon_meta'
[0.402s] Level 1:colcon.colcon_core.package_identification:_identify(src/gz_ros2_control/Dockerfile) by extensions ['ros']
[0.402s] Level 1:colcon.colcon_core.package_identification:_identify(src/gz_ros2_control/Dockerfile) by extension 'ros'
[0.402s] Level 1:colcon.colcon_core.package_identification:_identify(src/gz_ros2_control/Dockerfile) by extensions ['cmake', 'python']
[0.402s] Level 1:colcon.colcon_core.package_identification:_identify(src/gz_ros2_control/Dockerfile) by extension 'cmake'
[0.402s] Level 1:colcon.colcon_core.package_identification:_identify(src/gz_ros2_control/Dockerfile) by extension 'python'
[0.402s] Level 1:colcon.colcon_core.package_identification:_identify(src/gz_ros2_control/Dockerfile) by extensions ['python_setup_py']
[0.402s] Level 1:colcon.colcon_core.package_identification:_identify(src/gz_ros2_control/Dockerfile) by extension 'python_setup_py'
[0.403s] Level 1:colcon.colcon_core.package_identification:_identify(src/gz_ros2_control/doc) by extensions ['ignore', 'ignore_ament_install']
[0.403s] Level 1:colcon.colcon_core.package_identification:_identify(src/gz_ros2_control/doc) by extension 'ignore'
[0.403s] Level 1:colcon.colcon_core.package_identification:_identify(src/gz_ros2_control/doc) by extension 'ignore_ament_install'
[0.403s] Level 1:colcon.colcon_core.package_identification:_identify(src/gz_ros2_control/doc) by extensions ['colcon_pkg']
[0.403s] Level 1:colcon.colcon_core.package_identification:_identify(src/gz_ros2_control/doc) by extension 'colcon_pkg'
[0.403s] Level 1:colcon.colcon_core.package_identification:_identify(src/gz_ros2_control/doc) by extensions ['colcon_meta']
[0.403s] Level 1:colcon.colcon_core.package_identification:_identify(src/gz_ros2_control/doc) by extension 'colcon_meta'
[0.403s] Level 1:colcon.colcon_core.package_identification:_identify(src/gz_ros2_control/doc) by extensions ['ros']
[0.403s] Level 1:colcon.colcon_core.package_identification:_identify(src/gz_ros2_control/doc) by extension 'ros'
[0.403s] Level 1:colcon.colcon_core.package_identification:_identify(src/gz_ros2_control/doc) by extensions ['cmake', 'python']
[0.403s] Level 1:colcon.colcon_core.package_identification:_identify(src/gz_ros2_control/doc) by extension 'cmake'
[0.403s] Level 1:colcon.colcon_core.package_identification:_identify(src/gz_ros2_control/doc) by extension 'python'
[0.403s] Level 1:colcon.colcon_core.package_identification:_identify(src/gz_ros2_control/doc) by extensions ['python_setup_py']
[0.403s] Level 1:colcon.colcon_core.package_identification:_identify(src/gz_ros2_control/doc) by extension 'python_setup_py'
[0.403s] Level 1:colcon.colcon_core.package_identification:_identify(src/gz_ros2_control/doc/img) by extensions ['ignore', 'ignore_ament_install']
[0.403s] Level 1:colcon.colcon_core.package_identification:_identify(src/gz_ros2_control/doc/img) by extension 'ignore'
[0.403s] Level 1:colcon.colcon_core.package_identification:_identify(src/gz_ros2_control/doc/img) by extension 'ignore_ament_install'
[0.403s] Level 1:colcon.colcon_core.package_identification:_identify(src/gz_ros2_control/doc/img) by extensions ['colcon_pkg']
[0.403s] Level 1:colcon.colcon_core.package_identification:_identify(src/gz_ros2_control/doc/img) by extension 'colcon_pkg'
[0.403s] Level 1:colcon.colcon_core.package_identification:_identify(src/gz_ros2_control/doc/img) by extensions ['colcon_meta']
[0.403s] Level 1:colcon.colcon_core.package_identification:_identify(src/gz_ros2_control/doc/img) by extension 'colcon_meta'
[0.404s] Level 1:colcon.colcon_core.package_identification:_identify(src/gz_ros2_control/doc/img) by extensions ['ros']
[0.404s] Level 1:colcon.colcon_core.package_identification:_identify(src/gz_ros2_control/doc/img) by extension 'ros'
[0.404s] Level 1:colcon.colcon_core.package_identification:_identify(src/gz_ros2_control/doc/img) by extensions ['cmake', 'python']
[0.404s] Level 1:colcon.colcon_core.package_identification:_identify(src/gz_ros2_control/doc/img) by extension 'cmake'
[0.404s] Level 1:colcon.colcon_core.package_identification:_identify(src/gz_ros2_control/doc/img) by extension 'python'
[0.404s] Level 1:colcon.colcon_core.package_identification:_identify(src/gz_ros2_control/doc/img) by extensions ['python_setup_py']
[0.404s] Level 1:colcon.colcon_core.package_identification:_identify(src/gz_ros2_control/doc/img) by extension 'python_setup_py'
[0.404s] Level 1:colcon.colcon_core.package_identification:_identify(src/gz_ros2_control/gz_ros2_control_tests) by extensions ['ignore', 'ignore_ament_install']
[0.404s] Level 1:colcon.colcon_core.package_identification:_identify(src/gz_ros2_control/gz_ros2_control_tests) by extension 'ignore'
[0.404s] Level 1:colcon.colcon_core.package_identification:_identify(src/gz_ros2_control/gz_ros2_control_tests) by extension 'ignore_ament_install'
[0.404s] Level 1:colcon.colcon_core.package_identification:_identify(src/gz_ros2_control/gz_ros2_control_tests) by extensions ['colcon_pkg']
[0.404s] Level 1:colcon.colcon_core.package_identification:_identify(src/gz_ros2_control/gz_ros2_control_tests) by extension 'colcon_pkg'
[0.404s] Level 1:colcon.colcon_core.package_identification:_identify(src/gz_ros2_control/gz_ros2_control_tests) by extensions ['colcon_meta']
[0.404s] Level 1:colcon.colcon_core.package_identification:_identify(src/gz_ros2_control/gz_ros2_control_tests) by extension 'colcon_meta'
[0.404s] Level 1:colcon.colcon_core.package_identification:_identify(src/gz_ros2_control/gz_ros2_control_tests) by extensions ['ros']
[0.404s] Level 1:colcon.colcon_core.package_identification:_identify(src/gz_ros2_control/gz_ros2_control_tests) by extension 'ros'
[0.409s] DEBUG:colcon.colcon_core.package_identification:Package 'src/gz_ros2_control/gz_ros2_control_tests' with type 'ros.ament_cmake' and name 'gz_ros2_control_tests'
[0.409s] Level 1:colcon.colcon_core.package_identification:_identify(src/gz_ros2_control/ign_ros2_control) by extensions ['ignore', 'ignore_ament_install']
[0.409s] Level 1:colcon.colcon_core.package_identification:_identify(src/gz_ros2_control/ign_ros2_control) by extension 'ignore'
[0.409s] Level 1:colcon.colcon_core.package_identification:_identify(src/gz_ros2_control/ign_ros2_control) by extension 'ignore_ament_install'
[0.409s] Level 1:colcon.colcon_core.package_identification:_identify(src/gz_ros2_control/ign_ros2_control) by extensions ['colcon_pkg']
[0.409s] Level 1:colcon.colcon_core.package_identification:_identify(src/gz_ros2_control/ign_ros2_control) by extension 'colcon_pkg'
[0.409s] Level 1:colcon.colcon_core.package_identification:_identify(src/gz_ros2_control/ign_ros2_control) by extensions ['colcon_meta']
[0.409s] Level 1:colcon.colcon_core.package_identification:_identify(src/gz_ros2_control/ign_ros2_control) by extension 'colcon_meta'
[0.409s] Level 1:colcon.colcon_core.package_identification:_identify(src/gz_ros2_control/ign_ros2_control) by extensions ['ros']
[0.409s] Level 1:colcon.colcon_core.package_identification:_identify(src/gz_ros2_control/ign_ros2_control) by extension 'ros'
[0.413s] DEBUG:colcon.colcon_core.package_identification:Package 'src/gz_ros2_control/ign_ros2_control' with type 'ros.ament_cmake' and name 'ign_ros2_control'
[0.413s] Level 1:colcon.colcon_core.package_identification:_identify(src/gz_ros2_control/ign_ros2_control_demos) by extensions ['ignore', 'ignore_ament_install']
[0.413s] Level 1:colcon.colcon_core.package_identification:_identify(src/gz_ros2_control/ign_ros2_control_demos) by extension 'ignore'
[0.413s] Level 1:colcon.colcon_core.package_identification:_identify(src/gz_ros2_control/ign_ros2_control_demos) by extension 'ignore_ament_install'
[0.413s] Level 1:colcon.colcon_core.package_identification:_identify(src/gz_ros2_control/ign_ros2_control_demos) by extensions ['colcon_pkg']
[0.414s] Level 1:colcon.colcon_core.package_identification:_identify(src/gz_ros2_control/ign_ros2_control_demos) by extension 'colcon_pkg'
[0.414s] Level 1:colcon.colcon_core.package_identification:_identify(src/gz_ros2_control/ign_ros2_control_demos) by extensions ['colcon_meta']
[0.414s] Level 1:colcon.colcon_core.package_identification:_identify(src/gz_ros2_control/ign_ros2_control_demos) by extension 'colcon_meta'
[0.414s] Level 1:colcon.colcon_core.package_identification:_identify(src/gz_ros2_control/ign_ros2_control_demos) by extensions ['ros']
[0.414s] Level 1:colcon.colcon_core.package_identification:_identify(src/gz_ros2_control/ign_ros2_control_demos) by extension 'ros'
[0.415s] DEBUG:colcon.colcon_core.package_identification:Package 'src/gz_ros2_control/ign_ros2_control_demos' with type 'ros.ament_cmake' and name 'ign_ros2_control_demos'
[0.415s] Level 1:colcon.colcon_core.package_identification:_identify(src/hexapod_description) by extensions ['ignore', 'ignore_ament_install']
[0.415s] Level 1:colcon.colcon_core.package_identification:_identify(src/hexapod_description) by extension 'ignore'
[0.415s] Level 1:colcon.colcon_core.package_identification:_identify(src/hexapod_description) by extension 'ignore_ament_install'
[0.415s] Level 1:colcon.colcon_core.package_identification:_identify(src/hexapod_description) by extensions ['colcon_pkg']
[0.415s] Level 1:colcon.colcon_core.package_identification:_identify(src/hexapod_description) by extension 'colcon_pkg'
[0.415s] Level 1:colcon.colcon_core.package_identification:_identify(src/hexapod_description) by extensions ['colcon_meta']
[0.415s] Level 1:colcon.colcon_core.package_identification:_identify(src/hexapod_description) by extension 'colcon_meta'
[0.415s] Level 1:colcon.colcon_core.package_identification:_identify(src/hexapod_description) by extensions ['ros']
[0.415s] Level 1:colcon.colcon_core.package_identification:_identify(src/hexapod_description) by extension 'ros'
[0.416s] DEBUG:colcon.colcon_core.package_identification:Package 'src/hexapod_description' with type 'ros.ament_python' and name 'hexapod_description'
[0.416s] Level 1:colcon.colcon_core.package_discovery:discover_packages(recursive) using defaults
[0.416s] Level 1:colcon.colcon_core.package_discovery:discover_packages(ignore) discover
[0.416s] Level 1:colcon.colcon_core.package_discovery:discover_packages(ignore) using defaults
[0.416s] Level 1:colcon.colcon_core.package_discovery:discover_packages(path) discover
[0.416s] Level 1:colcon.colcon_core.package_discovery:discover_packages(path) using defaults
[0.440s] Level 1:colcon.colcon_core.package_discovery:discover_packages(prefix_path) check parameters
[0.440s] Level 1:colcon.colcon_core.package_discovery:discover_packages(prefix_path) discover
[0.442s] DEBUG:colcon.colcon_installed_package_information.package_discovery:Found 4 installed packages in /home/akshat/atom_projects/Hexapod/install
[0.442s] DEBUG:colcon.colcon_installed_package_information.package_discovery:Found 1 installed packages in /home/akshat/Desktop/atom_aud/install
[0.444s] DEBUG:colcon.colcon_installed_package_information.package_discovery:Found 325 installed packages in /opt/ros/humble
[0.445s] Level 1:colcon.colcon_core.package_discovery:discover_packages(prefix_path) using defaults
[0.510s] Level 5:colcon.colcon_core.verb:set package 'hexapod_description' build argument 'cmake_args' from command line to 'None'
[0.510s] Level 5:colcon.colcon_core.verb:set package 'hexapod_description' build argument 'cmake_target' from command line to 'None'
[0.510s] Level 5:colcon.colcon_core.verb:set package 'hexapod_description' build argument 'cmake_target_skip_unavailable' from command line to 'False'
[0.510s] Level 5:colcon.colcon_core.verb:set package 'hexapod_description' build argument 'cmake_clean_cache' from command line to 'False'
[0.511s] Level 5:colcon.colcon_core.verb:set package 'hexapod_description' build argument 'cmake_clean_first' from command line to 'False'
[0.511s] Level 5:colcon.colcon_core.verb:set package 'hexapod_description' build argument 'cmake_force_configure' from command line to 'False'
[0.511s] Level 5:colcon.colcon_core.verb:set package 'hexapod_description' build argument 'ament_cmake_args' from command line to 'None'
[0.511s] Level 5:colcon.colcon_core.verb:set package 'hexapod_description' build argument 'catkin_cmake_args' from command line to 'None'
[0.511s] Level 5:colcon.colcon_core.verb:set package 'hexapod_description' build argument 'catkin_skip_building_tests' from command line to 'False'
[0.511s] DEBUG:colcon.colcon_core.verb:Building package 'hexapod_description' with the following arguments: {'ament_cmake_args': None, 'build_base': '/home/akshat/atom_projects/Hexapod/build/hexapod_description', 'catkin_cmake_args': None, 'catkin_skip_building_tests': False, 'cmake_args': None, 'cmake_clean_cache': False, 'cmake_clean_first': False, 'cmake_force_configure': False, 'cmake_target': None, 'cmake_target_skip_unavailable': False, 'install_base': '/home/akshat/atom_projects/Hexapod/install/hexapod_description', 'merge_install': False, 'path': '/home/akshat/atom_projects/Hexapod/src/hexapod_description', 'symlink_install': True, 'test_result_base': None}
[0.511s] Level 5:colcon.colcon_core.verb:set package 'ign_ros2_control' build argument 'cmake_args' from command line to 'None'
[0.511s] Level 5:colcon.colcon_core.verb:set package 'ign_ros2_control' build argument 'cmake_target' from command line to 'None'
[0.511s] Level 5:colcon.colcon_core.verb:set package 'ign_ros2_control' build argument 'cmake_target_skip_unavailable' from command line to 'False'
[0.511s] Level 5:colcon.colcon_core.verb:set package 'ign_ros2_control' build argument 'cmake_clean_cache' from command line to 'False'
[0.511s] Level 5:colcon.colcon_core.verb:set package 'ign_ros2_control' build argument 'cmake_clean_first' from command line to 'False'
[0.511s] Level 5:colcon.colcon_core.verb:set package 'ign_ros2_control' build argument 'cmake_force_configure' from command line to 'False'
[0.511s] Level 5:colcon.colcon_core.verb:set package 'ign_ros2_control' build argument 'ament_cmake_args' from command line to 'None'
[0.511s] Level 5:colcon.colcon_core.verb:set package 'ign_ros2_control' build argument 'catkin_cmake_args' from command line to 'None'
[0.511s] Level 5:colcon.colcon_core.verb:set package 'ign_ros2_control' build argument 'catkin_skip_building_tests' from command line to 'False'
[0.511s] DEBUG:colcon.colcon_core.verb:Building package 'ign_ros2_control' with the following arguments: {'ament_cmake_args': None, 'build_base': '/home/akshat/atom_projects/Hexapod/build/ign_ros2_control', 'catkin_cmake_args': None, 'catkin_skip_building_tests': False, 'cmake_args': None, 'cmake_clean_cache': False, 'cmake_clean_first': False, 'cmake_force_configure': False, 'cmake_target': None, 'cmake_target_skip_unavailable': False, 'install_base': '/home/akshat/atom_projects/Hexapod/install/ign_ros2_control', 'merge_install': False, 'path': '/home/akshat/atom_projects/Hexapod/src/gz_ros2_control/ign_ros2_control', 'symlink_install': True, 'test_result_base': None}
[0.511s] Level 5:colcon.colcon_core.verb:set package 'gz_ros2_control_tests' build argument 'cmake_args' from command line to 'None'
[0.512s] Level 5:colcon.colcon_core.verb:set package 'gz_ros2_control_tests' build argument 'cmake_target' from command line to 'None'
[0.512s] Level 5:colcon.colcon_core.verb:set package 'gz_ros2_control_tests' build argument 'cmake_target_skip_unavailable' from command line to 'False'
[0.512s] Level 5:colcon.colcon_core.verb:set package 'gz_ros2_control_tests' build argument 'cmake_clean_cache' from command line to 'False'
[0.512s] Level 5:colcon.colcon_core.verb:set package 'gz_ros2_control_tests' build argument 'cmake_clean_first' from command line to 'False'
[0.512s] Level 5:colcon.colcon_core.verb:set package 'gz_ros2_control_tests' build argument 'cmake_force_configure' from command line to 'False'
[0.512s] Level 5:colcon.colcon_core.verb:set package 'gz_ros2_control_tests' build argument 'ament_cmake_args' from command line to 'None'
[0.512s] Level 5:colcon.colcon_core.verb:set package 'gz_ros2_control_tests' build argument 'catkin_cmake_args' from command line to 'None'
[0.512s] Level 5:colcon.colcon_core.verb:set package 'gz_ros2_control_tests' build argument 'catkin_skip_building_tests' from command line to 'False'
[0.512s] DEBUG:colcon.colcon_core.verb:Building package 'gz_ros2_control_tests' with the following arguments: {'ament_cmake_args': None, 'build_base': '/home/akshat/atom_projects/Hexapod/build/gz_ros2_control_tests', 'catkin_cmake_args': None, 'catkin_skip_building_tests': False, 'cmake_args': None, 'cmake_clean_cache': False, 'cmake_clean_first': False, 'cmake_force_configure': False, 'cmake_target': None, 'cmake_target_skip_unavailable': False, 'install_base': '/home/akshat/atom_projects/Hexapod/install/gz_ros2_control_tests', 'merge_install': False, 'path': '/home/akshat/atom_projects/Hexapod/src/gz_ros2_control/gz_ros2_control_tests', 'symlink_install': True, 'test_result_base': None}
[0.512s] Level 5:colcon.colcon_core.verb:set package 'ign_ros2_control_demos' build argument 'cmake_args' from command line to 'None'
[0.512s] Level 5:colcon.colcon_core.verb:set package 'ign_ros2_control_demos' build argument 'cmake_target' from command line to 'None'
[0.512s] Level 5:colcon.colcon_core.verb:set package 'ign_ros2_control_demos' build argument 'cmake_target_skip_unavailable' from command line to 'False'
[0.512s] Level 5:colcon.colcon_core.verb:set package 'ign_ros2_control_demos' build argument 'cmake_clean_cache' from command line to 'False'
[0.512s] Level 5:colcon.colcon_core.verb:set package 'ign_ros2_control_demos' build argument 'cmake_clean_first' from command line to 'False'
[0.512s] Level 5:colcon.colcon_core.verb:set package 'ign_ros2_control_demos' build argument 'cmake_force_configure' from command line to 'False'
[0.512s] Level 5:colcon.colcon_core.verb:set package 'ign_ros2_control_demos' build argument 'ament_cmake_args' from command line to 'None'
[0.512s] Level 5:colcon.colcon_core.verb:set package 'ign_ros2_control_demos' build argument 'catkin_cmake_args' from command line to 'None'
[0.512s] Level 5:colcon.colcon_core.verb:set package 'ign_ros2_control_demos' build argument 'catkin_skip_building_tests' from command line to 'False'
[0.512s] DEBUG:colcon.colcon_core.verb:Building package 'ign_ros2_control_demos' with the following arguments: {'ament_cmake_args': None, 'build_base': '/home/akshat/atom_projects/Hexapod/build/ign_ros2_control_demos', 'catkin_cmake_args': None, 'catkin_skip_building_tests': False, 'cmake_args': None, 'cmake_clean_cache': False, 'cmake_clean_first': False, 'cmake_force_configure': False, 'cmake_target': None, 'cmake_target_skip_unavailable': False, 'install_base': '/home/akshat/atom_projects/Hexapod/install/ign_ros2_control_demos', 'merge_install': False, 'path': '/home/akshat/atom_projects/Hexapod/src/gz_ros2_control/ign_ros2_control_demos', 'symlink_install': True, 'test_result_base': None}
[0.513s] INFO:colcon.colcon_core.executor:Executing jobs using 'parallel' executor
[0.513s] DEBUG:colcon.colcon_parallel_executor.executor.parallel:run_until_complete
[0.514s] INFO:colcon.colcon_ros.task.ament_cmake.build:Building ROS package in '/home/akshat/atom_projects/Hexapod/src/gz_ros2_control/ign_ros2_control' with build type 'ament_cmake'
[0.514s] INFO:colcon.colcon_cmake.task.cmake.build:Building CMake package in '/home/akshat/atom_projects/Hexapod/src/gz_ros2_control/ign_ros2_control'
[0.516s] INFO:colcon.colcon_core.plugin_system:Skipping extension 'colcon_core.shell.bat': Not used on non-Windows systems
[0.516s] INFO:colcon.colcon_core.shell:Skip shell extension 'powershell' for command environment: Not usable outside of PowerShell
[0.516s] DEBUG:colcon.colcon_core.shell:Skip shell extension 'dsv' for command environment
[0.520s] INFO:colcon.colcon_ros.task.ament_python.build:Building ROS package in '/home/akshat/atom_projects/Hexapod/src/hexapod_description' with build type 'ament_python'
[0.520s] Level 1:colcon.colcon_core.shell:create_environment_hook('hexapod_description', 'ament_prefix_path')
[0.520s] INFO:colcon.colcon_core.shell:Creating environment hook '/home/akshat/atom_projects/Hexapod/install/hexapod_description/share/hexapod_description/hook/ament_prefix_path.ps1'
[0.522s] INFO:colcon.colcon_core.shell:Creating environment descriptor '/home/akshat/atom_projects/Hexapod/install/hexapod_description/share/hexapod_description/hook/ament_prefix_path.dsv'
[0.523s] INFO:colcon.colcon_core.shell:Creating environment hook '/home/akshat/atom_projects/Hexapod/install/hexapod_description/share/hexapod_description/hook/ament_prefix_path.sh'
[0.525s] INFO:colcon.colcon_core.shell:Skip shell extension 'powershell' for command environment: Not usable outside of PowerShell
[0.525s] DEBUG:colcon.colcon_core.shell:Skip shell extension 'dsv' for command environment
[0.536s] DEBUG:colcon.colcon_core.event_handler.log_command:Invoking command in '/home/akshat/atom_projects/Hexapod/build/ign_ros2_control': CMAKE_PREFIX_PATH=${CMAKE_PREFIX_PATH}:/home/akshat/atom_projects/Hexapod/install/hexapod_description:/home/akshat/Desktop/atom_aud/install/selection_task:/opt/ros/humble /usr/bin/cmake --build /home/akshat/atom_projects/Hexapod/build/ign_ros2_control -- -j12 -l12
[0.936s] INFO:colcon.colcon_core.task.python.build:Building Python package in '/home/akshat/atom_projects/Hexapod/src/hexapod_description'
[0.937s] INFO:colcon.colcon_core.shell:Skip shell extension 'powershell' for command environment: Not usable outside of PowerShell
[0.937s] DEBUG:colcon.colcon_core.shell:Skip shell extension 'dsv' for command environment
[0.942s] DEBUG:colcon.colcon_core.event_handler.log_command:Invoked command in '/home/akshat/atom_projects/Hexapod/build/ign_ros2_control' returned '0': CMAKE_PREFIX_PATH=${CMAKE_PREFIX_PATH}:/home/akshat/atom_projects/Hexapod/install/hexapod_description:/home/akshat/Desktop/atom_aud/install/selection_task:/opt/ros/humble /usr/bin/cmake --build /home/akshat/atom_projects/Hexapod/build/ign_ros2_control -- -j12 -l12
[0.997s] DEBUG:colcon.colcon_core.event_handler.log_command:Invoking command in '/home/akshat/atom_projects/Hexapod/build/ign_ros2_control': CMAKE_PREFIX_PATH=${CMAKE_PREFIX_PATH}:/home/akshat/atom_projects/Hexapod/install/hexapod_description:/home/akshat/Desktop/atom_aud/install/selection_task:/opt/ros/humble /usr/bin/cmake --install /home/akshat/atom_projects/Hexapod/build/ign_ros2_control
[1.030s] Level 1:colcon.colcon_core.environment:create_environment_scripts_only(ign_ros2_control)
[1.031s] DEBUG:colcon.colcon_core.event_handler.log_command:Invoked command in '/home/akshat/atom_projects/Hexapod/build/ign_ros2_control' returned '0': CMAKE_PREFIX_PATH=${CMAKE_PREFIX_PATH}:/home/akshat/atom_projects/Hexapod/install/hexapod_description:/home/akshat/Desktop/atom_aud/install/selection_task:/opt/ros/humble /usr/bin/cmake --install /home/akshat/atom_projects/Hexapod/build/ign_ros2_control
[1.033s] Level 1:colcon.colcon_core.environment:checking '/home/akshat/atom_projects/Hexapod/install/ign_ros2_control' for CMake module files
[1.033s] Level 1:colcon.colcon_core.environment:checking '/home/akshat/atom_projects/Hexapod/install/ign_ros2_control' for CMake config files
[1.034s] Level 1:colcon.colcon_core.shell:create_environment_hook('ign_ros2_control', 'cmake_prefix_path')
[1.034s] INFO:colcon.colcon_core.shell:Creating environment hook '/home/akshat/atom_projects/Hexapod/install/ign_ros2_control/share/ign_ros2_control/hook/cmake_prefix_path.ps1'
[1.035s] INFO:colcon.colcon_core.shell:Creating environment descriptor '/home/akshat/atom_projects/Hexapod/install/ign_ros2_control/share/ign_ros2_control/hook/cmake_prefix_path.dsv'
[1.035s] INFO:colcon.colcon_core.shell:Creating environment hook '/home/akshat/atom_projects/Hexapod/install/ign_ros2_control/share/ign_ros2_control/hook/cmake_prefix_path.sh'
[1.036s] Level 1:colcon.colcon_core.environment:checking '/home/akshat/atom_projects/Hexapod/install/ign_ros2_control/lib'
[1.036s] Level 1:colcon.colcon_core.shell:create_environment_hook('ign_ros2_control', 'ld_library_path_lib')
[1.036s] INFO:colcon.colcon_core.shell:Creating environment hook '/home/akshat/atom_projects/Hexapod/install/ign_ros2_control/share/ign_ros2_control/hook/ld_library_path_lib.ps1'
[1.037s] INFO:colcon.colcon_core.shell:Creating environment descriptor '/home/akshat/atom_projects/Hexapod/install/ign_ros2_control/share/ign_ros2_control/hook/ld_library_path_lib.dsv'
[1.037s] INFO:colcon.colcon_core.shell:Creating environment hook '/home/akshat/atom_projects/Hexapod/install/ign_ros2_control/share/ign_ros2_control/hook/ld_library_path_lib.sh'
[1.037s] Level 1:colcon.colcon_core.environment:checking '/home/akshat/atom_projects/Hexapod/install/ign_ros2_control/bin'
[1.038s] Level 1:colcon.colcon_core.environment:checking '/home/akshat/atom_projects/Hexapod/install/ign_ros2_control/lib/pkgconfig/ign_ros2_control.pc'
[1.038s] Level 1:colcon.colcon_core.environment:checking '/home/akshat/atom_projects/Hexapod/install/ign_ros2_control/lib/python3.10/site-packages'
[1.038s] Level 1:colcon.colcon_core.environment:checking '/home/akshat/atom_projects/Hexapod/install/ign_ros2_control/bin'
[1.038s] INFO:colcon.colcon_core.shell:Creating package script '/home/akshat/atom_projects/Hexapod/install/ign_ros2_control/share/ign_ros2_control/package.ps1'
[1.039s] INFO:colcon.colcon_core.shell:Creating package descriptor '/home/akshat/atom_projects/Hexapod/install/ign_ros2_control/share/ign_ros2_control/package.dsv'
[1.040s] INFO:colcon.colcon_core.shell:Creating package script '/home/akshat/atom_projects/Hexapod/install/ign_ros2_control/share/ign_ros2_control/package.sh'
[1.041s] INFO:colcon.colcon_core.shell:Creating package script '/home/akshat/atom_projects/Hexapod/install/ign_ros2_control/share/ign_ros2_control/package.bash'
[1.042s] INFO:colcon.colcon_core.shell:Creating package script '/home/akshat/atom_projects/Hexapod/install/ign_ros2_control/share/ign_ros2_control/package.zsh'
[1.042s] Level 1:colcon.colcon_core.environment:create_file_with_runtime_dependencies(/home/akshat/atom_projects/Hexapod/install/ign_ros2_control/share/colcon-core/packages/ign_ros2_control)
[1.085s] Level 1:colcon.colcon_core.environment:create_environment_scripts_only(ign_ros2_control)
[1.086s] Level 1:colcon.colcon_core.environment:checking '/home/akshat/atom_projects/Hexapod/install/ign_ros2_control' for CMake module files
[1.087s] Level 1:colcon.colcon_core.environment:checking '/home/akshat/atom_projects/Hexapod/install/ign_ros2_control' for CMake config files
[1.087s] Level 1:colcon.colcon_core.shell:create_environment_hook('ign_ros2_control', 'cmake_prefix_path')
[1.088s] INFO:colcon.colcon_core.shell:Creating environment hook '/home/akshat/atom_projects/Hexapod/install/ign_ros2_control/share/ign_ros2_control/hook/cmake_prefix_path.ps1'
[1.089s] INFO:colcon.colcon_core.shell:Creating environment descriptor '/home/akshat/atom_projects/Hexapod/install/ign_ros2_control/share/ign_ros2_control/hook/cmake_prefix_path.dsv'
[1.089s] INFO:colcon.colcon_core.shell:Creating environment hook '/home/akshat/atom_projects/Hexapod/install/ign_ros2_control/share/ign_ros2_control/hook/cmake_prefix_path.sh'
[1.090s] Level 1:colcon.colcon_core.environment:checking '/home/akshat/atom_projects/Hexapod/install/ign_ros2_control/lib'
[1.090s] Level 1:colcon.colcon_core.shell:create_environment_hook('ign_ros2_control', 'ld_library_path_lib')
[1.090s] INFO:colcon.colcon_core.shell:Creating environment hook '/home/akshat/atom_projects/Hexapod/install/ign_ros2_control/share/ign_ros2_control/hook/ld_library_path_lib.ps1'
[1.090s] INFO:colcon.colcon_core.shell:Creating environment descriptor '/home/akshat/atom_projects/Hexapod/install/ign_ros2_control/share/ign_ros2_control/hook/ld_library_path_lib.dsv'
[1.091s] INFO:colcon.colcon_core.shell:Creating environment hook '/home/akshat/atom_projects/Hexapod/install/ign_ros2_control/share/ign_ros2_control/hook/ld_library_path_lib.sh'
[1.091s] Level 1:colcon.colcon_core.environment:checking '/home/akshat/atom_projects/Hexapod/install/ign_ros2_control/bin'
[1.091s] Level 1:colcon.colcon_core.environment:checking '/home/akshat/atom_projects/Hexapod/install/ign_ros2_control/lib/pkgconfig/ign_ros2_control.pc'
[1.091s] Level 1:colcon.colcon_core.environment:checking '/home/akshat/atom_projects/Hexapod/install/ign_ros2_control/lib/python3.10/site-packages'
[1.091s] Level 1:colcon.colcon_core.environment:checking '/home/akshat/atom_projects/Hexapod/install/ign_ros2_control/bin'
[1.092s] INFO:colcon.colcon_core.shell:Creating package script '/home/akshat/atom_projects/Hexapod/install/ign_ros2_control/share/ign_ros2_control/package.ps1'
[1.093s] INFO:colcon.colcon_core.shell:Creating package descriptor '/home/akshat/atom_projects/Hexapod/install/ign_ros2_control/share/ign_ros2_control/package.dsv'
[1.094s] INFO:colcon.colcon_core.shell:Creating package script '/home/akshat/atom_projects/Hexapod/install/ign_ros2_control/share/ign_ros2_control/package.sh'
[1.094s] INFO:colcon.colcon_core.shell:Creating package script '/home/akshat/atom_projects/Hexapod/install/ign_ros2_control/share/ign_ros2_control/package.bash'
[1.095s] INFO:colcon.colcon_core.shell:Creating package script '/home/akshat/atom_projects/Hexapod/install/ign_ros2_control/share/ign_ros2_control/package.zsh'
[1.095s] Level 1:colcon.colcon_core.environment:create_file_with_runtime_dependencies(/home/akshat/atom_projects/Hexapod/install/ign_ros2_control/share/colcon-core/packages/ign_ros2_control)
[1.096s] INFO:colcon.colcon_ros.task.ament_cmake.build:Building ROS package in '/home/akshat/atom_projects/Hexapod/src/gz_ros2_control/gz_ros2_control_tests' with build type 'ament_cmake'
[1.096s] INFO:colcon.colcon_cmake.task.cmake.build:Building CMake package in '/home/akshat/atom_projects/Hexapod/src/gz_ros2_control/gz_ros2_control_tests'
[1.096s] INFO:colcon.colcon_core.shell:Skip shell extension 'powershell' for command environment: Not usable outside of PowerShell
[1.097s] DEBUG:colcon.colcon_core.shell:Skip shell extension 'dsv' for command environment
[1.102s] INFO:colcon.colcon_ros.task.ament_cmake.build:Building ROS package in '/home/akshat/atom_projects/Hexapod/src/gz_ros2_control/ign_ros2_control_demos' with build type 'ament_cmake'
[1.102s] INFO:colcon.colcon_cmake.task.cmake.build:Building CMake package in '/home/akshat/atom_projects/Hexapod/src/gz_ros2_control/ign_ros2_control_demos'
[1.102s] INFO:colcon.colcon_core.shell:Skip shell extension 'powershell' for command environment: Not usable outside of PowerShell
[1.102s] DEBUG:colcon.colcon_core.shell:Skip shell extension 'dsv' for command environment
[1.111s] DEBUG:colcon.colcon_core.event_handler.log_command:Invoking command in '/home/akshat/atom_projects/Hexapod/build/gz_ros2_control_tests': CMAKE_PREFIX_PATH=/home/akshat/atom_projects/Hexapod/install/ign_ros2_control:/home/akshat/atom_projects/Hexapod/install/ign_ros2_control_demos:/home/akshat/atom_projects/Hexapod/install/gz_ros2_control_tests:/home/akshat/atom_projects/Hexapod/install/hexapod_description:/home/akshat/Desktop/atom_aud/install/selection_task:/opt/ros/humble /usr/bin/cmake --build /home/akshat/atom_projects/Hexapod/build/gz_ros2_control_tests -- -j12 -l12
[1.116s] DEBUG:colcon.colcon_core.event_handler.log_command:Invoking command in '/home/akshat/atom_projects/Hexapod/build/ign_ros2_control_demos': CMAKE_PREFIX_PATH=/home/akshat/atom_projects/Hexapod/install/ign_ros2_control:/home/akshat/atom_projects/Hexapod/install/ign_ros2_control_demos:/home/akshat/atom_projects/Hexapod/install/gz_ros2_control_tests:/home/akshat/atom_projects/Hexapod/install/hexapod_description:/home/akshat/Desktop/atom_aud/install/selection_task:/opt/ros/humble /usr/bin/cmake --build /home/akshat/atom_projects/Hexapod/build/ign_ros2_control_demos -- -j12 -l12
[1.220s] DEBUG:colcon.colcon_core.event_handler.log_command:Invoked command in '/home/akshat/atom_projects/Hexapod/build/gz_ros2_control_tests' returned '0': CMAKE_PREFIX_PATH=/home/akshat/atom_projects/Hexapod/install/ign_ros2_control:/home/akshat/atom_projects/Hexapod/install/ign_ros2_control_demos:/home/akshat/atom_projects/Hexapod/install/gz_ros2_control_tests:/home/akshat/atom_projects/Hexapod/install/hexapod_description:/home/akshat/Desktop/atom_aud/install/selection_task:/opt/ros/humble /usr/bin/cmake --build /home/akshat/atom_projects/Hexapod/build/gz_ros2_control_tests -- -j12 -l12
[1.227s] DEBUG:colcon.colcon_core.event_handler.log_command:Invoked command in '/home/akshat/atom_projects/Hexapod/build/ign_ros2_control_demos' returned '0': CMAKE_PREFIX_PATH=/home/akshat/atom_projects/Hexapod/install/ign_ros2_control:/home/akshat/atom_projects/Hexapod/install/ign_ros2_control_demos:/home/akshat/atom_projects/Hexapod/install/gz_ros2_control_tests:/home/akshat/atom_projects/Hexapod/install/hexapod_description:/home/akshat/Desktop/atom_aud/install/selection_task:/opt/ros/humble /usr/bin/cmake --build /home/akshat/atom_projects/Hexapod/build/ign_ros2_control_demos -- -j12 -l12
[1.258s] DEBUG:colcon.colcon_core.event_handler.log_command:Invoking command in '/home/akshat/atom_projects/Hexapod/build/gz_ros2_control_tests': CMAKE_PREFIX_PATH=/home/akshat/atom_projects/Hexapod/install/ign_ros2_control:/home/akshat/atom_projects/Hexapod/install/ign_ros2_control_demos:/home/akshat/atom_projects/Hexapod/install/gz_ros2_control_tests:/home/akshat/atom_projects/Hexapod/install/hexapod_description:/home/akshat/Desktop/atom_aud/install/selection_task:/opt/ros/humble /usr/bin/cmake --install /home/akshat/atom_projects/Hexapod/build/gz_ros2_control_tests
[1.283s] DEBUG:colcon.colcon_core.event_handler.log_command:Invoking command in '/home/akshat/atom_projects/Hexapod/build/ign_ros2_control_demos': CMAKE_PREFIX_PATH=/home/akshat/atom_projects/Hexapod/install/ign_ros2_control:/home/akshat/atom_projects/Hexapod/install/ign_ros2_control_demos:/home/akshat/atom_projects/Hexapod/install/gz_ros2_control_tests:/home/akshat/atom_projects/Hexapod/install/hexapod_description:/home/akshat/Desktop/atom_aud/install/selection_task:/opt/ros/humble /usr/bin/cmake --install /home/akshat/atom_projects/Hexapod/build/ign_ros2_control_demos
[1.301s] Level 1:colcon.colcon_core.environment:create_environment_scripts_only(gz_ros2_control_tests)
[1.302s] Level 1:colcon.colcon_core.environment:checking '/home/akshat/atom_projects/Hexapod/install/gz_ros2_control_tests' for CMake module files
[1.303s] DEBUG:colcon.colcon_core.event_handler.log_command:Invoked command in '/home/akshat/atom_projects/Hexapod/build/gz_ros2_control_tests' returned '0': CMAKE_PREFIX_PATH=/home/akshat/atom_projects/Hexapod/install/ign_ros2_control:/home/akshat/atom_projects/Hexapod/install/ign_ros2_control_demos:/home/akshat/atom_projects/Hexapod/install/gz_ros2_control_tests:/home/akshat/atom_projects/Hexapod/install/hexapod_description:/home/akshat/Desktop/atom_aud/install/selection_task:/opt/ros/humble /usr/bin/cmake --install /home/akshat/atom_projects/Hexapod/build/gz_ros2_control_tests
[1.305s] Level 1:colcon.colcon_core.environment:checking '/home/akshat/atom_projects/Hexapod/install/gz_ros2_control_tests' for CMake config files
[1.305s] Level 1:colcon.colcon_core.shell:create_environment_hook('gz_ros2_control_tests', 'cmake_prefix_path')
[1.305s] INFO:colcon.colcon_core.shell:Creating environment hook '/home/akshat/atom_projects/Hexapod/install/gz_ros2_control_tests/share/gz_ros2_control_tests/hook/cmake_prefix_path.ps1'
[1.306s] INFO:colcon.colcon_core.shell:Creating environment descriptor '/home/akshat/atom_projects/Hexapod/install/gz_ros2_control_tests/share/gz_ros2_control_tests/hook/cmake_prefix_path.dsv'
[1.306s] INFO:colcon.colcon_core.shell:Creating environment hook '/home/akshat/atom_projects/Hexapod/install/gz_ros2_control_tests/share/gz_ros2_control_tests/hook/cmake_prefix_path.sh'
[1.307s] Level 1:colcon.colcon_core.environment:checking '/home/akshat/atom_projects/Hexapod/install/gz_ros2_control_tests/lib'
[1.307s] Level 1:colcon.colcon_core.environment:checking '/home/akshat/atom_projects/Hexapod/install/gz_ros2_control_tests/bin'
[1.307s] Level 1:colcon.colcon_core.environment:checking '/home/akshat/atom_projects/Hexapod/install/gz_ros2_control_tests/lib/pkgconfig/gz_ros2_control_tests.pc'
[1.307s] Level 1:colcon.colcon_core.environment:checking '/home/akshat/atom_projects/Hexapod/install/gz_ros2_control_tests/lib/python3.10/site-packages'
[1.308s] Level 1:colcon.colcon_core.environment:checking '/home/akshat/atom_projects/Hexapod/install/gz_ros2_control_tests/bin'
[1.308s] INFO:colcon.colcon_core.shell:Creating package script '/home/akshat/atom_projects/Hexapod/install/gz_ros2_control_tests/share/gz_ros2_control_tests/package.ps1'
[1.308s] INFO:colcon.colcon_core.shell:Creating package descriptor '/home/akshat/atom_projects/Hexapod/install/gz_ros2_control_tests/share/gz_ros2_control_tests/package.dsv'
[1.309s] INFO:colcon.colcon_core.shell:Creating package script '/home/akshat/atom_projects/Hexapod/install/gz_ros2_control_tests/share/gz_ros2_control_tests/package.sh'
[1.309s] INFO:colcon.colcon_core.shell:Creating package script '/home/akshat/atom_projects/Hexapod/install/gz_ros2_control_tests/share/gz_ros2_control_tests/package.bash'
[1.309s] INFO:colcon.colcon_core.shell:Creating package script '/home/akshat/atom_projects/Hexapod/install/gz_ros2_control_tests/share/gz_ros2_control_tests/package.zsh'
[1.310s] Level 1:colcon.colcon_core.environment:create_file_with_runtime_dependencies(/home/akshat/atom_projects/Hexapod/install/gz_ros2_control_tests/share/colcon-core/packages/gz_ros2_control_tests)
[1.318s] Level 1:colcon.colcon_core.environment:create_environment_scripts_only(ign_ros2_control_demos)
[1.319s] Level 1:colcon.colcon_core.environment:checking '/home/akshat/atom_projects/Hexapod/install/ign_ros2_control_demos' for CMake module files
[1.320s] DEBUG:colcon.colcon_core.event_handler.log_command:Invoked command in '/home/akshat/atom_projects/Hexapod/build/ign_ros2_control_demos' returned '0': CMAKE_PREFIX_PATH=/home/akshat/atom_projects/Hexapod/install/ign_ros2_control:/home/akshat/atom_projects/Hexapod/install/ign_ros2_control_demos:/home/akshat/atom_projects/Hexapod/install/gz_ros2_control_tests:/home/akshat/atom_projects/Hexapod/install/hexapod_description:/home/akshat/Desktop/atom_aud/install/selection_task:/opt/ros/humble /usr/bin/cmake --install /home/akshat/atom_projects/Hexapod/build/ign_ros2_control_demos
[1.320s] Level 1:colcon.colcon_core.environment:checking '/home/akshat/atom_projects/Hexapod/install/ign_ros2_control_demos' for CMake config files
[1.321s] Level 1:colcon.colcon_core.shell:create_environment_hook('ign_ros2_control_demos', 'cmake_prefix_path')
[1.322s] INFO:colcon.colcon_core.shell:Creating environment hook '/home/akshat/atom_projects/Hexapod/install/ign_ros2_control_demos/share/ign_ros2_control_demos/hook/cmake_prefix_path.ps1'
[1.323s] INFO:colcon.colcon_core.shell:Creating environment descriptor '/home/akshat/atom_projects/Hexapod/install/ign_ros2_control_demos/share/ign_ros2_control_demos/hook/cmake_prefix_path.dsv'
[1.323s] INFO:colcon.colcon_core.shell:Creating environment hook '/home/akshat/atom_projects/Hexapod/install/ign_ros2_control_demos/share/ign_ros2_control_demos/hook/cmake_prefix_path.sh'
[1.325s] Level 1:colcon.colcon_core.environment:checking '/home/akshat/atom_projects/Hexapod/install/ign_ros2_control_demos/lib'
[1.325s] Level 1:colcon.colcon_core.environment:checking '/home/akshat/atom_projects/Hexapod/install/ign_ros2_control_demos/bin'
[1.325s] Level 1:colcon.colcon_core.environment:checking '/home/akshat/atom_projects/Hexapod/install/ign_ros2_control_demos/lib/pkgconfig/ign_ros2_control_demos.pc'
[1.325s] Level 1:colcon.colcon_core.environment:checking '/home/akshat/atom_projects/Hexapod/install/ign_ros2_control_demos/lib/python3.10/site-packages'
[1.325s] Level 1:colcon.colcon_core.environment:checking '/home/akshat/atom_projects/Hexapod/install/ign_ros2_control_demos/bin'
[1.326s] INFO:colcon.colcon_core.shell:Creating package script '/home/akshat/atom_projects/Hexapod/install/ign_ros2_control_demos/share/ign_ros2_control_demos/package.ps1'
[1.326s] INFO:colcon.colcon_core.shell:Creating package descriptor '/home/akshat/atom_projects/Hexapod/install/ign_ros2_control_demos/share/ign_ros2_control_demos/package.dsv'
[1.327s] INFO:colcon.colcon_core.shell:Creating package script '/home/akshat/atom_projects/Hexapod/install/ign_ros2_control_demos/share/ign_ros2_control_demos/package.sh'
[1.327s] INFO:colcon.colcon_core.shell:Creating package script '/home/akshat/atom_projects/Hexapod/install/ign_ros2_control_demos/share/ign_ros2_control_demos/package.bash'
[1.328s] INFO:colcon.colcon_core.shell:Creating package script '/home/akshat/atom_projects/Hexapod/install/ign_ros2_control_demos/share/ign_ros2_control_demos/package.zsh'
[1.328s] Level 1:colcon.colcon_core.environment:create_file_with_runtime_dependencies(/home/akshat/atom_projects/Hexapod/install/ign_ros2_control_demos/share/colcon-core/packages/ign_ros2_control_demos)
[1.345s] Level 1:colcon.colcon_core.environment:create_environment_scripts_only(gz_ros2_control_tests)
[1.346s] Level 1:colcon.colcon_core.environment:checking '/home/akshat/atom_projects/Hexapod/install/gz_ros2_control_tests' for CMake module files
[1.346s] Level 1:colcon.colcon_core.environment:checking '/home/akshat/atom_projects/Hexapod/install/gz_ros2_control_tests' for CMake config files
[1.346s] Level 1:colcon.colcon_core.shell:create_environment_hook('gz_ros2_control_tests', 'cmake_prefix_path')
[1.347s] INFO:colcon.colcon_core.shell:Creating environment hook '/home/akshat/atom_projects/Hexapod/install/gz_ros2_control_tests/share/gz_ros2_control_tests/hook/cmake_prefix_path.ps1'
[1.347s] INFO:colcon.colcon_core.shell:Creating environment descriptor '/home/akshat/atom_projects/Hexapod/install/gz_ros2_control_tests/share/gz_ros2_control_tests/hook/cmake_prefix_path.dsv'
[1.348s] INFO:colcon.colcon_core.shell:Creating environment hook '/home/akshat/atom_projects/Hexapod/install/gz_ros2_control_tests/share/gz_ros2_control_tests/hook/cmake_prefix_path.sh'
[1.349s] Level 1:colcon.colcon_core.environment:checking '/home/akshat/atom_projects/Hexapod/install/gz_ros2_control_tests/lib'
[1.349s] Level 1:colcon.colcon_core.environment:checking '/home/akshat/atom_projects/Hexapod/install/gz_ros2_control_tests/bin'
[1.350s] Level 1:colcon.colcon_core.environment:checking '/home/akshat/atom_projects/Hexapod/install/gz_ros2_control_tests/lib/pkgconfig/gz_ros2_control_tests.pc'
[1.350s] Level 1:colcon.colcon_core.environment:checking '/home/akshat/atom_projects/Hexapod/install/gz_ros2_control_tests/lib/python3.10/site-packages'
[1.350s] Level 1:colcon.colcon_core.environment:checking '/home/akshat/atom_projects/Hexapod/install/gz_ros2_control_tests/bin'
[1.350s] INFO:colcon.colcon_core.shell:Creating package script '/home/akshat/atom_projects/Hexapod/install/gz_ros2_control_tests/share/gz_ros2_control_tests/package.ps1'
[1.351s] INFO:colcon.colcon_core.shell:Creating package descriptor '/home/akshat/atom_projects/Hexapod/install/gz_ros2_control_tests/share/gz_ros2_control_tests/package.dsv'
[1.352s] INFO:colcon.colcon_core.shell:Creating package script '/home/akshat/atom_projects/Hexapod/install/gz_ros2_control_tests/share/gz_ros2_control_tests/package.sh'
[1.352s] INFO:colcon.colcon_core.shell:Creating package script '/home/akshat/atom_projects/Hexapod/install/gz_ros2_control_tests/share/gz_ros2_control_tests/package.bash'
[1.352s] INFO:colcon.colcon_core.shell:Creating package script '/home/akshat/atom_projects/Hexapod/install/gz_ros2_control_tests/share/gz_ros2_control_tests/package.zsh'
[1.353s] Level 1:colcon.colcon_core.environment:create_file_with_runtime_dependencies(/home/akshat/atom_projects/Hexapod/install/gz_ros2_control_tests/share/colcon-core/packages/gz_ros2_control_tests)
[1.383s] Level 1:colcon.colcon_core.environment:create_environment_scripts_only(ign_ros2_control_demos)
[1.384s] Level 1:colcon.colcon_core.environment:checking '/home/akshat/atom_projects/Hexapod/install/ign_ros2_control_demos' for CMake module files
[1.384s] Level 1:colcon.colcon_core.environment:checking '/home/akshat/atom_projects/Hexapod/install/ign_ros2_control_demos' for CMake config files
[1.385s] Level 1:colcon.colcon_core.shell:create_environment_hook('ign_ros2_control_demos', 'cmake_prefix_path')
[1.385s] INFO:colcon.colcon_core.shell:Creating environment hook '/home/akshat/atom_projects/Hexapod/install/ign_ros2_control_demos/share/ign_ros2_control_demos/hook/cmake_prefix_path.ps1'
[1.386s] INFO:colcon.colcon_core.shell:Creating environment descriptor '/home/akshat/atom_projects/Hexapod/install/ign_ros2_control_demos/share/ign_ros2_control_demos/hook/cmake_prefix_path.dsv'
[1.386s] INFO:colcon.colcon_core.shell:Creating environment hook '/home/akshat/atom_projects/Hexapod/install/ign_ros2_control_demos/share/ign_ros2_control_demos/hook/cmake_prefix_path.sh'
[1.387s] Level 1:colcon.colcon_core.environment:checking '/home/akshat/atom_projects/Hexapod/install/ign_ros2_control_demos/lib'
[1.387s] Level 1:colcon.colcon_core.environment:checking '/home/akshat/atom_projects/Hexapod/install/ign_ros2_control_demos/bin'
[1.387s] Level 1:colcon.colcon_core.environment:checking '/home/akshat/atom_projects/Hexapod/install/ign_ros2_control_demos/lib/pkgconfig/ign_ros2_control_demos.pc'
[1.387s] Level 1:colcon.colcon_core.environment:checking '/home/akshat/atom_projects/Hexapod/install/ign_ros2_control_demos/lib/python3.10/site-packages'
[1.387s] Level 1:colcon.colcon_core.environment:checking '/home/akshat/atom_projects/Hexapod/install/ign_ros2_control_demos/bin'
[1.388s] INFO:colcon.colcon_core.shell:Creating package script '/home/akshat/atom_projects/Hexapod/install/ign_ros2_control_demos/share/ign_ros2_control_demos/package.ps1'
[1.389s] INFO:colcon.colcon_core.shell:Creating package descriptor '/home/akshat/atom_projects/Hexapod/install/ign_ros2_control_demos/share/ign_ros2_control_demos/package.dsv'
[1.389s] INFO:colcon.colcon_core.shell:Creating package script '/home/akshat/atom_projects/Hexapod/install/ign_ros2_control_demos/share/ign_ros2_control_demos/package.sh'
[1.389s] INFO:colcon.colcon_core.shell:Creating package script '/home/akshat/atom_projects/Hexapod/install/ign_ros2_control_demos/share/ign_ros2_control_demos/package.bash'
[1.390s] INFO:colcon.colcon_core.shell:Creating package script '/home/akshat/atom_projects/Hexapod/install/ign_ros2_control_demos/share/ign_ros2_control_demos/package.zsh'
[1.391s] Level 1:colcon.colcon_core.environment:create_file_with_runtime_dependencies(/home/akshat/atom_projects/Hexapod/install/ign_ros2_control_demos/share/colcon-core/packages/ign_ros2_control_demos)
[1.514s] DEBUG:colcon.colcon_core.event_handler.log_command:Invoking command in '/home/akshat/atom_projects/Hexapod/build/hexapod_description': PYTHONPATH=/home/akshat/atom_projects/Hexapod/build/hexapod_description/prefix_override:/home/akshat/atom_projects/Hexapod/install/hexapod_description/lib/python3.10/site-packages:${PYTHONPATH} /usr/bin/python3 -W ignore:setup.py install is deprecated setup.py develop --editable --build-directory /home/akshat/atom_projects/Hexapod/build/hexapod_description/build --no-deps symlink_data
[2.161s] Level 1:colcon.colcon_core.shell:create_environment_hook('hexapod_description', 'pythonpath_develop')
[2.162s] INFO:colcon.colcon_core.shell:Creating environment hook '/home/akshat/atom_projects/Hexapod/build/hexapod_description/share/hexapod_description/hook/pythonpath_develop.ps1'
[2.163s] DEBUG:colcon.colcon_core.event_handler.log_command:Invoked command in '/home/akshat/atom_projects/Hexapod/build/hexapod_description' returned '0': PYTHONPATH=/home/akshat/atom_projects/Hexapod/build/hexapod_description/prefix_override:/home/akshat/atom_projects/Hexapod/install/hexapod_description/lib/python3.10/site-packages:${PYTHONPATH} /usr/bin/python3 -W ignore:setup.py install is deprecated setup.py develop --editable --build-directory /home/akshat/atom_projects/Hexapod/build/hexapod_description/build --no-deps symlink_data
[2.163s] INFO:colcon.colcon_core.shell:Creating environment descriptor '/home/akshat/atom_projects/Hexapod/build/hexapod_description/share/hexapod_description/hook/pythonpath_develop.dsv'
[2.163s] INFO:colcon.colcon_core.shell:Creating environment hook '/home/akshat/atom_projects/Hexapod/build/hexapod_description/share/hexapod_description/hook/pythonpath_develop.sh'
[2.164s] Level 1:colcon.colcon_core.environment:checking '/home/akshat/atom_projects/Hexapod/install/hexapod_description' for CMake module files
[2.164s] Level 1:colcon.colcon_core.environment:checking '/home/akshat/atom_projects/Hexapod/install/hexapod_description' for CMake config files
[2.165s] Level 1:colcon.colcon_core.environment:checking '/home/akshat/atom_projects/Hexapod/install/hexapod_description/lib'
[2.165s] Level 1:colcon.colcon_core.environment:checking '/home/akshat/atom_projects/Hexapod/install/hexapod_description/bin'
[2.165s] Level 1:colcon.colcon_core.environment:checking '/home/akshat/atom_projects/Hexapod/install/hexapod_description/lib/pkgconfig/hexapod_description.pc'
[2.165s] Level 1:colcon.colcon_core.environment:checking '/home/akshat/atom_projects/Hexapod/install/hexapod_description/lib/python3.10/site-packages'
[2.165s] Level 1:colcon.colcon_core.shell:create_environment_hook('hexapod_description', 'pythonpath')
[2.165s] INFO:colcon.colcon_core.shell:Creating environment hook '/home/akshat/atom_projects/Hexapod/install/hexapod_description/share/hexapod_description/hook/pythonpath.ps1'
[2.166s] INFO:colcon.colcon_core.shell:Creating environment descriptor '/home/akshat/atom_projects/Hexapod/install/hexapod_description/share/hexapod_description/hook/pythonpath.dsv'
[2.166s] INFO:colcon.colcon_core.shell:Creating environment hook '/home/akshat/atom_projects/Hexapod/install/hexapod_description/share/hexapod_description/hook/pythonpath.sh'
[2.166s] Level 1:colcon.colcon_core.environment:checking '/home/akshat/atom_projects/Hexapod/install/hexapod_description/bin'
[2.166s] Level 1:colcon.colcon_core.environment:create_environment_scripts_only(hexapod_description)
[2.167s] INFO:colcon.colcon_core.shell:Creating package script '/home/akshat/atom_projects/Hexapod/install/hexapod_description/share/hexapod_description/package.ps1'
[2.167s] INFO:colcon.colcon_core.shell:Creating package descriptor '/home/akshat/atom_projects/Hexapod/install/hexapod_description/share/hexapod_description/package.dsv'
[2.168s] INFO:colcon.colcon_core.shell:Creating package script '/home/akshat/atom_projects/Hexapod/install/hexapod_description/share/hexapod_description/package.sh'
[2.169s] INFO:colcon.colcon_core.shell:Creating package script '/home/akshat/atom_projects/Hexapod/install/hexapod_description/share/hexapod_description/package.bash'
[2.169s] INFO:colcon.colcon_core.shell:Creating package script '/home/akshat/atom_projects/Hexapod/install/hexapod_description/share/hexapod_description/package.zsh'
[2.169s] Level 1:colcon.colcon_core.environment:create_file_with_runtime_dependencies(/home/akshat/atom_projects/Hexapod/install/hexapod_description/share/colcon-core/packages/hexapod_description)
[2.170s] DEBUG:colcon.colcon_parallel_executor.executor.parallel:closing loop
[2.170s] DEBUG:colcon.colcon_parallel_executor.executor.parallel:loop closed
[2.170s] DEBUG:colcon.colcon_parallel_executor.executor.parallel:run_until_complete finished with '0'
[2.170s] DEBUG:colcon.colcon_core.event_reactor:joining thread
[2.176s] INFO:colcon.colcon_core.plugin_system:Skipping extension 'colcon_notification.desktop_notification.terminal_notifier': Not used on non-Darwin systems
[2.177s] INFO:colcon.colcon_core.plugin_system:Skipping extension 'colcon_notification.desktop_notification.win32': Not used on non-Windows systems
[2.177s] INFO:colcon.colcon_notification.desktop_notification:Sending desktop notification using 'notify2'
[2.195s] DEBUG:colcon.colcon_core.event_reactor:joined thread
[2.196s] INFO:colcon.colcon_core.shell:Creating prefix script '/home/akshat/atom_projects/Hexapod/install/local_setup.ps1'
[2.197s] INFO:colcon.colcon_core.shell:Creating prefix util module '/home/akshat/atom_projects/Hexapod/install/_local_setup_util_ps1.py'
[2.199s] INFO:colcon.colcon_core.shell:Creating prefix chain script '/home/akshat/atom_projects/Hexapod/install/setup.ps1'
[2.200s] INFO:colcon.colcon_core.shell:Creating prefix script '/home/akshat/atom_projects/Hexapod/install/local_setup.sh'
[2.200s] INFO:colcon.colcon_core.shell:Creating prefix util module '/home/akshat/atom_projects/Hexapod/install/_local_setup_util_sh.py'
[2.201s] INFO:colcon.colcon_core.shell:Creating prefix chain script '/home/akshat/atom_projects/Hexapod/install/setup.sh'
[2.202s] INFO:colcon.colcon_core.shell:Creating prefix script '/home/akshat/atom_projects/Hexapod/install/local_setup.bash'
[2.203s] INFO:colcon.colcon_core.shell:Creating prefix chain script '/home/akshat/atom_projects/Hexapod/install/setup.bash'
[2.205s] INFO:colcon.colcon_core.shell:Creating prefix script '/home/akshat/atom_projects/Hexapod/install/local_setup.zsh'
[2.206s] INFO:colcon.colcon_core.shell:Creating prefix chain script '/home/akshat/atom_projects/Hexapod/install/setup.zsh'
