[0.011s] Invoking command in '/workspaces/hexapod_ws/build/hexapod_description': CMAKE_PREFIX_PATH=/opt/ros/humble /usr/bin/cmake /workspaces/hexapod_ws/src/hexapod_description -DAMENT_CMAKE_SYMLINK_INSTALL=1 -DCMAKE_INSTALL_PREFIX=/workspaces/hexapod_ws/install/hexapod_description
[0.130s] -- The C compiler identification is GNU 11.4.0
[0.214s] -- The CXX compiler identification is GNU 11.4.0
[0.226s] -- Detecting C compiler ABI info
[0.309s] -- Detecting C compiler ABI info - done
[0.316s] -- Check for working C compiler: /usr/bin/cc - skipped
[0.316s] -- Detecting C compile features
[0.316s] -- Detecting C compile features - done
[0.319s] -- Detecting CXX compiler ABI info
[0.410s] -- Detecting CXX compiler ABI info - done
[0.418s] -- Check for working CXX compiler: /usr/bin/c++ - skipped
[0.418s] -- Detecting CXX compile features
[0.419s] -- Detecting CXX compile features - done
[0.422s] -- Found ament_cmake: 1.3.9 (/opt/ros/humble/share/ament_cmake/cmake)
[0.588s] -- Found Python3: /usr/bin/python3 (found version "3.10.12") found components: Interpreter 
[0.654s] -- Override CMake install command with custom implementation using symlinks instead of copying resources
[0.708s] -- Found rclpy: 3.3.13 (/opt/ros/humble/share/rclpy/cmake)
[0.711s] -- Found rclcpp: 16.0.9 (/opt/ros/humble/share/rclcpp/cmake)
[0.783s] -- Found rosidl_generator_c: 3.1.5 (/opt/ros/humble/share/rosidl_generator_c/cmake)
[0.790s] -- Found rosidl_adapter: 3.1.5 (/opt/ros/humble/share/rosidl_adapter/cmake)
[0.805s] -- Found rosidl_generator_cpp: 3.1.5 (/opt/ros/humble/share/rosidl_generator_cpp/cmake)
[0.828s] -- Using all available rosidl_typesupport_c: rosidl_typesupport_fastrtps_c;rosidl_typesupport_introspection_c
[0.855s] -- Using all available rosidl_typesupport_cpp: rosidl_typesupport_fastrtps_cpp;rosidl_typesupport_introspection_cpp
[0.946s] -- Found rmw_implementation_cmake: 6.1.2 (/opt/ros/humble/share/rmw_implementation_cmake/cmake)
[0.951s] -- Found rmw_fastrtps_cpp: 6.2.6 (/opt/ros/humble/share/rmw_fastrtps_cpp/cmake)
[1.113s] -- Found OpenSSL: /usr/lib/x86_64-linux-gnu/libcrypto.so (found version "3.0.2")  
[1.155s] -- Found FastRTPS: /opt/ros/humble/include  
[1.231s] -- Using RMW implementation 'rmw_fastrtps_cpp' as default
[1.242s] -- Looking for pthread.h
[1.333s] -- Looking for pthread.h - found
[1.333s] -- Performing Test CMAKE_HAVE_LIBC_PTHREAD
[1.416s] -- Performing Test CMAKE_HAVE_LIBC_PTHREAD - Success
[1.417s] -- Found Threads: TRUE  
[1.586s] -- Found ros_gz_interfaces: 0.244.12 (/opt/ros/humble/share/ros_gz_interfaces/cmake)
[1.734s] -- Found sensor_msgs: 4.2.4 (/opt/ros/humble/share/sensor_msgs/cmake)
[1.816s] -- Found nav_msgs: 4.2.4 (/opt/ros/humble/share/nav_msgs/cmake)
[1.901s] -- Found tf2: 0.25.7 (/opt/ros/humble/share/tf2/cmake)
[1.929s] -- Found tf2_ros: 0.25.7 (/opt/ros/humble/share/tf2_ros/cmake)
[2.285s] -- Found ament_lint_auto: 0.12.11 (/opt/ros/humble/share/ament_lint_auto/cmake)
[2.372s] -- Added test 'flake8' to check Python code syntax and style conventions
[2.374s] -- Added test 'lint_cmake' to check CMake code style
[2.375s] -- Added test 'pep257' to check Python code against some of the docstring style conventions in PEP 257
[2.378s] -- Added test 'xmllint' to check XML markup files
[2.381s] -- Configuring done
[2.388s] -- Generating done
[2.390s] -- Build files have been written to: /workspaces/hexapod_ws/build/hexapod_description
[2.401s] Invoked command in '/workspaces/hexapod_ws/build/hexapod_description' returned '0': CMAKE_PREFIX_PATH=/opt/ros/humble /usr/bin/cmake /workspaces/hexapod_ws/src/hexapod_description -DAMENT_CMAKE_SYMLINK_INSTALL=1 -DCMAKE_INSTALL_PREFIX=/workspaces/hexapod_ws/install/hexapod_description
[2.403s] Invoking command in '/workspaces/hexapod_ws/build/hexapod_description': CMAKE_PREFIX_PATH=/opt/ros/humble /usr/bin/cmake --build /workspaces/hexapod_ws/build/hexapod_description -- -j12 -l12
[2.456s] Invoked command in '/workspaces/hexapod_ws/build/hexapod_description' returned '0': CMAKE_PREFIX_PATH=/opt/ros/humble /usr/bin/cmake --build /workspaces/hexapod_ws/build/hexapod_description -- -j12 -l12
[2.492s] Invoking command in '/workspaces/hexapod_ws/build/hexapod_description': CMAKE_PREFIX_PATH=/opt/ros/humble /usr/bin/cmake --install /workspaces/hexapod_ws/build/hexapod_description
[2.500s] -- Install configuration: ""
[2.501s] -- Execute custom install script
[2.501s] -- Symlinking: /workspaces/hexapod_ws/install/hexapod_description/share/hexapod_description//config/display.rviz
[2.512s] -- Symlinking: /workspaces/hexapod_ws/install/hexapod_description/share/hexapod_description//launch/hexapod.launch.py
[2.523s] -- Symlinking: /workspaces/hexapod_ws/install/hexapod_description/share/hexapod_description//launch/robot.launch.py
[2.533s] -- Symlinking: /workspaces/hexapod_ws/install/hexapod_description/share/hexapod_description//launch/rviz.launch.py
[2.544s] -- Symlinking: /workspaces/hexapod_ws/install/hexapod_description/share/hexapod_description//meshes/base_link.stl
[2.555s] -- Symlinking: /workspaces/hexapod_ws/install/hexapod_description/share/hexapod_description//meshes/leg_1_link_1_1.stl
[2.565s] -- Symlinking: /workspaces/hexapod_ws/install/hexapod_description/share/hexapod_description//meshes/leg_1_link_2_1.stl
[2.576s] -- Symlinking: /workspaces/hexapod_ws/install/hexapod_description/share/hexapod_description//meshes/leg_1_link_3_1.stl
[2.586s] -- Symlinking: /workspaces/hexapod_ws/install/hexapod_description/share/hexapod_description//meshes/leg_2_link_1_1.stl
[2.596s] -- Symlinking: /workspaces/hexapod_ws/install/hexapod_description/share/hexapod_description//meshes/leg_2_link_2_1.stl
[2.607s] -- Symlinking: /workspaces/hexapod_ws/install/hexapod_description/share/hexapod_description//meshes/leg_2_link_3__1.stl
[2.618s] -- Symlinking: /workspaces/hexapod_ws/install/hexapod_description/share/hexapod_description//meshes/leg_3_link_1_1.stl
[2.630s] -- Symlinking: /workspaces/hexapod_ws/install/hexapod_description/share/hexapod_description//meshes/leg_3_link_2_1.stl
[2.641s] -- Symlinking: /workspaces/hexapod_ws/install/hexapod_description/share/hexapod_description//meshes/leg_3_link_3_1.stl
[2.652s] -- Symlinking: /workspaces/hexapod_ws/install/hexapod_description/share/hexapod_description//meshes/leg_4_link_1_1.stl
[2.663s] -- Symlinking: /workspaces/hexapod_ws/install/hexapod_description/share/hexapod_description//meshes/leg_4_link_2_1.stl
[2.673s] -- Symlinking: /workspaces/hexapod_ws/install/hexapod_description/share/hexapod_description//meshes/leg_4_link_3_1.stl
[2.684s] -- Symlinking: /workspaces/hexapod_ws/install/hexapod_description/share/hexapod_description//meshes/leg_5_link_1_1.stl
[2.694s] -- Symlinking: /workspaces/hexapod_ws/install/hexapod_description/share/hexapod_description//meshes/leg_5_link_3_1.stl
[2.705s] -- Symlinking: /workspaces/hexapod_ws/install/hexapod_description/share/hexapod_description//meshes/leg_5_llink_2_1.stl
[2.715s] -- Symlinking: /workspaces/hexapod_ws/install/hexapod_description/share/hexapod_description//meshes/leg_6_link_1_1.stl
[2.725s] -- Symlinking: /workspaces/hexapod_ws/install/hexapod_description/share/hexapod_description//meshes/leg_6_link_2_1.stl
[2.736s] -- Symlinking: /workspaces/hexapod_ws/install/hexapod_description/share/hexapod_description//meshes/leg_6_link_3_1.stl
[2.747s] -- Symlinking: /workspaces/hexapod_ws/install/hexapod_description/share/hexapod_description//urdf/hexapod.gazebo
[2.759s] -- Symlinking: /workspaces/hexapod_ws/install/hexapod_description/share/hexapod_description//urdf/hexapod.trans
[2.770s] -- Symlinking: /workspaces/hexapod_ws/install/hexapod_description/share/hexapod_description//urdf/hexapod.xacro
[2.781s] -- Symlinking: /workspaces/hexapod_ws/install/hexapod_description/share/hexapod_description//urdf/materials.xacro
[2.791s] -- Symlinking: /workspaces/hexapod_ws/install/hexapod_description/share/ament_index/resource_index/package_run_dependencies/hexapod_description
[2.802s] -- Symlinking: /workspaces/hexapod_ws/install/hexapod_description/share/ament_index/resource_index/parent_prefix_path/hexapod_description
[2.812s] -- Symlinking: /workspaces/hexapod_ws/install/hexapod_description/share/hexapod_description/environment/ament_prefix_path.sh
[2.822s] -- Symlinking: /workspaces/hexapod_ws/install/hexapod_description/share/hexapod_description/environment/ament_prefix_path.dsv
[2.832s] -- Symlinking: /workspaces/hexapod_ws/install/hexapod_description/share/hexapod_description/environment/path.sh
[2.844s] -- Symlinking: /workspaces/hexapod_ws/install/hexapod_description/share/hexapod_description/environment/path.dsv
[2.855s] -- Symlinking: /workspaces/hexapod_ws/install/hexapod_description/share/hexapod_description/local_setup.bash
[2.865s] -- Symlinking: /workspaces/hexapod_ws/install/hexapod_description/share/hexapod_description/local_setup.sh
[2.876s] -- Symlinking: /workspaces/hexapod_ws/install/hexapod_description/share/hexapod_description/local_setup.zsh
[2.886s] -- Symlinking: /workspaces/hexapod_ws/install/hexapod_description/share/hexapod_description/local_setup.dsv
[2.898s] -- Symlinking: /workspaces/hexapod_ws/install/hexapod_description/share/hexapod_description/package.dsv
[2.908s] -- Symlinking: /workspaces/hexapod_ws/install/hexapod_description/share/ament_index/resource_index/packages/hexapod_description
[2.918s] -- Symlinking: /workspaces/hexapod_ws/install/hexapod_description/share/hexapod_description/cmake/hexapod_descriptionConfig.cmake
[2.929s] -- Symlinking: /workspaces/hexapod_ws/install/hexapod_description/share/hexapod_description/cmake/hexapod_descriptionConfig-version.cmake
[2.940s] -- Symlinking: /workspaces/hexapod_ws/install/hexapod_description/share/hexapod_description/package.xml
[2.953s] Invoked command in '/workspaces/hexapod_ws/build/hexapod_description' returned '0': CMAKE_PREFIX_PATH=/opt/ros/humble /usr/bin/cmake --install /workspaces/hexapod_ws/build/hexapod_description
