[0.013s] Invoking command in '/home/akshat/atom_projects/Hexapod/build/ign_ros2_control_demos': CMAKE_PREFIX_PATH=/home/akshat/atom_projects/Hexapod/install/ign_ros2_control:/home/akshat/atom_projects/Hexapod/install/ign_ros2_control_demos:/home/akshat/atom_projects/Hexapod/install/gz_ros2_control_tests:/home/akshat/atom_projects/Hexapod/install/hexapod_description:/home/akshat/Desktop/atom_aud/install/selection_task:/opt/ros/humble /usr/bin/cmake --build /home/akshat/atom_projects/Hexapod/build/ign_ros2_control_demos -- -j12 -l12
[0.104s] [ 33%] Built target example_tricycle_drive
[0.105s] [ 33%] Built target example_velocity
[0.105s] [ 50%] Built target example_effort
[0.108s] [ 83%] Built target example_diff_drive
[0.108s] [ 83%] Built target example_position
[0.113s] [100%] Built target example_gripper
[0.133s] Invoked command in '/home/akshat/atom_projects/Hexapod/build/ign_ros2_control_demos' returned '0': CMAKE_PREFIX_PATH=/home/akshat/atom_projects/Hexapod/install/ign_ros2_control:/home/akshat/atom_projects/Hexapod/install/ign_ros2_control_demos:/home/akshat/atom_projects/Hexapod/install/gz_ros2_control_tests:/home/akshat/atom_projects/Hexapod/install/hexapod_description:/home/akshat/Desktop/atom_aud/install/selection_task:/opt/ros/humble /usr/bin/cmake --build /home/akshat/atom_projects/Hexapod/build/ign_ros2_control_demos -- -j12 -l12
[0.190s] Invoking command in '/home/akshat/atom_projects/Hexapod/build/ign_ros2_control_demos': CMAKE_PREFIX_PATH=/home/akshat/atom_projects/Hexapod/install/ign_ros2_control:/home/akshat/atom_projects/Hexapod/install/ign_ros2_control_demos:/home/akshat/atom_projects/Hexapod/install/gz_ros2_control_tests:/home/akshat/atom_projects/Hexapod/install/hexapod_description:/home/akshat/Desktop/atom_aud/install/selection_task:/opt/ros/humble /usr/bin/cmake --install /home/akshat/atom_projects/Hexapod/build/ign_ros2_control_demos
[0.201s] -- Install configuration: ""
[0.201s] -- Execute custom install script
[0.202s] -- Up-to-date symlink: /home/akshat/atom_projects/Hexapod/install/ign_ros2_control_demos/share/ign_ros2_control_demos//launch/cart_example_effort.launch.py
[0.202s] -- Up-to-date symlink: /home/akshat/atom_projects/Hexapod/install/ign_ros2_control_demos/share/ign_ros2_control_demos//launch/cart_example_position.launch.py
[0.202s] -- Up-to-date symlink: /home/akshat/atom_projects/Hexapod/install/ign_ros2_control_demos/share/ign_ros2_control_demos//launch/cart_example_velocity.launch.py
[0.202s] -- Up-to-date symlink: /home/akshat/atom_projects/Hexapod/install/ign_ros2_control_demos/share/ign_ros2_control_demos//launch/diff_drive_example.launch.py
[0.203s] -- Up-to-date symlink: /home/akshat/atom_projects/Hexapod/install/ign_ros2_control_demos/share/ign_ros2_control_demos//launch/gripper_mimic_joint_example.launch.py
[0.203s] -- Up-to-date symlink: /home/akshat/atom_projects/Hexapod/install/ign_ros2_control_demos/share/ign_ros2_control_demos//launch/tricycle_drive_example.launch.py
[0.203s] -- Up-to-date symlink: /home/akshat/atom_projects/Hexapod/install/ign_ros2_control_demos/share/ign_ros2_control_demos//config/cart_controller_effort.yaml
[0.203s] -- Up-to-date symlink: /home/akshat/atom_projects/Hexapod/install/ign_ros2_control_demos/share/ign_ros2_control_demos//config/cart_controller_position.yaml
[0.203s] -- Up-to-date symlink: /home/akshat/atom_projects/Hexapod/install/ign_ros2_control_demos/share/ign_ros2_control_demos//config/cart_controller_velocity.yaml
[0.203s] -- Up-to-date symlink: /home/akshat/atom_projects/Hexapod/install/ign_ros2_control_demos/share/ign_ros2_control_demos//config/diff_drive_controller_velocity.yaml
[0.204s] -- Up-to-date symlink: /home/akshat/atom_projects/Hexapod/install/ign_ros2_control_demos/share/ign_ros2_control_demos//config/gripper_controller.yaml
[0.204s] -- Up-to-date symlink: /home/akshat/atom_projects/Hexapod/install/ign_ros2_control_demos/share/ign_ros2_control_demos//config/tricycle_drive_controller.yaml
[0.204s] -- Up-to-date symlink: /home/akshat/atom_projects/Hexapod/install/ign_ros2_control_demos/share/ign_ros2_control_demos//urdf/test_cart_effort.xacro.urdf
[0.204s] -- Up-to-date symlink: /home/akshat/atom_projects/Hexapod/install/ign_ros2_control_demos/share/ign_ros2_control_demos//urdf/test_cart_position.xacro.urdf
[0.204s] -- Up-to-date symlink: /home/akshat/atom_projects/Hexapod/install/ign_ros2_control_demos/share/ign_ros2_control_demos//urdf/test_cart_velocity.xacro.urdf
[0.205s] -- Up-to-date symlink: /home/akshat/atom_projects/Hexapod/install/ign_ros2_control_demos/share/ign_ros2_control_demos//urdf/test_diff_drive.xacro.urdf
[0.205s] -- Up-to-date symlink: /home/akshat/atom_projects/Hexapod/install/ign_ros2_control_demos/share/ign_ros2_control_demos//urdf/test_gripper_mimic_joint.xacro.urdf
[0.205s] -- Up-to-date symlink: /home/akshat/atom_projects/Hexapod/install/ign_ros2_control_demos/share/ign_ros2_control_demos//urdf/test_tricycle_drive.xacro.urdf
[0.205s] -- Up-to-date symlink: /home/akshat/atom_projects/Hexapod/install/ign_ros2_control_demos/lib/ign_ros2_control_demos/example_position
[0.205s] -- Up-to-date symlink: /home/akshat/atom_projects/Hexapod/install/ign_ros2_control_demos/lib/ign_ros2_control_demos/example_velocity
[0.206s] -- Up-to-date symlink: /home/akshat/atom_projects/Hexapod/install/ign_ros2_control_demos/lib/ign_ros2_control_demos/example_effort
[0.206s] -- Up-to-date symlink: /home/akshat/atom_projects/Hexapod/install/ign_ros2_control_demos/lib/ign_ros2_control_demos/example_diff_drive
[0.206s] -- Up-to-date symlink: /home/akshat/atom_projects/Hexapod/install/ign_ros2_control_demos/lib/ign_ros2_control_demos/example_tricycle_drive
[0.206s] -- Up-to-date symlink: /home/akshat/atom_projects/Hexapod/install/ign_ros2_control_demos/lib/ign_ros2_control_demos/example_gripper
[0.206s] -- Up-to-date symlink: /home/akshat/atom_projects/Hexapod/install/ign_ros2_control_demos/share/ament_index/resource_index/package_run_dependencies/ign_ros2_control_demos
[0.206s] -- Up-to-date symlink: /home/akshat/atom_projects/Hexapod/install/ign_ros2_control_demos/share/ament_index/resource_index/parent_prefix_path/ign_ros2_control_demos
[0.207s] -- Up-to-date symlink: /home/akshat/atom_projects/Hexapod/install/ign_ros2_control_demos/share/ign_ros2_control_demos/environment/ament_prefix_path.sh
[0.207s] -- Up-to-date symlink: /home/akshat/atom_projects/Hexapod/install/ign_ros2_control_demos/share/ign_ros2_control_demos/environment/ament_prefix_path.dsv
[0.207s] -- Up-to-date symlink: /home/akshat/atom_projects/Hexapod/install/ign_ros2_control_demos/share/ign_ros2_control_demos/environment/path.sh
[0.207s] -- Up-to-date symlink: /home/akshat/atom_projects/Hexapod/install/ign_ros2_control_demos/share/ign_ros2_control_demos/environment/path.dsv
[0.208s] -- Up-to-date symlink: /home/akshat/atom_projects/Hexapod/install/ign_ros2_control_demos/share/ign_ros2_control_demos/local_setup.bash
[0.209s] -- Up-to-date symlink: /home/akshat/atom_projects/Hexapod/install/ign_ros2_control_demos/share/ign_ros2_control_demos/local_setup.sh
[0.209s] -- Up-to-date symlink: /home/akshat/atom_projects/Hexapod/install/ign_ros2_control_demos/share/ign_ros2_control_demos/local_setup.zsh
[0.209s] -- Up-to-date symlink: /home/akshat/atom_projects/Hexapod/install/ign_ros2_control_demos/share/ign_ros2_control_demos/local_setup.dsv
[0.209s] -- Symlinking: /home/akshat/atom_projects/Hexapod/install/ign_ros2_control_demos/share/ign_ros2_control_demos/package.dsv
[0.225s] -- Up-to-date symlink: /home/akshat/atom_projects/Hexapod/install/ign_ros2_control_demos/share/ament_index/resource_index/packages/ign_ros2_control_demos
[0.226s] -- Up-to-date symlink: /home/akshat/atom_projects/Hexapod/install/ign_ros2_control_demos/share/ign_ros2_control_demos/cmake/ign_ros2_control_demosConfig.cmake
[0.226s] -- Up-to-date symlink: /home/akshat/atom_projects/Hexapod/install/ign_ros2_control_demos/share/ign_ros2_control_demos/cmake/ign_ros2_control_demosConfig-version.cmake
[0.226s] -- Up-to-date symlink: /home/akshat/atom_projects/Hexapod/install/ign_ros2_control_demos/share/ign_ros2_control_demos/package.xml
[0.229s] Invoked command in '/home/akshat/atom_projects/Hexapod/build/ign_ros2_control_demos' returned '0': CMAKE_PREFIX_PATH=/home/akshat/atom_projects/Hexapod/install/ign_ros2_control:/home/akshat/atom_projects/Hexapod/install/ign_ros2_control_demos:/home/akshat/atom_projects/Hexapod/install/gz_ros2_control_tests:/home/akshat/atom_projects/Hexapod/install/hexapod_description:/home/akshat/Desktop/atom_aud/install/selection_task:/opt/ros/humble /usr/bin/cmake --install /home/akshat/atom_projects/Hexapod/build/ign_ros2_control_demos
