[0.269s] DEBUG:colcon:Command line arguments: ['/usr/bin/colcon', 'build', '--symlink-install']
[0.269s] DEBUG:colcon:Parsed command line arguments: Namespace(log_base=None, log_level=None, verb_name='build', build_base='build', install_base='install', merge_install=False, symlink_install=True, test_result_base=None, continue_on_error=False, executor='parallel', parallel_workers=12, event_handlers=None, ignore_user_meta=False, metas=['./colcon.meta'], base_paths=['.'], packages_ignore=None, packages_ignore_regex=None, paths=None, packages_up_to=None, packages_up_to_regex=None, packages_above=None, packages_above_and_dependencies=None, packages_above_depth=None, packages_select_by_dep=None, packages_skip_by_dep=None, packages_skip_up_to=None, packages_select_build_failed=False, packages_skip_build_finished=False, packages_select_test_failures=False, packages_skip_test_passed=False, packages_select=None, packages_skip=None, packages_select_regex=None, packages_skip_regex=None, packages_start=None, packages_end=None, allow_overriding=[], cmake_args=None, cmake_target=None, cmake_target_skip_unavailable=False, cmake_clean_cache=False, cmake_clean_first=False, cmake_force_configure=False, ament_cmake_args=None, catkin_cmake_args=None, catkin_skip_building_tests=False, verb_parser=<colcon_defaults.argument_parser.defaults.DefaultArgumentsDecorator object at 0x7a955153df00>, verb_extension=<colcon_core.verb.build.BuildVerb object at 0x7a9551632aa0>, main=<bound method BuildVerb.main of <colcon_core.verb.build.BuildVerb object at 0x7a9551632aa0>>)
[0.607s] Level 1:colcon.colcon_core.package_discovery:discover_packages(colcon_meta) check parameters
[0.607s] Level 1:colcon.colcon_core.package_discovery:discover_packages(recursive) check parameters
[0.607s] Level 1:colcon.colcon_core.package_discovery:discover_packages(ignore) check parameters
[0.607s] Level 1:colcon.colcon_core.package_discovery:discover_packages(path) check parameters
[0.607s] Level 1:colcon.colcon_core.package_discovery:discover_packages(colcon_meta) discover
[0.607s] Level 1:colcon.colcon_core.package_discovery:discover_packages(recursive) discover
[0.607s] INFO:colcon.colcon_core.package_discovery:Crawling recursively for packages in '/home/akshat/atom_projects/Hexapod'
[0.607s] Level 1:colcon.colcon_core.package_identification:_identify(.) by extensions ['ignore', 'ignore_ament_install']
[0.607s] Level 1:colcon.colcon_core.package_identification:_identify(.) by extension 'ignore'
[0.608s] Level 1:colcon.colcon_core.package_identification:_identify(.) by extension 'ignore_ament_install'
[0.608s] Level 1:colcon.colcon_core.package_identification:_identify(.) by extensions ['colcon_pkg']
[0.608s] Level 1:colcon.colcon_core.package_identification:_identify(.) by extension 'colcon_pkg'
[0.608s] Level 1:colcon.colcon_core.package_identification:_identify(.) by extensions ['colcon_meta']
[0.608s] Level 1:colcon.colcon_core.package_identification:_identify(.) by extension 'colcon_meta'
[0.608s] Level 1:colcon.colcon_core.package_identification:_identify(.) by extensions ['ros']
[0.608s] Level 1:colcon.colcon_core.package_identification:_identify(.) by extension 'ros'
[0.635s] Level 1:colcon.colcon_core.package_identification:_identify(.) by extensions ['cmake', 'python']
[0.635s] Level 1:colcon.colcon_core.package_identification:_identify(.) by extension 'cmake'
[0.635s] Level 1:colcon.colcon_core.package_identification:_identify(.) by extension 'python'
[0.635s] Level 1:colcon.colcon_core.package_identification:_identify(.) by extensions ['python_setup_py']
[0.635s] Level 1:colcon.colcon_core.package_identification:_identify(.) by extension 'python_setup_py'
[0.635s] Level 1:colcon.colcon_core.package_identification:_identify(build) by extensions ['ignore', 'ignore_ament_install']
[0.635s] Level 1:colcon.colcon_core.package_identification:_identify(build) by extension 'ignore'
[0.636s] Level 1:colcon.colcon_core.package_identification:_identify(build) ignored
[0.636s] Level 1:colcon.colcon_core.package_identification:_identify(install) by extensions ['ignore', 'ignore_ament_install']
[0.636s] Level 1:colcon.colcon_core.package_identification:_identify(install) by extension 'ignore'
[0.636s] Level 1:colcon.colcon_core.package_identification:_identify(install) ignored
[0.636s] Level 1:colcon.colcon_core.package_identification:_identify(log) by extensions ['ignore', 'ignore_ament_install']
[0.636s] Level 1:colcon.colcon_core.package_identification:_identify(log) by extension 'ignore'
[0.636s] Level 1:colcon.colcon_core.package_identification:_identify(log) ignored
[0.636s] Level 1:colcon.colcon_core.package_identification:_identify(src) by extensions ['ignore', 'ignore_ament_install']
[0.636s] Level 1:colcon.colcon_core.package_identification:_identify(src) by extension 'ignore'
[0.636s] Level 1:colcon.colcon_core.package_identification:_identify(src) by extension 'ignore_ament_install'
[0.636s] Level 1:colcon.colcon_core.package_identification:_identify(src) by extensions ['colcon_pkg']
[0.636s] Level 1:colcon.colcon_core.package_identification:_identify(src) by extension 'colcon_pkg'
[0.636s] Level 1:colcon.colcon_core.package_identification:_identify(src) by extensions ['colcon_meta']
[0.636s] Level 1:colcon.colcon_core.package_identification:_identify(src) by extension 'colcon_meta'
[0.637s] Level 1:colcon.colcon_core.package_identification:_identify(src) by extensions ['ros']
[0.637s] Level 1:colcon.colcon_core.package_identification:_identify(src) by extension 'ros'
[0.637s] Level 1:colcon.colcon_core.package_identification:_identify(src) by extensions ['cmake', 'python']
[0.637s] Level 1:colcon.colcon_core.package_identification:_identify(src) by extension 'cmake'
[0.637s] Level 1:colcon.colcon_core.package_identification:_identify(src) by extension 'python'
[0.637s] Level 1:colcon.colcon_core.package_identification:_identify(src) by extensions ['python_setup_py']
[0.637s] Level 1:colcon.colcon_core.package_identification:_identify(src) by extension 'python_setup_py'
[0.637s] Level 1:colcon.colcon_core.package_identification:_identify(src/hexapod_description) by extensions ['ignore', 'ignore_ament_install']
[0.637s] Level 1:colcon.colcon_core.package_identification:_identify(src/hexapod_description) by extension 'ignore'
[0.637s] Level 1:colcon.colcon_core.package_identification:_identify(src/hexapod_description) by extension 'ignore_ament_install'
[0.637s] Level 1:colcon.colcon_core.package_identification:_identify(src/hexapod_description) by extensions ['colcon_pkg']
[0.637s] Level 1:colcon.colcon_core.package_identification:_identify(src/hexapod_description) by extension 'colcon_pkg'
[0.637s] Level 1:colcon.colcon_core.package_identification:_identify(src/hexapod_description) by extensions ['colcon_meta']
[0.637s] Level 1:colcon.colcon_core.package_identification:_identify(src/hexapod_description) by extension 'colcon_meta'
[0.637s] Level 1:colcon.colcon_core.package_identification:_identify(src/hexapod_description) by extensions ['ros']
[0.637s] Level 1:colcon.colcon_core.package_identification:_identify(src/hexapod_description) by extension 'ros'
[0.641s] DEBUG:colcon.colcon_core.package_identification:Package 'src/hexapod_description' with type 'ros.ament_python' and name 'hexapod_description'
[0.641s] Level 1:colcon.colcon_core.package_discovery:discover_packages(recursive) using defaults
[0.641s] Level 1:colcon.colcon_core.package_discovery:discover_packages(ignore) discover
[0.641s] Level 1:colcon.colcon_core.package_discovery:discover_packages(ignore) using defaults
[0.641s] Level 1:colcon.colcon_core.package_discovery:discover_packages(path) discover
[0.641s] Level 1:colcon.colcon_core.package_discovery:discover_packages(path) using defaults
[0.669s] Level 1:colcon.colcon_core.package_discovery:discover_packages(prefix_path) check parameters
[0.669s] Level 1:colcon.colcon_core.package_discovery:discover_packages(prefix_path) discover
[0.672s] DEBUG:colcon.colcon_installed_package_information.package_discovery:Found 1 installed packages in /home/akshat/atom_projects/Hexapod/install
[0.673s] DEBUG:colcon.colcon_installed_package_information.package_discovery:Found 1 installed packages in /home/akshat/Desktop/atom_aud/install
[0.676s] DEBUG:colcon.colcon_installed_package_information.package_discovery:Found 288 installed packages in /opt/ros/humble
[0.677s] Level 1:colcon.colcon_core.package_discovery:discover_packages(prefix_path) using defaults
[0.741s] Level 5:colcon.colcon_core.verb:set package 'hexapod_description' build argument 'cmake_args' from command line to 'None'
[0.741s] Level 5:colcon.colcon_core.verb:set package 'hexapod_description' build argument 'cmake_target' from command line to 'None'
[0.741s] Level 5:colcon.colcon_core.verb:set package 'hexapod_description' build argument 'cmake_target_skip_unavailable' from command line to 'False'
[0.741s] Level 5:colcon.colcon_core.verb:set package 'hexapod_description' build argument 'cmake_clean_cache' from command line to 'False'
[0.741s] Level 5:colcon.colcon_core.verb:set package 'hexapod_description' build argument 'cmake_clean_first' from command line to 'False'
[0.741s] Level 5:colcon.colcon_core.verb:set package 'hexapod_description' build argument 'cmake_force_configure' from command line to 'False'
[0.741s] Level 5:colcon.colcon_core.verb:set package 'hexapod_description' build argument 'ament_cmake_args' from command line to 'None'
[0.741s] Level 5:colcon.colcon_core.verb:set package 'hexapod_description' build argument 'catkin_cmake_args' from command line to 'None'
[0.741s] Level 5:colcon.colcon_core.verb:set package 'hexapod_description' build argument 'catkin_skip_building_tests' from command line to 'False'
[0.741s] DEBUG:colcon.colcon_core.verb:Building package 'hexapod_description' with the following arguments: {'ament_cmake_args': None, 'build_base': '/home/akshat/atom_projects/Hexapod/build/hexapod_description', 'catkin_cmake_args': None, 'catkin_skip_building_tests': False, 'cmake_args': None, 'cmake_clean_cache': False, 'cmake_clean_first': False, 'cmake_force_configure': False, 'cmake_target': None, 'cmake_target_skip_unavailable': False, 'install_base': '/home/akshat/atom_projects/Hexapod/install/hexapod_description', 'merge_install': False, 'path': '/home/akshat/atom_projects/Hexapod/src/hexapod_description', 'symlink_install': True, 'test_result_base': None}
[0.741s] INFO:colcon.colcon_core.executor:Executing jobs using 'parallel' executor
[0.742s] DEBUG:colcon.colcon_parallel_executor.executor.parallel:run_until_complete
[0.742s] INFO:colcon.colcon_ros.task.ament_python.build:Building ROS package in '/home/akshat/atom_projects/Hexapod/src/hexapod_description' with build type 'ament_python'
[0.743s] Level 1:colcon.colcon_core.shell:create_environment_hook('hexapod_description', 'ament_prefix_path')
[0.748s] INFO:colcon.colcon_core.plugin_system:Skipping extension 'colcon_core.shell.bat': Not used on non-Windows systems
[0.748s] INFO:colcon.colcon_core.shell:Creating environment hook '/home/akshat/atom_projects/Hexapod/install/hexapod_description/share/hexapod_description/hook/ament_prefix_path.ps1'
[0.749s] INFO:colcon.colcon_core.shell:Creating environment descriptor '/home/akshat/atom_projects/Hexapod/install/hexapod_description/share/hexapod_description/hook/ament_prefix_path.dsv'
[0.750s] INFO:colcon.colcon_core.shell:Creating environment hook '/home/akshat/atom_projects/Hexapod/install/hexapod_description/share/hexapod_description/hook/ament_prefix_path.sh'
[0.751s] INFO:colcon.colcon_core.shell:Skip shell extension 'powershell' for command environment: Not usable outside of PowerShell
[0.751s] DEBUG:colcon.colcon_core.shell:Skip shell extension 'dsv' for command environment
[1.107s] INFO:colcon.colcon_core.task.python.build:Building Python package in '/home/akshat/atom_projects/Hexapod/src/hexapod_description'
[1.108s] INFO:colcon.colcon_core.shell:Skip shell extension 'powershell' for command environment: Not usable outside of PowerShell
[1.108s] DEBUG:colcon.colcon_core.shell:Skip shell extension 'dsv' for command environment
[1.556s] DEBUG:colcon.colcon_core.event_handler.log_command:Invoking command in '/home/akshat/atom_projects/Hexapod/build/hexapod_description': PYTHONPATH=/home/akshat/atom_projects/Hexapod/build/hexapod_description/prefix_override:/home/akshat/atom_projects/Hexapod/install/hexapod_description/lib/python3.10/site-packages:${PYTHONPATH} /usr/bin/python3 -W ignore:setup.py install is deprecated setup.py develop --editable --build-directory /home/akshat/atom_projects/Hexapod/build/hexapod_description/build --no-deps symlink_data
[2.139s] Level 1:colcon.colcon_core.shell:create_environment_hook('hexapod_description', 'pythonpath_develop')
[2.140s] INFO:colcon.colcon_core.shell:Creating environment hook '/home/akshat/atom_projects/Hexapod/build/hexapod_description/share/hexapod_description/hook/pythonpath_develop.ps1'
[2.140s] DEBUG:colcon.colcon_core.event_handler.log_command:Invoked command in '/home/akshat/atom_projects/Hexapod/build/hexapod_description' returned '0': PYTHONPATH=/home/akshat/atom_projects/Hexapod/build/hexapod_description/prefix_override:/home/akshat/atom_projects/Hexapod/install/hexapod_description/lib/python3.10/site-packages:${PYTHONPATH} /usr/bin/python3 -W ignore:setup.py install is deprecated setup.py develop --editable --build-directory /home/akshat/atom_projects/Hexapod/build/hexapod_description/build --no-deps symlink_data
[2.141s] INFO:colcon.colcon_core.shell:Creating environment descriptor '/home/akshat/atom_projects/Hexapod/build/hexapod_description/share/hexapod_description/hook/pythonpath_develop.dsv'
[2.141s] INFO:colcon.colcon_core.shell:Creating environment hook '/home/akshat/atom_projects/Hexapod/build/hexapod_description/share/hexapod_description/hook/pythonpath_develop.sh'
[2.147s] Level 1:colcon.colcon_core.environment:checking '/home/akshat/atom_projects/Hexapod/install/hexapod_description' for CMake module files
[2.148s] Level 1:colcon.colcon_core.environment:checking '/home/akshat/atom_projects/Hexapod/install/hexapod_description' for CMake config files
[2.148s] Level 1:colcon.colcon_core.environment:checking '/home/akshat/atom_projects/Hexapod/install/hexapod_description/lib'
[2.149s] Level 1:colcon.colcon_core.environment:checking '/home/akshat/atom_projects/Hexapod/install/hexapod_description/bin'
[2.149s] Level 1:colcon.colcon_core.environment:checking '/home/akshat/atom_projects/Hexapod/install/hexapod_description/lib/pkgconfig/hexapod_description.pc'
[2.149s] Level 1:colcon.colcon_core.environment:checking '/home/akshat/atom_projects/Hexapod/install/hexapod_description/lib/python3.10/site-packages'
[2.149s] Level 1:colcon.colcon_core.shell:create_environment_hook('hexapod_description', 'pythonpath')
[2.149s] INFO:colcon.colcon_core.shell:Creating environment hook '/home/akshat/atom_projects/Hexapod/install/hexapod_description/share/hexapod_description/hook/pythonpath.ps1'
[2.149s] INFO:colcon.colcon_core.shell:Creating environment descriptor '/home/akshat/atom_projects/Hexapod/install/hexapod_description/share/hexapod_description/hook/pythonpath.dsv'
[2.150s] INFO:colcon.colcon_core.shell:Creating environment hook '/home/akshat/atom_projects/Hexapod/install/hexapod_description/share/hexapod_description/hook/pythonpath.sh'
[2.150s] Level 1:colcon.colcon_core.environment:checking '/home/akshat/atom_projects/Hexapod/install/hexapod_description/bin'
[2.150s] Level 1:colcon.colcon_core.environment:create_environment_scripts_only(hexapod_description)
[2.150s] INFO:colcon.colcon_core.shell:Creating package script '/home/akshat/atom_projects/Hexapod/install/hexapod_description/share/hexapod_description/package.ps1'
[2.151s] INFO:colcon.colcon_core.shell:Creating package descriptor '/home/akshat/atom_projects/Hexapod/install/hexapod_description/share/hexapod_description/package.dsv'
[2.152s] INFO:colcon.colcon_core.shell:Creating package script '/home/akshat/atom_projects/Hexapod/install/hexapod_description/share/hexapod_description/package.sh'
[2.153s] INFO:colcon.colcon_core.shell:Creating package script '/home/akshat/atom_projects/Hexapod/install/hexapod_description/share/hexapod_description/package.bash'
[2.154s] INFO:colcon.colcon_core.shell:Creating package script '/home/akshat/atom_projects/Hexapod/install/hexapod_description/share/hexapod_description/package.zsh'
[2.155s] Level 1:colcon.colcon_core.environment:create_file_with_runtime_dependencies(/home/akshat/atom_projects/Hexapod/install/hexapod_description/share/colcon-core/packages/hexapod_description)
[2.155s] DEBUG:colcon.colcon_parallel_executor.executor.parallel:closing loop
[2.155s] DEBUG:colcon.colcon_parallel_executor.executor.parallel:loop closed
[2.155s] DEBUG:colcon.colcon_parallel_executor.executor.parallel:run_until_complete finished with '0'
[2.156s] DEBUG:colcon.colcon_core.event_reactor:joining thread
[2.168s] INFO:colcon.colcon_core.plugin_system:Skipping extension 'colcon_notification.desktop_notification.terminal_notifier': Not used on non-Darwin systems
[2.168s] INFO:colcon.colcon_core.plugin_system:Skipping extension 'colcon_notification.desktop_notification.win32': Not used on non-Windows systems
[2.168s] INFO:colcon.colcon_notification.desktop_notification:Sending desktop notification using 'notify2'
[2.229s] DEBUG:colcon.colcon_core.event_reactor:joined thread
[2.230s] INFO:colcon.colcon_core.shell:Creating prefix script '/home/akshat/atom_projects/Hexapod/install/local_setup.ps1'
[2.232s] INFO:colcon.colcon_core.shell:Creating prefix util module '/home/akshat/atom_projects/Hexapod/install/_local_setup_util_ps1.py'
[2.233s] INFO:colcon.colcon_core.shell:Creating prefix chain script '/home/akshat/atom_projects/Hexapod/install/setup.ps1'
[2.234s] INFO:colcon.colcon_core.shell:Creating prefix script '/home/akshat/atom_projects/Hexapod/install/local_setup.sh'
[2.235s] INFO:colcon.colcon_core.shell:Creating prefix util module '/home/akshat/atom_projects/Hexapod/install/_local_setup_util_sh.py'
[2.235s] INFO:colcon.colcon_core.shell:Creating prefix chain script '/home/akshat/atom_projects/Hexapod/install/setup.sh'
[2.236s] INFO:colcon.colcon_core.shell:Creating prefix script '/home/akshat/atom_projects/Hexapod/install/local_setup.bash'
[2.236s] INFO:colcon.colcon_core.shell:Creating prefix chain script '/home/akshat/atom_projects/Hexapod/install/setup.bash'
[2.238s] INFO:colcon.colcon_core.shell:Creating prefix script '/home/akshat/atom_projects/Hexapod/install/local_setup.zsh'
[2.238s] INFO:colcon.colcon_core.shell:Creating prefix chain script '/home/akshat/atom_projects/Hexapod/install/setup.zsh'
