[0.013s] Invoking command in '/home/akshat/atom_projects/Hexapod/build/ign_ros2_control_demos': AMENT_PREFIX_PATH=/home/akshat/atom_projects/Hexapod/install/ign_ros2_control:${AMENT_PREFIX_PATH} CMAKE_PREFIX_PATH=/home/akshat/atom_projects/Hexapod/install/ign_ros2_control:/home/akshat/Desktop/atom_aud/install/selection_task:/opt/ros/humble LD_LIBRARY_PATH=/home/akshat/atom_projects/Hexapod/install/ign_ros2_control/lib:${LD_LIBRARY_PATH} /usr/bin/cmake --build /home/akshat/atom_projects/Hexapod/build/ign_ros2_control_demos -- -j12 -l12
[0.082s] [ 50%] Built target example_diff_drive
[0.082s] [ 50%] Built target example_effort
[0.082s] [ 50%] Built target example_velocity
[0.085s] [ 66%] Built target example_position
[0.088s] [ 83%] Built target example_tricycle_drive
[0.090s] [100%] Built target example_gripper
[0.104s] Invoked command in '/home/akshat/atom_projects/Hexapod/build/ign_ros2_control_demos' returned '0': AMENT_PREFIX_PATH=/home/akshat/atom_projects/Hexapod/install/ign_ros2_control:${AMENT_PREFIX_PATH} CMAKE_PREFIX_PATH=/home/akshat/atom_projects/Hexapod/install/ign_ros2_control:/home/akshat/Desktop/atom_aud/install/selection_task:/opt/ros/humble LD_LIBRARY_PATH=/home/akshat/atom_projects/Hexapod/install/ign_ros2_control/lib:${LD_LIBRARY_PATH} /usr/bin/cmake --build /home/akshat/atom_projects/Hexapod/build/ign_ros2_control_demos -- -j12 -l12
[0.147s] Invoking command in '/home/akshat/atom_projects/Hexapod/build/ign_ros2_control_demos': AMENT_PREFIX_PATH=/home/akshat/atom_projects/Hexapod/install/ign_ros2_control:${AMENT_PREFIX_PATH} CMAKE_PREFIX_PATH=/home/akshat/atom_projects/Hexapod/install/ign_ros2_control:/home/akshat/Desktop/atom_aud/install/selection_task:/opt/ros/humble LD_LIBRARY_PATH=/home/akshat/atom_projects/Hexapod/install/ign_ros2_control/lib:${LD_LIBRARY_PATH} /usr/bin/cmake --install /home/akshat/atom_projects/Hexapod/build/ign_ros2_control_demos
[0.158s] -- Install configuration: ""
[0.159s] -- Execute custom install script
[0.159s] -- Up-to-date symlink: /home/akshat/atom_projects/Hexapod/install/ign_ros2_control_demos/share/ign_ros2_control_demos//launch/cart_example_effort.launch.py
[0.159s] -- Up-to-date symlink: /home/akshat/atom_projects/Hexapod/install/ign_ros2_control_demos/share/ign_ros2_control_demos//launch/cart_example_position.launch.py
[0.160s] -- Up-to-date symlink: /home/akshat/atom_projects/Hexapod/install/ign_ros2_control_demos/share/ign_ros2_control_demos//launch/cart_example_velocity.launch.py
[0.160s] -- Up-to-date symlink: /home/akshat/atom_projects/Hexapod/install/ign_ros2_control_demos/share/ign_ros2_control_demos//launch/diff_drive_example.launch.py
[0.160s] -- Up-to-date symlink: /home/akshat/atom_projects/Hexapod/install/ign_ros2_control_demos/share/ign_ros2_control_demos//launch/gripper_mimic_joint_example.launch.py
[0.160s] -- Up-to-date symlink: /home/akshat/atom_projects/Hexapod/install/ign_ros2_control_demos/share/ign_ros2_control_demos//launch/tricycle_drive_example.launch.py
[0.161s] -- Up-to-date symlink: /home/akshat/atom_projects/Hexapod/install/ign_ros2_control_demos/share/ign_ros2_control_demos//config/cart_controller_effort.yaml
[0.161s] -- Up-to-date symlink: /home/akshat/atom_projects/Hexapod/install/ign_ros2_control_demos/share/ign_ros2_control_demos//config/cart_controller_position.yaml
[0.161s] -- Up-to-date symlink: /home/akshat/atom_projects/Hexapod/install/ign_ros2_control_demos/share/ign_ros2_control_demos//config/cart_controller_velocity.yaml
[0.161s] -- Up-to-date symlink: /home/akshat/atom_projects/Hexapod/install/ign_ros2_control_demos/share/ign_ros2_control_demos//config/diff_drive_controller_velocity.yaml
[0.161s] -- Up-to-date symlink: /home/akshat/atom_projects/Hexapod/install/ign_ros2_control_demos/share/ign_ros2_control_demos//config/gripper_controller.yaml
[0.162s] -- Up-to-date symlink: /home/akshat/atom_projects/Hexapod/install/ign_ros2_control_demos/share/ign_ros2_control_demos//config/tricycle_drive_controller.yaml
[0.162s] -- Up-to-date symlink: /home/akshat/atom_projects/Hexapod/install/ign_ros2_control_demos/share/ign_ros2_control_demos//urdf/test_cart_effort.xacro.urdf
[0.162s] -- Up-to-date symlink: /home/akshat/atom_projects/Hexapod/install/ign_ros2_control_demos/share/ign_ros2_control_demos//urdf/test_cart_position.xacro.urdf
[0.162s] -- Up-to-date symlink: /home/akshat/atom_projects/Hexapod/install/ign_ros2_control_demos/share/ign_ros2_control_demos//urdf/test_cart_velocity.xacro.urdf
[0.162s] -- Up-to-date symlink: /home/akshat/atom_projects/Hexapod/install/ign_ros2_control_demos/share/ign_ros2_control_demos//urdf/test_diff_drive.xacro.urdf
[0.162s] -- Up-to-date symlink: /home/akshat/atom_projects/Hexapod/install/ign_ros2_control_demos/share/ign_ros2_control_demos//urdf/test_gripper_mimic_joint.xacro.urdf
[0.162s] -- Up-to-date symlink: /home/akshat/atom_projects/Hexapod/install/ign_ros2_control_demos/share/ign_ros2_control_demos//urdf/test_tricycle_drive.xacro.urdf
[0.163s] -- Up-to-date symlink: /home/akshat/atom_projects/Hexapod/install/ign_ros2_control_demos/lib/ign_ros2_control_demos/example_position
[0.163s] -- Up-to-date symlink: /home/akshat/atom_projects/Hexapod/install/ign_ros2_control_demos/lib/ign_ros2_control_demos/example_velocity
[0.164s] -- Up-to-date symlink: /home/akshat/atom_projects/Hexapod/install/ign_ros2_control_demos/lib/ign_ros2_control_demos/example_effort
[0.164s] -- Up-to-date symlink: /home/akshat/atom_projects/Hexapod/install/ign_ros2_control_demos/lib/ign_ros2_control_demos/example_diff_drive
[0.164s] -- Up-to-date symlink: /home/akshat/atom_projects/Hexapod/install/ign_ros2_control_demos/lib/ign_ros2_control_demos/example_tricycle_drive
[0.164s] -- Up-to-date symlink: /home/akshat/atom_projects/Hexapod/install/ign_ros2_control_demos/lib/ign_ros2_control_demos/example_gripper
[0.164s] -- Up-to-date symlink: /home/akshat/atom_projects/Hexapod/install/ign_ros2_control_demos/share/ament_index/resource_index/package_run_dependencies/ign_ros2_control_demos
[0.164s] -- Up-to-date symlink: /home/akshat/atom_projects/Hexapod/install/ign_ros2_control_demos/share/ament_index/resource_index/parent_prefix_path/ign_ros2_control_demos
[0.165s] -- Up-to-date symlink: /home/akshat/atom_projects/Hexapod/install/ign_ros2_control_demos/share/ign_ros2_control_demos/environment/ament_prefix_path.sh
[0.166s] -- Up-to-date symlink: /home/akshat/atom_projects/Hexapod/install/ign_ros2_control_demos/share/ign_ros2_control_demos/environment/ament_prefix_path.dsv
[0.166s] -- Up-to-date symlink: /home/akshat/atom_projects/Hexapod/install/ign_ros2_control_demos/share/ign_ros2_control_demos/environment/path.sh
[0.166s] -- Up-to-date symlink: /home/akshat/atom_projects/Hexapod/install/ign_ros2_control_demos/share/ign_ros2_control_demos/environment/path.dsv
[0.166s] -- Up-to-date symlink: /home/akshat/atom_projects/Hexapod/install/ign_ros2_control_demos/share/ign_ros2_control_demos/local_setup.bash
[0.167s] -- Up-to-date symlink: /home/akshat/atom_projects/Hexapod/install/ign_ros2_control_demos/share/ign_ros2_control_demos/local_setup.sh
[0.167s] -- Up-to-date symlink: /home/akshat/atom_projects/Hexapod/install/ign_ros2_control_demos/share/ign_ros2_control_demos/local_setup.zsh
[0.167s] -- Up-to-date symlink: /home/akshat/atom_projects/Hexapod/install/ign_ros2_control_demos/share/ign_ros2_control_demos/local_setup.dsv
[0.167s] -- Symlinking: /home/akshat/atom_projects/Hexapod/install/ign_ros2_control_demos/share/ign_ros2_control_demos/package.dsv
[0.179s] -- Up-to-date symlink: /home/akshat/atom_projects/Hexapod/install/ign_ros2_control_demos/share/ament_index/resource_index/packages/ign_ros2_control_demos
[0.180s] -- Up-to-date symlink: /home/akshat/atom_projects/Hexapod/install/ign_ros2_control_demos/share/ign_ros2_control_demos/cmake/ign_ros2_control_demosConfig.cmake
[0.181s] -- Up-to-date symlink: /home/akshat/atom_projects/Hexapod/install/ign_ros2_control_demos/share/ign_ros2_control_demos/cmake/ign_ros2_control_demosConfig-version.cmake
[0.181s] -- Up-to-date symlink: /home/akshat/atom_projects/Hexapod/install/ign_ros2_control_demos/share/ign_ros2_control_demos/package.xml
[0.185s] Invoked command in '/home/akshat/atom_projects/Hexapod/build/ign_ros2_control_demos' returned '0': AMENT_PREFIX_PATH=/home/akshat/atom_projects/Hexapod/install/ign_ros2_control:${AMENT_PREFIX_PATH} CMAKE_PREFIX_PATH=/home/akshat/atom_projects/Hexapod/install/ign_ros2_control:/home/akshat/Desktop/atom_aud/install/selection_task:/opt/ros/humble LD_LIBRARY_PATH=/home/akshat/atom_projects/Hexapod/install/ign_ros2_control/lib:${LD_LIBRARY_PATH} /usr/bin/cmake --install /home/akshat/atom_projects/Hexapod/build/ign_ros2_control_demos
