[0.122s] DEBUG:colcon:Command line arguments: ['/usr/bin/colcon', 'build', '--symlink-install']
[0.122s] DEBUG:colcon:Parsed command line arguments: Namespace(log_base=None, log_level=None, verb_name='build', build_base='build', install_base='install', merge_install=False, symlink_install=True, test_result_base=None, continue_on_error=False, executor='parallel', parallel_workers=12, event_handlers=None, ignore_user_meta=False, metas=['./colcon.meta'], base_paths=['.'], packages_ignore=None, packages_ignore_regex=None, paths=None, packages_up_to=None, packages_up_to_regex=None, packages_above=None, packages_above_and_dependencies=None, packages_above_depth=None, packages_select_by_dep=None, packages_skip_by_dep=None, packages_skip_up_to=None, packages_select_build_failed=False, packages_skip_build_finished=False, packages_select_test_failures=False, packages_skip_test_passed=False, packages_select=None, packages_skip=None, packages_select_regex=None, packages_skip_regex=None, packages_start=None, packages_end=None, allow_overriding=[], cmake_args=None, cmake_target=None, cmake_target_skip_unavailable=False, cmake_clean_cache=False, cmake_clean_first=False, cmake_force_configure=False, ament_cmake_args=None, catkin_cmake_args=None, catkin_skip_building_tests=False, verb_parser=<colcon_defaults.argument_parser.defaults.DefaultArgumentsDecorator object at 0x7f07a4842b90>, verb_extension=<colcon_core.verb.build.BuildVerb object at 0x7f07a4933730>, main=<bound method BuildVerb.main of <colcon_core.verb.build.BuildVerb object at 0x7f07a4933730>>)
[0.341s] Level 1:colcon.colcon_core.package_discovery:discover_packages(colcon_meta) check parameters
[0.341s] Level 1:colcon.colcon_core.package_discovery:discover_packages(recursive) check parameters
[0.341s] Level 1:colcon.colcon_core.package_discovery:discover_packages(ignore) check parameters
[0.341s] Level 1:colcon.colcon_core.package_discovery:discover_packages(path) check parameters
[0.341s] Level 1:colcon.colcon_core.package_discovery:discover_packages(colcon_meta) discover
[0.341s] Level 1:colcon.colcon_core.package_discovery:discover_packages(recursive) discover
[0.341s] INFO:colcon.colcon_core.package_discovery:Crawling recursively for packages in '/home/akshat/atom_projects/Hexapod'
[0.341s] Level 1:colcon.colcon_core.package_identification:_identify(.) by extensions ['ignore', 'ignore_ament_install']
[0.341s] Level 1:colcon.colcon_core.package_identification:_identify(.) by extension 'ignore'
[0.341s] Level 1:colcon.colcon_core.package_identification:_identify(.) by extension 'ignore_ament_install'
[0.341s] Level 1:colcon.colcon_core.package_identification:_identify(.) by extensions ['colcon_pkg']
[0.341s] Level 1:colcon.colcon_core.package_identification:_identify(.) by extension 'colcon_pkg'
[0.341s] Level 1:colcon.colcon_core.package_identification:_identify(.) by extensions ['colcon_meta']
[0.341s] Level 1:colcon.colcon_core.package_identification:_identify(.) by extension 'colcon_meta'
[0.341s] Level 1:colcon.colcon_core.package_identification:_identify(.) by extensions ['ros']
[0.341s] Level 1:colcon.colcon_core.package_identification:_identify(.) by extension 'ros'
[0.364s] Level 1:colcon.colcon_core.package_identification:_identify(.) by extensions ['cmake', 'python']
[0.364s] Level 1:colcon.colcon_core.package_identification:_identify(.) by extension 'cmake'
[0.364s] Level 1:colcon.colcon_core.package_identification:_identify(.) by extension 'python'
[0.364s] Level 1:colcon.colcon_core.package_identification:_identify(.) by extensions ['python_setup_py']
[0.364s] Level 1:colcon.colcon_core.package_identification:_identify(.) by extension 'python_setup_py'
[0.364s] Level 1:colcon.colcon_core.package_identification:_identify(build) by extensions ['ignore', 'ignore_ament_install']
[0.364s] Level 1:colcon.colcon_core.package_identification:_identify(build) by extension 'ignore'
[0.364s] Level 1:colcon.colcon_core.package_identification:_identify(build) ignored
[0.365s] Level 1:colcon.colcon_core.package_identification:_identify(install) by extensions ['ignore', 'ignore_ament_install']
[0.365s] Level 1:colcon.colcon_core.package_identification:_identify(install) by extension 'ignore'
[0.365s] Level 1:colcon.colcon_core.package_identification:_identify(install) ignored
[0.365s] Level 1:colcon.colcon_core.package_identification:_identify(log) by extensions ['ignore', 'ignore_ament_install']
[0.365s] Level 1:colcon.colcon_core.package_identification:_identify(log) by extension 'ignore'
[0.365s] Level 1:colcon.colcon_core.package_identification:_identify(log) ignored
[0.365s] Level 1:colcon.colcon_core.package_identification:_identify(src) by extensions ['ignore', 'ignore_ament_install']
[0.365s] Level 1:colcon.colcon_core.package_identification:_identify(src) by extension 'ignore'
[0.365s] Level 1:colcon.colcon_core.package_identification:_identify(src) by extension 'ignore_ament_install'
[0.365s] Level 1:colcon.colcon_core.package_identification:_identify(src) by extensions ['colcon_pkg']
[0.365s] Level 1:colcon.colcon_core.package_identification:_identify(src) by extension 'colcon_pkg'
[0.365s] Level 1:colcon.colcon_core.package_identification:_identify(src) by extensions ['colcon_meta']
[0.365s] Level 1:colcon.colcon_core.package_identification:_identify(src) by extension 'colcon_meta'
[0.365s] Level 1:colcon.colcon_core.package_identification:_identify(src) by extensions ['ros']
[0.365s] Level 1:colcon.colcon_core.package_identification:_identify(src) by extension 'ros'
[0.365s] Level 1:colcon.colcon_core.package_identification:_identify(src) by extensions ['cmake', 'python']
[0.365s] Level 1:colcon.colcon_core.package_identification:_identify(src) by extension 'cmake'
[0.365s] Level 1:colcon.colcon_core.package_identification:_identify(src) by extension 'python'
[0.365s] Level 1:colcon.colcon_core.package_identification:_identify(src) by extensions ['python_setup_py']
[0.366s] Level 1:colcon.colcon_core.package_identification:_identify(src) by extension 'python_setup_py'
[0.366s] Level 1:colcon.colcon_core.package_identification:_identify(src/gz_ros2_control) by extensions ['ignore', 'ignore_ament_install']
[0.366s] Level 1:colcon.colcon_core.package_identification:_identify(src/gz_ros2_control) by extension 'ignore'
[0.366s] Level 1:colcon.colcon_core.package_identification:_identify(src/gz_ros2_control) by extension 'ignore_ament_install'
[0.366s] Level 1:colcon.colcon_core.package_identification:_identify(src/gz_ros2_control) by extensions ['colcon_pkg']
[0.366s] Level 1:colcon.colcon_core.package_identification:_identify(src/gz_ros2_control) by extension 'colcon_pkg'
[0.366s] Level 1:colcon.colcon_core.package_identification:_identify(src/gz_ros2_control) by extensions ['colcon_meta']
[0.366s] Level 1:colcon.colcon_core.package_identification:_identify(src/gz_ros2_control) by extension 'colcon_meta'
[0.366s] Level 1:colcon.colcon_core.package_identification:_identify(src/gz_ros2_control) by extensions ['ros']
[0.366s] Level 1:colcon.colcon_core.package_identification:_identify(src/gz_ros2_control) by extension 'ros'
[0.366s] Level 1:colcon.colcon_core.package_identification:_identify(src/gz_ros2_control) by extensions ['cmake', 'python']
[0.366s] Level 1:colcon.colcon_core.package_identification:_identify(src/gz_ros2_control) by extension 'cmake'
[0.366s] Level 1:colcon.colcon_core.package_identification:_identify(src/gz_ros2_control) by extension 'python'
[0.366s] Level 1:colcon.colcon_core.package_identification:_identify(src/gz_ros2_control) by extensions ['python_setup_py']
[0.366s] Level 1:colcon.colcon_core.package_identification:_identify(src/gz_ros2_control) by extension 'python_setup_py'
[0.366s] Level 1:colcon.colcon_core.package_identification:_identify(src/gz_ros2_control/Dockerfile) by extensions ['ignore', 'ignore_ament_install']
[0.366s] Level 1:colcon.colcon_core.package_identification:_identify(src/gz_ros2_control/Dockerfile) by extension 'ignore'
[0.366s] Level 1:colcon.colcon_core.package_identification:_identify(src/gz_ros2_control/Dockerfile) by extension 'ignore_ament_install'
[0.366s] Level 1:colcon.colcon_core.package_identification:_identify(src/gz_ros2_control/Dockerfile) by extensions ['colcon_pkg']
[0.366s] Level 1:colcon.colcon_core.package_identification:_identify(src/gz_ros2_control/Dockerfile) by extension 'colcon_pkg'
[0.366s] Level 1:colcon.colcon_core.package_identification:_identify(src/gz_ros2_control/Dockerfile) by extensions ['colcon_meta']
[0.366s] Level 1:colcon.colcon_core.package_identification:_identify(src/gz_ros2_control/Dockerfile) by extension 'colcon_meta'
[0.366s] Level 1:colcon.colcon_core.package_identification:_identify(src/gz_ros2_control/Dockerfile) by extensions ['ros']
[0.366s] Level 1:colcon.colcon_core.package_identification:_identify(src/gz_ros2_control/Dockerfile) by extension 'ros'
[0.367s] Level 1:colcon.colcon_core.package_identification:_identify(src/gz_ros2_control/Dockerfile) by extensions ['cmake', 'python']
[0.367s] Level 1:colcon.colcon_core.package_identification:_identify(src/gz_ros2_control/Dockerfile) by extension 'cmake'
[0.367s] Level 1:colcon.colcon_core.package_identification:_identify(src/gz_ros2_control/Dockerfile) by extension 'python'
[0.367s] Level 1:colcon.colcon_core.package_identification:_identify(src/gz_ros2_control/Dockerfile) by extensions ['python_setup_py']
[0.367s] Level 1:colcon.colcon_core.package_identification:_identify(src/gz_ros2_control/Dockerfile) by extension 'python_setup_py'
[0.367s] Level 1:colcon.colcon_core.package_identification:_identify(src/gz_ros2_control/doc) by extensions ['ignore', 'ignore_ament_install']
[0.367s] Level 1:colcon.colcon_core.package_identification:_identify(src/gz_ros2_control/doc) by extension 'ignore'
[0.367s] Level 1:colcon.colcon_core.package_identification:_identify(src/gz_ros2_control/doc) by extension 'ignore_ament_install'
[0.367s] Level 1:colcon.colcon_core.package_identification:_identify(src/gz_ros2_control/doc) by extensions ['colcon_pkg']
[0.367s] Level 1:colcon.colcon_core.package_identification:_identify(src/gz_ros2_control/doc) by extension 'colcon_pkg'
[0.367s] Level 1:colcon.colcon_core.package_identification:_identify(src/gz_ros2_control/doc) by extensions ['colcon_meta']
[0.367s] Level 1:colcon.colcon_core.package_identification:_identify(src/gz_ros2_control/doc) by extension 'colcon_meta'
[0.367s] Level 1:colcon.colcon_core.package_identification:_identify(src/gz_ros2_control/doc) by extensions ['ros']
[0.367s] Level 1:colcon.colcon_core.package_identification:_identify(src/gz_ros2_control/doc) by extension 'ros'
[0.367s] Level 1:colcon.colcon_core.package_identification:_identify(src/gz_ros2_control/doc) by extensions ['cmake', 'python']
[0.367s] Level 1:colcon.colcon_core.package_identification:_identify(src/gz_ros2_control/doc) by extension 'cmake'
[0.367s] Level 1:colcon.colcon_core.package_identification:_identify(src/gz_ros2_control/doc) by extension 'python'
[0.367s] Level 1:colcon.colcon_core.package_identification:_identify(src/gz_ros2_control/doc) by extensions ['python_setup_py']
[0.367s] Level 1:colcon.colcon_core.package_identification:_identify(src/gz_ros2_control/doc) by extension 'python_setup_py'
[0.367s] Level 1:colcon.colcon_core.package_identification:_identify(src/gz_ros2_control/doc/img) by extensions ['ignore', 'ignore_ament_install']
[0.367s] Level 1:colcon.colcon_core.package_identification:_identify(src/gz_ros2_control/doc/img) by extension 'ignore'
[0.367s] Level 1:colcon.colcon_core.package_identification:_identify(src/gz_ros2_control/doc/img) by extension 'ignore_ament_install'
[0.368s] Level 1:colcon.colcon_core.package_identification:_identify(src/gz_ros2_control/doc/img) by extensions ['colcon_pkg']
[0.368s] Level 1:colcon.colcon_core.package_identification:_identify(src/gz_ros2_control/doc/img) by extension 'colcon_pkg'
[0.368s] Level 1:colcon.colcon_core.package_identification:_identify(src/gz_ros2_control/doc/img) by extensions ['colcon_meta']
[0.368s] Level 1:colcon.colcon_core.package_identification:_identify(src/gz_ros2_control/doc/img) by extension 'colcon_meta'
[0.368s] Level 1:colcon.colcon_core.package_identification:_identify(src/gz_ros2_control/doc/img) by extensions ['ros']
[0.368s] Level 1:colcon.colcon_core.package_identification:_identify(src/gz_ros2_control/doc/img) by extension 'ros'
[0.368s] Level 1:colcon.colcon_core.package_identification:_identify(src/gz_ros2_control/doc/img) by extensions ['cmake', 'python']
[0.368s] Level 1:colcon.colcon_core.package_identification:_identify(src/gz_ros2_control/doc/img) by extension 'cmake'
[0.368s] Level 1:colcon.colcon_core.package_identification:_identify(src/gz_ros2_control/doc/img) by extension 'python'
[0.368s] Level 1:colcon.colcon_core.package_identification:_identify(src/gz_ros2_control/doc/img) by extensions ['python_setup_py']
[0.368s] Level 1:colcon.colcon_core.package_identification:_identify(src/gz_ros2_control/doc/img) by extension 'python_setup_py'
[0.368s] Level 1:colcon.colcon_core.package_identification:_identify(src/gz_ros2_control/gz_ros2_control_tests) by extensions ['ignore', 'ignore_ament_install']
[0.368s] Level 1:colcon.colcon_core.package_identification:_identify(src/gz_ros2_control/gz_ros2_control_tests) by extension 'ignore'
[0.368s] Level 1:colcon.colcon_core.package_identification:_identify(src/gz_ros2_control/gz_ros2_control_tests) by extension 'ignore_ament_install'
[0.368s] Level 1:colcon.colcon_core.package_identification:_identify(src/gz_ros2_control/gz_ros2_control_tests) by extensions ['colcon_pkg']
[0.368s] Level 1:colcon.colcon_core.package_identification:_identify(src/gz_ros2_control/gz_ros2_control_tests) by extension 'colcon_pkg'
[0.368s] Level 1:colcon.colcon_core.package_identification:_identify(src/gz_ros2_control/gz_ros2_control_tests) by extensions ['colcon_meta']
[0.368s] Level 1:colcon.colcon_core.package_identification:_identify(src/gz_ros2_control/gz_ros2_control_tests) by extension 'colcon_meta'
[0.368s] Level 1:colcon.colcon_core.package_identification:_identify(src/gz_ros2_control/gz_ros2_control_tests) by extensions ['ros']
[0.369s] Level 1:colcon.colcon_core.package_identification:_identify(src/gz_ros2_control/gz_ros2_control_tests) by extension 'ros'
[0.372s] DEBUG:colcon.colcon_core.package_identification:Package 'src/gz_ros2_control/gz_ros2_control_tests' with type 'ros.ament_cmake' and name 'gz_ros2_control_tests'
[0.372s] Level 1:colcon.colcon_core.package_identification:_identify(src/gz_ros2_control/ign_ros2_control) by extensions ['ignore', 'ignore_ament_install']
[0.373s] Level 1:colcon.colcon_core.package_identification:_identify(src/gz_ros2_control/ign_ros2_control) by extension 'ignore'
[0.373s] Level 1:colcon.colcon_core.package_identification:_identify(src/gz_ros2_control/ign_ros2_control) by extension 'ignore_ament_install'
[0.373s] Level 1:colcon.colcon_core.package_identification:_identify(src/gz_ros2_control/ign_ros2_control) by extensions ['colcon_pkg']
[0.373s] Level 1:colcon.colcon_core.package_identification:_identify(src/gz_ros2_control/ign_ros2_control) by extension 'colcon_pkg'
[0.373s] Level 1:colcon.colcon_core.package_identification:_identify(src/gz_ros2_control/ign_ros2_control) by extensions ['colcon_meta']
[0.373s] Level 1:colcon.colcon_core.package_identification:_identify(src/gz_ros2_control/ign_ros2_control) by extension 'colcon_meta'
[0.373s] Level 1:colcon.colcon_core.package_identification:_identify(src/gz_ros2_control/ign_ros2_control) by extensions ['ros']
[0.373s] Level 1:colcon.colcon_core.package_identification:_identify(src/gz_ros2_control/ign_ros2_control) by extension 'ros'
[0.376s] DEBUG:colcon.colcon_core.package_identification:Package 'src/gz_ros2_control/ign_ros2_control' with type 'ros.ament_cmake' and name 'ign_ros2_control'
[0.377s] Level 1:colcon.colcon_core.package_identification:_identify(src/gz_ros2_control/ign_ros2_control_demos) by extensions ['ignore', 'ignore_ament_install']
[0.377s] Level 1:colcon.colcon_core.package_identification:_identify(src/gz_ros2_control/ign_ros2_control_demos) by extension 'ignore'
[0.377s] Level 1:colcon.colcon_core.package_identification:_identify(src/gz_ros2_control/ign_ros2_control_demos) by extension 'ignore_ament_install'
[0.377s] Level 1:colcon.colcon_core.package_identification:_identify(src/gz_ros2_control/ign_ros2_control_demos) by extensions ['colcon_pkg']
[0.377s] Level 1:colcon.colcon_core.package_identification:_identify(src/gz_ros2_control/ign_ros2_control_demos) by extension 'colcon_pkg'
[0.377s] Level 1:colcon.colcon_core.package_identification:_identify(src/gz_ros2_control/ign_ros2_control_demos) by extensions ['colcon_meta']
[0.377s] Level 1:colcon.colcon_core.package_identification:_identify(src/gz_ros2_control/ign_ros2_control_demos) by extension 'colcon_meta'
[0.377s] Level 1:colcon.colcon_core.package_identification:_identify(src/gz_ros2_control/ign_ros2_control_demos) by extensions ['ros']
[0.377s] Level 1:colcon.colcon_core.package_identification:_identify(src/gz_ros2_control/ign_ros2_control_demos) by extension 'ros'
[0.378s] DEBUG:colcon.colcon_core.package_identification:Package 'src/gz_ros2_control/ign_ros2_control_demos' with type 'ros.ament_cmake' and name 'ign_ros2_control_demos'
[0.378s] Level 1:colcon.colcon_core.package_identification:_identify(src/hexapod_description) by extensions ['ignore', 'ignore_ament_install']
[0.378s] Level 1:colcon.colcon_core.package_identification:_identify(src/hexapod_description) by extension 'ignore'
[0.378s] Level 1:colcon.colcon_core.package_identification:_identify(src/hexapod_description) by extension 'ignore_ament_install'
[0.378s] Level 1:colcon.colcon_core.package_identification:_identify(src/hexapod_description) by extensions ['colcon_pkg']
[0.378s] Level 1:colcon.colcon_core.package_identification:_identify(src/hexapod_description) by extension 'colcon_pkg'
[0.378s] Level 1:colcon.colcon_core.package_identification:_identify(src/hexapod_description) by extensions ['colcon_meta']
[0.378s] Level 1:colcon.colcon_core.package_identification:_identify(src/hexapod_description) by extension 'colcon_meta'
[0.378s] Level 1:colcon.colcon_core.package_identification:_identify(src/hexapod_description) by extensions ['ros']
[0.378s] Level 1:colcon.colcon_core.package_identification:_identify(src/hexapod_description) by extension 'ros'
[0.379s] DEBUG:colcon.colcon_core.package_identification:Package 'src/hexapod_description' with type 'ros.ament_python' and name 'hexapod_description'
[0.379s] Level 1:colcon.colcon_core.package_discovery:discover_packages(recursive) using defaults
[0.379s] Level 1:colcon.colcon_core.package_discovery:discover_packages(ignore) discover
[0.379s] Level 1:colcon.colcon_core.package_discovery:discover_packages(ignore) using defaults
[0.379s] Level 1:colcon.colcon_core.package_discovery:discover_packages(path) discover
[0.379s] Level 1:colcon.colcon_core.package_discovery:discover_packages(path) using defaults
[0.399s] Level 1:colcon.colcon_core.package_discovery:discover_packages(prefix_path) check parameters
[0.399s] Level 1:colcon.colcon_core.package_discovery:discover_packages(prefix_path) discover
[0.400s] DEBUG:colcon.colcon_installed_package_information.package_discovery:Found 1 installed packages in /home/akshat/Desktop/atom_aud/install
[0.402s] DEBUG:colcon.colcon_installed_package_information.package_discovery:Found 325 installed packages in /opt/ros/humble
[0.403s] Level 1:colcon.colcon_core.package_discovery:discover_packages(prefix_path) using defaults
[0.443s] Level 5:colcon.colcon_core.verb:set package 'hexapod_description' build argument 'cmake_args' from command line to 'None'
[0.443s] Level 5:colcon.colcon_core.verb:set package 'hexapod_description' build argument 'cmake_target' from command line to 'None'
[0.443s] Level 5:colcon.colcon_core.verb:set package 'hexapod_description' build argument 'cmake_target_skip_unavailable' from command line to 'False'
[0.443s] Level 5:colcon.colcon_core.verb:set package 'hexapod_description' build argument 'cmake_clean_cache' from command line to 'False'
[0.443s] Level 5:colcon.colcon_core.verb:set package 'hexapod_description' build argument 'cmake_clean_first' from command line to 'False'
[0.443s] Level 5:colcon.colcon_core.verb:set package 'hexapod_description' build argument 'cmake_force_configure' from command line to 'False'
[0.443s] Level 5:colcon.colcon_core.verb:set package 'hexapod_description' build argument 'ament_cmake_args' from command line to 'None'
[0.443s] Level 5:colcon.colcon_core.verb:set package 'hexapod_description' build argument 'catkin_cmake_args' from command line to 'None'
[0.443s] Level 5:colcon.colcon_core.verb:set package 'hexapod_description' build argument 'catkin_skip_building_tests' from command line to 'False'
[0.443s] DEBUG:colcon.colcon_core.verb:Building package 'hexapod_description' with the following arguments: {'ament_cmake_args': None, 'build_base': '/home/akshat/atom_projects/Hexapod/build/hexapod_description', 'catkin_cmake_args': None, 'catkin_skip_building_tests': False, 'cmake_args': None, 'cmake_clean_cache': False, 'cmake_clean_first': False, 'cmake_force_configure': False, 'cmake_target': None, 'cmake_target_skip_unavailable': False, 'install_base': '/home/akshat/atom_projects/Hexapod/install/hexapod_description', 'merge_install': False, 'path': '/home/akshat/atom_projects/Hexapod/src/hexapod_description', 'symlink_install': True, 'test_result_base': None}
[0.444s] Level 5:colcon.colcon_core.verb:set package 'ign_ros2_control' build argument 'cmake_args' from command line to 'None'
[0.444s] Level 5:colcon.colcon_core.verb:set package 'ign_ros2_control' build argument 'cmake_target' from command line to 'None'
[0.444s] Level 5:colcon.colcon_core.verb:set package 'ign_ros2_control' build argument 'cmake_target_skip_unavailable' from command line to 'False'
[0.444s] Level 5:colcon.colcon_core.verb:set package 'ign_ros2_control' build argument 'cmake_clean_cache' from command line to 'False'
[0.444s] Level 5:colcon.colcon_core.verb:set package 'ign_ros2_control' build argument 'cmake_clean_first' from command line to 'False'
[0.444s] Level 5:colcon.colcon_core.verb:set package 'ign_ros2_control' build argument 'cmake_force_configure' from command line to 'False'
[0.444s] Level 5:colcon.colcon_core.verb:set package 'ign_ros2_control' build argument 'ament_cmake_args' from command line to 'None'
[0.444s] Level 5:colcon.colcon_core.verb:set package 'ign_ros2_control' build argument 'catkin_cmake_args' from command line to 'None'
[0.444s] Level 5:colcon.colcon_core.verb:set package 'ign_ros2_control' build argument 'catkin_skip_building_tests' from command line to 'False'
[0.444s] DEBUG:colcon.colcon_core.verb:Building package 'ign_ros2_control' with the following arguments: {'ament_cmake_args': None, 'build_base': '/home/akshat/atom_projects/Hexapod/build/ign_ros2_control', 'catkin_cmake_args': None, 'catkin_skip_building_tests': False, 'cmake_args': None, 'cmake_clean_cache': False, 'cmake_clean_first': False, 'cmake_force_configure': False, 'cmake_target': None, 'cmake_target_skip_unavailable': False, 'install_base': '/home/akshat/atom_projects/Hexapod/install/ign_ros2_control', 'merge_install': False, 'path': '/home/akshat/atom_projects/Hexapod/src/gz_ros2_control/ign_ros2_control', 'symlink_install': True, 'test_result_base': None}
[0.444s] Level 5:colcon.colcon_core.verb:set package 'gz_ros2_control_tests' build argument 'cmake_args' from command line to 'None'
[0.444s] Level 5:colcon.colcon_core.verb:set package 'gz_ros2_control_tests' build argument 'cmake_target' from command line to 'None'
[0.444s] Level 5:colcon.colcon_core.verb:set package 'gz_ros2_control_tests' build argument 'cmake_target_skip_unavailable' from command line to 'False'
[0.444s] Level 5:colcon.colcon_core.verb:set package 'gz_ros2_control_tests' build argument 'cmake_clean_cache' from command line to 'False'
[0.444s] Level 5:colcon.colcon_core.verb:set package 'gz_ros2_control_tests' build argument 'cmake_clean_first' from command line to 'False'
[0.444s] Level 5:colcon.colcon_core.verb:set package 'gz_ros2_control_tests' build argument 'cmake_force_configure' from command line to 'False'
[0.444s] Level 5:colcon.colcon_core.verb:set package 'gz_ros2_control_tests' build argument 'ament_cmake_args' from command line to 'None'
[0.444s] Level 5:colcon.colcon_core.verb:set package 'gz_ros2_control_tests' build argument 'catkin_cmake_args' from command line to 'None'
[0.444s] Level 5:colcon.colcon_core.verb:set package 'gz_ros2_control_tests' build argument 'catkin_skip_building_tests' from command line to 'False'
[0.444s] DEBUG:colcon.colcon_core.verb:Building package 'gz_ros2_control_tests' with the following arguments: {'ament_cmake_args': None, 'build_base': '/home/akshat/atom_projects/Hexapod/build/gz_ros2_control_tests', 'catkin_cmake_args': None, 'catkin_skip_building_tests': False, 'cmake_args': None, 'cmake_clean_cache': False, 'cmake_clean_first': False, 'cmake_force_configure': False, 'cmake_target': None, 'cmake_target_skip_unavailable': False, 'install_base': '/home/akshat/atom_projects/Hexapod/install/gz_ros2_control_tests', 'merge_install': False, 'path': '/home/akshat/atom_projects/Hexapod/src/gz_ros2_control/gz_ros2_control_tests', 'symlink_install': True, 'test_result_base': None}
[0.445s] Level 5:colcon.colcon_core.verb:set package 'ign_ros2_control_demos' build argument 'cmake_args' from command line to 'None'
[0.445s] Level 5:colcon.colcon_core.verb:set package 'ign_ros2_control_demos' build argument 'cmake_target' from command line to 'None'
[0.445s] Level 5:colcon.colcon_core.verb:set package 'ign_ros2_control_demos' build argument 'cmake_target_skip_unavailable' from command line to 'False'
[0.445s] Level 5:colcon.colcon_core.verb:set package 'ign_ros2_control_demos' build argument 'cmake_clean_cache' from command line to 'False'
[0.445s] Level 5:colcon.colcon_core.verb:set package 'ign_ros2_control_demos' build argument 'cmake_clean_first' from command line to 'False'
[0.445s] Level 5:colcon.colcon_core.verb:set package 'ign_ros2_control_demos' build argument 'cmake_force_configure' from command line to 'False'
[0.445s] Level 5:colcon.colcon_core.verb:set package 'ign_ros2_control_demos' build argument 'ament_cmake_args' from command line to 'None'
[0.445s] Level 5:colcon.colcon_core.verb:set package 'ign_ros2_control_demos' build argument 'catkin_cmake_args' from command line to 'None'
[0.445s] Level 5:colcon.colcon_core.verb:set package 'ign_ros2_control_demos' build argument 'catkin_skip_building_tests' from command line to 'False'
[0.445s] DEBUG:colcon.colcon_core.verb:Building package 'ign_ros2_control_demos' with the following arguments: {'ament_cmake_args': None, 'build_base': '/home/akshat/atom_projects/Hexapod/build/ign_ros2_control_demos', 'catkin_cmake_args': None, 'catkin_skip_building_tests': False, 'cmake_args': None, 'cmake_clean_cache': False, 'cmake_clean_first': False, 'cmake_force_configure': False, 'cmake_target': None, 'cmake_target_skip_unavailable': False, 'install_base': '/home/akshat/atom_projects/Hexapod/install/ign_ros2_control_demos', 'merge_install': False, 'path': '/home/akshat/atom_projects/Hexapod/src/gz_ros2_control/ign_ros2_control_demos', 'symlink_install': True, 'test_result_base': None}
[0.445s] INFO:colcon.colcon_core.executor:Executing jobs using 'parallel' executor
[0.446s] DEBUG:colcon.colcon_parallel_executor.executor.parallel:run_until_complete
[0.446s] INFO:colcon.colcon_ros.task.ament_cmake.build:Building ROS package in '/home/akshat/atom_projects/Hexapod/src/gz_ros2_control/ign_ros2_control' with build type 'ament_cmake'
[0.446s] INFO:colcon.colcon_cmake.task.cmake.build:Building CMake package in '/home/akshat/atom_projects/Hexapod/src/gz_ros2_control/ign_ros2_control'
[0.448s] INFO:colcon.colcon_core.plugin_system:Skipping extension 'colcon_core.shell.bat': Not used on non-Windows systems
[0.449s] INFO:colcon.colcon_core.shell:Skip shell extension 'powershell' for command environment: Not usable outside of PowerShell
[0.449s] DEBUG:colcon.colcon_core.shell:Skip shell extension 'dsv' for command environment
[0.452s] INFO:colcon.colcon_ros.task.ament_python.build:Building ROS package in '/home/akshat/atom_projects/Hexapod/src/hexapod_description' with build type 'ament_python'
[0.452s] Level 1:colcon.colcon_core.shell:create_environment_hook('hexapod_description', 'ament_prefix_path')
[0.453s] INFO:colcon.colcon_core.shell:Creating environment hook '/home/akshat/atom_projects/Hexapod/install/hexapod_description/share/hexapod_description/hook/ament_prefix_path.ps1'
[0.453s] INFO:colcon.colcon_core.shell:Creating environment descriptor '/home/akshat/atom_projects/Hexapod/install/hexapod_description/share/hexapod_description/hook/ament_prefix_path.dsv'
[0.454s] INFO:colcon.colcon_core.shell:Creating environment hook '/home/akshat/atom_projects/Hexapod/install/hexapod_description/share/hexapod_description/hook/ament_prefix_path.sh'
[0.454s] INFO:colcon.colcon_core.shell:Skip shell extension 'powershell' for command environment: Not usable outside of PowerShell
[0.454s] DEBUG:colcon.colcon_core.shell:Skip shell extension 'dsv' for command environment
[0.468s] DEBUG:colcon.colcon_core.event_handler.log_command:Invoking command in '/home/akshat/atom_projects/Hexapod/build/ign_ros2_control': CMAKE_PREFIX_PATH=/home/akshat/Desktop/atom_aud/install/selection_task:/opt/ros/humble /usr/bin/cmake /home/akshat/atom_projects/Hexapod/src/gz_ros2_control/ign_ros2_control -DAMENT_CMAKE_SYMLINK_INSTALL=1 -DCMAKE_INSTALL_PREFIX=/home/akshat/atom_projects/Hexapod/install/ign_ros2_control
[0.826s] INFO:colcon.colcon_core.task.python.build:Building Python package in '/home/akshat/atom_projects/Hexapod/src/hexapod_description'
[0.827s] INFO:colcon.colcon_core.shell:Skip shell extension 'powershell' for command environment: Not usable outside of PowerShell
[0.827s] DEBUG:colcon.colcon_core.shell:Skip shell extension 'dsv' for command environment
[1.293s] DEBUG:colcon.colcon_core.event_handler.log_command:Invoking command in '/home/akshat/atom_projects/Hexapod/build/hexapod_description': PYTHONPATH=/home/akshat/atom_projects/Hexapod/build/hexapod_description/prefix_override:/home/akshat/atom_projects/Hexapod/install/hexapod_description/lib/python3.10/site-packages:${PYTHONPATH} /usr/bin/python3 -W ignore:setup.py install is deprecated setup.py develop --editable --build-directory /home/akshat/atom_projects/Hexapod/build/hexapod_description/build --no-deps symlink_data
[1.903s] Level 1:colcon.colcon_core.shell:create_environment_hook('hexapod_description', 'pythonpath_develop')
[1.903s] INFO:colcon.colcon_core.shell:Creating environment hook '/home/akshat/atom_projects/Hexapod/build/hexapod_description/share/hexapod_description/hook/pythonpath_develop.ps1'
[1.904s] DEBUG:colcon.colcon_core.event_handler.log_command:Invoked command in '/home/akshat/atom_projects/Hexapod/build/hexapod_description' returned '0': PYTHONPATH=/home/akshat/atom_projects/Hexapod/build/hexapod_description/prefix_override:/home/akshat/atom_projects/Hexapod/install/hexapod_description/lib/python3.10/site-packages:${PYTHONPATH} /usr/bin/python3 -W ignore:setup.py install is deprecated setup.py develop --editable --build-directory /home/akshat/atom_projects/Hexapod/build/hexapod_description/build --no-deps symlink_data
[1.905s] INFO:colcon.colcon_core.shell:Creating environment descriptor '/home/akshat/atom_projects/Hexapod/build/hexapod_description/share/hexapod_description/hook/pythonpath_develop.dsv'
[1.905s] INFO:colcon.colcon_core.shell:Creating environment hook '/home/akshat/atom_projects/Hexapod/build/hexapod_description/share/hexapod_description/hook/pythonpath_develop.sh'
[1.907s] Level 1:colcon.colcon_core.environment:checking '/home/akshat/atom_projects/Hexapod/install/hexapod_description' for CMake module files
[1.907s] Level 1:colcon.colcon_core.environment:checking '/home/akshat/atom_projects/Hexapod/install/hexapod_description' for CMake config files
[1.908s] Level 1:colcon.colcon_core.environment:checking '/home/akshat/atom_projects/Hexapod/install/hexapod_description/lib'
[1.908s] Level 1:colcon.colcon_core.environment:checking '/home/akshat/atom_projects/Hexapod/install/hexapod_description/bin'
[1.908s] Level 1:colcon.colcon_core.environment:checking '/home/akshat/atom_projects/Hexapod/install/hexapod_description/lib/pkgconfig/hexapod_description.pc'
[1.909s] Level 1:colcon.colcon_core.environment:checking '/home/akshat/atom_projects/Hexapod/install/hexapod_description/lib/python3.10/site-packages'
[1.909s] Level 1:colcon.colcon_core.shell:create_environment_hook('hexapod_description', 'pythonpath')
[1.909s] INFO:colcon.colcon_core.shell:Creating environment hook '/home/akshat/atom_projects/Hexapod/install/hexapod_description/share/hexapod_description/hook/pythonpath.ps1'
[1.909s] INFO:colcon.colcon_core.shell:Creating environment descriptor '/home/akshat/atom_projects/Hexapod/install/hexapod_description/share/hexapod_description/hook/pythonpath.dsv'
[1.909s] INFO:colcon.colcon_core.shell:Creating environment hook '/home/akshat/atom_projects/Hexapod/install/hexapod_description/share/hexapod_description/hook/pythonpath.sh'
[1.910s] Level 1:colcon.colcon_core.environment:checking '/home/akshat/atom_projects/Hexapod/install/hexapod_description/bin'
[1.910s] Level 1:colcon.colcon_core.environment:create_environment_scripts_only(hexapod_description)
[1.910s] INFO:colcon.colcon_core.shell:Creating package script '/home/akshat/atom_projects/Hexapod/install/hexapod_description/share/hexapod_description/package.ps1'
[1.911s] INFO:colcon.colcon_core.shell:Creating package descriptor '/home/akshat/atom_projects/Hexapod/install/hexapod_description/share/hexapod_description/package.dsv'
[1.911s] INFO:colcon.colcon_core.shell:Creating package script '/home/akshat/atom_projects/Hexapod/install/hexapod_description/share/hexapod_description/package.sh'
[1.912s] INFO:colcon.colcon_core.shell:Creating package script '/home/akshat/atom_projects/Hexapod/install/hexapod_description/share/hexapod_description/package.bash'
[1.912s] INFO:colcon.colcon_core.shell:Creating package script '/home/akshat/atom_projects/Hexapod/install/hexapod_description/share/hexapod_description/package.zsh'
[1.913s] Level 1:colcon.colcon_core.environment:create_file_with_runtime_dependencies(/home/akshat/atom_projects/Hexapod/install/hexapod_description/share/colcon-core/packages/hexapod_description)
[5.037s] DEBUG:colcon.colcon_core.event_handler.log_command:Invoked command in '/home/akshat/atom_projects/Hexapod/build/ign_ros2_control' returned '0': CMAKE_PREFIX_PATH=/home/akshat/Desktop/atom_aud/install/selection_task:/opt/ros/humble /usr/bin/cmake /home/akshat/atom_projects/Hexapod/src/gz_ros2_control/ign_ros2_control -DAMENT_CMAKE_SYMLINK_INSTALL=1 -DCMAKE_INSTALL_PREFIX=/home/akshat/atom_projects/Hexapod/install/ign_ros2_control
[5.039s] DEBUG:colcon.colcon_core.event_handler.log_command:Invoking command in '/home/akshat/atom_projects/Hexapod/build/ign_ros2_control': CMAKE_PREFIX_PATH=/home/akshat/Desktop/atom_aud/install/selection_task:/opt/ros/humble /usr/bin/cmake --build /home/akshat/atom_projects/Hexapod/build/ign_ros2_control -- -j12 -l12
[19.084s] DEBUG:colcon.colcon_core.event_handler.log_command:Invoked command in '/home/akshat/atom_projects/Hexapod/build/ign_ros2_control' returned '0': CMAKE_PREFIX_PATH=/home/akshat/Desktop/atom_aud/install/selection_task:/opt/ros/humble /usr/bin/cmake --build /home/akshat/atom_projects/Hexapod/build/ign_ros2_control -- -j12 -l12
[19.128s] DEBUG:colcon.colcon_core.event_handler.log_command:Invoking command in '/home/akshat/atom_projects/Hexapod/build/ign_ros2_control': CMAKE_PREFIX_PATH=/home/akshat/Desktop/atom_aud/install/selection_task:/opt/ros/humble /usr/bin/cmake --install /home/akshat/atom_projects/Hexapod/build/ign_ros2_control
[19.430s] Level 1:colcon.colcon_core.environment:create_environment_scripts_only(ign_ros2_control)
[19.431s] Level 1:colcon.colcon_core.environment:checking '/home/akshat/atom_projects/Hexapod/install/ign_ros2_control' for CMake module files
[19.431s] DEBUG:colcon.colcon_core.event_handler.log_command:Invoked command in '/home/akshat/atom_projects/Hexapod/build/ign_ros2_control' returned '0': CMAKE_PREFIX_PATH=/home/akshat/Desktop/atom_aud/install/selection_task:/opt/ros/humble /usr/bin/cmake --install /home/akshat/atom_projects/Hexapod/build/ign_ros2_control
[19.432s] Level 1:colcon.colcon_core.environment:checking '/home/akshat/atom_projects/Hexapod/install/ign_ros2_control' for CMake config files
[19.432s] Level 1:colcon.colcon_core.shell:create_environment_hook('ign_ros2_control', 'cmake_prefix_path')
[19.433s] INFO:colcon.colcon_core.shell:Creating environment hook '/home/akshat/atom_projects/Hexapod/install/ign_ros2_control/share/ign_ros2_control/hook/cmake_prefix_path.ps1'
[19.433s] INFO:colcon.colcon_core.shell:Creating environment descriptor '/home/akshat/atom_projects/Hexapod/install/ign_ros2_control/share/ign_ros2_control/hook/cmake_prefix_path.dsv'
[19.433s] INFO:colcon.colcon_core.shell:Creating environment hook '/home/akshat/atom_projects/Hexapod/install/ign_ros2_control/share/ign_ros2_control/hook/cmake_prefix_path.sh'
[19.434s] Level 1:colcon.colcon_core.environment:checking '/home/akshat/atom_projects/Hexapod/install/ign_ros2_control/lib'
[19.434s] Level 1:colcon.colcon_core.shell:create_environment_hook('ign_ros2_control', 'ld_library_path_lib')
[19.434s] INFO:colcon.colcon_core.shell:Creating environment hook '/home/akshat/atom_projects/Hexapod/install/ign_ros2_control/share/ign_ros2_control/hook/ld_library_path_lib.ps1'
[19.434s] INFO:colcon.colcon_core.shell:Creating environment descriptor '/home/akshat/atom_projects/Hexapod/install/ign_ros2_control/share/ign_ros2_control/hook/ld_library_path_lib.dsv'
[19.435s] INFO:colcon.colcon_core.shell:Creating environment hook '/home/akshat/atom_projects/Hexapod/install/ign_ros2_control/share/ign_ros2_control/hook/ld_library_path_lib.sh'
[19.435s] Level 1:colcon.colcon_core.environment:checking '/home/akshat/atom_projects/Hexapod/install/ign_ros2_control/bin'
[19.435s] Level 1:colcon.colcon_core.environment:checking '/home/akshat/atom_projects/Hexapod/install/ign_ros2_control/lib/pkgconfig/ign_ros2_control.pc'
[19.435s] Level 1:colcon.colcon_core.environment:checking '/home/akshat/atom_projects/Hexapod/install/ign_ros2_control/lib/python3.10/site-packages'
[19.435s] Level 1:colcon.colcon_core.environment:checking '/home/akshat/atom_projects/Hexapod/install/ign_ros2_control/bin'
[19.435s] INFO:colcon.colcon_core.shell:Creating package script '/home/akshat/atom_projects/Hexapod/install/ign_ros2_control/share/ign_ros2_control/package.ps1'
[19.436s] INFO:colcon.colcon_core.shell:Creating package descriptor '/home/akshat/atom_projects/Hexapod/install/ign_ros2_control/share/ign_ros2_control/package.dsv'
[19.436s] INFO:colcon.colcon_core.shell:Creating package script '/home/akshat/atom_projects/Hexapod/install/ign_ros2_control/share/ign_ros2_control/package.sh'
[19.436s] INFO:colcon.colcon_core.shell:Creating package script '/home/akshat/atom_projects/Hexapod/install/ign_ros2_control/share/ign_ros2_control/package.bash'
[19.436s] INFO:colcon.colcon_core.shell:Creating package script '/home/akshat/atom_projects/Hexapod/install/ign_ros2_control/share/ign_ros2_control/package.zsh'
[19.437s] Level 1:colcon.colcon_core.environment:create_file_with_runtime_dependencies(/home/akshat/atom_projects/Hexapod/install/ign_ros2_control/share/colcon-core/packages/ign_ros2_control)
[19.477s] Level 1:colcon.colcon_core.environment:create_environment_scripts_only(ign_ros2_control)
[19.477s] Level 1:colcon.colcon_core.environment:checking '/home/akshat/atom_projects/Hexapod/install/ign_ros2_control' for CMake module files
[19.478s] Level 1:colcon.colcon_core.environment:checking '/home/akshat/atom_projects/Hexapod/install/ign_ros2_control' for CMake config files
[19.478s] Level 1:colcon.colcon_core.shell:create_environment_hook('ign_ros2_control', 'cmake_prefix_path')
[19.479s] INFO:colcon.colcon_core.shell:Creating environment hook '/home/akshat/atom_projects/Hexapod/install/ign_ros2_control/share/ign_ros2_control/hook/cmake_prefix_path.ps1'
[19.479s] INFO:colcon.colcon_core.shell:Creating environment descriptor '/home/akshat/atom_projects/Hexapod/install/ign_ros2_control/share/ign_ros2_control/hook/cmake_prefix_path.dsv'
[19.479s] INFO:colcon.colcon_core.shell:Creating environment hook '/home/akshat/atom_projects/Hexapod/install/ign_ros2_control/share/ign_ros2_control/hook/cmake_prefix_path.sh'
[19.480s] Level 1:colcon.colcon_core.environment:checking '/home/akshat/atom_projects/Hexapod/install/ign_ros2_control/lib'
[19.480s] Level 1:colcon.colcon_core.shell:create_environment_hook('ign_ros2_control', 'ld_library_path_lib')
[19.480s] INFO:colcon.colcon_core.shell:Creating environment hook '/home/akshat/atom_projects/Hexapod/install/ign_ros2_control/share/ign_ros2_control/hook/ld_library_path_lib.ps1'
[19.480s] INFO:colcon.colcon_core.shell:Creating environment descriptor '/home/akshat/atom_projects/Hexapod/install/ign_ros2_control/share/ign_ros2_control/hook/ld_library_path_lib.dsv'
[19.480s] INFO:colcon.colcon_core.shell:Creating environment hook '/home/akshat/atom_projects/Hexapod/install/ign_ros2_control/share/ign_ros2_control/hook/ld_library_path_lib.sh'
[19.481s] Level 1:colcon.colcon_core.environment:checking '/home/akshat/atom_projects/Hexapod/install/ign_ros2_control/bin'
[19.481s] Level 1:colcon.colcon_core.environment:checking '/home/akshat/atom_projects/Hexapod/install/ign_ros2_control/lib/pkgconfig/ign_ros2_control.pc'
[19.481s] Level 1:colcon.colcon_core.environment:checking '/home/akshat/atom_projects/Hexapod/install/ign_ros2_control/lib/python3.10/site-packages'
[19.481s] Level 1:colcon.colcon_core.environment:checking '/home/akshat/atom_projects/Hexapod/install/ign_ros2_control/bin'
[19.481s] INFO:colcon.colcon_core.shell:Creating package script '/home/akshat/atom_projects/Hexapod/install/ign_ros2_control/share/ign_ros2_control/package.ps1'
[19.482s] INFO:colcon.colcon_core.shell:Creating package descriptor '/home/akshat/atom_projects/Hexapod/install/ign_ros2_control/share/ign_ros2_control/package.dsv'
[19.482s] INFO:colcon.colcon_core.shell:Creating package script '/home/akshat/atom_projects/Hexapod/install/ign_ros2_control/share/ign_ros2_control/package.sh'
[19.482s] INFO:colcon.colcon_core.shell:Creating package script '/home/akshat/atom_projects/Hexapod/install/ign_ros2_control/share/ign_ros2_control/package.bash'
[19.483s] INFO:colcon.colcon_core.shell:Creating package script '/home/akshat/atom_projects/Hexapod/install/ign_ros2_control/share/ign_ros2_control/package.zsh'
[19.483s] Level 1:colcon.colcon_core.environment:create_file_with_runtime_dependencies(/home/akshat/atom_projects/Hexapod/install/ign_ros2_control/share/colcon-core/packages/ign_ros2_control)
[19.483s] INFO:colcon.colcon_ros.task.ament_cmake.build:Building ROS package in '/home/akshat/atom_projects/Hexapod/src/gz_ros2_control/gz_ros2_control_tests' with build type 'ament_cmake'
[19.483s] INFO:colcon.colcon_cmake.task.cmake.build:Building CMake package in '/home/akshat/atom_projects/Hexapod/src/gz_ros2_control/gz_ros2_control_tests'
[19.483s] INFO:colcon.colcon_core.shell:Skip shell extension 'powershell' for command environment: Not usable outside of PowerShell
[19.483s] DEBUG:colcon.colcon_core.shell:Skip shell extension 'dsv' for command environment
[19.487s] INFO:colcon.colcon_ros.task.ament_cmake.build:Building ROS package in '/home/akshat/atom_projects/Hexapod/src/gz_ros2_control/ign_ros2_control_demos' with build type 'ament_cmake'
[19.488s] INFO:colcon.colcon_cmake.task.cmake.build:Building CMake package in '/home/akshat/atom_projects/Hexapod/src/gz_ros2_control/ign_ros2_control_demos'
[19.488s] INFO:colcon.colcon_core.shell:Skip shell extension 'powershell' for command environment: Not usable outside of PowerShell
[19.488s] DEBUG:colcon.colcon_core.shell:Skip shell extension 'dsv' for command environment
[19.495s] DEBUG:colcon.colcon_core.event_handler.log_command:Invoking command in '/home/akshat/atom_projects/Hexapod/build/gz_ros2_control_tests': AMENT_PREFIX_PATH=/home/akshat/atom_projects/Hexapod/install/ign_ros2_control:${AMENT_PREFIX_PATH} CMAKE_PREFIX_PATH=/home/akshat/atom_projects/Hexapod/install/ign_ros2_control:/home/akshat/Desktop/atom_aud/install/selection_task:/opt/ros/humble LD_LIBRARY_PATH=/home/akshat/atom_projects/Hexapod/install/ign_ros2_control/lib:${LD_LIBRARY_PATH} /usr/bin/cmake /home/akshat/atom_projects/Hexapod/src/gz_ros2_control/gz_ros2_control_tests -DAMENT_CMAKE_SYMLINK_INSTALL=1 -DCMAKE_INSTALL_PREFIX=/home/akshat/atom_projects/Hexapod/install/gz_ros2_control_tests
[19.497s] DEBUG:colcon.colcon_core.event_handler.log_command:Invoking command in '/home/akshat/atom_projects/Hexapod/build/ign_ros2_control_demos': AMENT_PREFIX_PATH=/home/akshat/atom_projects/Hexapod/install/ign_ros2_control:${AMENT_PREFIX_PATH} CMAKE_PREFIX_PATH=/home/akshat/atom_projects/Hexapod/install/ign_ros2_control:/home/akshat/Desktop/atom_aud/install/selection_task:/opt/ros/humble LD_LIBRARY_PATH=/home/akshat/atom_projects/Hexapod/install/ign_ros2_control/lib:${LD_LIBRARY_PATH} /usr/bin/cmake /home/akshat/atom_projects/Hexapod/src/gz_ros2_control/ign_ros2_control_demos -DAMENT_CMAKE_SYMLINK_INSTALL=1 -DCMAKE_INSTALL_PREFIX=/home/akshat/atom_projects/Hexapod/install/ign_ros2_control_demos
[21.584s] DEBUG:colcon.colcon_core.event_handler.log_command:Invoked command in '/home/akshat/atom_projects/Hexapod/build/ign_ros2_control_demos' returned '0': AMENT_PREFIX_PATH=/home/akshat/atom_projects/Hexapod/install/ign_ros2_control:${AMENT_PREFIX_PATH} CMAKE_PREFIX_PATH=/home/akshat/atom_projects/Hexapod/install/ign_ros2_control:/home/akshat/Desktop/atom_aud/install/selection_task:/opt/ros/humble LD_LIBRARY_PATH=/home/akshat/atom_projects/Hexapod/install/ign_ros2_control/lib:${LD_LIBRARY_PATH} /usr/bin/cmake /home/akshat/atom_projects/Hexapod/src/gz_ros2_control/ign_ros2_control_demos -DAMENT_CMAKE_SYMLINK_INSTALL=1 -DCMAKE_INSTALL_PREFIX=/home/akshat/atom_projects/Hexapod/install/ign_ros2_control_demos
[21.586s] DEBUG:colcon.colcon_core.event_handler.log_command:Invoking command in '/home/akshat/atom_projects/Hexapod/build/ign_ros2_control_demos': AMENT_PREFIX_PATH=/home/akshat/atom_projects/Hexapod/install/ign_ros2_control:${AMENT_PREFIX_PATH} CMAKE_PREFIX_PATH=/home/akshat/atom_projects/Hexapod/install/ign_ros2_control:/home/akshat/Desktop/atom_aud/install/selection_task:/opt/ros/humble LD_LIBRARY_PATH=/home/akshat/atom_projects/Hexapod/install/ign_ros2_control/lib:${LD_LIBRARY_PATH} /usr/bin/cmake --build /home/akshat/atom_projects/Hexapod/build/ign_ros2_control_demos -- -j12 -l12
[21.633s] DEBUG:colcon.colcon_core.event_handler.log_command:Invoked command in '/home/akshat/atom_projects/Hexapod/build/gz_ros2_control_tests' returned '0': AMENT_PREFIX_PATH=/home/akshat/atom_projects/Hexapod/install/ign_ros2_control:${AMENT_PREFIX_PATH} CMAKE_PREFIX_PATH=/home/akshat/atom_projects/Hexapod/install/ign_ros2_control:/home/akshat/Desktop/atom_aud/install/selection_task:/opt/ros/humble LD_LIBRARY_PATH=/home/akshat/atom_projects/Hexapod/install/ign_ros2_control/lib:${LD_LIBRARY_PATH} /usr/bin/cmake /home/akshat/atom_projects/Hexapod/src/gz_ros2_control/gz_ros2_control_tests -DAMENT_CMAKE_SYMLINK_INSTALL=1 -DCMAKE_INSTALL_PREFIX=/home/akshat/atom_projects/Hexapod/install/gz_ros2_control_tests
[21.635s] DEBUG:colcon.colcon_core.event_handler.log_command:Invoking command in '/home/akshat/atom_projects/Hexapod/build/gz_ros2_control_tests': AMENT_PREFIX_PATH=/home/akshat/atom_projects/Hexapod/install/ign_ros2_control:${AMENT_PREFIX_PATH} CMAKE_PREFIX_PATH=/home/akshat/atom_projects/Hexapod/install/ign_ros2_control:/home/akshat/Desktop/atom_aud/install/selection_task:/opt/ros/humble LD_LIBRARY_PATH=/home/akshat/atom_projects/Hexapod/install/ign_ros2_control/lib:${LD_LIBRARY_PATH} /usr/bin/cmake --build /home/akshat/atom_projects/Hexapod/build/gz_ros2_control_tests -- -j12 -l12
[29.633s] DEBUG:colcon.colcon_core.event_handler.log_command:Invoked command in '/home/akshat/atom_projects/Hexapod/build/gz_ros2_control_tests' returned '0': AMENT_PREFIX_PATH=/home/akshat/atom_projects/Hexapod/install/ign_ros2_control:${AMENT_PREFIX_PATH} CMAKE_PREFIX_PATH=/home/akshat/atom_projects/Hexapod/install/ign_ros2_control:/home/akshat/Desktop/atom_aud/install/selection_task:/opt/ros/humble LD_LIBRARY_PATH=/home/akshat/atom_projects/Hexapod/install/ign_ros2_control/lib:${LD_LIBRARY_PATH} /usr/bin/cmake --build /home/akshat/atom_projects/Hexapod/build/gz_ros2_control_tests -- -j12 -l12
[29.663s] DEBUG:colcon.colcon_core.event_handler.log_command:Invoking command in '/home/akshat/atom_projects/Hexapod/build/gz_ros2_control_tests': AMENT_PREFIX_PATH=/home/akshat/atom_projects/Hexapod/install/ign_ros2_control:${AMENT_PREFIX_PATH} CMAKE_PREFIX_PATH=/home/akshat/atom_projects/Hexapod/install/ign_ros2_control:/home/akshat/Desktop/atom_aud/install/selection_task:/opt/ros/humble LD_LIBRARY_PATH=/home/akshat/atom_projects/Hexapod/install/ign_ros2_control/lib:${LD_LIBRARY_PATH} /usr/bin/cmake --install /home/akshat/atom_projects/Hexapod/build/gz_ros2_control_tests
[29.889s] Level 1:colcon.colcon_core.environment:create_environment_scripts_only(gz_ros2_control_tests)
[29.890s] DEBUG:colcon.colcon_core.event_handler.log_command:Invoked command in '/home/akshat/atom_projects/Hexapod/build/gz_ros2_control_tests' returned '0': AMENT_PREFIX_PATH=/home/akshat/atom_projects/Hexapod/install/ign_ros2_control:${AMENT_PREFIX_PATH} CMAKE_PREFIX_PATH=/home/akshat/atom_projects/Hexapod/install/ign_ros2_control:/home/akshat/Desktop/atom_aud/install/selection_task:/opt/ros/humble LD_LIBRARY_PATH=/home/akshat/atom_projects/Hexapod/install/ign_ros2_control/lib:${LD_LIBRARY_PATH} /usr/bin/cmake --install /home/akshat/atom_projects/Hexapod/build/gz_ros2_control_tests
[29.890s] Level 1:colcon.colcon_core.environment:checking '/home/akshat/atom_projects/Hexapod/install/gz_ros2_control_tests' for CMake module files
[29.891s] Level 1:colcon.colcon_core.environment:checking '/home/akshat/atom_projects/Hexapod/install/gz_ros2_control_tests' for CMake config files
[29.891s] Level 1:colcon.colcon_core.shell:create_environment_hook('gz_ros2_control_tests', 'cmake_prefix_path')
[29.892s] INFO:colcon.colcon_core.shell:Creating environment hook '/home/akshat/atom_projects/Hexapod/install/gz_ros2_control_tests/share/gz_ros2_control_tests/hook/cmake_prefix_path.ps1'
[29.892s] INFO:colcon.colcon_core.shell:Creating environment descriptor '/home/akshat/atom_projects/Hexapod/install/gz_ros2_control_tests/share/gz_ros2_control_tests/hook/cmake_prefix_path.dsv'
[29.893s] INFO:colcon.colcon_core.shell:Creating environment hook '/home/akshat/atom_projects/Hexapod/install/gz_ros2_control_tests/share/gz_ros2_control_tests/hook/cmake_prefix_path.sh'
[29.893s] Level 1:colcon.colcon_core.environment:checking '/home/akshat/atom_projects/Hexapod/install/gz_ros2_control_tests/lib'
[29.893s] Level 1:colcon.colcon_core.environment:checking '/home/akshat/atom_projects/Hexapod/install/gz_ros2_control_tests/bin'
[29.893s] Level 1:colcon.colcon_core.environment:checking '/home/akshat/atom_projects/Hexapod/install/gz_ros2_control_tests/lib/pkgconfig/gz_ros2_control_tests.pc'
[29.894s] Level 1:colcon.colcon_core.environment:checking '/home/akshat/atom_projects/Hexapod/install/gz_ros2_control_tests/lib/python3.10/site-packages'
[29.894s] Level 1:colcon.colcon_core.environment:checking '/home/akshat/atom_projects/Hexapod/install/gz_ros2_control_tests/bin'
[29.894s] INFO:colcon.colcon_core.shell:Creating package script '/home/akshat/atom_projects/Hexapod/install/gz_ros2_control_tests/share/gz_ros2_control_tests/package.ps1'
[29.895s] INFO:colcon.colcon_core.shell:Creating package descriptor '/home/akshat/atom_projects/Hexapod/install/gz_ros2_control_tests/share/gz_ros2_control_tests/package.dsv'
[29.896s] INFO:colcon.colcon_core.shell:Creating package script '/home/akshat/atom_projects/Hexapod/install/gz_ros2_control_tests/share/gz_ros2_control_tests/package.sh'
[29.896s] INFO:colcon.colcon_core.shell:Creating package script '/home/akshat/atom_projects/Hexapod/install/gz_ros2_control_tests/share/gz_ros2_control_tests/package.bash'
[29.896s] INFO:colcon.colcon_core.shell:Creating package script '/home/akshat/atom_projects/Hexapod/install/gz_ros2_control_tests/share/gz_ros2_control_tests/package.zsh'
[29.897s] Level 1:colcon.colcon_core.environment:create_file_with_runtime_dependencies(/home/akshat/atom_projects/Hexapod/install/gz_ros2_control_tests/share/colcon-core/packages/gz_ros2_control_tests)
[29.927s] Level 1:colcon.colcon_core.environment:create_environment_scripts_only(gz_ros2_control_tests)
[29.928s] Level 1:colcon.colcon_core.environment:checking '/home/akshat/atom_projects/Hexapod/install/gz_ros2_control_tests' for CMake module files
[29.928s] Level 1:colcon.colcon_core.environment:checking '/home/akshat/atom_projects/Hexapod/install/gz_ros2_control_tests' for CMake config files
[29.929s] Level 1:colcon.colcon_core.shell:create_environment_hook('gz_ros2_control_tests', 'cmake_prefix_path')
[29.929s] INFO:colcon.colcon_core.shell:Creating environment hook '/home/akshat/atom_projects/Hexapod/install/gz_ros2_control_tests/share/gz_ros2_control_tests/hook/cmake_prefix_path.ps1'
[29.929s] INFO:colcon.colcon_core.shell:Creating environment descriptor '/home/akshat/atom_projects/Hexapod/install/gz_ros2_control_tests/share/gz_ros2_control_tests/hook/cmake_prefix_path.dsv'
[29.930s] INFO:colcon.colcon_core.shell:Creating environment hook '/home/akshat/atom_projects/Hexapod/install/gz_ros2_control_tests/share/gz_ros2_control_tests/hook/cmake_prefix_path.sh'
[29.931s] Level 1:colcon.colcon_core.environment:checking '/home/akshat/atom_projects/Hexapod/install/gz_ros2_control_tests/lib'
[29.931s] Level 1:colcon.colcon_core.environment:checking '/home/akshat/atom_projects/Hexapod/install/gz_ros2_control_tests/bin'
[29.931s] Level 1:colcon.colcon_core.environment:checking '/home/akshat/atom_projects/Hexapod/install/gz_ros2_control_tests/lib/pkgconfig/gz_ros2_control_tests.pc'
[29.932s] Level 1:colcon.colcon_core.environment:checking '/home/akshat/atom_projects/Hexapod/install/gz_ros2_control_tests/lib/python3.10/site-packages'
[29.932s] Level 1:colcon.colcon_core.environment:checking '/home/akshat/atom_projects/Hexapod/install/gz_ros2_control_tests/bin'
[29.932s] INFO:colcon.colcon_core.shell:Creating package script '/home/akshat/atom_projects/Hexapod/install/gz_ros2_control_tests/share/gz_ros2_control_tests/package.ps1'
[29.933s] INFO:colcon.colcon_core.shell:Creating package descriptor '/home/akshat/atom_projects/Hexapod/install/gz_ros2_control_tests/share/gz_ros2_control_tests/package.dsv'
[29.933s] INFO:colcon.colcon_core.shell:Creating package script '/home/akshat/atom_projects/Hexapod/install/gz_ros2_control_tests/share/gz_ros2_control_tests/package.sh'
[29.934s] INFO:colcon.colcon_core.shell:Creating package script '/home/akshat/atom_projects/Hexapod/install/gz_ros2_control_tests/share/gz_ros2_control_tests/package.bash'
[29.934s] INFO:colcon.colcon_core.shell:Creating package script '/home/akshat/atom_projects/Hexapod/install/gz_ros2_control_tests/share/gz_ros2_control_tests/package.zsh'
[29.935s] Level 1:colcon.colcon_core.environment:create_file_with_runtime_dependencies(/home/akshat/atom_projects/Hexapod/install/gz_ros2_control_tests/share/colcon-core/packages/gz_ros2_control_tests)
[30.110s] DEBUG:colcon.colcon_core.event_handler.log_command:Invoked command in '/home/akshat/atom_projects/Hexapod/build/ign_ros2_control_demos' returned '0': AMENT_PREFIX_PATH=/home/akshat/atom_projects/Hexapod/install/ign_ros2_control:${AMENT_PREFIX_PATH} CMAKE_PREFIX_PATH=/home/akshat/atom_projects/Hexapod/install/ign_ros2_control:/home/akshat/Desktop/atom_aud/install/selection_task:/opt/ros/humble LD_LIBRARY_PATH=/home/akshat/atom_projects/Hexapod/install/ign_ros2_control/lib:${LD_LIBRARY_PATH} /usr/bin/cmake --build /home/akshat/atom_projects/Hexapod/build/ign_ros2_control_demos -- -j12 -l12
[30.159s] DEBUG:colcon.colcon_core.event_handler.log_command:Invoking command in '/home/akshat/atom_projects/Hexapod/build/ign_ros2_control_demos': AMENT_PREFIX_PATH=/home/akshat/atom_projects/Hexapod/install/ign_ros2_control:${AMENT_PREFIX_PATH} CMAKE_PREFIX_PATH=/home/akshat/atom_projects/Hexapod/install/ign_ros2_control:/home/akshat/Desktop/atom_aud/install/selection_task:/opt/ros/humble LD_LIBRARY_PATH=/home/akshat/atom_projects/Hexapod/install/ign_ros2_control/lib:${LD_LIBRARY_PATH} /usr/bin/cmake --install /home/akshat/atom_projects/Hexapod/build/ign_ros2_control_demos
[30.643s] Level 1:colcon.colcon_core.environment:create_environment_scripts_only(ign_ros2_control_demos)
[30.643s] Level 1:colcon.colcon_core.environment:checking '/home/akshat/atom_projects/Hexapod/install/ign_ros2_control_demos' for CMake module files
[30.643s] DEBUG:colcon.colcon_core.event_handler.log_command:Invoked command in '/home/akshat/atom_projects/Hexapod/build/ign_ros2_control_demos' returned '0': AMENT_PREFIX_PATH=/home/akshat/atom_projects/Hexapod/install/ign_ros2_control:${AMENT_PREFIX_PATH} CMAKE_PREFIX_PATH=/home/akshat/atom_projects/Hexapod/install/ign_ros2_control:/home/akshat/Desktop/atom_aud/install/selection_task:/opt/ros/humble LD_LIBRARY_PATH=/home/akshat/atom_projects/Hexapod/install/ign_ros2_control/lib:${LD_LIBRARY_PATH} /usr/bin/cmake --install /home/akshat/atom_projects/Hexapod/build/ign_ros2_control_demos
[30.644s] Level 1:colcon.colcon_core.environment:checking '/home/akshat/atom_projects/Hexapod/install/ign_ros2_control_demos' for CMake config files
[30.645s] Level 1:colcon.colcon_core.shell:create_environment_hook('ign_ros2_control_demos', 'cmake_prefix_path')
[30.645s] INFO:colcon.colcon_core.shell:Creating environment hook '/home/akshat/atom_projects/Hexapod/install/ign_ros2_control_demos/share/ign_ros2_control_demos/hook/cmake_prefix_path.ps1'
[30.646s] INFO:colcon.colcon_core.shell:Creating environment descriptor '/home/akshat/atom_projects/Hexapod/install/ign_ros2_control_demos/share/ign_ros2_control_demos/hook/cmake_prefix_path.dsv'
[30.646s] INFO:colcon.colcon_core.shell:Creating environment hook '/home/akshat/atom_projects/Hexapod/install/ign_ros2_control_demos/share/ign_ros2_control_demos/hook/cmake_prefix_path.sh'
[30.646s] Level 1:colcon.colcon_core.environment:checking '/home/akshat/atom_projects/Hexapod/install/ign_ros2_control_demos/lib'
[30.646s] Level 1:colcon.colcon_core.environment:checking '/home/akshat/atom_projects/Hexapod/install/ign_ros2_control_demos/bin'
[30.647s] Level 1:colcon.colcon_core.environment:checking '/home/akshat/atom_projects/Hexapod/install/ign_ros2_control_demos/lib/pkgconfig/ign_ros2_control_demos.pc'
[30.647s] Level 1:colcon.colcon_core.environment:checking '/home/akshat/atom_projects/Hexapod/install/ign_ros2_control_demos/lib/python3.10/site-packages'
[30.647s] Level 1:colcon.colcon_core.environment:checking '/home/akshat/atom_projects/Hexapod/install/ign_ros2_control_demos/bin'
[30.647s] INFO:colcon.colcon_core.shell:Creating package script '/home/akshat/atom_projects/Hexapod/install/ign_ros2_control_demos/share/ign_ros2_control_demos/package.ps1'
[30.647s] INFO:colcon.colcon_core.shell:Creating package descriptor '/home/akshat/atom_projects/Hexapod/install/ign_ros2_control_demos/share/ign_ros2_control_demos/package.dsv'
[30.648s] INFO:colcon.colcon_core.shell:Creating package script '/home/akshat/atom_projects/Hexapod/install/ign_ros2_control_demos/share/ign_ros2_control_demos/package.sh'
[30.648s] INFO:colcon.colcon_core.shell:Creating package script '/home/akshat/atom_projects/Hexapod/install/ign_ros2_control_demos/share/ign_ros2_control_demos/package.bash'
[30.648s] INFO:colcon.colcon_core.shell:Creating package script '/home/akshat/atom_projects/Hexapod/install/ign_ros2_control_demos/share/ign_ros2_control_demos/package.zsh'
[30.648s] Level 1:colcon.colcon_core.environment:create_file_with_runtime_dependencies(/home/akshat/atom_projects/Hexapod/install/ign_ros2_control_demos/share/colcon-core/packages/ign_ros2_control_demos)
[30.701s] Level 1:colcon.colcon_core.environment:create_environment_scripts_only(ign_ros2_control_demos)
[30.702s] Level 1:colcon.colcon_core.environment:checking '/home/akshat/atom_projects/Hexapod/install/ign_ros2_control_demos' for CMake module files
[30.702s] Level 1:colcon.colcon_core.environment:checking '/home/akshat/atom_projects/Hexapod/install/ign_ros2_control_demos' for CMake config files
[30.702s] Level 1:colcon.colcon_core.shell:create_environment_hook('ign_ros2_control_demos', 'cmake_prefix_path')
[30.703s] INFO:colcon.colcon_core.shell:Creating environment hook '/home/akshat/atom_projects/Hexapod/install/ign_ros2_control_demos/share/ign_ros2_control_demos/hook/cmake_prefix_path.ps1'
[30.703s] INFO:colcon.colcon_core.shell:Creating environment descriptor '/home/akshat/atom_projects/Hexapod/install/ign_ros2_control_demos/share/ign_ros2_control_demos/hook/cmake_prefix_path.dsv'
[30.703s] INFO:colcon.colcon_core.shell:Creating environment hook '/home/akshat/atom_projects/Hexapod/install/ign_ros2_control_demos/share/ign_ros2_control_demos/hook/cmake_prefix_path.sh'
[30.704s] Level 1:colcon.colcon_core.environment:checking '/home/akshat/atom_projects/Hexapod/install/ign_ros2_control_demos/lib'
[30.704s] Level 1:colcon.colcon_core.environment:checking '/home/akshat/atom_projects/Hexapod/install/ign_ros2_control_demos/bin'
[30.704s] Level 1:colcon.colcon_core.environment:checking '/home/akshat/atom_projects/Hexapod/install/ign_ros2_control_demos/lib/pkgconfig/ign_ros2_control_demos.pc'
[30.704s] Level 1:colcon.colcon_core.environment:checking '/home/akshat/atom_projects/Hexapod/install/ign_ros2_control_demos/lib/python3.10/site-packages'
[30.704s] Level 1:colcon.colcon_core.environment:checking '/home/akshat/atom_projects/Hexapod/install/ign_ros2_control_demos/bin'
[30.704s] INFO:colcon.colcon_core.shell:Creating package script '/home/akshat/atom_projects/Hexapod/install/ign_ros2_control_demos/share/ign_ros2_control_demos/package.ps1'
[30.705s] INFO:colcon.colcon_core.shell:Creating package descriptor '/home/akshat/atom_projects/Hexapod/install/ign_ros2_control_demos/share/ign_ros2_control_demos/package.dsv'
[30.705s] INFO:colcon.colcon_core.shell:Creating package script '/home/akshat/atom_projects/Hexapod/install/ign_ros2_control_demos/share/ign_ros2_control_demos/package.sh'
[30.705s] INFO:colcon.colcon_core.shell:Creating package script '/home/akshat/atom_projects/Hexapod/install/ign_ros2_control_demos/share/ign_ros2_control_demos/package.bash'
[30.706s] INFO:colcon.colcon_core.shell:Creating package script '/home/akshat/atom_projects/Hexapod/install/ign_ros2_control_demos/share/ign_ros2_control_demos/package.zsh'
[30.706s] Level 1:colcon.colcon_core.environment:create_file_with_runtime_dependencies(/home/akshat/atom_projects/Hexapod/install/ign_ros2_control_demos/share/colcon-core/packages/ign_ros2_control_demos)
[30.707s] DEBUG:colcon.colcon_parallel_executor.executor.parallel:closing loop
[30.707s] DEBUG:colcon.colcon_parallel_executor.executor.parallel:loop closed
[30.707s] DEBUG:colcon.colcon_parallel_executor.executor.parallel:run_until_complete finished with '0'
[30.707s] DEBUG:colcon.colcon_core.event_reactor:joining thread
[30.716s] INFO:colcon.colcon_core.plugin_system:Skipping extension 'colcon_notification.desktop_notification.terminal_notifier': Not used on non-Darwin systems
[30.717s] INFO:colcon.colcon_core.plugin_system:Skipping extension 'colcon_notification.desktop_notification.win32': Not used on non-Windows systems
[30.717s] INFO:colcon.colcon_notification.desktop_notification:Sending desktop notification using 'notify2'
[30.736s] DEBUG:colcon.colcon_core.event_reactor:joined thread
[30.736s] INFO:colcon.colcon_core.shell:Creating prefix script '/home/akshat/atom_projects/Hexapod/install/local_setup.ps1'
[30.737s] INFO:colcon.colcon_core.shell:Creating prefix util module '/home/akshat/atom_projects/Hexapod/install/_local_setup_util_ps1.py'
[30.738s] INFO:colcon.colcon_core.shell:Creating prefix chain script '/home/akshat/atom_projects/Hexapod/install/setup.ps1'
[30.739s] INFO:colcon.colcon_core.shell:Creating prefix script '/home/akshat/atom_projects/Hexapod/install/local_setup.sh'
[30.740s] INFO:colcon.colcon_core.shell:Creating prefix util module '/home/akshat/atom_projects/Hexapod/install/_local_setup_util_sh.py'
[30.740s] INFO:colcon.colcon_core.shell:Creating prefix chain script '/home/akshat/atom_projects/Hexapod/install/setup.sh'
[30.741s] INFO:colcon.colcon_core.shell:Creating prefix script '/home/akshat/atom_projects/Hexapod/install/local_setup.bash'
[30.742s] INFO:colcon.colcon_core.shell:Creating prefix chain script '/home/akshat/atom_projects/Hexapod/install/setup.bash'
[30.743s] INFO:colcon.colcon_core.shell:Creating prefix script '/home/akshat/atom_projects/Hexapod/install/local_setup.zsh'
[30.743s] INFO:colcon.colcon_core.shell:Creating prefix chain script '/home/akshat/atom_projects/Hexapod/install/setup.zsh'
