[0.200s] DEBUG:colcon:Command line arguments: ['/usr/bin/colcon', 'list', '-p', '--base-paths', '/home/akshat/atom_projects/Hexapod']
[0.200s] DEBUG:colcon:Parsed command line arguments: Namespace(log_base=None, log_level=None, verb_name='list', build_base='build', ignore_user_meta=False, metas=['./colcon.meta'], base_paths=['/home/akshat/atom_projects/Hexapod'], packages_ignore=None, packages_ignore_regex=None, paths=None, packages_up_to=None, packages_up_to_regex=None, packages_above=None, packages_above_and_dependencies=None, packages_above_depth=None, packages_select_by_dep=None, packages_skip_by_dep=None, packages_skip_up_to=None, packages_select_build_failed=False, packages_skip_build_finished=False, packages_select_test_failures=False, packages_skip_test_passed=False, packages_select=None, packages_skip=None, packages_select_regex=None, packages_skip_regex=None, packages_start=None, packages_end=None, allow_overriding=[], topological_order=False, names_only=False, paths_only=True, topological_graph=False, topological_graph_dot=False, topological_graph_density=False, topological_graph_legend=False, topological_graph_dot_cluster=False, topological_graph_dot_include_skipped=False, verb_parser=<colcon_defaults.argument_parser.defaults.DefaultArgumentsDecorator object at 0x77fde1d52fb0>, verb_extension=<colcon_package_information.verb.list.ListVerb object at 0x77fde1d520b0>, main=<bound method ListVerb.main of <colcon_package_information.verb.list.ListVerb object at 0x77fde1d520b0>>)
[0.596s] Level 1:colcon.colcon_core.package_discovery:discover_packages(colcon_meta) check parameters
[0.597s] Level 1:colcon.colcon_core.package_discovery:discover_packages(recursive) check parameters
[0.597s] Level 1:colcon.colcon_core.package_discovery:discover_packages(ignore) check parameters
[0.597s] Level 1:colcon.colcon_core.package_discovery:discover_packages(path) check parameters
[0.597s] Level 1:colcon.colcon_core.package_discovery:discover_packages(recursive) discover
[0.597s] INFO:colcon.colcon_core.package_discovery:Crawling recursively for packages in '/home/akshat/atom_projects/Hexapod'
[0.597s] Level 1:colcon.colcon_core.package_identification:_identify(/home/akshat/atom_projects/Hexapod) by extensions ['ignore', 'ignore_ament_install']
[0.597s] Level 1:colcon.colcon_core.package_identification:_identify(/home/akshat/atom_projects/Hexapod) by extension 'ignore'
[0.598s] Level 1:colcon.colcon_core.package_identification:_identify(/home/akshat/atom_projects/Hexapod) by extension 'ignore_ament_install'
[0.598s] Level 1:colcon.colcon_core.package_identification:_identify(/home/akshat/atom_projects/Hexapod) by extensions ['colcon_pkg']
[0.598s] Level 1:colcon.colcon_core.package_identification:_identify(/home/akshat/atom_projects/Hexapod) by extension 'colcon_pkg'
[0.598s] Level 1:colcon.colcon_core.package_identification:_identify(/home/akshat/atom_projects/Hexapod) by extensions ['colcon_meta']
[0.598s] Level 1:colcon.colcon_core.package_identification:_identify(/home/akshat/atom_projects/Hexapod) by extension 'colcon_meta'
[0.598s] Level 1:colcon.colcon_core.package_identification:_identify(/home/akshat/atom_projects/Hexapod) by extensions ['ros']
[0.598s] Level 1:colcon.colcon_core.package_identification:_identify(/home/akshat/atom_projects/Hexapod) by extension 'ros'
[0.614s] Level 1:colcon.colcon_core.package_identification:_identify(/home/akshat/atom_projects/Hexapod) by extensions ['cmake', 'python']
[0.614s] Level 1:colcon.colcon_core.package_identification:_identify(/home/akshat/atom_projects/Hexapod) by extension 'cmake'
[0.614s] Level 1:colcon.colcon_core.package_identification:_identify(/home/akshat/atom_projects/Hexapod) by extension 'python'
[0.614s] Level 1:colcon.colcon_core.package_identification:_identify(/home/akshat/atom_projects/Hexapod) by extensions ['python_setup_py']
[0.614s] Level 1:colcon.colcon_core.package_identification:_identify(/home/akshat/atom_projects/Hexapod) by extension 'python_setup_py'
[0.614s] Level 1:colcon.colcon_core.package_identification:_identify(/home/akshat/atom_projects/Hexapod/build) by extensions ['ignore', 'ignore_ament_install']
[0.614s] Level 1:colcon.colcon_core.package_identification:_identify(/home/akshat/atom_projects/Hexapod/build) by extension 'ignore'
[0.614s] Level 1:colcon.colcon_core.package_identification:_identify(/home/akshat/atom_projects/Hexapod/build) ignored
[0.615s] Level 1:colcon.colcon_core.package_identification:_identify(/home/akshat/atom_projects/Hexapod/install) by extensions ['ignore', 'ignore_ament_install']
[0.615s] Level 1:colcon.colcon_core.package_identification:_identify(/home/akshat/atom_projects/Hexapod/install) by extension 'ignore'
[0.615s] Level 1:colcon.colcon_core.package_identification:_identify(/home/akshat/atom_projects/Hexapod/install) ignored
[0.615s] Level 1:colcon.colcon_core.package_identification:_identify(/home/akshat/atom_projects/Hexapod/log) by extensions ['ignore', 'ignore_ament_install']
[0.615s] Level 1:colcon.colcon_core.package_identification:_identify(/home/akshat/atom_projects/Hexapod/log) by extension 'ignore'
[0.615s] Level 1:colcon.colcon_core.package_identification:_identify(/home/akshat/atom_projects/Hexapod/log) ignored
[0.615s] Level 1:colcon.colcon_core.package_identification:_identify(/home/akshat/atom_projects/Hexapod/src) by extensions ['ignore', 'ignore_ament_install']
[0.615s] Level 1:colcon.colcon_core.package_identification:_identify(/home/akshat/atom_projects/Hexapod/src) by extension 'ignore'
[0.616s] Level 1:colcon.colcon_core.package_identification:_identify(/home/akshat/atom_projects/Hexapod/src) by extension 'ignore_ament_install'
[0.616s] Level 1:colcon.colcon_core.package_identification:_identify(/home/akshat/atom_projects/Hexapod/src) by extensions ['colcon_pkg']
[0.616s] Level 1:colcon.colcon_core.package_identification:_identify(/home/akshat/atom_projects/Hexapod/src) by extension 'colcon_pkg'
[0.616s] Level 1:colcon.colcon_core.package_identification:_identify(/home/akshat/atom_projects/Hexapod/src) by extensions ['colcon_meta']
[0.616s] Level 1:colcon.colcon_core.package_identification:_identify(/home/akshat/atom_projects/Hexapod/src) by extension 'colcon_meta'
[0.616s] Level 1:colcon.colcon_core.package_identification:_identify(/home/akshat/atom_projects/Hexapod/src) by extensions ['ros']
[0.616s] Level 1:colcon.colcon_core.package_identification:_identify(/home/akshat/atom_projects/Hexapod/src) by extension 'ros'
[0.616s] Level 1:colcon.colcon_core.package_identification:_identify(/home/akshat/atom_projects/Hexapod/src) by extensions ['cmake', 'python']
[0.616s] Level 1:colcon.colcon_core.package_identification:_identify(/home/akshat/atom_projects/Hexapod/src) by extension 'cmake'
[0.616s] Level 1:colcon.colcon_core.package_identification:_identify(/home/akshat/atom_projects/Hexapod/src) by extension 'python'
[0.616s] Level 1:colcon.colcon_core.package_identification:_identify(/home/akshat/atom_projects/Hexapod/src) by extensions ['python_setup_py']
[0.616s] Level 1:colcon.colcon_core.package_identification:_identify(/home/akshat/atom_projects/Hexapod/src) by extension 'python_setup_py'
[0.616s] Level 1:colcon.colcon_core.package_identification:_identify(/home/akshat/atom_projects/Hexapod/src/hexapod_description) by extensions ['ignore', 'ignore_ament_install']
[0.616s] Level 1:colcon.colcon_core.package_identification:_identify(/home/akshat/atom_projects/Hexapod/src/hexapod_description) by extension 'ignore'
[0.617s] Level 1:colcon.colcon_core.package_identification:_identify(/home/akshat/atom_projects/Hexapod/src/hexapod_description) by extension 'ignore_ament_install'
[0.617s] Level 1:colcon.colcon_core.package_identification:_identify(/home/akshat/atom_projects/Hexapod/src/hexapod_description) by extensions ['colcon_pkg']
[0.617s] Level 1:colcon.colcon_core.package_identification:_identify(/home/akshat/atom_projects/Hexapod/src/hexapod_description) by extension 'colcon_pkg'
[0.617s] Level 1:colcon.colcon_core.package_identification:_identify(/home/akshat/atom_projects/Hexapod/src/hexapod_description) by extensions ['colcon_meta']
[0.617s] Level 1:colcon.colcon_core.package_identification:_identify(/home/akshat/atom_projects/Hexapod/src/hexapod_description) by extension 'colcon_meta'
[0.617s] Level 1:colcon.colcon_core.package_identification:_identify(/home/akshat/atom_projects/Hexapod/src/hexapod_description) by extensions ['ros']
[0.617s] Level 1:colcon.colcon_core.package_identification:_identify(/home/akshat/atom_projects/Hexapod/src/hexapod_description) by extension 'ros'
[0.625s] DEBUG:colcon.colcon_core.package_identification:Package '/home/akshat/atom_projects/Hexapod/src/hexapod_description' with type 'ros.ament_python' and name 'hexapod_description'
[0.626s] Level 1:colcon.colcon_core.package_discovery:discover_packages(recursive) using defaults
