-- The C compiler identification is GNU 11.4.0
-- The CXX compiler identification is GNU 11.4.0
-- Detecting C compiler ABI info
-- Detecting C compiler ABI info - done
-- Check for working C compiler: /usr/bin/cc - skipped
-- Detecting C compile features
-- Detecting C compile features - done
-- Detecting CXX compiler ABI info
-- Detecting CXX compiler ABI info - done
-- Check for working CXX compiler: /usr/bin/c++ - skipped
-- Detecting CXX compile features
-- Detecting CXX compile features - done
-- Found ament_cmake: 1.3.10 (/opt/ros/humble/share/ament_cmake/cmake)
-- Found Python3: /usr/bin/python3 (found version "3.10.12") found components: Interpreter 
-- Found rclpy: 3.3.14 (/opt/ros/humble/share/rclpy/cmake)
-- Found rclcpp: 16.0.10 (/opt/ros/humble/share/rclcpp/cmake)
-- Found rosidl_generator_c: 3.1.5 (/opt/ros/humble/share/rosidl_generator_c/cmake)
-- Found rosidl_adapter: 3.1.5 (/opt/ros/humble/share/rosidl_adapter/cmake)
-- Found rosidl_generator_cpp: 3.1.5 (/opt/ros/humble/share/rosidl_generator_cpp/cmake)
-- Using all available rosidl_typesupport_c: rosidl_typesupport_fastrtps_c;rosidl_typesupport_introspection_c
-- Using all available rosidl_typesupport_cpp: rosidl_typesupport_fastrtps_cpp;rosidl_typesupport_introspection_cpp
-- Found rmw_implementation_cmake: 6.1.2 (/opt/ros/humble/share/rmw_implementation_cmake/cmake)
-- Found rmw_fastrtps_cpp: 6.2.7 (/opt/ros/humble/share/rmw_fastrtps_cpp/cmake)
-- Found OpenSSL: /usr/lib/x86_64-linux-gnu/libcrypto.so (found version "3.0.2")  
-- Found FastRTPS: /opt/ros/humble/include  
-- Using RMW implementation 'rmw_fastrtps_cpp' as default
-- Looking for pthread.h
-- Looking for pthread.h - found
-- Performing Test CMAKE_HAVE_LIBC_PTHREAD
-- Performing Test CMAKE_HAVE_LIBC_PTHREAD - Success
-- Found Threads: TRUE  
-- Found ros_gz_interfaces: 0.244.15 (/opt/ros/humble/share/ros_gz_interfaces/cmake)
-- Found sensor_msgs: 4.2.4 (/opt/ros/humble/share/sensor_msgs/cmake)
-- Found nav_msgs: 4.2.4 (/opt/ros/humble/share/nav_msgs/cmake)
-- Found tf2: 0.25.7 (/opt/ros/humble/share/tf2/cmake)
-- Found tf2_ros: 0.25.7 (/opt/ros/humble/share/tf2_ros/cmake)
-- Found control_msgs: 4.6.0 (/opt/ros/humble/share/control_msgs/cmake)
-- Found rosidl_default_generators: 1.2.0 (/opt/ros/humble/share/rosidl_default_generators/cmake)
-- Found ament_lint_auto: 0.12.11 (/opt/ros/humble/share/ament_lint_auto/cmake)
-- Added test 'flake8' to check Python code syntax and style conventions
-- Added test 'lint_cmake' to check CMake code style
-- Added test 'pep257' to check Python code against some of the docstring style conventions in PEP 257
-- Added test 'xmllint' to check XML markup files
-- Configuring done
-- Generating done
-- Build files have been written to: /workspaces/hexapod_ws/src/build/hexapod_control
-- Install configuration: ""
-- Installing: /workspaces/hexapod_ws/src/install/hexapod_control/share/hexapod_control//config
-- Installing: /workspaces/hexapod_ws/src/install/hexapod_control/share/hexapod_control//config/hexapod_controller.yaml
-- Installing: /workspaces/hexapod_ws/src/install/hexapod_control/share/hexapod_control//ros2_control
-- Installing: /workspaces/hexapod_ws/src/install/hexapod_control/share/hexapod_control//ros2_control/ros2_control.xacro
-- Installing: /workspaces/hexapod_ws/src/install/hexapod_control/share/hexapod_control//scripts
-- Installing: /workspaces/hexapod_ws/src/install/hexapod_control/share/hexapod_control//scripts/position_subcriber.py
-- Installing: /workspaces/hexapod_ws/src/install/hexapod_control/share/hexapod_control//scripts/controller_backup.py
-- Installing: /workspaces/hexapod_ws/src/install/hexapod_control/share/hexapod_control//scripts/__pycache__
-- Installing: /workspaces/hexapod_ws/src/install/hexapod_control/share/hexapod_control//scripts/__pycache__/hexapod.cpython-310.pyc
-- Installing: /workspaces/hexapod_ws/src/install/hexapod_control/share/hexapod_control//scripts/bot_controller.py
-- Installing: /workspaces/hexapod_ws/src/install/hexapod_control/lib/hexapod_control/bot_controller.py
-- Installing: /workspaces/hexapod_ws/src/install/hexapod_control/lib/hexapod_control/controller_backup.py
-- Installing: /workspaces/hexapod_ws/src/install/hexapod_control/lib/hexapod_control/position_subcriber.py
-- Installing: /workspaces/hexapod_ws/src/install/hexapod_control/share/ament_index/resource_index/package_run_dependencies/hexapod_control
-- Installing: /workspaces/hexapod_ws/src/install/hexapod_control/share/ament_index/resource_index/parent_prefix_path/hexapod_control
-- Installing: /workspaces/hexapod_ws/src/install/hexapod_control/share/hexapod_control/environment/ament_prefix_path.sh
-- Installing: /workspaces/hexapod_ws/src/install/hexapod_control/share/hexapod_control/environment/ament_prefix_path.dsv
-- Installing: /workspaces/hexapod_ws/src/install/hexapod_control/share/hexapod_control/environment/path.sh
-- Installing: /workspaces/hexapod_ws/src/install/hexapod_control/share/hexapod_control/environment/path.dsv
-- Installing: /workspaces/hexapod_ws/src/install/hexapod_control/share/hexapod_control/local_setup.bash
-- Installing: /workspaces/hexapod_ws/src/install/hexapod_control/share/hexapod_control/local_setup.sh
-- Installing: /workspaces/hexapod_ws/src/install/hexapod_control/share/hexapod_control/local_setup.zsh
-- Installing: /workspaces/hexapod_ws/src/install/hexapod_control/share/hexapod_control/local_setup.dsv
-- Installing: /workspaces/hexapod_ws/src/install/hexapod_control/share/hexapod_control/package.dsv
-- Installing: /workspaces/hexapod_ws/src/install/hexapod_control/share/ament_index/resource_index/packages/hexapod_control
-- Installing: /workspaces/hexapod_ws/src/install/hexapod_control/share/hexapod_control/cmake/hexapod_controlConfig.cmake
-- Installing: /workspaces/hexapod_ws/src/install/hexapod_control/share/hexapod_control/cmake/hexapod_controlConfig-version.cmake
-- Installing: /workspaces/hexapod_ws/src/install/hexapod_control/share/hexapod_control/package.xml
