[0.017s] Invoking command in '/workspaces/hexapod_ws/src/build/hexapod_control': CMAKE_PREFIX_PATH=${CMAKE_PREFIX_PATH}:/opt/ros/humble /usr/bin/cmake /workspaces/hexapod_ws/src/hexapod_control -DCMAKE_INSTALL_PREFIX=/workspaces/hexapod_ws/src/install/hexapod_control
[0.082s] -- The C compiler identification is GNU 11.4.0
[0.148s] -- The CXX compiler identification is GNU 11.4.0
[0.156s] -- Detecting C compiler ABI info
[0.238s] -- Detecting C compiler ABI info - done
[0.245s] -- Check for working C compiler: /usr/bin/cc - skipped
[0.245s] -- Detecting C compile features
[0.245s] -- Detecting C compile features - done
[0.248s] -- Detecting CXX compiler ABI info
[0.365s] -- Detecting CXX compiler ABI info - done
[0.373s] -- Check for working CXX compiler: /usr/bin/c++ - skipped
[0.373s] -- Detecting CXX compile features
[0.374s] -- Detecting CXX compile features - done
[0.378s] -- Found ament_cmake: 1.3.10 (/opt/ros/humble/share/ament_cmake/cmake)
[0.559s] -- Found Python3: /usr/bin/python3 (found version "3.10.12") found components: Interpreter 
[0.662s] -- Found rclpy: 3.3.14 (/opt/ros/humble/share/rclpy/cmake)
[0.664s] -- Found rclcpp: 16.0.10 (/opt/ros/humble/share/rclcpp/cmake)
[0.717s] -- Found rosidl_generator_c: 3.1.5 (/opt/ros/humble/share/rosidl_generator_c/cmake)
[0.724s] -- Found rosidl_adapter: 3.1.5 (/opt/ros/humble/share/rosidl_adapter/cmake)
[0.735s] -- Found rosidl_generator_cpp: 3.1.5 (/opt/ros/humble/share/rosidl_generator_cpp/cmake)
[0.748s] -- Using all available rosidl_typesupport_c: rosidl_typesupport_fastrtps_c;rosidl_typesupport_introspection_c
[0.766s] -- Using all available rosidl_typesupport_cpp: rosidl_typesupport_fastrtps_cpp;rosidl_typesupport_introspection_cpp
[0.816s] -- Found rmw_implementation_cmake: 6.1.2 (/opt/ros/humble/share/rmw_implementation_cmake/cmake)
[0.820s] -- Found rmw_fastrtps_cpp: 6.2.7 (/opt/ros/humble/share/rmw_fastrtps_cpp/cmake)
[0.993s] -- Found OpenSSL: /usr/lib/x86_64-linux-gnu/libcrypto.so (found version "3.0.2")  
[1.036s] -- Found FastRTPS: /opt/ros/humble/include  
[1.103s] -- Using RMW implementation 'rmw_fastrtps_cpp' as default
[1.114s] -- Looking for pthread.h
[1.207s] -- Looking for pthread.h - found
[1.207s] -- Performing Test CMAKE_HAVE_LIBC_PTHREAD
[1.302s] -- Performing Test CMAKE_HAVE_LIBC_PTHREAD - Success
[1.303s] -- Found Threads: TRUE  
[1.389s] -- Found ros_gz_interfaces: 0.244.15 (/opt/ros/humble/share/ros_gz_interfaces/cmake)
[1.440s] -- Found sensor_msgs: 4.2.4 (/opt/ros/humble/share/sensor_msgs/cmake)
[1.468s] -- Found nav_msgs: 4.2.4 (/opt/ros/humble/share/nav_msgs/cmake)
[1.486s] -- Found tf2: 0.25.7 (/opt/ros/humble/share/tf2/cmake)
[1.505s] -- Found tf2_ros: 0.25.7 (/opt/ros/humble/share/tf2_ros/cmake)
[1.604s] -- Found control_msgs: 4.6.0 (/opt/ros/humble/share/control_msgs/cmake)
[1.653s] -- Found rosidl_default_generators: 1.2.0 (/opt/ros/humble/share/rosidl_default_generators/cmake)
[1.665s] -- Found ament_lint_auto: 0.12.11 (/opt/ros/humble/share/ament_lint_auto/cmake)
[1.760s] -- Added test 'flake8' to check Python code syntax and style conventions
[1.761s] -- Added test 'lint_cmake' to check CMake code style
[1.762s] -- Added test 'pep257' to check Python code against some of the docstring style conventions in PEP 257
[1.764s] -- Added test 'xmllint' to check XML markup files
[1.766s] -- Configuring done
[1.774s] -- Generating done
[1.776s] -- Build files have been written to: /workspaces/hexapod_ws/src/build/hexapod_control
[1.789s] Invoked command in '/workspaces/hexapod_ws/src/build/hexapod_control' returned '0': CMAKE_PREFIX_PATH=${CMAKE_PREFIX_PATH}:/opt/ros/humble /usr/bin/cmake /workspaces/hexapod_ws/src/hexapod_control -DCMAKE_INSTALL_PREFIX=/workspaces/hexapod_ws/src/install/hexapod_control
[1.791s] Invoking command in '/workspaces/hexapod_ws/src/build/hexapod_control': CMAKE_PREFIX_PATH=${CMAKE_PREFIX_PATH}:/opt/ros/humble /usr/bin/cmake --build /workspaces/hexapod_ws/src/build/hexapod_control -- -j12 -l12
[1.847s] Invoked command in '/workspaces/hexapod_ws/src/build/hexapod_control' returned '0': CMAKE_PREFIX_PATH=${CMAKE_PREFIX_PATH}:/opt/ros/humble /usr/bin/cmake --build /workspaces/hexapod_ws/src/build/hexapod_control -- -j12 -l12
[1.886s] Invoking command in '/workspaces/hexapod_ws/src/build/hexapod_control': CMAKE_PREFIX_PATH=${CMAKE_PREFIX_PATH}:/opt/ros/humble /usr/bin/cmake --install /workspaces/hexapod_ws/src/build/hexapod_control
[1.895s] -- Install configuration: ""
[1.895s] -- Installing: /workspaces/hexapod_ws/src/install/hexapod_control/share/hexapod_control//config
[1.895s] -- Installing: /workspaces/hexapod_ws/src/install/hexapod_control/share/hexapod_control//config/hexapod_controller.yaml
[1.895s] -- Installing: /workspaces/hexapod_ws/src/install/hexapod_control/share/hexapod_control//ros2_control
[1.895s] -- Installing: /workspaces/hexapod_ws/src/install/hexapod_control/share/hexapod_control//ros2_control/ros2_control.xacro
[1.896s] -- Installing: /workspaces/hexapod_ws/src/install/hexapod_control/share/hexapod_control//scripts
[1.896s] -- Installing: /workspaces/hexapod_ws/src/install/hexapod_control/share/hexapod_control//scripts/position_subcriber.py
[1.896s] -- Installing: /workspaces/hexapod_ws/src/install/hexapod_control/share/hexapod_control//scripts/controller_backup.py
[1.896s] -- Installing: /workspaces/hexapod_ws/src/install/hexapod_control/share/hexapod_control//scripts/__pycache__
[1.896s] -- Installing: /workspaces/hexapod_ws/src/install/hexapod_control/share/hexapod_control//scripts/__pycache__/hexapod.cpython-310.pyc
[1.896s] -- Installing: /workspaces/hexapod_ws/src/install/hexapod_control/share/hexapod_control//scripts/bot_controller.py
[1.897s] -- Installing: /workspaces/hexapod_ws/src/install/hexapod_control/lib/hexapod_control/bot_controller.py
[1.897s] -- Installing: /workspaces/hexapod_ws/src/install/hexapod_control/lib/hexapod_control/controller_backup.py
[1.897s] -- Installing: /workspaces/hexapod_ws/src/install/hexapod_control/lib/hexapod_control/position_subcriber.py
[1.897s] -- Installing: /workspaces/hexapod_ws/src/install/hexapod_control/share/ament_index/resource_index/package_run_dependencies/hexapod_control
[1.898s] -- Installing: /workspaces/hexapod_ws/src/install/hexapod_control/share/ament_index/resource_index/parent_prefix_path/hexapod_control
[1.898s] -- Installing: /workspaces/hexapod_ws/src/install/hexapod_control/share/hexapod_control/environment/ament_prefix_path.sh
[1.898s] -- Installing: /workspaces/hexapod_ws/src/install/hexapod_control/share/hexapod_control/environment/ament_prefix_path.dsv
[1.898s] -- Installing: /workspaces/hexapod_ws/src/install/hexapod_control/share/hexapod_control/environment/path.sh
[1.898s] -- Installing: /workspaces/hexapod_ws/src/install/hexapod_control/share/hexapod_control/environment/path.dsv
[1.899s] -- Installing: /workspaces/hexapod_ws/src/install/hexapod_control/share/hexapod_control/local_setup.bash
[1.899s] -- Installing: /workspaces/hexapod_ws/src/install/hexapod_control/share/hexapod_control/local_setup.sh
[1.899s] -- Installing: /workspaces/hexapod_ws/src/install/hexapod_control/share/hexapod_control/local_setup.zsh
[1.899s] -- Installing: /workspaces/hexapod_ws/src/install/hexapod_control/share/hexapod_control/local_setup.dsv
[1.899s] -- Installing: /workspaces/hexapod_ws/src/install/hexapod_control/share/hexapod_control/package.dsv
[1.900s] -- Installing: /workspaces/hexapod_ws/src/install/hexapod_control/share/ament_index/resource_index/packages/hexapod_control
[1.900s] -- Installing: /workspaces/hexapod_ws/src/install/hexapod_control/share/hexapod_control/cmake/hexapod_controlConfig.cmake
[1.900s] -- Installing: /workspaces/hexapod_ws/src/install/hexapod_control/share/hexapod_control/cmake/hexapod_controlConfig-version.cmake
[1.900s] -- Installing: /workspaces/hexapod_ws/src/install/hexapod_control/share/hexapod_control/package.xml
[1.903s] Invoked command in '/workspaces/hexapod_ws/src/build/hexapod_control' returned '0': CMAKE_PREFIX_PATH=${CMAKE_PREFIX_PATH}:/opt/ros/humble /usr/bin/cmake --install /workspaces/hexapod_ws/src/build/hexapod_control
